[0.248s] Invoking command in '/home/floks/ros2_ws/build/robot_localization': CMAKE_PREFIX_PATH=${CMAKE_PREFIX_PATH}:/opt/ros/humble /usr/bin/cmake --build /home/floks/ros2_ws/build/robot_localization -- -j8 -l8
[0.365s] [  1%] Built target robot_localization__cpp
[0.375s] [  3%] Built target gtest
[0.375s] [  4%] Built target ament_cmake_python_symlink_robot_localization
[0.377s] [  5%] Built target gtest_main
[0.383s] [ 12%] Built target robot_localization__rosidl_generator_c
[0.457s] [ 19%] Built target robot_localization__rosidl_typesupport_cpp
[0.477s] [ 26%] Built target robot_localization__rosidl_typesupport_introspection_cpp
[0.481s] [ 33%] Built target robot_localization__rosidl_typesupport_introspection_c
[0.484s] [ 40%] Built target robot_localization__rosidl_typesupport_fastrtps_cpp
[0.492s] [ 47%] Built target robot_localization__rosidl_typesupport_c
[0.500s] [ 54%] Built target robot_localization__rosidl_typesupport_fastrtps_c
[0.550s] [ 54%] Built target robot_localization
[0.596s] [ 57%] Built target robot_localization__py
[0.597s] [ 64%] Built target rl_lib
[0.667s] [ 70%] Built target robot_localization__rosidl_generator_py
[0.703s] [ 72%] Built target test_ekf
[0.719s] [ 73%] Built target navsat_transform_node
[0.735s] [ 75%] Built target ukf_node
[0.736s] [ 77%] Built target robot_localization_listener_node
[0.736s] [ 79%] Built target filter_base-test
[0.742s] [ 80%] Built target ekf_node
[0.825s] [ 82%] Built target test_navsat_conversions
[0.860s] [ 84%] Built target test_robot_localization_estimator
[0.865s] [ 86%] Built target test_ros_robot_localization_listener_publisher
[0.879s] [ 88%] Built target test_ukf
[0.891s] [ 89%] Built target test_ros_robot_localization_listener
[0.940s] [ 91%] Built target robot_localization__rosidl_typesupport_fastrtps_c__pyext
[0.949s] [ 93%] Built target robot_localization__rosidl_typesupport_introspection_c__pyext
[0.960s] [ 95%] Built target robot_localization__rosidl_typesupport_c__pyext
[0.977s] [ 97%] Built target test_filter_base_diagnostics_timestamps
[0.981s] [ 98%] Built target test_ekf_localization_node_interfaces
[0.986s] [100%] Built target test_ukf_localization_node_interfaces
[1.032s] running egg_info
[1.033s] writing robot_localization.egg-info/PKG-INFO
[1.033s] writing dependency_links to robot_localization.egg-info/dependency_links.txt
[1.034s] writing top-level names to robot_localization.egg-info/top_level.txt
[1.037s] reading manifest file 'robot_localization.egg-info/SOURCES.txt'
[1.037s] writing manifest file 'robot_localization.egg-info/SOURCES.txt'
[1.080s] [100%] Built target ament_cmake_python_build_robot_localization_egg
[1.100s] Invoked command in '/home/floks/ros2_ws/build/robot_localization' returned '0': CMAKE_PREFIX_PATH=${CMAKE_PREFIX_PATH}:/opt/ros/humble /usr/bin/cmake --build /home/floks/ros2_ws/build/robot_localization -- -j8 -l8
[1.352s] Invoking command in '/home/floks/ros2_ws/build/robot_localization': CMAKE_PREFIX_PATH=${CMAKE_PREFIX_PATH}:/opt/ros/humble /usr/bin/cmake --install /home/floks/ros2_ws/build/robot_localization
[1.362s] -- Install configuration: "Release"
[1.363s] -- Execute custom install script
[1.363s] -- Up-to-date symlink: /home/floks/ros2_ws/install/robot_localization/share/ament_index/resource_index/rosidl_interfaces/robot_localization
[1.365s] -- Up-to-date symlink: /home/floks/ros2_ws/install/robot_localization/include/robot_localization/robot_localization/msg/rosidl_generator_c__visibility_control.h
[1.365s] -- Up-to-date symlink: /home/floks/ros2_ws/install/robot_localization/include/robot_localization/robot_localization/srv/detail/from_ll__functions.h
[1.365s] -- Up-to-date symlink: /home/floks/ros2_ws/install/robot_localization/include/robot_localization/robot_localization/srv/detail/from_ll__struct.h
[1.366s] -- Up-to-date symlink: /home/floks/ros2_ws/install/robot_localization/include/robot_localization/robot_localization/srv/detail/from_ll__type_support.h
[1.366s] -- Up-to-date symlink: /home/floks/ros2_ws/install/robot_localization/include/robot_localization/robot_localization/srv/detail/get_state__functions.h
[1.366s] -- Up-to-date symlink: /home/floks/ros2_ws/install/robot_localization/include/robot_localization/robot_localization/srv/detail/get_state__struct.h
[1.366s] -- Up-to-date symlink: /home/floks/ros2_ws/install/robot_localization/include/robot_localization/robot_localization/srv/detail/get_state__type_support.h
[1.367s] -- Up-to-date symlink: /home/floks/ros2_ws/install/robot_localization/include/robot_localization/robot_localization/srv/detail/set_datum__functions.h
[1.367s] -- Up-to-date symlink: /home/floks/ros2_ws/install/robot_localization/include/robot_localization/robot_localization/srv/detail/set_datum__struct.h
[1.367s] -- Up-to-date symlink: /home/floks/ros2_ws/install/robot_localization/include/robot_localization/robot_localization/srv/detail/set_datum__type_support.h
[1.367s] -- Up-to-date symlink: /home/floks/ros2_ws/install/robot_localization/include/robot_localization/robot_localization/srv/detail/set_pose__functions.h
[1.367s] -- Up-to-date symlink: /home/floks/ros2_ws/install/robot_localization/include/robot_localization/robot_localization/srv/detail/set_pose__struct.h
[1.368s] -- Up-to-date symlink: /home/floks/ros2_ws/install/robot_localization/include/robot_localization/robot_localization/srv/detail/set_pose__type_support.h
[1.368s] -- Up-to-date symlink: /home/floks/ros2_ws/install/robot_localization/include/robot_localization/robot_localization/srv/detail/to_ll__functions.h
[1.368s] -- Up-to-date symlink: /home/floks/ros2_ws/install/robot_localization/include/robot_localization/robot_localization/srv/detail/to_ll__struct.h
[1.368s] -- Up-to-date symlink: /home/floks/ros2_ws/install/robot_localization/include/robot_localization/robot_localization/srv/detail/to_ll__type_support.h
[1.368s] -- Up-to-date symlink: /home/floks/ros2_ws/install/robot_localization/include/robot_localization/robot_localization/srv/detail/toggle_filter_processing__functions.h
[1.369s] -- Up-to-date symlink: /home/floks/ros2_ws/install/robot_localization/include/robot_localization/robot_localization/srv/detail/toggle_filter_processing__struct.h
[1.369s] -- Up-to-date symlink: /home/floks/ros2_ws/install/robot_localization/include/robot_localization/robot_localization/srv/detail/toggle_filter_processing__type_support.h
[1.369s] -- Up-to-date symlink: /home/floks/ros2_ws/install/robot_localization/include/robot_localization/robot_localization/srv/from_ll.h
[1.369s] -- Up-to-date symlink: /home/floks/ros2_ws/install/robot_localization/include/robot_localization/robot_localization/srv/get_state.h
[1.369s] -- Up-to-date symlink: /home/floks/ros2_ws/install/robot_localization/include/robot_localization/robot_localization/srv/set_datum.h
[1.370s] -- Up-to-date symlink: /home/floks/ros2_ws/install/robot_localization/include/robot_localization/robot_localization/srv/set_pose.h
[1.370s] -- Up-to-date symlink: /home/floks/ros2_ws/install/robot_localization/include/robot_localization/robot_localization/srv/to_ll.h
[1.370s] -- Up-to-date symlink: /home/floks/ros2_ws/install/robot_localization/include/robot_localization/robot_localization/srv/toggle_filter_processing.h
[1.370s] -- Up-to-date symlink: /home/floks/ros2_ws/install/robot_localization/share/robot_localization/environment/library_path.sh
[1.371s] -- Up-to-date symlink: /home/floks/ros2_ws/install/robot_localization/share/robot_localization/environment/library_path.dsv
[1.372s] -- Up-to-date symlink: /home/floks/ros2_ws/install/robot_localization/include/robot_localization/robot_localization/msg/rosidl_typesupport_fastrtps_c__visibility_control.h
[1.372s] -- Up-to-date symlink: /home/floks/ros2_ws/install/robot_localization/include/robot_localization/robot_localization/srv/detail/from_ll__rosidl_typesupport_fastrtps_c.h
[1.372s] -- Up-to-date symlink: /home/floks/ros2_ws/install/robot_localization/include/robot_localization/robot_localization/srv/detail/get_state__rosidl_typesupport_fastrtps_c.h
[1.373s] -- Up-to-date symlink: /home/floks/ros2_ws/install/robot_localization/include/robot_localization/robot_localization/srv/detail/set_datum__rosidl_typesupport_fastrtps_c.h
[1.373s] -- Up-to-date symlink: /home/floks/ros2_ws/install/robot_localization/include/robot_localization/robot_localization/srv/detail/set_pose__rosidl_typesupport_fastrtps_c.h
[1.373s] -- Up-to-date symlink: /home/floks/ros2_ws/install/robot_localization/include/robot_localization/robot_localization/srv/detail/to_ll__rosidl_typesupport_fastrtps_c.h
[1.373s] -- Up-to-date symlink: /home/floks/ros2_ws/install/robot_localization/include/robot_localization/robot_localization/srv/detail/toggle_filter_processing__rosidl_typesupport_fastrtps_c.h
[1.374s] -- Up-to-date symlink: /home/floks/ros2_ws/install/robot_localization/include/robot_localization/robot_localization/srv/detail/from_ll__builder.hpp
[1.374s] -- Up-to-date symlink: /home/floks/ros2_ws/install/robot_localization/include/robot_localization/robot_localization/srv/detail/from_ll__struct.hpp
[1.375s] -- Up-to-date symlink: /home/floks/ros2_ws/install/robot_localization/include/robot_localization/robot_localization/srv/detail/from_ll__traits.hpp
[1.375s] -- Up-to-date symlink: /home/floks/ros2_ws/install/robot_localization/include/robot_localization/robot_localization/srv/detail/get_state__builder.hpp
[1.375s] -- Up-to-date symlink: /home/floks/ros2_ws/install/robot_localization/include/robot_localization/robot_localization/srv/detail/get_state__struct.hpp
[1.375s] -- Up-to-date symlink: /home/floks/ros2_ws/install/robot_localization/include/robot_localization/robot_localization/srv/detail/get_state__traits.hpp
[1.375s] -- Up-to-date symlink: /home/floks/ros2_ws/install/robot_localization/include/robot_localization/robot_localization/srv/detail/set_datum__builder.hpp
[1.375s] -- Up-to-date symlink: /home/floks/ros2_ws/install/robot_localization/include/robot_localization/robot_localization/srv/detail/set_datum__struct.hpp
[1.376s] -- Up-to-date symlink: /home/floks/ros2_ws/install/robot_localization/include/robot_localization/robot_localization/srv/detail/set_datum__traits.hpp
[1.376s] -- Up-to-date symlink: /home/floks/ros2_ws/install/robot_localization/include/robot_localization/robot_localization/srv/detail/set_pose__builder.hpp
[1.376s] -- Up-to-date symlink: /home/floks/ros2_ws/install/robot_localization/include/robot_localization/robot_localization/srv/detail/set_pose__struct.hpp
[1.376s] -- Up-to-date symlink: /home/floks/ros2_ws/install/robot_localization/include/robot_localization/robot_localization/srv/detail/set_pose__traits.hpp
[1.376s] -- Up-to-date symlink: /home/floks/ros2_ws/install/robot_localization/include/robot_localization/robot_localization/srv/detail/to_ll__builder.hpp
[1.377s] -- Up-to-date symlink: /home/floks/ros2_ws/install/robot_localization/include/robot_localization/robot_localization/srv/detail/to_ll__struct.hpp
[1.377s] -- Up-to-date symlink: /home/floks/ros2_ws/install/robot_localization/include/robot_localization/robot_localization/srv/detail/to_ll__traits.hpp
[1.377s] -- Up-to-date symlink: /home/floks/ros2_ws/install/robot_localization/include/robot_localization/robot_localization/srv/detail/toggle_filter_processing__builder.hpp
[1.377s] -- Up-to-date symlink: /home/floks/ros2_ws/install/robot_localization/include/robot_localization/robot_localization/srv/detail/toggle_filter_processing__struct.hpp
[1.377s] -- Up-to-date symlink: /home/floks/ros2_ws/install/robot_localization/include/robot_localization/robot_localization/srv/detail/toggle_filter_processing__traits.hpp
[1.378s] -- Up-to-date symlink: /home/floks/ros2_ws/install/robot_localization/include/robot_localization/robot_localization/srv/from_ll.hpp
[1.378s] -- Up-to-date symlink: /home/floks/ros2_ws/install/robot_localization/include/robot_localization/robot_localization/srv/get_state.hpp
[1.378s] -- Up-to-date symlink: /home/floks/ros2_ws/install/robot_localization/include/robot_localization/robot_localization/srv/set_datum.hpp
[1.378s] -- Up-to-date symlink: /home/floks/ros2_ws/install/robot_localization/include/robot_localization/robot_localization/srv/set_pose.hpp
[1.379s] -- Up-to-date symlink: /home/floks/ros2_ws/install/robot_localization/include/robot_localization/robot_localization/srv/to_ll.hpp
[1.379s] -- Up-to-date symlink: /home/floks/ros2_ws/install/robot_localization/include/robot_localization/robot_localization/srv/toggle_filter_processing.hpp
[1.380s] -- Up-to-date symlink: /home/floks/ros2_ws/install/robot_localization/include/robot_localization/robot_localization/msg/rosidl_typesupport_fastrtps_cpp__visibility_control.h
[1.381s] -- Up-to-date symlink: /home/floks/ros2_ws/install/robot_localization/include/robot_localization/robot_localization/srv/detail/from_ll__rosidl_typesupport_fastrtps_cpp.hpp
[1.381s] -- Up-to-date symlink: /home/floks/ros2_ws/install/robot_localization/include/robot_localization/robot_localization/srv/detail/get_state__rosidl_typesupport_fastrtps_cpp.hpp
[1.381s] -- Up-to-date symlink: /home/floks/ros2_ws/install/robot_localization/include/robot_localization/robot_localization/srv/detail/set_datum__rosidl_typesupport_fastrtps_cpp.hpp
[1.381s] -- Up-to-date symlink: /home/floks/ros2_ws/install/robot_localization/include/robot_localization/robot_localization/srv/detail/set_pose__rosidl_typesupport_fastrtps_cpp.hpp
[1.382s] -- Up-to-date symlink: /home/floks/ros2_ws/install/robot_localization/include/robot_localization/robot_localization/srv/detail/to_ll__rosidl_typesupport_fastrtps_cpp.hpp
[1.382s] -- Up-to-date symlink: /home/floks/ros2_ws/install/robot_localization/include/robot_localization/robot_localization/srv/detail/toggle_filter_processing__rosidl_typesupport_fastrtps_cpp.hpp
[1.383s] -- Up-to-date symlink: /home/floks/ros2_ws/install/robot_localization/include/robot_localization/robot_localization/msg/rosidl_typesupport_introspection_c__visibility_control.h
[1.383s] -- Up-to-date symlink: /home/floks/ros2_ws/install/robot_localization/include/robot_localization/robot_localization/srv/detail/from_ll__rosidl_typesupport_introspection_c.h
[1.383s] -- Up-to-date symlink: /home/floks/ros2_ws/install/robot_localization/include/robot_localization/robot_localization/srv/detail/get_state__rosidl_typesupport_introspection_c.h
[1.383s] -- Up-to-date symlink: /home/floks/ros2_ws/install/robot_localization/include/robot_localization/robot_localization/srv/detail/set_datum__rosidl_typesupport_introspection_c.h
[1.383s] -- Up-to-date symlink: /home/floks/ros2_ws/install/robot_localization/include/robot_localization/robot_localization/srv/detail/set_pose__rosidl_typesupport_introspection_c.h
[1.384s] -- Up-to-date symlink: /home/floks/ros2_ws/install/robot_localization/include/robot_localization/robot_localization/srv/detail/to_ll__rosidl_typesupport_introspection_c.h
[1.384s] -- Up-to-date symlink: /home/floks/ros2_ws/install/robot_localization/include/robot_localization/robot_localization/srv/detail/toggle_filter_processing__rosidl_typesupport_introspection_c.h
[1.384s] -- Up-to-date symlink: /home/floks/ros2_ws/install/robot_localization/include/robot_localization/robot_localization/srv/detail/from_ll__rosidl_typesupport_introspection_cpp.hpp
[1.385s] -- Up-to-date symlink: /home/floks/ros2_ws/install/robot_localization/include/robot_localization/robot_localization/srv/detail/get_state__rosidl_typesupport_introspection_cpp.hpp
[1.385s] -- Up-to-date symlink: /home/floks/ros2_ws/install/robot_localization/include/robot_localization/robot_localization/srv/detail/set_datum__rosidl_typesupport_introspection_cpp.hpp
[1.385s] -- Up-to-date symlink: /home/floks/ros2_ws/install/robot_localization/include/robot_localization/robot_localization/srv/detail/set_pose__rosidl_typesupport_introspection_cpp.hpp
[1.385s] -- Up-to-date symlink: /home/floks/ros2_ws/install/robot_localization/include/robot_localization/robot_localization/srv/detail/to_ll__rosidl_typesupport_introspection_cpp.hpp
[1.386s] -- Up-to-date symlink: /home/floks/ros2_ws/install/robot_localization/include/robot_localization/robot_localization/srv/detail/toggle_filter_processing__rosidl_typesupport_introspection_cpp.hpp
[1.386s] -- Up-to-date symlink: /home/floks/ros2_ws/install/robot_localization/share/robot_localization/environment/pythonpath.sh
[1.386s] -- Up-to-date symlink: /home/floks/ros2_ws/install/robot_localization/share/robot_localization/environment/pythonpath.dsv
[1.387s] -- Up-to-date symlink: /home/floks/ros2_ws/install/robot_localization/local/lib/python3.10/dist-packages/robot_localization-3.5.1-py3.10.egg-info/PKG-INFO
[1.387s] -- Up-to-date symlink: /home/floks/ros2_ws/install/robot_localization/local/lib/python3.10/dist-packages/robot_localization-3.5.1-py3.10.egg-info/SOURCES.txt
[1.387s] -- Up-to-date symlink: /home/floks/ros2_ws/install/robot_localization/local/lib/python3.10/dist-packages/robot_localization-3.5.1-py3.10.egg-info/dependency_links.txt
[1.387s] -- Up-to-date symlink: /home/floks/ros2_ws/install/robot_localization/local/lib/python3.10/dist-packages/robot_localization-3.5.1-py3.10.egg-info/top_level.txt
[1.389s] -- Up-to-date symlink: /home/floks/ros2_ws/install/robot_localization/local/lib/python3.10/dist-packages/robot_localization/__init__.py
[1.389s] -- Up-to-date symlink: /home/floks/ros2_ws/install/robot_localization/local/lib/python3.10/dist-packages/robot_localization/_robot_localization_s.ep.rosidl_typesupport_c.c
[1.389s] -- Up-to-date symlink: /home/floks/ros2_ws/install/robot_localization/local/lib/python3.10/dist-packages/robot_localization/_robot_localization_s.ep.rosidl_typesupport_fastrtps_c.c
[1.389s] -- Up-to-date symlink: /home/floks/ros2_ws/install/robot_localization/local/lib/python3.10/dist-packages/robot_localization/_robot_localization_s.ep.rosidl_typesupport_introspection_c.c
[1.389s] -- Up-to-date symlink: /home/floks/ros2_ws/install/robot_localization/local/lib/python3.10/dist-packages/robot_localization/librobot_localization__rosidl_generator_py.so
[1.390s] -- Up-to-date symlink: /home/floks/ros2_ws/install/robot_localization/local/lib/python3.10/dist-packages/robot_localization/robot_localization_s__rosidl_typesupport_c.cpython-310-x86_64-linux-gnu.so
[1.390s] -- Up-to-date symlink: /home/floks/ros2_ws/install/robot_localization/local/lib/python3.10/dist-packages/robot_localization/robot_localization_s__rosidl_typesupport_fastrtps_c.cpython-310-x86_64-linux-gnu.so
[1.390s] -- Up-to-date symlink: /home/floks/ros2_ws/install/robot_localization/local/lib/python3.10/dist-packages/robot_localization/robot_localization_s__rosidl_typesupport_introspection_c.cpython-310-x86_64-linux-gnu.so
[1.390s] -- Up-to-date symlink: /home/floks/ros2_ws/install/robot_localization/local/lib/python3.10/dist-packages/robot_localization/srv/__init__.py
[1.391s] -- Up-to-date symlink: /home/floks/ros2_ws/install/robot_localization/local/lib/python3.10/dist-packages/robot_localization/srv/_from_ll.py
[1.391s] -- Up-to-date symlink: /home/floks/ros2_ws/install/robot_localization/local/lib/python3.10/dist-packages/robot_localization/srv/_from_ll_s.c
[1.391s] -- Up-to-date symlink: /home/floks/ros2_ws/install/robot_localization/local/lib/python3.10/dist-packages/robot_localization/srv/_get_state.py
[1.391s] -- Up-to-date symlink: /home/floks/ros2_ws/install/robot_localization/local/lib/python3.10/dist-packages/robot_localization/srv/_get_state_s.c
[1.391s] -- Up-to-date symlink: /home/floks/ros2_ws/install/robot_localization/local/lib/python3.10/dist-packages/robot_localization/srv/_set_datum.py
[1.392s] -- Up-to-date symlink: /home/floks/ros2_ws/install/robot_localization/local/lib/python3.10/dist-packages/robot_localization/srv/_set_datum_s.c
[1.392s] -- Up-to-date symlink: /home/floks/ros2_ws/install/robot_localization/local/lib/python3.10/dist-packages/robot_localization/srv/_set_pose.py
[1.392s] -- Up-to-date symlink: /home/floks/ros2_ws/install/robot_localization/local/lib/python3.10/dist-packages/robot_localization/srv/_set_pose_s.c
[1.392s] -- Up-to-date symlink: /home/floks/ros2_ws/install/robot_localization/local/lib/python3.10/dist-packages/robot_localization/srv/_to_ll.py
[1.392s] -- Up-to-date symlink: /home/floks/ros2_ws/install/robot_localization/local/lib/python3.10/dist-packages/robot_localization/srv/_to_ll_s.c
[1.393s] -- Up-to-date symlink: /home/floks/ros2_ws/install/robot_localization/local/lib/python3.10/dist-packages/robot_localization/srv/_toggle_filter_processing.py
[1.393s] -- Up-to-date symlink: /home/floks/ros2_ws/install/robot_localization/local/lib/python3.10/dist-packages/robot_localization/srv/_toggle_filter_processing_s.c
[1.393s] -- Up-to-date symlink: /home/floks/ros2_ws/install/robot_localization/local/lib/python3.10/dist-packages/robot_localization/robot_localization_s__rosidl_typesupport_fastrtps_c.cpython-310-x86_64-linux-gnu.so
[1.394s] -- Up-to-date symlink: /home/floks/ros2_ws/install/robot_localization/local/lib/python3.10/dist-packages/robot_localization/robot_localization_s__rosidl_typesupport_introspection_c.cpython-310-x86_64-linux-gnu.so
[1.394s] -- Up-to-date symlink: /home/floks/ros2_ws/install/robot_localization/local/lib/python3.10/dist-packages/robot_localization/robot_localization_s__rosidl_typesupport_c.cpython-310-x86_64-linux-gnu.so
[1.395s] -- Up-to-date symlink: /home/floks/ros2_ws/install/robot_localization/share/robot_localization/srv/FromLL.idl
[1.395s] -- Up-to-date symlink: /home/floks/ros2_ws/install/robot_localization/share/robot_localization/srv/GetState.idl
[1.395s] -- Up-to-date symlink: /home/floks/ros2_ws/install/robot_localization/share/robot_localization/srv/SetDatum.idl
[1.396s] -- Up-to-date symlink: /home/floks/ros2_ws/install/robot_localization/share/robot_localization/srv/SetPose.idl
[1.396s] -- Up-to-date symlink: /home/floks/ros2_ws/install/robot_localization/share/robot_localization/srv/ToggleFilterProcessing.idl
[1.396s] -- Up-to-date symlink: /home/floks/ros2_ws/install/robot_localization/share/robot_localization/srv/ToLL.idl
[1.396s] -- Up-to-date symlink: /home/floks/ros2_ws/install/robot_localization/share/robot_localization/srv/FromLL.srv
[1.397s] -- Up-to-date symlink: /home/floks/ros2_ws/install/robot_localization/share/robot_localization/srv/FromLL_Request.msg
[1.397s] -- Up-to-date symlink: /home/floks/ros2_ws/install/robot_localization/share/robot_localization/srv/FromLL_Response.msg
[1.397s] -- Up-to-date symlink: /home/floks/ros2_ws/install/robot_localization/share/robot_localization/srv/GetState.srv
[1.398s] -- Up-to-date symlink: /home/floks/ros2_ws/install/robot_localization/share/robot_localization/srv/GetState_Request.msg
[1.398s] -- Up-to-date symlink: /home/floks/ros2_ws/install/robot_localization/share/robot_localization/srv/GetState_Response.msg
[1.398s] -- Up-to-date symlink: /home/floks/ros2_ws/install/robot_localization/share/robot_localization/srv/SetDatum.srv
[1.398s] -- Up-to-date symlink: /home/floks/ros2_ws/install/robot_localization/share/robot_localization/srv/SetDatum_Request.msg
[1.399s] -- Up-to-date symlink: /home/floks/ros2_ws/install/robot_localization/share/robot_localization/srv/SetDatum_Response.msg
[1.399s] -- Up-to-date symlink: /home/floks/ros2_ws/install/robot_localization/share/robot_localization/srv/SetPose.srv
[1.399s] -- Up-to-date symlink: /home/floks/ros2_ws/install/robot_localization/share/robot_localization/srv/SetPose_Request.msg
[1.399s] -- Up-to-date symlink: /home/floks/ros2_ws/install/robot_localization/share/robot_localization/srv/SetPose_Response.msg
[1.400s] -- Up-to-date symlink: /home/floks/ros2_ws/install/robot_localization/share/robot_localization/srv/ToggleFilterProcessing.srv
[1.400s] -- Up-to-date symlink: /home/floks/ros2_ws/install/robot_localization/share/robot_localization/srv/ToggleFilterProcessing_Request.msg
[1.400s] -- Up-to-date symlink: /home/floks/ros2_ws/install/robot_localization/share/robot_localization/srv/ToggleFilterProcessing_Response.msg
[1.400s] -- Up-to-date symlink: /home/floks/ros2_ws/install/robot_localization/share/robot_localization/srv/ToLL.srv
[1.401s] -- Up-to-date symlink: /home/floks/ros2_ws/install/robot_localization/share/robot_localization/srv/ToLL_Request.msg
[1.401s] -- Up-to-date symlink: /home/floks/ros2_ws/install/robot_localization/share/robot_localization/srv/ToLL_Response.msg
[1.402s] -- Up-to-date symlink: /home/floks/ros2_ws/install/robot_localization/lib/robot_localization/filter_base-test
[1.402s] -- Up-to-date symlink: /home/floks/ros2_ws/install/robot_localization/lib/robot_localization/test_filter_base_diagnostics_timestamps
[1.403s] -- Up-to-date symlink: /home/floks/ros2_ws/install/robot_localization/lib/robot_localization/test_ekf
[1.403s] -- Up-to-date symlink: /home/floks/ros2_ws/install/robot_localization/lib/robot_localization/test_ekf_localization_node_interfaces
[1.403s] -- Up-to-date symlink: /home/floks/ros2_ws/install/robot_localization/lib/robot_localization/test_ukf
[1.404s] -- Up-to-date symlink: /home/floks/ros2_ws/install/robot_localization/lib/robot_localization/test_ukf_localization_node_interfaces
[1.404s] -- Up-to-date symlink: /home/floks/ros2_ws/install/robot_localization/lib/robot_localization/test_robot_localization_estimator
[1.404s] -- Up-to-date symlink: /home/floks/ros2_ws/install/robot_localization/lib/robot_localization/test_navsat_conversions
[1.405s] -- Up-to-date symlink: /home/floks/ros2_ws/install/robot_localization/lib/robot_localization/test_ros_robot_localization_listener
[1.405s] -- Up-to-date symlink: /home/floks/ros2_ws/install/robot_localization/lib/robot_localization/test_ros_robot_localization_listener_publisher
[1.406s] -- Up-to-date symlink: /home/floks/ros2_ws/install/robot_localization/lib/robot_localization/navsat_transform_node
[1.406s] -- Up-to-date symlink: /home/floks/ros2_ws/install/robot_localization/lib/robot_localization/ekf_node
[1.406s] -- Up-to-date symlink: /home/floks/ros2_ws/install/robot_localization/lib/robot_localization/ukf_node
[1.407s] -- Up-to-date symlink: /home/floks/ros2_ws/install/robot_localization/lib/robot_localization/robot_localization_listener_node
[1.407s] -- Up-to-date symlink: /home/floks/ros2_ws/install/robot_localization/lib/librl_lib.so
[1.408s] -- Up-to-date symlink: /home/floks/ros2_ws/install/robot_localization/share/ament_index/resource_index/package_run_dependencies/robot_localization
[1.408s] -- Up-to-date symlink: /home/floks/ros2_ws/install/robot_localization/share/ament_index/resource_index/parent_prefix_path/robot_localization
[1.408s] -- Up-to-date symlink: /home/floks/ros2_ws/install/robot_localization/share/robot_localization/environment/ament_prefix_path.sh
[1.409s] -- Up-to-date symlink: /home/floks/ros2_ws/install/robot_localization/share/robot_localization/environment/ament_prefix_path.dsv
[1.409s] -- Up-to-date symlink: /home/floks/ros2_ws/install/robot_localization/share/robot_localization/environment/path.sh
[1.409s] -- Up-to-date symlink: /home/floks/ros2_ws/install/robot_localization/share/robot_localization/environment/path.dsv
[1.410s] -- Up-to-date symlink: /home/floks/ros2_ws/install/robot_localization/share/robot_localization/local_setup.bash
[1.410s] -- Up-to-date symlink: /home/floks/ros2_ws/install/robot_localization/share/robot_localization/local_setup.sh
[1.411s] -- Up-to-date symlink: /home/floks/ros2_ws/install/robot_localization/share/robot_localization/local_setup.zsh
[1.411s] -- Up-to-date symlink: /home/floks/ros2_ws/install/robot_localization/share/robot_localization/local_setup.dsv
[1.411s] -- Symlinking: /home/floks/ros2_ws/install/robot_localization/share/robot_localization/package.dsv
[1.423s] -- Up-to-date symlink: /home/floks/ros2_ws/install/robot_localization/share/ament_index/resource_index/packages/robot_localization
[1.424s] -- Up-to-date symlink: /home/floks/ros2_ws/install/robot_localization/share/robot_localization/cmake/rosidl_cmake-extras.cmake
[1.424s] -- Up-to-date symlink: /home/floks/ros2_ws/install/robot_localization/share/robot_localization/cmake/ament_cmake_export_dependencies-extras.cmake
[1.424s] -- Up-to-date symlink: /home/floks/ros2_ws/install/robot_localization/share/robot_localization/cmake/ament_cmake_export_include_directories-extras.cmake
[1.425s] -- Up-to-date symlink: /home/floks/ros2_ws/install/robot_localization/share/robot_localization/cmake/ament_cmake_export_libraries-extras.cmake
[1.425s] -- Up-to-date symlink: /home/floks/ros2_ws/install/robot_localization/share/robot_localization/cmake/ament_cmake_export_targets-extras.cmake
[1.425s] -- Up-to-date symlink: /home/floks/ros2_ws/install/robot_localization/share/robot_localization/cmake/rosidl_cmake_export_typesupport_targets-extras.cmake
[1.426s] -- Up-to-date symlink: /home/floks/ros2_ws/install/robot_localization/share/robot_localization/cmake/rosidl_cmake_export_typesupport_libraries-extras.cmake
[1.426s] -- Up-to-date symlink: /home/floks/ros2_ws/install/robot_localization/share/robot_localization/cmake/robot_localizationConfig.cmake
[1.426s] -- Up-to-date symlink: /home/floks/ros2_ws/install/robot_localization/share/robot_localization/cmake/robot_localizationConfig-version.cmake
[1.426s] -- Up-to-date symlink: /home/floks/ros2_ws/install/robot_localization/share/robot_localization/package.xml
[1.428s] -- Up-to-date: /home/floks/ros2_ws/install/robot_localization/lib/librobot_localization__rosidl_generator_c.so
[1.429s] -- Up-to-date: /home/floks/ros2_ws/install/robot_localization/lib/librobot_localization__rosidl_typesupport_fastrtps_c.so
[1.430s] -- Up-to-date: /home/floks/ros2_ws/install/robot_localization/lib/librobot_localization__rosidl_typesupport_fastrtps_cpp.so
[1.430s] -- Up-to-date: /home/floks/ros2_ws/install/robot_localization/lib/librobot_localization__rosidl_typesupport_introspection_c.so
[1.431s] -- Up-to-date: /home/floks/ros2_ws/install/robot_localization/lib/librobot_localization__rosidl_typesupport_c.so
[1.432s] -- Up-to-date: /home/floks/ros2_ws/install/robot_localization/lib/librobot_localization__rosidl_typesupport_introspection_cpp.so
[1.433s] -- Up-to-date: /home/floks/ros2_ws/install/robot_localization/lib/librobot_localization__rosidl_typesupport_cpp.so
[1.477s] Listing '/home/floks/ros2_ws/install/robot_localization/local/lib/python3.10/dist-packages/robot_localization'...
[1.477s] Listing '/home/floks/ros2_ws/install/robot_localization/local/lib/python3.10/dist-packages/robot_localization/srv'...
[1.483s] -- Up-to-date: /home/floks/ros2_ws/install/robot_localization/lib/librobot_localization__rosidl_generator_py.so
[1.483s] -- Up-to-date: /home/floks/ros2_ws/install/robot_localization/share/robot_localization/test
[1.483s] -- Up-to-date: /home/floks/ros2_ws/install/robot_localization/share/robot_localization/test/test_ekf_localization_node_bag2.sh
[1.484s] -- Up-to-date: /home/floks/ros2_ws/install/robot_localization/share/robot_localization/test/test_ekf_localization_node_interfaces.cpp
[1.484s] -- Up-to-date: /home/floks/ros2_ws/install/robot_localization/share/robot_localization/test/test_ekf_localization_node_interfaces.launch.py
[1.485s] -- Up-to-date: /home/floks/ros2_ws/install/robot_localization/share/robot_localization/test/test_filter_base_diagnostics_timestamps.cpp
[1.485s] -- Up-to-date: /home/floks/ros2_ws/install/robot_localization/share/robot_localization/test/test_robot_localization_estimator.launch.py
[1.485s] -- Up-to-date: /home/floks/ros2_ws/install/robot_localization/share/robot_localization/test/test_ekf_localization_node_bag3.yaml
[1.485s] -- Up-to-date: /home/floks/ros2_ws/install/robot_localization/share/robot_localization/test/test_filter_base_diagnostics_timestamps.yaml
[1.485s] -- Up-to-date: /home/floks/ros2_ws/install/robot_localization/share/robot_localization/test/test_ukf_localization_node_bag3.sh
[1.486s] -- Up-to-date: /home/floks/ros2_ws/install/robot_localization/share/robot_localization/test/test_ekf_localization_node_bag2.launch.py
[1.486s] -- Up-to-date: /home/floks/ros2_ws/install/robot_localization/share/robot_localization/test/test_robot_localization_estimator.cpp
[1.486s] -- Up-to-date: /home/floks/ros2_ws/install/robot_localization/share/robot_localization/test/test_ukf_localization_node_bag1.sh
[1.486s] -- Up-to-date: /home/floks/ros2_ws/install/robot_localization/share/robot_localization/test/test_navsat_conversions.cpp
[1.486s] -- Up-to-date: /home/floks/ros2_ws/install/robot_localization/share/robot_localization/test/test_filter_base_diagnostics_timestamps.launch.py
[1.486s] -- Up-to-date: /home/floks/ros2_ws/install/robot_localization/share/robot_localization/test/test_ros_robot_localization_listener.yaml
[1.487s] -- Up-to-date: /home/floks/ros2_ws/install/robot_localization/share/robot_localization/test/test_ukf_localization_node_bag1.yaml
[1.487s] -- Up-to-date: /home/floks/ros2_ws/install/robot_localization/share/robot_localization/test/test_ukf_localization_node_bag2.yaml
[1.487s] -- Up-to-date: /home/floks/ros2_ws/install/robot_localization/share/robot_localization/test/test_ekf.cpp
[1.487s] -- Up-to-date: /home/floks/ros2_ws/install/robot_localization/share/robot_localization/test/test2.bag
[1.487s] -- Up-to-date: /home/floks/ros2_ws/install/robot_localization/share/robot_localization/test/test_ekf_localization_node_bag3.launch.py
[1.488s] -- Up-to-date: /home/floks/ros2_ws/install/robot_localization/share/robot_localization/test/test_ukf_localization_node_interfaces.cpp
[1.488s] -- Up-to-date: /home/floks/ros2_ws/install/robot_localization/share/robot_localization/test/test_ukf_localization_node_interfaces.yaml
[1.488s] -- Up-to-date: /home/floks/ros2_ws/install/robot_localization/share/robot_localization/test/test_ekf_localization_node_bag1.yaml
[1.488s] -- Up-to-date: /home/floks/ros2_ws/install/robot_localization/share/robot_localization/test/test_ros_robot_localization_listener_publisher.cpp
[1.488s] -- Up-to-date: /home/floks/ros2_ws/install/robot_localization/share/robot_localization/test/test_ukf.cpp
[1.488s] -- Up-to-date: /home/floks/ros2_ws/install/robot_localization/share/robot_localization/test/test_ekf_localization_node_bag2.yaml
[1.488s] -- Up-to-date: /home/floks/ros2_ws/install/robot_localization/share/robot_localization/test/test_ros_robot_localization_listener.cpp
[1.488s] -- Up-to-date: /home/floks/ros2_ws/install/robot_localization/share/robot_localization/test/test_ukf_localization_node_bag2.launch.py
[1.488s] -- Up-to-date: /home/floks/ros2_ws/install/robot_localization/share/robot_localization/test/test1.bag
[1.489s] -- Up-to-date: /home/floks/ros2_ws/install/robot_localization/share/robot_localization/test/test_filter_base.cpp
[1.489s] -- Up-to-date: /home/floks/ros2_ws/install/robot_localization/share/robot_localization/test/test_ekf_localization_node_bag3.sh
[1.489s] -- Up-to-date: /home/floks/ros2_ws/install/robot_localization/share/robot_localization/test/test_ukf_localization_node_bag3.yaml
[1.489s] -- Up-to-date: /home/floks/ros2_ws/install/robot_localization/share/robot_localization/test/test_ukf_localization_node_bag3.launch.py
[1.489s] -- Up-to-date: /home/floks/ros2_ws/install/robot_localization/share/robot_localization/test/test_ukf_localization_node_bag1.launch.py
[1.489s] -- Up-to-date: /home/floks/ros2_ws/install/robot_localization/share/robot_localization/test/test3.bag
[1.489s] -- Up-to-date: /home/floks/ros2_ws/install/robot_localization/share/robot_localization/test/test_ekf_localization_node_bag1.launch.py
[1.489s] -- Up-to-date: /home/floks/ros2_ws/install/robot_localization/share/robot_localization/test/test_ros_robot_localization_listener.launch.py
[1.489s] -- Up-to-date: /home/floks/ros2_ws/install/robot_localization/share/robot_localization/test/test_ekf_localization_node_bag1.sh
[1.489s] -- Up-to-date: /home/floks/ros2_ws/install/robot_localization/share/robot_localization/test/test_localization_node_bag_pose_tester.cpp
[1.490s] -- Up-to-date: /home/floks/ros2_ws/install/robot_localization/share/robot_localization/test/test_ekf_localization_node_interfaces.yaml
[1.490s] -- Up-to-date: /home/floks/ros2_ws/install/robot_localization/share/robot_localization/test/test_ukf_localization_node_interfaces.launch.py
[1.490s] -- Up-to-date: /home/floks/ros2_ws/install/robot_localization/share/robot_localization/test/test_ukf_localization_node_bag2.sh
[1.490s] -- Up-to-date: /home/floks/ros2_ws/install/robot_localization/include/robot_localization
[1.490s] -- Up-to-date: /home/floks/ros2_ws/install/robot_localization/include/robot_localization/robot_localization
[1.490s] -- Up-to-date: /home/floks/ros2_ws/install/robot_localization/include/robot_localization/robot_localization/filter_common.hpp
[1.490s] -- Up-to-date: /home/floks/ros2_ws/install/robot_localization/include/robot_localization/robot_localization/ros_filter_utilities.hpp
[1.490s] -- Up-to-date: /home/floks/ros2_ws/install/robot_localization/include/robot_localization/robot_localization/navsat_transform.hpp
[1.491s] -- Up-to-date: /home/floks/ros2_ws/install/robot_localization/include/robot_localization/robot_localization/measurement.hpp
[1.491s] -- Up-to-date: /home/floks/ros2_ws/install/robot_localization/include/robot_localization/robot_localization/ros_robot_localization_listener.hpp
[1.491s] -- Up-to-date: /home/floks/ros2_ws/install/robot_localization/include/robot_localization/robot_localization/filter_state.hpp
[1.491s] -- Up-to-date: /home/floks/ros2_ws/install/robot_localization/include/robot_localization/robot_localization/ros_filter.hpp
[1.491s] -- Up-to-date: /home/floks/ros2_ws/install/robot_localization/include/robot_localization/robot_localization/ukf.hpp
[1.491s] -- Up-to-date: /home/floks/ros2_ws/install/robot_localization/include/robot_localization/robot_localization/filter_utilities.hpp
[1.491s] -- Up-to-date: /home/floks/ros2_ws/install/robot_localization/include/robot_localization/robot_localization/navsat_conversions.hpp
[1.491s] -- Up-to-date: /home/floks/ros2_ws/install/robot_localization/include/robot_localization/robot_localization/ros_filter_types.hpp
[1.491s] -- Up-to-date: /home/floks/ros2_ws/install/robot_localization/include/robot_localization/robot_localization/filter_base.hpp
[1.491s] -- Up-to-date: /home/floks/ros2_ws/install/robot_localization/include/robot_localization/robot_localization/ekf.hpp
[1.491s] -- Up-to-date: /home/floks/ros2_ws/install/robot_localization/include/robot_localization/robot_localization/robot_localization_estimator.hpp
[1.492s] -- Up-to-date: /home/floks/ros2_ws/install/robot_localization/share/robot_localization/params
[1.492s] -- Up-to-date: /home/floks/ros2_ws/install/robot_localization/share/robot_localization/params/ekf.yaml
[1.492s] -- Up-to-date: /home/floks/ros2_ws/install/robot_localization/share/robot_localization/params/ukf.yaml
[1.492s] -- Up-to-date: /home/floks/ros2_ws/install/robot_localization/share/robot_localization/params/navsat_transform.yaml
[1.492s] -- Up-to-date: /home/floks/ros2_ws/install/robot_localization/share/robot_localization/params/dual_ekf_navsat_example.yaml
[1.492s] -- Up-to-date: /home/floks/ros2_ws/install/robot_localization/share/robot_localization/launch
[1.492s] -- Up-to-date: /home/floks/ros2_ws/install/robot_localization/share/robot_localization/launch/dual_ekf_navsat_example.launch.py
[1.492s] -- Up-to-date: /home/floks/ros2_ws/install/robot_localization/share/robot_localization/launch/navsat_transform.launch.py
[1.492s] -- Up-to-date: /home/floks/ros2_ws/install/robot_localization/share/robot_localization/launch/ekf.launch.py
[1.492s] -- Up-to-date: /home/floks/ros2_ws/install/robot_localization/share/robot_localization/launch/ukf.launch.py
[1.493s] -- Up-to-date: /home/floks/ros2_ws/install/robot_localization/share/robot_localization/cmake/export_robot_localization__rosidl_generator_cExport.cmake
[1.493s] -- Up-to-date: /home/floks/ros2_ws/install/robot_localization/share/robot_localization/cmake/export_robot_localization__rosidl_generator_cExport-release.cmake
[1.493s] -- Up-to-date: /home/floks/ros2_ws/install/robot_localization/share/robot_localization/cmake/export_robot_localization__rosidl_typesupport_fastrtps_cExport.cmake
[1.494s] -- Up-to-date: /home/floks/ros2_ws/install/robot_localization/share/robot_localization/cmake/export_robot_localization__rosidl_typesupport_fastrtps_cExport-release.cmake
[1.495s] -- Up-to-date: /home/floks/ros2_ws/install/robot_localization/share/robot_localization/cmake/export_robot_localization__rosidl_generator_cppExport.cmake
[1.496s] -- Up-to-date: /home/floks/ros2_ws/install/robot_localization/share/robot_localization/cmake/export_robot_localization__rosidl_typesupport_fastrtps_cppExport.cmake
[1.496s] -- Up-to-date: /home/floks/ros2_ws/install/robot_localization/share/robot_localization/cmake/export_robot_localization__rosidl_typesupport_fastrtps_cppExport-release.cmake
[1.496s] -- Up-to-date: /home/floks/ros2_ws/install/robot_localization/share/robot_localization/cmake/robot_localization__rosidl_typesupport_introspection_cExport.cmake
[1.497s] -- Up-to-date: /home/floks/ros2_ws/install/robot_localization/share/robot_localization/cmake/robot_localization__rosidl_typesupport_introspection_cExport-release.cmake
[1.497s] -- Up-to-date: /home/floks/ros2_ws/install/robot_localization/share/robot_localization/cmake/robot_localization__rosidl_typesupport_cExport.cmake
[1.498s] -- Up-to-date: /home/floks/ros2_ws/install/robot_localization/share/robot_localization/cmake/robot_localization__rosidl_typesupport_cExport-release.cmake
[1.498s] -- Up-to-date: /home/floks/ros2_ws/install/robot_localization/share/robot_localization/cmake/robot_localization__rosidl_typesupport_introspection_cppExport.cmake
[1.499s] -- Up-to-date: /home/floks/ros2_ws/install/robot_localization/share/robot_localization/cmake/robot_localization__rosidl_typesupport_introspection_cppExport-release.cmake
[1.500s] -- Up-to-date: /home/floks/ros2_ws/install/robot_localization/share/robot_localization/cmake/robot_localization__rosidl_typesupport_cppExport.cmake
[1.500s] -- Up-to-date: /home/floks/ros2_ws/install/robot_localization/share/robot_localization/cmake/robot_localization__rosidl_typesupport_cppExport-release.cmake
[1.500s] -- Up-to-date: /home/floks/ros2_ws/install/robot_localization/share/robot_localization/cmake/export_robot_localization__rosidl_generator_pyExport.cmake
[1.501s] -- Up-to-date: /home/floks/ros2_ws/install/robot_localization/share/robot_localization/cmake/export_robot_localization__rosidl_generator_pyExport-release.cmake
[1.502s] Invoked command in '/home/floks/ros2_ws/build/robot_localization' returned '0': CMAKE_PREFIX_PATH=${CMAKE_PREFIX_PATH}:/opt/ros/humble /usr/bin/cmake --install /home/floks/ros2_ws/build/robot_localization
