[0.095s] Invoking command in '/home/floks/ros2_ws/build/slam_toolbox': CMAKE_PREFIX_PATH=${CMAKE_PREFIX_PATH}:/opt/ros/humble /usr/bin/cmake --build /home/floks/ros2_ws/build/slam_toolbox -- -j8 -l8
[0.198s] [  1%] Built target slam_toolbox__cpp
[0.214s] [  1%] Built target ament_cmake_python_symlink_slam_toolbox
[0.227s] [ 10%] Built target slam_toolbox__rosidl_generator_c
[0.276s] [ 12%] Built target kartoSlamToolbox
[0.294s] [ 20%] Built target slam_toolbox__rosidl_typesupport_cpp
[0.298s] [ 29%] Built target slam_toolbox__rosidl_typesupport_fastrtps_cpp
[0.304s] [ 37%] Built target slam_toolbox__rosidl_typesupport_introspection_cpp
[0.336s] [ 52%] Built target slam_toolbox__rosidl_typesupport_introspection_c
[0.338s] [ 54%] Built target slam_toolbox__rosidl_typesupport_fastrtps_c
[0.347s] [ 62%] Built target slam_toolbox__rosidl_typesupport_c
[0.400s] [ 62%] Built target slam_toolbox
[0.414s] [ 64%] Built target SlamToolboxPlugin
[0.418s] [ 66%] Built target ceres_solver_plugin
[0.457s] [ 66%] Built target slam_toolbox__py
[0.465s] [ 71%] Built target toolbox_common
[0.548s] [ 79%] Built target slam_toolbox__rosidl_generator_py
[0.587s] [ 81%] Built target async_slam_toolbox
[0.595s] [ 83%] Built target sync_slam_toolbox
[0.616s] [ 84%] Built target localization_slam_toolbox
[0.637s] [ 86%] Built target merge_maps_kinematic
[0.648s] [ 87%] Built target lifelong_slam_toolbox
[0.669s] [ 88%] Built target slam_toolbox__rosidl_typesupport_fastrtps_c__pyext
[0.681s] [ 90%] Built target slam_toolbox__rosidl_typesupport_c__pyext
[0.685s] [ 92%] Built target slam_toolbox__rosidl_typesupport_introspection_c__pyext
[0.706s] [ 93%] Built target async_slam_toolbox_node
[0.795s] [ 94%] Built target sync_slam_toolbox_node
[0.796s] [ 96%] Built target localization_slam_toolbox_node
[0.797s] [ 98%] Built target lifelong_slam_toolbox_node
[0.808s] [ 99%] Built target map_and_localization_slam_toolbox
[0.861s] [100%] Built target map_and_localization_slam_toolbox_node
[0.867s] running egg_info
[0.868s] writing slam_toolbox.egg-info/PKG-INFO
[0.868s] writing dependency_links to slam_toolbox.egg-info/dependency_links.txt
[0.869s] writing top-level names to slam_toolbox.egg-info/top_level.txt
[0.872s] reading manifest file 'slam_toolbox.egg-info/SOURCES.txt'
[0.873s] writing manifest file 'slam_toolbox.egg-info/SOURCES.txt'
[0.917s] [100%] Built target ament_cmake_python_build_slam_toolbox_egg
[0.934s] Invoked command in '/home/floks/ros2_ws/build/slam_toolbox' returned '0': CMAKE_PREFIX_PATH=${CMAKE_PREFIX_PATH}:/opt/ros/humble /usr/bin/cmake --build /home/floks/ros2_ws/build/slam_toolbox -- -j8 -l8
[1.256s] Invoking command in '/home/floks/ros2_ws/build/slam_toolbox': CMAKE_PREFIX_PATH=${CMAKE_PREFIX_PATH}:/opt/ros/humble /usr/bin/cmake --install /home/floks/ros2_ws/build/slam_toolbox
[1.268s] -- Install configuration: "Release"
[1.270s] -- Execute custom install script
[1.271s] -- Up-to-date symlink: /home/floks/ros2_ws/install/slam_toolbox/include//karto_sdk/Karto.h
[1.272s] -- Up-to-date symlink: /home/floks/ros2_ws/install/slam_toolbox/include//karto_sdk/Macros.h
[1.272s] -- Up-to-date symlink: /home/floks/ros2_ws/install/slam_toolbox/include//karto_sdk/Mapper.h
[1.272s] -- Up-to-date symlink: /home/floks/ros2_ws/install/slam_toolbox/include//karto_sdk/Math.h
[1.272s] -- Up-to-date symlink: /home/floks/ros2_ws/install/slam_toolbox/include//karto_sdk/Types.h
[1.273s] -- Up-to-date symlink: /home/floks/ros2_ws/install/slam_toolbox/include//karto_sdk/nanoflann.hpp
[1.273s] -- Up-to-date symlink: /home/floks/ros2_ws/install/slam_toolbox/include//karto_sdk/nanoflann_adaptors.h
[1.273s] -- Up-to-date symlink: /home/floks/ros2_ws/install/slam_toolbox/share/ament_index/resource_index/rosidl_interfaces/slam_toolbox
[1.275s] -- Up-to-date symlink: /home/floks/ros2_ws/install/slam_toolbox/include/slam_toolbox/slam_toolbox/msg/rosidl_generator_c__visibility_control.h
[1.275s] -- Up-to-date symlink: /home/floks/ros2_ws/install/slam_toolbox/include/slam_toolbox/slam_toolbox/srv/add_submap.h
[1.275s] -- Up-to-date symlink: /home/floks/ros2_ws/install/slam_toolbox/include/slam_toolbox/slam_toolbox/srv/clear.h
[1.276s] -- Up-to-date symlink: /home/floks/ros2_ws/install/slam_toolbox/include/slam_toolbox/slam_toolbox/srv/clear_queue.h
[1.276s] -- Up-to-date symlink: /home/floks/ros2_ws/install/slam_toolbox/include/slam_toolbox/slam_toolbox/srv/deserialize_pose_graph.h
[1.276s] -- Up-to-date symlink: /home/floks/ros2_ws/install/slam_toolbox/include/slam_toolbox/slam_toolbox/srv/detail/add_submap__functions.h
[1.277s] -- Up-to-date symlink: /home/floks/ros2_ws/install/slam_toolbox/include/slam_toolbox/slam_toolbox/srv/detail/add_submap__struct.h
[1.277s] -- Up-to-date symlink: /home/floks/ros2_ws/install/slam_toolbox/include/slam_toolbox/slam_toolbox/srv/detail/add_submap__type_support.h
[1.278s] -- Up-to-date symlink: /home/floks/ros2_ws/install/slam_toolbox/include/slam_toolbox/slam_toolbox/srv/detail/clear__functions.h
[1.278s] -- Up-to-date symlink: /home/floks/ros2_ws/install/slam_toolbox/include/slam_toolbox/slam_toolbox/srv/detail/clear__struct.h
[1.278s] -- Up-to-date symlink: /home/floks/ros2_ws/install/slam_toolbox/include/slam_toolbox/slam_toolbox/srv/detail/clear__type_support.h
[1.279s] -- Up-to-date symlink: /home/floks/ros2_ws/install/slam_toolbox/include/slam_toolbox/slam_toolbox/srv/detail/clear_queue__functions.h
[1.279s] -- Up-to-date symlink: /home/floks/ros2_ws/install/slam_toolbox/include/slam_toolbox/slam_toolbox/srv/detail/clear_queue__struct.h
[1.279s] -- Up-to-date symlink: /home/floks/ros2_ws/install/slam_toolbox/include/slam_toolbox/slam_toolbox/srv/detail/clear_queue__type_support.h
[1.280s] -- Up-to-date symlink: /home/floks/ros2_ws/install/slam_toolbox/include/slam_toolbox/slam_toolbox/srv/detail/deserialize_pose_graph__functions.h
[1.280s] -- Up-to-date symlink: /home/floks/ros2_ws/install/slam_toolbox/include/slam_toolbox/slam_toolbox/srv/detail/deserialize_pose_graph__struct.h
[1.280s] -- Up-to-date symlink: /home/floks/ros2_ws/install/slam_toolbox/include/slam_toolbox/slam_toolbox/srv/detail/deserialize_pose_graph__type_support.h
[1.280s] -- Up-to-date symlink: /home/floks/ros2_ws/install/slam_toolbox/include/slam_toolbox/slam_toolbox/srv/detail/loop_closure__functions.h
[1.281s] -- Up-to-date symlink: /home/floks/ros2_ws/install/slam_toolbox/include/slam_toolbox/slam_toolbox/srv/detail/loop_closure__struct.h
[1.281s] -- Up-to-date symlink: /home/floks/ros2_ws/install/slam_toolbox/include/slam_toolbox/slam_toolbox/srv/detail/loop_closure__type_support.h
[1.281s] -- Up-to-date symlink: /home/floks/ros2_ws/install/slam_toolbox/include/slam_toolbox/slam_toolbox/srv/detail/merge_maps__functions.h
[1.282s] -- Up-to-date symlink: /home/floks/ros2_ws/install/slam_toolbox/include/slam_toolbox/slam_toolbox/srv/detail/merge_maps__struct.h
[1.282s] -- Up-to-date symlink: /home/floks/ros2_ws/install/slam_toolbox/include/slam_toolbox/slam_toolbox/srv/detail/merge_maps__type_support.h
[1.282s] -- Up-to-date symlink: /home/floks/ros2_ws/install/slam_toolbox/include/slam_toolbox/slam_toolbox/srv/detail/pause__functions.h
[1.282s] -- Up-to-date symlink: /home/floks/ros2_ws/install/slam_toolbox/include/slam_toolbox/slam_toolbox/srv/detail/pause__struct.h
[1.283s] -- Up-to-date symlink: /home/floks/ros2_ws/install/slam_toolbox/include/slam_toolbox/slam_toolbox/srv/detail/pause__type_support.h
[1.283s] -- Up-to-date symlink: /home/floks/ros2_ws/install/slam_toolbox/include/slam_toolbox/slam_toolbox/srv/detail/save_map__functions.h
[1.283s] -- Up-to-date symlink: /home/floks/ros2_ws/install/slam_toolbox/include/slam_toolbox/slam_toolbox/srv/detail/save_map__struct.h
[1.283s] -- Up-to-date symlink: /home/floks/ros2_ws/install/slam_toolbox/include/slam_toolbox/slam_toolbox/srv/detail/save_map__type_support.h
[1.284s] -- Up-to-date symlink: /home/floks/ros2_ws/install/slam_toolbox/include/slam_toolbox/slam_toolbox/srv/detail/serialize_pose_graph__functions.h
[1.284s] -- Up-to-date symlink: /home/floks/ros2_ws/install/slam_toolbox/include/slam_toolbox/slam_toolbox/srv/detail/serialize_pose_graph__struct.h
[1.284s] -- Up-to-date symlink: /home/floks/ros2_ws/install/slam_toolbox/include/slam_toolbox/slam_toolbox/srv/detail/serialize_pose_graph__type_support.h
[1.285s] -- Up-to-date symlink: /home/floks/ros2_ws/install/slam_toolbox/include/slam_toolbox/slam_toolbox/srv/detail/toggle_interactive__functions.h
[1.285s] -- Up-to-date symlink: /home/floks/ros2_ws/install/slam_toolbox/include/slam_toolbox/slam_toolbox/srv/detail/toggle_interactive__struct.h
[1.285s] -- Up-to-date symlink: /home/floks/ros2_ws/install/slam_toolbox/include/slam_toolbox/slam_toolbox/srv/detail/toggle_interactive__type_support.h
[1.285s] -- Up-to-date symlink: /home/floks/ros2_ws/install/slam_toolbox/include/slam_toolbox/slam_toolbox/srv/loop_closure.h
[1.286s] -- Up-to-date symlink: /home/floks/ros2_ws/install/slam_toolbox/include/slam_toolbox/slam_toolbox/srv/merge_maps.h
[1.286s] -- Up-to-date symlink: /home/floks/ros2_ws/install/slam_toolbox/include/slam_toolbox/slam_toolbox/srv/pause.h
[1.286s] -- Up-to-date symlink: /home/floks/ros2_ws/install/slam_toolbox/include/slam_toolbox/slam_toolbox/srv/save_map.h
[1.286s] -- Up-to-date symlink: /home/floks/ros2_ws/install/slam_toolbox/include/slam_toolbox/slam_toolbox/srv/serialize_pose_graph.h
[1.287s] -- Up-to-date symlink: /home/floks/ros2_ws/install/slam_toolbox/include/slam_toolbox/slam_toolbox/srv/toggle_interactive.h
[1.287s] -- Up-to-date symlink: /home/floks/ros2_ws/install/slam_toolbox/share/slam_toolbox/environment/library_path.sh
[1.288s] -- Up-to-date symlink: /home/floks/ros2_ws/install/slam_toolbox/share/slam_toolbox/environment/library_path.dsv
[1.289s] -- Up-to-date symlink: /home/floks/ros2_ws/install/slam_toolbox/include/slam_toolbox/slam_toolbox/msg/rosidl_typesupport_fastrtps_c__visibility_control.h
[1.289s] -- Up-to-date symlink: /home/floks/ros2_ws/install/slam_toolbox/include/slam_toolbox/slam_toolbox/srv/detail/add_submap__rosidl_typesupport_fastrtps_c.h
[1.290s] -- Up-to-date symlink: /home/floks/ros2_ws/install/slam_toolbox/include/slam_toolbox/slam_toolbox/srv/detail/clear__rosidl_typesupport_fastrtps_c.h
[1.290s] -- Up-to-date symlink: /home/floks/ros2_ws/install/slam_toolbox/include/slam_toolbox/slam_toolbox/srv/detail/clear_queue__rosidl_typesupport_fastrtps_c.h
[1.290s] -- Up-to-date symlink: /home/floks/ros2_ws/install/slam_toolbox/include/slam_toolbox/slam_toolbox/srv/detail/deserialize_pose_graph__rosidl_typesupport_fastrtps_c.h
[1.290s] -- Up-to-date symlink: /home/floks/ros2_ws/install/slam_toolbox/include/slam_toolbox/slam_toolbox/srv/detail/loop_closure__rosidl_typesupport_fastrtps_c.h
[1.291s] -- Up-to-date symlink: /home/floks/ros2_ws/install/slam_toolbox/include/slam_toolbox/slam_toolbox/srv/detail/merge_maps__rosidl_typesupport_fastrtps_c.h
[1.291s] -- Up-to-date symlink: /home/floks/ros2_ws/install/slam_toolbox/include/slam_toolbox/slam_toolbox/srv/detail/pause__rosidl_typesupport_fastrtps_c.h
[1.291s] -- Up-to-date symlink: /home/floks/ros2_ws/install/slam_toolbox/include/slam_toolbox/slam_toolbox/srv/detail/save_map__rosidl_typesupport_fastrtps_c.h
[1.292s] -- Up-to-date symlink: /home/floks/ros2_ws/install/slam_toolbox/include/slam_toolbox/slam_toolbox/srv/detail/serialize_pose_graph__rosidl_typesupport_fastrtps_c.h
[1.292s] -- Up-to-date symlink: /home/floks/ros2_ws/install/slam_toolbox/include/slam_toolbox/slam_toolbox/srv/detail/toggle_interactive__rosidl_typesupport_fastrtps_c.h
[1.293s] -- Up-to-date symlink: /home/floks/ros2_ws/install/slam_toolbox/include/slam_toolbox/slam_toolbox/srv/add_submap.hpp
[1.293s] -- Up-to-date symlink: /home/floks/ros2_ws/install/slam_toolbox/include/slam_toolbox/slam_toolbox/srv/clear.hpp
[1.294s] -- Up-to-date symlink: /home/floks/ros2_ws/install/slam_toolbox/include/slam_toolbox/slam_toolbox/srv/clear_queue.hpp
[1.294s] -- Up-to-date symlink: /home/floks/ros2_ws/install/slam_toolbox/include/slam_toolbox/slam_toolbox/srv/deserialize_pose_graph.hpp
[1.294s] -- Up-to-date symlink: /home/floks/ros2_ws/install/slam_toolbox/include/slam_toolbox/slam_toolbox/srv/detail/add_submap__builder.hpp
[1.294s] -- Up-to-date symlink: /home/floks/ros2_ws/install/slam_toolbox/include/slam_toolbox/slam_toolbox/srv/detail/add_submap__struct.hpp
[1.295s] -- Up-to-date symlink: /home/floks/ros2_ws/install/slam_toolbox/include/slam_toolbox/slam_toolbox/srv/detail/add_submap__traits.hpp
[1.295s] -- Up-to-date symlink: /home/floks/ros2_ws/install/slam_toolbox/include/slam_toolbox/slam_toolbox/srv/detail/clear__builder.hpp
[1.295s] -- Up-to-date symlink: /home/floks/ros2_ws/install/slam_toolbox/include/slam_toolbox/slam_toolbox/srv/detail/clear__struct.hpp
[1.295s] -- Up-to-date symlink: /home/floks/ros2_ws/install/slam_toolbox/include/slam_toolbox/slam_toolbox/srv/detail/clear__traits.hpp
[1.296s] -- Up-to-date symlink: /home/floks/ros2_ws/install/slam_toolbox/include/slam_toolbox/slam_toolbox/srv/detail/clear_queue__builder.hpp
[1.296s] -- Up-to-date symlink: /home/floks/ros2_ws/install/slam_toolbox/include/slam_toolbox/slam_toolbox/srv/detail/clear_queue__struct.hpp
[1.296s] -- Up-to-date symlink: /home/floks/ros2_ws/install/slam_toolbox/include/slam_toolbox/slam_toolbox/srv/detail/clear_queue__traits.hpp
[1.297s] -- Up-to-date symlink: /home/floks/ros2_ws/install/slam_toolbox/include/slam_toolbox/slam_toolbox/srv/detail/deserialize_pose_graph__builder.hpp
[1.297s] -- Up-to-date symlink: /home/floks/ros2_ws/install/slam_toolbox/include/slam_toolbox/slam_toolbox/srv/detail/deserialize_pose_graph__struct.hpp
[1.297s] -- Up-to-date symlink: /home/floks/ros2_ws/install/slam_toolbox/include/slam_toolbox/slam_toolbox/srv/detail/deserialize_pose_graph__traits.hpp
[1.297s] -- Up-to-date symlink: /home/floks/ros2_ws/install/slam_toolbox/include/slam_toolbox/slam_toolbox/srv/detail/loop_closure__builder.hpp
[1.298s] -- Up-to-date symlink: /home/floks/ros2_ws/install/slam_toolbox/include/slam_toolbox/slam_toolbox/srv/detail/loop_closure__struct.hpp
[1.298s] -- Up-to-date symlink: /home/floks/ros2_ws/install/slam_toolbox/include/slam_toolbox/slam_toolbox/srv/detail/loop_closure__traits.hpp
[1.298s] -- Up-to-date symlink: /home/floks/ros2_ws/install/slam_toolbox/include/slam_toolbox/slam_toolbox/srv/detail/merge_maps__builder.hpp
[1.298s] -- Up-to-date symlink: /home/floks/ros2_ws/install/slam_toolbox/include/slam_toolbox/slam_toolbox/srv/detail/merge_maps__struct.hpp
[1.299s] -- Up-to-date symlink: /home/floks/ros2_ws/install/slam_toolbox/include/slam_toolbox/slam_toolbox/srv/detail/merge_maps__traits.hpp
[1.299s] -- Up-to-date symlink: /home/floks/ros2_ws/install/slam_toolbox/include/slam_toolbox/slam_toolbox/srv/detail/pause__builder.hpp
[1.299s] -- Up-to-date symlink: /home/floks/ros2_ws/install/slam_toolbox/include/slam_toolbox/slam_toolbox/srv/detail/pause__struct.hpp
[1.299s] -- Up-to-date symlink: /home/floks/ros2_ws/install/slam_toolbox/include/slam_toolbox/slam_toolbox/srv/detail/pause__traits.hpp
[1.300s] -- Up-to-date symlink: /home/floks/ros2_ws/install/slam_toolbox/include/slam_toolbox/slam_toolbox/srv/detail/save_map__builder.hpp
[1.300s] -- Up-to-date symlink: /home/floks/ros2_ws/install/slam_toolbox/include/slam_toolbox/slam_toolbox/srv/detail/save_map__struct.hpp
[1.300s] -- Up-to-date symlink: /home/floks/ros2_ws/install/slam_toolbox/include/slam_toolbox/slam_toolbox/srv/detail/save_map__traits.hpp
[1.300s] -- Up-to-date symlink: /home/floks/ros2_ws/install/slam_toolbox/include/slam_toolbox/slam_toolbox/srv/detail/serialize_pose_graph__builder.hpp
[1.301s] -- Up-to-date symlink: /home/floks/ros2_ws/install/slam_toolbox/include/slam_toolbox/slam_toolbox/srv/detail/serialize_pose_graph__struct.hpp
[1.301s] -- Up-to-date symlink: /home/floks/ros2_ws/install/slam_toolbox/include/slam_toolbox/slam_toolbox/srv/detail/serialize_pose_graph__traits.hpp
[1.301s] -- Up-to-date symlink: /home/floks/ros2_ws/install/slam_toolbox/include/slam_toolbox/slam_toolbox/srv/detail/toggle_interactive__builder.hpp
[1.302s] -- Up-to-date symlink: /home/floks/ros2_ws/install/slam_toolbox/include/slam_toolbox/slam_toolbox/srv/detail/toggle_interactive__struct.hpp
[1.302s] -- Up-to-date symlink: /home/floks/ros2_ws/install/slam_toolbox/include/slam_toolbox/slam_toolbox/srv/detail/toggle_interactive__traits.hpp
[1.302s] -- Up-to-date symlink: /home/floks/ros2_ws/install/slam_toolbox/include/slam_toolbox/slam_toolbox/srv/loop_closure.hpp
[1.302s] -- Up-to-date symlink: /home/floks/ros2_ws/install/slam_toolbox/include/slam_toolbox/slam_toolbox/srv/merge_maps.hpp
[1.303s] -- Up-to-date symlink: /home/floks/ros2_ws/install/slam_toolbox/include/slam_toolbox/slam_toolbox/srv/pause.hpp
[1.303s] -- Up-to-date symlink: /home/floks/ros2_ws/install/slam_toolbox/include/slam_toolbox/slam_toolbox/srv/save_map.hpp
[1.303s] -- Up-to-date symlink: /home/floks/ros2_ws/install/slam_toolbox/include/slam_toolbox/slam_toolbox/srv/serialize_pose_graph.hpp
[1.303s] -- Up-to-date symlink: /home/floks/ros2_ws/install/slam_toolbox/include/slam_toolbox/slam_toolbox/srv/toggle_interactive.hpp
[1.305s] -- Up-to-date symlink: /home/floks/ros2_ws/install/slam_toolbox/include/slam_toolbox/slam_toolbox/msg/rosidl_typesupport_fastrtps_cpp__visibility_control.h
[1.305s] -- Up-to-date symlink: /home/floks/ros2_ws/install/slam_toolbox/include/slam_toolbox/slam_toolbox/srv/detail/add_submap__rosidl_typesupport_fastrtps_cpp.hpp
[1.305s] -- Up-to-date symlink: /home/floks/ros2_ws/install/slam_toolbox/include/slam_toolbox/slam_toolbox/srv/detail/clear__rosidl_typesupport_fastrtps_cpp.hpp
[1.306s] -- Up-to-date symlink: /home/floks/ros2_ws/install/slam_toolbox/include/slam_toolbox/slam_toolbox/srv/detail/clear_queue__rosidl_typesupport_fastrtps_cpp.hpp
[1.306s] -- Up-to-date symlink: /home/floks/ros2_ws/install/slam_toolbox/include/slam_toolbox/slam_toolbox/srv/detail/deserialize_pose_graph__rosidl_typesupport_fastrtps_cpp.hpp
[1.306s] -- Up-to-date symlink: /home/floks/ros2_ws/install/slam_toolbox/include/slam_toolbox/slam_toolbox/srv/detail/loop_closure__rosidl_typesupport_fastrtps_cpp.hpp
[1.306s] -- Up-to-date symlink: /home/floks/ros2_ws/install/slam_toolbox/include/slam_toolbox/slam_toolbox/srv/detail/merge_maps__rosidl_typesupport_fastrtps_cpp.hpp
[1.307s] -- Up-to-date symlink: /home/floks/ros2_ws/install/slam_toolbox/include/slam_toolbox/slam_toolbox/srv/detail/pause__rosidl_typesupport_fastrtps_cpp.hpp
[1.307s] -- Up-to-date symlink: /home/floks/ros2_ws/install/slam_toolbox/include/slam_toolbox/slam_toolbox/srv/detail/save_map__rosidl_typesupport_fastrtps_cpp.hpp
[1.307s] -- Up-to-date symlink: /home/floks/ros2_ws/install/slam_toolbox/include/slam_toolbox/slam_toolbox/srv/detail/serialize_pose_graph__rosidl_typesupport_fastrtps_cpp.hpp
[1.307s] -- Up-to-date symlink: /home/floks/ros2_ws/install/slam_toolbox/include/slam_toolbox/slam_toolbox/srv/detail/toggle_interactive__rosidl_typesupport_fastrtps_cpp.hpp
[1.308s] -- Up-to-date symlink: /home/floks/ros2_ws/install/slam_toolbox/include/slam_toolbox/slam_toolbox/msg/rosidl_typesupport_introspection_c__visibility_control.h
[1.309s] -- Up-to-date symlink: /home/floks/ros2_ws/install/slam_toolbox/include/slam_toolbox/slam_toolbox/srv/detail/add_submap__rosidl_typesupport_introspection_c.h
[1.309s] -- Up-to-date symlink: /home/floks/ros2_ws/install/slam_toolbox/include/slam_toolbox/slam_toolbox/srv/detail/clear__rosidl_typesupport_introspection_c.h
[1.309s] -- Up-to-date symlink: /home/floks/ros2_ws/install/slam_toolbox/include/slam_toolbox/slam_toolbox/srv/detail/clear_queue__rosidl_typesupport_introspection_c.h
[1.309s] -- Up-to-date symlink: /home/floks/ros2_ws/install/slam_toolbox/include/slam_toolbox/slam_toolbox/srv/detail/deserialize_pose_graph__rosidl_typesupport_introspection_c.h
[1.310s] -- Up-to-date symlink: /home/floks/ros2_ws/install/slam_toolbox/include/slam_toolbox/slam_toolbox/srv/detail/loop_closure__rosidl_typesupport_introspection_c.h
[1.310s] -- Up-to-date symlink: /home/floks/ros2_ws/install/slam_toolbox/include/slam_toolbox/slam_toolbox/srv/detail/merge_maps__rosidl_typesupport_introspection_c.h
[1.310s] -- Up-to-date symlink: /home/floks/ros2_ws/install/slam_toolbox/include/slam_toolbox/slam_toolbox/srv/detail/pause__rosidl_typesupport_introspection_c.h
[1.310s] -- Up-to-date symlink: /home/floks/ros2_ws/install/slam_toolbox/include/slam_toolbox/slam_toolbox/srv/detail/save_map__rosidl_typesupport_introspection_c.h
[1.311s] -- Up-to-date symlink: /home/floks/ros2_ws/install/slam_toolbox/include/slam_toolbox/slam_toolbox/srv/detail/serialize_pose_graph__rosidl_typesupport_introspection_c.h
[1.311s] -- Up-to-date symlink: /home/floks/ros2_ws/install/slam_toolbox/include/slam_toolbox/slam_toolbox/srv/detail/toggle_interactive__rosidl_typesupport_introspection_c.h
[1.312s] -- Up-to-date symlink: /home/floks/ros2_ws/install/slam_toolbox/include/slam_toolbox/slam_toolbox/srv/detail/add_submap__rosidl_typesupport_introspection_cpp.hpp
[1.312s] -- Up-to-date symlink: /home/floks/ros2_ws/install/slam_toolbox/include/slam_toolbox/slam_toolbox/srv/detail/clear__rosidl_typesupport_introspection_cpp.hpp
[1.312s] -- Up-to-date symlink: /home/floks/ros2_ws/install/slam_toolbox/include/slam_toolbox/slam_toolbox/srv/detail/clear_queue__rosidl_typesupport_introspection_cpp.hpp
[1.313s] -- Up-to-date symlink: /home/floks/ros2_ws/install/slam_toolbox/include/slam_toolbox/slam_toolbox/srv/detail/deserialize_pose_graph__rosidl_typesupport_introspection_cpp.hpp
[1.313s] -- Up-to-date symlink: /home/floks/ros2_ws/install/slam_toolbox/include/slam_toolbox/slam_toolbox/srv/detail/loop_closure__rosidl_typesupport_introspection_cpp.hpp
[1.313s] -- Up-to-date symlink: /home/floks/ros2_ws/install/slam_toolbox/include/slam_toolbox/slam_toolbox/srv/detail/merge_maps__rosidl_typesupport_introspection_cpp.hpp
[1.313s] -- Up-to-date symlink: /home/floks/ros2_ws/install/slam_toolbox/include/slam_toolbox/slam_toolbox/srv/detail/pause__rosidl_typesupport_introspection_cpp.hpp
[1.314s] -- Up-to-date symlink: /home/floks/ros2_ws/install/slam_toolbox/include/slam_toolbox/slam_toolbox/srv/detail/save_map__rosidl_typesupport_introspection_cpp.hpp
[1.314s] -- Up-to-date symlink: /home/floks/ros2_ws/install/slam_toolbox/include/slam_toolbox/slam_toolbox/srv/detail/serialize_pose_graph__rosidl_typesupport_introspection_cpp.hpp
[1.314s] -- Up-to-date symlink: /home/floks/ros2_ws/install/slam_toolbox/include/slam_toolbox/slam_toolbox/srv/detail/toggle_interactive__rosidl_typesupport_introspection_cpp.hpp
[1.315s] -- Up-to-date symlink: /home/floks/ros2_ws/install/slam_toolbox/share/slam_toolbox/environment/pythonpath.sh
[1.315s] -- Up-to-date symlink: /home/floks/ros2_ws/install/slam_toolbox/share/slam_toolbox/environment/pythonpath.dsv
[1.316s] -- Up-to-date symlink: /home/floks/ros2_ws/install/slam_toolbox/local/lib/python3.10/dist-packages/slam_toolbox-2.6.6-py3.10.egg-info/PKG-INFO
[1.316s] -- Up-to-date symlink: /home/floks/ros2_ws/install/slam_toolbox/local/lib/python3.10/dist-packages/slam_toolbox-2.6.6-py3.10.egg-info/SOURCES.txt
[1.316s] -- Up-to-date symlink: /home/floks/ros2_ws/install/slam_toolbox/local/lib/python3.10/dist-packages/slam_toolbox-2.6.6-py3.10.egg-info/dependency_links.txt
[1.316s] -- Up-to-date symlink: /home/floks/ros2_ws/install/slam_toolbox/local/lib/python3.10/dist-packages/slam_toolbox-2.6.6-py3.10.egg-info/top_level.txt
[1.318s] -- Up-to-date symlink: /home/floks/ros2_ws/install/slam_toolbox/local/lib/python3.10/dist-packages/slam_toolbox/__init__.py
[1.318s] -- Up-to-date symlink: /home/floks/ros2_ws/install/slam_toolbox/local/lib/python3.10/dist-packages/slam_toolbox/_slam_toolbox_s.ep.rosidl_typesupport_c.c
[1.319s] -- Up-to-date symlink: /home/floks/ros2_ws/install/slam_toolbox/local/lib/python3.10/dist-packages/slam_toolbox/_slam_toolbox_s.ep.rosidl_typesupport_fastrtps_c.c
[1.319s] -- Up-to-date symlink: /home/floks/ros2_ws/install/slam_toolbox/local/lib/python3.10/dist-packages/slam_toolbox/_slam_toolbox_s.ep.rosidl_typesupport_introspection_c.c
[1.320s] -- Up-to-date symlink: /home/floks/ros2_ws/install/slam_toolbox/local/lib/python3.10/dist-packages/slam_toolbox/libslam_toolbox__rosidl_generator_py.so
[1.322s] -- Up-to-date symlink: /home/floks/ros2_ws/install/slam_toolbox/local/lib/python3.10/dist-packages/slam_toolbox/slam_toolbox_s__rosidl_typesupport_c.cpython-310-x86_64-linux-gnu.so
[1.324s] -- Up-to-date symlink: /home/floks/ros2_ws/install/slam_toolbox/local/lib/python3.10/dist-packages/slam_toolbox/slam_toolbox_s__rosidl_typesupport_fastrtps_c.cpython-310-x86_64-linux-gnu.so
[1.325s] -- Up-to-date symlink: /home/floks/ros2_ws/install/slam_toolbox/local/lib/python3.10/dist-packages/slam_toolbox/slam_toolbox_s__rosidl_typesupport_introspection_c.cpython-310-x86_64-linux-gnu.so
[1.326s] -- Up-to-date symlink: /home/floks/ros2_ws/install/slam_toolbox/local/lib/python3.10/dist-packages/slam_toolbox/srv/__init__.py
[1.327s] -- Up-to-date symlink: /home/floks/ros2_ws/install/slam_toolbox/local/lib/python3.10/dist-packages/slam_toolbox/srv/_add_submap.py
[1.328s] -- Up-to-date symlink: /home/floks/ros2_ws/install/slam_toolbox/local/lib/python3.10/dist-packages/slam_toolbox/srv/_add_submap_s.c
[1.328s] -- Up-to-date symlink: /home/floks/ros2_ws/install/slam_toolbox/local/lib/python3.10/dist-packages/slam_toolbox/srv/_clear.py
[1.328s] -- Up-to-date symlink: /home/floks/ros2_ws/install/slam_toolbox/local/lib/python3.10/dist-packages/slam_toolbox/srv/_clear_queue.py
[1.329s] -- Up-to-date symlink: /home/floks/ros2_ws/install/slam_toolbox/local/lib/python3.10/dist-packages/slam_toolbox/srv/_clear_queue_s.c
[1.329s] -- Up-to-date symlink: /home/floks/ros2_ws/install/slam_toolbox/local/lib/python3.10/dist-packages/slam_toolbox/srv/_clear_s.c
[1.329s] -- Up-to-date symlink: /home/floks/ros2_ws/install/slam_toolbox/local/lib/python3.10/dist-packages/slam_toolbox/srv/_deserialize_pose_graph.py
[1.330s] -- Up-to-date symlink: /home/floks/ros2_ws/install/slam_toolbox/local/lib/python3.10/dist-packages/slam_toolbox/srv/_deserialize_pose_graph_s.c
[1.331s] -- Up-to-date symlink: /home/floks/ros2_ws/install/slam_toolbox/local/lib/python3.10/dist-packages/slam_toolbox/srv/_loop_closure.py
[1.331s] -- Up-to-date symlink: /home/floks/ros2_ws/install/slam_toolbox/local/lib/python3.10/dist-packages/slam_toolbox/srv/_loop_closure_s.c
[1.332s] -- Up-to-date symlink: /home/floks/ros2_ws/install/slam_toolbox/local/lib/python3.10/dist-packages/slam_toolbox/srv/_merge_maps.py
[1.333s] -- Up-to-date symlink: /home/floks/ros2_ws/install/slam_toolbox/local/lib/python3.10/dist-packages/slam_toolbox/srv/_merge_maps_s.c
[1.334s] -- Up-to-date symlink: /home/floks/ros2_ws/install/slam_toolbox/local/lib/python3.10/dist-packages/slam_toolbox/srv/_pause.py
[1.334s] -- Up-to-date symlink: /home/floks/ros2_ws/install/slam_toolbox/local/lib/python3.10/dist-packages/slam_toolbox/srv/_pause_s.c
[1.335s] -- Up-to-date symlink: /home/floks/ros2_ws/install/slam_toolbox/local/lib/python3.10/dist-packages/slam_toolbox/srv/_save_map.py
[1.335s] -- Up-to-date symlink: /home/floks/ros2_ws/install/slam_toolbox/local/lib/python3.10/dist-packages/slam_toolbox/srv/_save_map_s.c
[1.336s] -- Up-to-date symlink: /home/floks/ros2_ws/install/slam_toolbox/local/lib/python3.10/dist-packages/slam_toolbox/srv/_serialize_pose_graph.py
[1.336s] -- Up-to-date symlink: /home/floks/ros2_ws/install/slam_toolbox/local/lib/python3.10/dist-packages/slam_toolbox/srv/_serialize_pose_graph_s.c
[1.337s] -- Up-to-date symlink: /home/floks/ros2_ws/install/slam_toolbox/local/lib/python3.10/dist-packages/slam_toolbox/srv/_toggle_interactive.py
[1.337s] -- Up-to-date symlink: /home/floks/ros2_ws/install/slam_toolbox/local/lib/python3.10/dist-packages/slam_toolbox/srv/_toggle_interactive_s.c
[1.337s] -- Up-to-date symlink: /home/floks/ros2_ws/install/slam_toolbox/local/lib/python3.10/dist-packages/slam_toolbox/slam_toolbox_s__rosidl_typesupport_fastrtps_c.cpython-310-x86_64-linux-gnu.so
[1.337s] -- Up-to-date symlink: /home/floks/ros2_ws/install/slam_toolbox/local/lib/python3.10/dist-packages/slam_toolbox/slam_toolbox_s__rosidl_typesupport_introspection_c.cpython-310-x86_64-linux-gnu.so
[1.337s] -- Up-to-date symlink: /home/floks/ros2_ws/install/slam_toolbox/local/lib/python3.10/dist-packages/slam_toolbox/slam_toolbox_s__rosidl_typesupport_c.cpython-310-x86_64-linux-gnu.so
[1.338s] -- Up-to-date symlink: /home/floks/ros2_ws/install/slam_toolbox/share/slam_toolbox/srv/Pause.idl
[1.338s] -- Up-to-date symlink: /home/floks/ros2_ws/install/slam_toolbox/share/slam_toolbox/srv/ClearQueue.idl
[1.339s] -- Up-to-date symlink: /home/floks/ros2_ws/install/slam_toolbox/share/slam_toolbox/srv/ToggleInteractive.idl
[1.339s] -- Up-to-date symlink: /home/floks/ros2_ws/install/slam_toolbox/share/slam_toolbox/srv/Clear.idl
[1.339s] -- Up-to-date symlink: /home/floks/ros2_ws/install/slam_toolbox/share/slam_toolbox/srv/SaveMap.idl
[1.339s] -- Up-to-date symlink: /home/floks/ros2_ws/install/slam_toolbox/share/slam_toolbox/srv/LoopClosure.idl
[1.340s] -- Up-to-date symlink: /home/floks/ros2_ws/install/slam_toolbox/share/slam_toolbox/srv/MergeMaps.idl
[1.340s] -- Up-to-date symlink: /home/floks/ros2_ws/install/slam_toolbox/share/slam_toolbox/srv/AddSubmap.idl
[1.340s] -- Up-to-date symlink: /home/floks/ros2_ws/install/slam_toolbox/share/slam_toolbox/srv/DeserializePoseGraph.idl
[1.340s] -- Up-to-date symlink: /home/floks/ros2_ws/install/slam_toolbox/share/slam_toolbox/srv/SerializePoseGraph.idl
[1.340s] -- Up-to-date symlink: /home/floks/ros2_ws/install/slam_toolbox/share/slam_toolbox/srvs/Pause.srv
[1.341s] -- Up-to-date symlink: /home/floks/ros2_ws/install/slam_toolbox/share/slam_toolbox/srvs/Pause_Request.msg
[1.341s] -- Up-to-date symlink: /home/floks/ros2_ws/install/slam_toolbox/share/slam_toolbox/srvs/Pause_Response.msg
[1.341s] -- Up-to-date symlink: /home/floks/ros2_ws/install/slam_toolbox/share/slam_toolbox/srvs/ClearQueue.srv
[1.341s] -- Up-to-date symlink: /home/floks/ros2_ws/install/slam_toolbox/share/slam_toolbox/srvs/ClearQueue_Request.msg
[1.341s] -- Up-to-date symlink: /home/floks/ros2_ws/install/slam_toolbox/share/slam_toolbox/srvs/ClearQueue_Response.msg
[1.341s] -- Up-to-date symlink: /home/floks/ros2_ws/install/slam_toolbox/share/slam_toolbox/srvs/ToggleInteractive.srv
[1.342s] -- Up-to-date symlink: /home/floks/ros2_ws/install/slam_toolbox/share/slam_toolbox/srvs/ToggleInteractive_Request.msg
[1.342s] -- Up-to-date symlink: /home/floks/ros2_ws/install/slam_toolbox/share/slam_toolbox/srvs/ToggleInteractive_Response.msg
[1.342s] -- Up-to-date symlink: /home/floks/ros2_ws/install/slam_toolbox/share/slam_toolbox/srvs/Clear.srv
[1.342s] -- Up-to-date symlink: /home/floks/ros2_ws/install/slam_toolbox/share/slam_toolbox/srvs/Clear_Request.msg
[1.342s] -- Up-to-date symlink: /home/floks/ros2_ws/install/slam_toolbox/share/slam_toolbox/srvs/Clear_Response.msg
[1.343s] -- Up-to-date symlink: /home/floks/ros2_ws/install/slam_toolbox/share/slam_toolbox/srvs/SaveMap.srv
[1.343s] -- Up-to-date symlink: /home/floks/ros2_ws/install/slam_toolbox/share/slam_toolbox/srvs/SaveMap_Request.msg
[1.343s] -- Up-to-date symlink: /home/floks/ros2_ws/install/slam_toolbox/share/slam_toolbox/srvs/SaveMap_Response.msg
[1.343s] -- Up-to-date symlink: /home/floks/ros2_ws/install/slam_toolbox/share/slam_toolbox/srvs/LoopClosure.srv
[1.343s] -- Up-to-date symlink: /home/floks/ros2_ws/install/slam_toolbox/share/slam_toolbox/srvs/LoopClosure_Request.msg
[1.344s] -- Up-to-date symlink: /home/floks/ros2_ws/install/slam_toolbox/share/slam_toolbox/srvs/LoopClosure_Response.msg
[1.344s] -- Up-to-date symlink: /home/floks/ros2_ws/install/slam_toolbox/share/slam_toolbox/srvs/MergeMaps.srv
[1.344s] -- Up-to-date symlink: /home/floks/ros2_ws/install/slam_toolbox/share/slam_toolbox/srvs/MergeMaps_Request.msg
[1.344s] -- Up-to-date symlink: /home/floks/ros2_ws/install/slam_toolbox/share/slam_toolbox/srvs/MergeMaps_Response.msg
[1.344s] -- Up-to-date symlink: /home/floks/ros2_ws/install/slam_toolbox/share/slam_toolbox/srvs/AddSubmap.srv
[1.345s] -- Up-to-date symlink: /home/floks/ros2_ws/install/slam_toolbox/share/slam_toolbox/srvs/AddSubmap_Request.msg
[1.345s] -- Up-to-date symlink: /home/floks/ros2_ws/install/slam_toolbox/share/slam_toolbox/srvs/AddSubmap_Response.msg
[1.345s] -- Up-to-date symlink: /home/floks/ros2_ws/install/slam_toolbox/share/slam_toolbox/srvs/DeserializePoseGraph.srv
[1.345s] -- Up-to-date symlink: /home/floks/ros2_ws/install/slam_toolbox/share/slam_toolbox/srvs/DeserializePoseGraph_Request.msg
[1.345s] -- Up-to-date symlink: /home/floks/ros2_ws/install/slam_toolbox/share/slam_toolbox/srvs/DeserializePoseGraph_Response.msg
[1.345s] -- Up-to-date symlink: /home/floks/ros2_ws/install/slam_toolbox/share/slam_toolbox/srvs/SerializePoseGraph.srv
[1.346s] -- Up-to-date symlink: /home/floks/ros2_ws/install/slam_toolbox/share/slam_toolbox/srvs/SerializePoseGraph_Request.msg
[1.346s] -- Up-to-date symlink: /home/floks/ros2_ws/install/slam_toolbox/share/slam_toolbox/srvs/SerializePoseGraph_Response.msg
[1.346s] -- Up-to-date symlink: /home/floks/ros2_ws/install/slam_toolbox/share/slam_toolbox//rviz_plugins.xml
[1.346s] -- Up-to-date symlink: /home/floks/ros2_ws/install/slam_toolbox/share/slam_toolbox//solver_plugins.xml
[1.346s] -- Up-to-date symlink: /home/floks/ros2_ws/install/slam_toolbox/lib/slam_toolbox/async_slam_toolbox_node
[1.347s] -- Up-to-date symlink: /home/floks/ros2_ws/install/slam_toolbox/lib/slam_toolbox/sync_slam_toolbox_node
[1.347s] -- Up-to-date symlink: /home/floks/ros2_ws/install/slam_toolbox/lib/slam_toolbox/localization_slam_toolbox_node
[1.347s] -- Up-to-date symlink: /home/floks/ros2_ws/install/slam_toolbox/lib/slam_toolbox/map_and_localization_slam_toolbox_node
[1.347s] -- Up-to-date symlink: /home/floks/ros2_ws/install/slam_toolbox/lib/slam_toolbox/merge_maps_kinematic
[1.347s] -- Up-to-date symlink: /home/floks/ros2_ws/install/slam_toolbox/lib/libtoolbox_common.so
[1.348s] -- Up-to-date symlink: /home/floks/ros2_ws/install/slam_toolbox/lib/libSlamToolboxPlugin.so
[1.348s] -- Up-to-date symlink: /home/floks/ros2_ws/install/slam_toolbox/lib/libceres_solver_plugin.so
[1.348s] -- Up-to-date symlink: /home/floks/ros2_ws/install/slam_toolbox/lib/libasync_slam_toolbox.so
[1.348s] -- Up-to-date symlink: /home/floks/ros2_ws/install/slam_toolbox/lib/libsync_slam_toolbox.so
[1.348s] -- Up-to-date symlink: /home/floks/ros2_ws/install/slam_toolbox/lib/liblocalization_slam_toolbox.so
[1.348s] -- Up-to-date symlink: /home/floks/ros2_ws/install/slam_toolbox/lib/liblifelong_slam_toolbox.so
[1.348s] -- Up-to-date symlink: /home/floks/ros2_ws/install/slam_toolbox/lib/libmap_and_localization_slam_toolbox.so
[1.348s] -- Up-to-date symlink: /home/floks/ros2_ws/install/slam_toolbox/lib/libkartoSlamToolbox.so
[1.348s] -- Up-to-date symlink: /home/floks/ros2_ws/install/slam_toolbox/include/slam_toolbox/experimental/slam_toolbox_lifelong.hpp
[1.349s] -- Up-to-date symlink: /home/floks/ros2_ws/install/slam_toolbox/include/slam_toolbox/experimental/slam_toolbox_map_and_localization.hpp
[1.349s] -- Up-to-date symlink: /home/floks/ros2_ws/install/slam_toolbox/include/slam_toolbox/get_pose_helper.hpp
[1.349s] -- Up-to-date symlink: /home/floks/ros2_ws/install/slam_toolbox/include/slam_toolbox/laser_utils.hpp
[1.349s] -- Up-to-date symlink: /home/floks/ros2_ws/install/slam_toolbox/include/slam_toolbox/loop_closure_assistant.hpp
[1.350s] -- Up-to-date symlink: /home/floks/ros2_ws/install/slam_toolbox/include/slam_toolbox/map_saver.hpp
[1.350s] -- Up-to-date symlink: /home/floks/ros2_ws/install/slam_toolbox/include/slam_toolbox/merge_maps_kinematic.hpp
[1.350s] -- Up-to-date symlink: /home/floks/ros2_ws/install/slam_toolbox/include/slam_toolbox/serialization.hpp
[1.350s] -- Up-to-date symlink: /home/floks/ros2_ws/install/slam_toolbox/include/slam_toolbox/slam_mapper.hpp
[1.351s] -- Up-to-date symlink: /home/floks/ros2_ws/install/slam_toolbox/include/slam_toolbox/slam_toolbox_async.hpp
[1.351s] -- Up-to-date symlink: /home/floks/ros2_ws/install/slam_toolbox/include/slam_toolbox/slam_toolbox_common.hpp
[1.351s] -- Up-to-date symlink: /home/floks/ros2_ws/install/slam_toolbox/include/slam_toolbox/slam_toolbox_localization.hpp
[1.351s] -- Up-to-date symlink: /home/floks/ros2_ws/install/slam_toolbox/include/slam_toolbox/slam_toolbox_sync.hpp
[1.351s] -- Up-to-date symlink: /home/floks/ros2_ws/install/slam_toolbox/include/slam_toolbox/snap_utils.hpp
[1.352s] -- Up-to-date symlink: /home/floks/ros2_ws/install/slam_toolbox/include/slam_toolbox/toolbox_msgs.hpp
[1.352s] -- Up-to-date symlink: /home/floks/ros2_ws/install/slam_toolbox/include/slam_toolbox/toolbox_types.hpp
[1.352s] -- Up-to-date symlink: /home/floks/ros2_ws/install/slam_toolbox/include/slam_toolbox/visualization_utils.hpp
[1.353s] -- Up-to-date symlink: /home/floks/ros2_ws/install/slam_toolbox/share/slam_toolbox/launch/localization_launch.py
[1.353s] -- Up-to-date symlink: /home/floks/ros2_ws/install/slam_toolbox/share/slam_toolbox/launch/merge_maps_kinematic_launch.py
[1.353s] -- Up-to-date symlink: /home/floks/ros2_ws/install/slam_toolbox/share/slam_toolbox/launch/offline_launch.py
[1.353s] -- Up-to-date symlink: /home/floks/ros2_ws/install/slam_toolbox/share/slam_toolbox/launch/online_async_launch.py
[1.354s] -- Up-to-date symlink: /home/floks/ros2_ws/install/slam_toolbox/share/slam_toolbox/launch/online_sync_launch.py
[1.354s] -- Up-to-date symlink: /home/floks/ros2_ws/install/slam_toolbox/share/slam_toolbox/config/mapper_params_lifelong.yaml
[1.354s] -- Up-to-date symlink: /home/floks/ros2_ws/install/slam_toolbox/share/slam_toolbox/config/mapper_params_localization.yaml
[1.355s] -- Up-to-date symlink: /home/floks/ros2_ws/install/slam_toolbox/share/slam_toolbox/config/mapper_params_offline.yaml
[1.355s] -- Up-to-date symlink: /home/floks/ros2_ws/install/slam_toolbox/share/slam_toolbox/config/mapper_params_online_async.yaml
[1.355s] -- Up-to-date symlink: /home/floks/ros2_ws/install/slam_toolbox/share/slam_toolbox/config/mapper_params_online_sync.yaml
[1.355s] -- Up-to-date symlink: /home/floks/ros2_ws/install/slam_toolbox/share/slam_toolbox/config/slam_toolbox_default.rviz
[1.356s] -- Up-to-date symlink: /home/floks/ros2_ws/install/slam_toolbox/share/solver_plugins.xml
[1.356s] -- Up-to-date symlink: /home/floks/ros2_ws/install/slam_toolbox/share/rviz_plugins.xml
[1.356s] -- Up-to-date symlink: /home/floks/ros2_ws/install/slam_toolbox/share/ament_index/resource_index/package_run_dependencies/slam_toolbox
[1.356s] -- Up-to-date symlink: /home/floks/ros2_ws/install/slam_toolbox/share/ament_index/resource_index/parent_prefix_path/slam_toolbox
[1.357s] -- Up-to-date symlink: /home/floks/ros2_ws/install/slam_toolbox/share/slam_toolbox/environment/ament_prefix_path.sh
[1.357s] -- Up-to-date symlink: /home/floks/ros2_ws/install/slam_toolbox/share/slam_toolbox/environment/ament_prefix_path.dsv
[1.357s] -- Up-to-date symlink: /home/floks/ros2_ws/install/slam_toolbox/share/slam_toolbox/environment/path.sh
[1.358s] -- Up-to-date symlink: /home/floks/ros2_ws/install/slam_toolbox/share/slam_toolbox/environment/path.dsv
[1.358s] -- Up-to-date symlink: /home/floks/ros2_ws/install/slam_toolbox/share/slam_toolbox/local_setup.bash
[1.358s] -- Up-to-date symlink: /home/floks/ros2_ws/install/slam_toolbox/share/slam_toolbox/local_setup.sh
[1.359s] -- Up-to-date symlink: /home/floks/ros2_ws/install/slam_toolbox/share/slam_toolbox/local_setup.zsh
[1.359s] -- Up-to-date symlink: /home/floks/ros2_ws/install/slam_toolbox/share/slam_toolbox/local_setup.dsv
[1.359s] -- Symlinking: /home/floks/ros2_ws/install/slam_toolbox/share/slam_toolbox/package.dsv
[1.372s] -- Up-to-date symlink: /home/floks/ros2_ws/install/slam_toolbox/share/ament_index/resource_index/packages/slam_toolbox
[1.373s] -- Up-to-date symlink: /home/floks/ros2_ws/install/slam_toolbox/share/ament_index/resource_index/rviz_common__pluginlib__plugin/slam_toolbox
[1.374s] -- Up-to-date symlink: /home/floks/ros2_ws/install/slam_toolbox/share/ament_index/resource_index/slam_toolbox__pluginlib__plugin/slam_toolbox
[1.374s] -- Up-to-date symlink: /home/floks/ros2_ws/install/slam_toolbox/share/slam_toolbox/cmake/rosidl_cmake-extras.cmake
[1.374s] -- Up-to-date symlink: /home/floks/ros2_ws/install/slam_toolbox/share/slam_toolbox/cmake/ament_cmake_export_dependencies-extras.cmake
[1.375s] -- Up-to-date symlink: /home/floks/ros2_ws/install/slam_toolbox/share/slam_toolbox/cmake/ament_cmake_export_include_directories-extras.cmake
[1.375s] -- Up-to-date symlink: /home/floks/ros2_ws/install/slam_toolbox/share/slam_toolbox/cmake/ament_cmake_export_libraries-extras.cmake
[1.375s] -- Up-to-date symlink: /home/floks/ros2_ws/install/slam_toolbox/share/slam_toolbox/cmake/ament_cmake_export_targets-extras.cmake
[1.376s] -- Up-to-date symlink: /home/floks/ros2_ws/install/slam_toolbox/share/slam_toolbox/cmake/rosidl_cmake_export_typesupport_targets-extras.cmake
[1.376s] -- Up-to-date symlink: /home/floks/ros2_ws/install/slam_toolbox/share/slam_toolbox/cmake/rosidl_cmake_export_typesupport_libraries-extras.cmake
[1.378s] -- Up-to-date symlink: /home/floks/ros2_ws/install/slam_toolbox/share/slam_toolbox/cmake/slam_toolboxConfig.cmake
[1.378s] -- Up-to-date symlink: /home/floks/ros2_ws/install/slam_toolbox/share/slam_toolbox/cmake/slam_toolboxConfig-version.cmake
[1.378s] -- Up-to-date symlink: /home/floks/ros2_ws/install/slam_toolbox/share/slam_toolbox/package.xml
[1.379s] -- Up-to-date: /home/floks/ros2_ws/install/slam_toolbox/lib/libslam_toolbox__rosidl_generator_c.so
[1.379s] -- Up-to-date: /home/floks/ros2_ws/install/slam_toolbox/lib/libslam_toolbox__rosidl_typesupport_fastrtps_c.so
[1.381s] -- Up-to-date: /home/floks/ros2_ws/install/slam_toolbox/lib/libslam_toolbox__rosidl_typesupport_fastrtps_cpp.so
[1.382s] -- Up-to-date: /home/floks/ros2_ws/install/slam_toolbox/lib/libslam_toolbox__rosidl_typesupport_introspection_c.so
[1.382s] -- Up-to-date: /home/floks/ros2_ws/install/slam_toolbox/lib/libslam_toolbox__rosidl_typesupport_c.so
[1.384s] -- Up-to-date: /home/floks/ros2_ws/install/slam_toolbox/lib/libslam_toolbox__rosidl_typesupport_introspection_cpp.so
[1.384s] -- Up-to-date: /home/floks/ros2_ws/install/slam_toolbox/lib/libslam_toolbox__rosidl_typesupport_cpp.so
[1.422s] Listing '/home/floks/ros2_ws/install/slam_toolbox/local/lib/python3.10/dist-packages/slam_toolbox'...
[1.422s] Listing '/home/floks/ros2_ws/install/slam_toolbox/local/lib/python3.10/dist-packages/slam_toolbox/srv'...
[1.428s] -- Up-to-date: /home/floks/ros2_ws/install/slam_toolbox/lib/libslam_toolbox__rosidl_generator_py.so
[1.428s] -- Up-to-date: /home/floks/ros2_ws/install/slam_toolbox/share/slam_toolbox/cmake/export_slam_toolbox__rosidl_generator_cExport.cmake
[1.428s] -- Up-to-date: /home/floks/ros2_ws/install/slam_toolbox/share/slam_toolbox/cmake/export_slam_toolbox__rosidl_generator_cExport-release.cmake
[1.429s] -- Up-to-date: /home/floks/ros2_ws/install/slam_toolbox/share/slam_toolbox/cmake/export_slam_toolbox__rosidl_typesupport_fastrtps_cExport.cmake
[1.429s] -- Up-to-date: /home/floks/ros2_ws/install/slam_toolbox/share/slam_toolbox/cmake/export_slam_toolbox__rosidl_typesupport_fastrtps_cExport-release.cmake
[1.429s] -- Up-to-date: /home/floks/ros2_ws/install/slam_toolbox/share/slam_toolbox/cmake/export_slam_toolbox__rosidl_generator_cppExport.cmake
[1.429s] -- Up-to-date: /home/floks/ros2_ws/install/slam_toolbox/share/slam_toolbox/cmake/export_slam_toolbox__rosidl_typesupport_fastrtps_cppExport.cmake
[1.430s] -- Up-to-date: /home/floks/ros2_ws/install/slam_toolbox/share/slam_toolbox/cmake/export_slam_toolbox__rosidl_typesupport_fastrtps_cppExport-release.cmake
[1.430s] -- Up-to-date: /home/floks/ros2_ws/install/slam_toolbox/share/slam_toolbox/cmake/slam_toolbox__rosidl_typesupport_introspection_cExport.cmake
[1.430s] -- Up-to-date: /home/floks/ros2_ws/install/slam_toolbox/share/slam_toolbox/cmake/slam_toolbox__rosidl_typesupport_introspection_cExport-release.cmake
[1.430s] -- Up-to-date: /home/floks/ros2_ws/install/slam_toolbox/share/slam_toolbox/cmake/slam_toolbox__rosidl_typesupport_cExport.cmake
[1.430s] -- Up-to-date: /home/floks/ros2_ws/install/slam_toolbox/share/slam_toolbox/cmake/slam_toolbox__rosidl_typesupport_cExport-release.cmake
[1.431s] -- Up-to-date: /home/floks/ros2_ws/install/slam_toolbox/share/slam_toolbox/cmake/slam_toolbox__rosidl_typesupport_introspection_cppExport.cmake
[1.431s] -- Up-to-date: /home/floks/ros2_ws/install/slam_toolbox/share/slam_toolbox/cmake/slam_toolbox__rosidl_typesupport_introspection_cppExport-release.cmake
[1.431s] -- Up-to-date: /home/floks/ros2_ws/install/slam_toolbox/share/slam_toolbox/cmake/slam_toolbox__rosidl_typesupport_cppExport.cmake
[1.432s] -- Up-to-date: /home/floks/ros2_ws/install/slam_toolbox/share/slam_toolbox/cmake/slam_toolbox__rosidl_typesupport_cppExport-release.cmake
[1.432s] -- Up-to-date: /home/floks/ros2_ws/install/slam_toolbox/share/slam_toolbox/cmake/export_slam_toolbox__rosidl_generator_pyExport.cmake
[1.432s] -- Up-to-date: /home/floks/ros2_ws/install/slam_toolbox/share/slam_toolbox/cmake/export_slam_toolbox__rosidl_generator_pyExport-release.cmake
[1.433s] -- Up-to-date: /home/floks/ros2_ws/install/slam_toolbox/share/slam_toolbox/cmake/SlamToolboxPluginExport.cmake
[1.433s] -- Up-to-date: /home/floks/ros2_ws/install/slam_toolbox/share/slam_toolbox/cmake/SlamToolboxPluginExport-release.cmake
[1.464s] Invoked command in '/home/floks/ros2_ws/build/slam_toolbox' returned '0': CMAKE_PREFIX_PATH=${CMAKE_PREFIX_PATH}:/opt/ros/humble /usr/bin/cmake --install /home/floks/ros2_ws/build/slam_toolbox
