[35m[1mConsolidate compiler generated dependencies of target gtest_main[0m
[35m[1mConsolidate compiler generated dependencies of target robot_localization__rosidl_generator_c[0m
[  1%] Built target robot_localization__cpp
[  1%] Built target ament_cmake_python_symlink_robot_localization
[  2%] [32mBuilding CXX object gtest/CMakeFiles/gtest.dir/src/gtest-all.cc.o[0m
[  4%] Built target gtest_main
[ 11%] Built target robot_localization__rosidl_generator_c
[35m[1mConsolidate compiler generated dependencies of target robot_localization__rosidl_typesupport_cpp[0m
[35m[1mConsolidate compiler generated dependencies of target robot_localization__rosidl_typesupport_fastrtps_cpp[0m
[35m[1mConsolidate compiler generated dependencies of target robot_localization__rosidl_typesupport_introspection_cpp[0m
[35m[1mConsolidate compiler generated dependencies of target robot_localization__rosidl_typesupport_fastrtps_c[0m
[ 12%] [34m[1mGenerating C introspection for ROS interfaces[0m
[ 13%] [32mBuilding CXX object CMakeFiles/robot_localization__rosidl_typesupport_fastrtps_cpp.dir/rosidl_typesupport_fastrtps_cpp/robot_localization/srv/detail/dds_fastrtps/toggle_filter_processing__type_support.cpp.o[0m
[ 20%] Built target robot_localization__rosidl_typesupport_cpp
[ 21%] [32mBuilding CXX object CMakeFiles/robot_localization__rosidl_typesupport_fastrtps_cpp.dir/rosidl_typesupport_fastrtps_cpp/robot_localization/srv/detail/dds_fastrtps/to_ll__type_support.cpp.o[0m
[ 28%] Built target robot_localization__rosidl_typesupport_introspection_cpp
[ 29%] [32mBuilding CXX object CMakeFiles/robot_localization__rosidl_typesupport_fastrtps_c.dir/rosidl_typesupport_fastrtps_c/robot_localization/srv/detail/set_pose__type_support_c.cpp.o[0m
[ 30%] [34m[1mGenerating C type support dispatch for ROS interfaces[0m
[ 31%] [32mBuilding CXX object CMakeFiles/rl_lib.dir/src/ekf.cpp.o[0m
running egg_info
writing robot_localization.egg-info/PKG-INFO
writing dependency_links to robot_localization.egg-info/dependency_links.txt
writing top-level names to robot_localization.egg-info/top_level.txt
reading manifest file 'robot_localization.egg-info/SOURCES.txt'
writing manifest file 'robot_localization.egg-info/SOURCES.txt'
[ 31%] Built target ament_cmake_python_build_robot_localization_egg
[ 31%] [32mBuilding CXX object CMakeFiles/robot_localization__rosidl_typesupport_fastrtps_c.dir/rosidl_typesupport_fastrtps_c/robot_localization/srv/detail/toggle_filter_processing__type_support_c.cpp.o[0m
[ 32%] [32mBuilding CXX object CMakeFiles/robot_localization__rosidl_typesupport_fastrtps_c.dir/rosidl_typesupport_fastrtps_c/robot_localization/srv/detail/to_ll__type_support_c.cpp.o[0m
[ 33%] [32mBuilding CXX object CMakeFiles/rl_lib.dir/src/ukf.cpp.o[0m
[ 34%] [32mBuilding CXX object CMakeFiles/rl_lib.dir/src/filter_base.cpp.o[0m
[ 35%] [32m[1mLinking CXX shared library librobot_localization__rosidl_typesupport_fastrtps_cpp.so[0m
[ 36%] [32m[1mLinking CXX shared library librobot_localization__rosidl_typesupport_fastrtps_c.so[0m
[ 37%] [32mBuilding C object CMakeFiles/robot_localization__rosidl_typesupport_introspection_c.dir/rosidl_typesupport_introspection_c/robot_localization/srv/detail/from_ll__type_support.c.o[0m
[ 38%] [32mBuilding C object CMakeFiles/robot_localization__rosidl_typesupport_introspection_c.dir/rosidl_typesupport_introspection_c/robot_localization/srv/detail/get_state__type_support.c.o[0m
[ 39%] [32mBuilding CXX object CMakeFiles/robot_localization__rosidl_typesupport_c.dir/rosidl_typesupport_c/robot_localization/srv/from_ll__type_support.cpp.o[0m
[ 43%] Built target robot_localization__rosidl_typesupport_fastrtps_cpp
[ 44%] [32mBuilding CXX object CMakeFiles/rl_lib.dir/src/filter_utilities.cpp.o[0m
[ 48%] Built target robot_localization__rosidl_typesupport_fastrtps_c
[ 49%] [32mBuilding CXX object CMakeFiles/robot_localization__rosidl_typesupport_c.dir/rosidl_typesupport_c/robot_localization/srv/get_state__type_support.cpp.o[0m
[ 50%] [32mBuilding CXX object CMakeFiles/robot_localization__rosidl_typesupport_c.dir/rosidl_typesupport_c/robot_localization/srv/set_datum__type_support.cpp.o[0m
[ 51%] [32mBuilding C object CMakeFiles/robot_localization__rosidl_typesupport_introspection_c.dir/rosidl_typesupport_introspection_c/robot_localization/srv/detail/set_datum__type_support.c.o[0m
[ 52%] [32mBuilding CXX object CMakeFiles/rl_lib.dir/src/navsat_transform.cpp.o[0m
[ 53%] [32mBuilding CXX object CMakeFiles/robot_localization__rosidl_typesupport_c.dir/rosidl_typesupport_c/robot_localization/srv/set_pose__type_support.cpp.o[0m
[ 54%] [32mBuilding CXX object CMakeFiles/robot_localization__rosidl_typesupport_c.dir/rosidl_typesupport_c/robot_localization/srv/toggle_filter_processing__type_support.cpp.o[0m
[ 55%] [32mBuilding C object CMakeFiles/robot_localization__rosidl_typesupport_introspection_c.dir/rosidl_typesupport_introspection_c/robot_localization/srv/detail/set_pose__type_support.c.o[0m
[ 55%] [32mBuilding CXX object CMakeFiles/robot_localization__rosidl_typesupport_c.dir/rosidl_typesupport_c/robot_localization/srv/to_ll__type_support.cpp.o[0m
[ 55%] [32mBuilding C object CMakeFiles/robot_localization__rosidl_typesupport_introspection_c.dir/rosidl_typesupport_introspection_c/robot_localization/srv/detail/toggle_filter_processing__type_support.c.o[0m
[ 56%] [32m[1mLinking CXX shared library librobot_localization__rosidl_typesupport_c.so[0m
[ 57%] [32mBuilding C object CMakeFiles/robot_localization__rosidl_typesupport_introspection_c.dir/rosidl_typesupport_introspection_c/robot_localization/srv/detail/to_ll__type_support.c.o[0m
[ 57%] Built target robot_localization__rosidl_typesupport_c
[ 58%] [32mBuilding CXX object CMakeFiles/rl_lib.dir/src/robot_localization_estimator.cpp.o[0m
[ 59%] [32m[1mLinking C shared library librobot_localization__rosidl_typesupport_introspection_c.so[0m
[ 59%] Built target robot_localization__rosidl_typesupport_introspection_c
[ 60%] [32mBuilding CXX object CMakeFiles/rl_lib.dir/src/ros_filter.cpp.o[0m
[ 60%] [32mBuilding CXX object CMakeFiles/rl_lib.dir/src/ros_filter_utilities.cpp.o[0m
[ 61%] [32mBuilding CXX object CMakeFiles/rl_lib.dir/src/ros_robot_localization_listener.cpp.o[0m
[ 61%] Built target robot_localization
[ 62%] [34m[1mGenerating Python code for ROS interfaces[0m
[ 62%] Built target robot_localization__py
[ 63%] [32mBuilding C object CMakeFiles/robot_localization__rosidl_generator_py.dir/rosidl_generator_py/robot_localization/srv/_from_ll_s.c.o[0m
[ 64%] [32mBuilding C object CMakeFiles/robot_localization__rosidl_generator_py.dir/rosidl_generator_py/robot_localization/srv/_get_state_s.c.o[0m
[ 65%] [32mBuilding C object CMakeFiles/robot_localization__rosidl_generator_py.dir/rosidl_generator_py/robot_localization/srv/_set_datum_s.c.o[0m
[ 66%] [32mBuilding C object CMakeFiles/robot_localization__rosidl_generator_py.dir/rosidl_generator_py/robot_localization/srv/_set_pose_s.c.o[0m
[ 66%] [32mBuilding C object CMakeFiles/robot_localization__rosidl_generator_py.dir/rosidl_generator_py/robot_localization/srv/_toggle_filter_processing_s.c.o[0m
[ 67%] [32mBuilding C object CMakeFiles/robot_localization__rosidl_generator_py.dir/rosidl_generator_py/robot_localization/srv/_to_ll_s.c.o[0m
[ 68%] [32m[1mLinking C shared library rosidl_generator_py/robot_localization/librobot_localization__rosidl_generator_py.so[0m
[ 69%] [32m[1mLinking CXX static library libgtest.a[0m
[ 69%] Built target gtest
[ 69%] Built target robot_localization__rosidl_generator_py
[ 70%] [32m[1mLinking CXX shared library librl_lib.so[0m
[ 70%] Built target rl_lib
[ 72%] [32mBuilding CXX object CMakeFiles/filter_base-test.dir/test/test_filter_base.cpp.o[0m
[ 72%] [32mBuilding C object CMakeFiles/robot_localization__rosidl_typesupport_introspection_c__pyext.dir/rosidl_generator_py/robot_localization/_robot_localization_s.ep.rosidl_typesupport_introspection_c.c.o[0m
[ 73%] [32mBuilding C object CMakeFiles/robot_localization__rosidl_typesupport_c__pyext.dir/rosidl_generator_py/robot_localization/_robot_localization_s.ep.rosidl_typesupport_c.c.o[0m
[ 74%] [32mBuilding CXX object CMakeFiles/ukf_node.dir/src/ukf_node.cpp.o[0m
[ 74%] [32mBuilding CXX object CMakeFiles/navsat_transform_node.dir/src/navsat_transform_node.cpp.o[0m
[ 74%] [32mBuilding CXX object CMakeFiles/ekf_node.dir/src/ekf_node.cpp.o[0m
[ 75%] [32mBuilding C object CMakeFiles/robot_localization__rosidl_typesupport_fastrtps_c__pyext.dir/rosidl_generator_py/robot_localization/_robot_localization_s.ep.rosidl_typesupport_fastrtps_c.c.o[0m
[ 76%] [32mBuilding CXX object CMakeFiles/robot_localization_listener_node.dir/src/robot_localization_listener_node.cpp.o[0m
[ 77%] [32m[1mLinking C shared library rosidl_generator_py/robot_localization/robot_localization_s__rosidl_typesupport_introspection_c.cpython-310-x86_64-linux-gnu.so[0m
[ 78%] [32m[1mLinking C shared library rosidl_generator_py/robot_localization/robot_localization_s__rosidl_typesupport_c.cpython-310-x86_64-linux-gnu.so[0m
[ 79%] [32m[1mLinking C shared library rosidl_generator_py/robot_localization/robot_localization_s__rosidl_typesupport_fastrtps_c.cpython-310-x86_64-linux-gnu.so[0m
[ 79%] Built target robot_localization__rosidl_typesupport_c__pyext
[ 79%] Built target robot_localization__rosidl_typesupport_introspection_c__pyext
[ 79%] Built target robot_localization__rosidl_typesupport_fastrtps_c__pyext
[ 80%] [32mBuilding CXX object CMakeFiles/test_ekf.dir/test/test_ekf.cpp.o[0m
[ 81%] [32mBuilding CXX object CMakeFiles/test_ukf.dir/test/test_ukf.cpp.o[0m
[ 82%] [32mBuilding CXX object CMakeFiles/test_robot_localization_estimator.dir/test/test_robot_localization_estimator.cpp.o[0m
[ 83%] [32m[1mLinking CXX executable filter_base-test[0m
[ 83%] Built target filter_base-test
[ 84%] [32mBuilding CXX object CMakeFiles/test_navsat_conversions.dir/test/test_navsat_conversions.cpp.o[0m
[ 85%] [32m[1mLinking CXX executable navsat_transform_node[0m
[ 85%] Built target navsat_transform_node
[ 86%] [32mBuilding CXX object CMakeFiles/test_ros_robot_localization_listener.dir/test/test_ros_robot_localization_listener.cpp.o[0m
[ 87%] [32m[1mLinking CXX executable ekf_node[0m
[ 87%] Built target ekf_node
[ 88%] [32mBuilding CXX object CMakeFiles/test_ros_robot_localization_listener_publisher.dir/test/test_ros_robot_localization_listener_publisher.cpp.o[0m
[ 89%] [32m[1mLinking CXX executable test_navsat_conversions[0m
[ 90%] [32m[1mLinking CXX executable ukf_node[0m
[ 90%] Built target test_navsat_conversions
[ 91%] [32mBuilding CXX object CMakeFiles/test_filter_base_diagnostics_timestamps.dir/test/test_filter_base_diagnostics_timestamps.cpp.o[0m
[ 92%] [32m[1mLinking CXX executable test_robot_localization_estimator[0m
[ 92%] Built target ukf_node
[ 92%] [32mBuilding CXX object CMakeFiles/test_ekf_localization_node_interfaces.dir/test/test_ekf_localization_node_interfaces.cpp.o[0m
[ 92%] Built target test_robot_localization_estimator
[ 93%] [32mBuilding CXX object CMakeFiles/test_ukf_localization_node_interfaces.dir/test/test_ukf_localization_node_interfaces.cpp.o[0m
[ 94%] [32m[1mLinking CXX executable robot_localization_listener_node[0m
[ 94%] Built target robot_localization_listener_node
[ 95%] [32m[1mLinking CXX executable test_ukf[0m
[ 96%] [32m[1mLinking CXX executable test_ekf[0m
[ 96%] Built target test_ukf
[ 96%] Built target test_ekf
[ 96%] [32m[1mLinking CXX executable test_ros_robot_localization_listener[0m
[ 96%] Built target test_ros_robot_localization_listener
[ 97%] [32m[1mLinking CXX executable test_ros_robot_localization_listener_publisher[0m
[ 97%] Built target test_ros_robot_localization_listener_publisher
[ 98%] [32m[1mLinking CXX executable test_filter_base_diagnostics_timestamps[0m
[ 98%] Built target test_filter_base_diagnostics_timestamps
[ 99%] [32m[1mLinking CXX executable test_ekf_localization_node_interfaces[0m
[100%] [32m[1mLinking CXX executable test_ukf_localization_node_interfaces[0m
[100%] Built target test_ekf_localization_node_interfaces
[100%] Built target test_ukf_localization_node_interfaces
-- Install configuration: "Release"
-- Execute custom install script
-- Symlinking: /home/floks/ros2_ws/install/robot_localization/share/ament_index/resource_index/rosidl_interfaces/robot_localization
-- Symlinking: /home/floks/ros2_ws/install/robot_localization/include/robot_localization/robot_localization/msg/rosidl_generator_c__visibility_control.h
-- Symlinking: /home/floks/ros2_ws/install/robot_localization/include/robot_localization/robot_localization/srv/detail/from_ll__functions.h
-- Symlinking: /home/floks/ros2_ws/install/robot_localization/include/robot_localization/robot_localization/srv/detail/from_ll__struct.h
-- Symlinking: /home/floks/ros2_ws/install/robot_localization/include/robot_localization/robot_localization/srv/detail/from_ll__type_support.h
-- Symlinking: /home/floks/ros2_ws/install/robot_localization/include/robot_localization/robot_localization/srv/detail/get_state__functions.h
-- Symlinking: /home/floks/ros2_ws/install/robot_localization/include/robot_localization/robot_localization/srv/detail/get_state__struct.h
-- Symlinking: /home/floks/ros2_ws/install/robot_localization/include/robot_localization/robot_localization/srv/detail/get_state__type_support.h
-- Symlinking: /home/floks/ros2_ws/install/robot_localization/include/robot_localization/robot_localization/srv/detail/set_datum__functions.h
-- Symlinking: /home/floks/ros2_ws/install/robot_localization/include/robot_localization/robot_localization/srv/detail/set_datum__struct.h
-- Symlinking: /home/floks/ros2_ws/install/robot_localization/include/robot_localization/robot_localization/srv/detail/set_datum__type_support.h
-- Symlinking: /home/floks/ros2_ws/install/robot_localization/include/robot_localization/robot_localization/srv/detail/set_pose__functions.h
-- Symlinking: /home/floks/ros2_ws/install/robot_localization/include/robot_localization/robot_localization/srv/detail/set_pose__struct.h
-- Symlinking: /home/floks/ros2_ws/install/robot_localization/include/robot_localization/robot_localization/srv/detail/set_pose__type_support.h
-- Symlinking: /home/floks/ros2_ws/install/robot_localization/include/robot_localization/robot_localization/srv/detail/to_ll__functions.h
-- Symlinking: /home/floks/ros2_ws/install/robot_localization/include/robot_localization/robot_localization/srv/detail/to_ll__struct.h
-- Symlinking: /home/floks/ros2_ws/install/robot_localization/include/robot_localization/robot_localization/srv/detail/to_ll__type_support.h
-- Symlinking: /home/floks/ros2_ws/install/robot_localization/include/robot_localization/robot_localization/srv/detail/toggle_filter_processing__functions.h
-- Symlinking: /home/floks/ros2_ws/install/robot_localization/include/robot_localization/robot_localization/srv/detail/toggle_filter_processing__struct.h
-- Symlinking: /home/floks/ros2_ws/install/robot_localization/include/robot_localization/robot_localization/srv/detail/toggle_filter_processing__type_support.h
-- Symlinking: /home/floks/ros2_ws/install/robot_localization/include/robot_localization/robot_localization/srv/from_ll.h
-- Symlinking: /home/floks/ros2_ws/install/robot_localization/include/robot_localization/robot_localization/srv/get_state.h
-- Symlinking: /home/floks/ros2_ws/install/robot_localization/include/robot_localization/robot_localization/srv/set_datum.h
-- Symlinking: /home/floks/ros2_ws/install/robot_localization/include/robot_localization/robot_localization/srv/set_pose.h
-- Symlinking: /home/floks/ros2_ws/install/robot_localization/include/robot_localization/robot_localization/srv/to_ll.h
-- Symlinking: /home/floks/ros2_ws/install/robot_localization/include/robot_localization/robot_localization/srv/toggle_filter_processing.h
-- Symlinking: /home/floks/ros2_ws/install/robot_localization/share/robot_localization/environment/library_path.sh
-- Symlinking: /home/floks/ros2_ws/install/robot_localization/share/robot_localization/environment/library_path.dsv
-- Symlinking: /home/floks/ros2_ws/install/robot_localization/include/robot_localization/robot_localization/msg/rosidl_typesupport_fastrtps_c__visibility_control.h
-- Symlinking: /home/floks/ros2_ws/install/robot_localization/include/robot_localization/robot_localization/srv/detail/from_ll__rosidl_typesupport_fastrtps_c.h
-- Symlinking: /home/floks/ros2_ws/install/robot_localization/include/robot_localization/robot_localization/srv/detail/get_state__rosidl_typesupport_fastrtps_c.h
-- Symlinking: /home/floks/ros2_ws/install/robot_localization/include/robot_localization/robot_localization/srv/detail/set_datum__rosidl_typesupport_fastrtps_c.h
-- Symlinking: /home/floks/ros2_ws/install/robot_localization/include/robot_localization/robot_localization/srv/detail/set_pose__rosidl_typesupport_fastrtps_c.h
-- Symlinking: /home/floks/ros2_ws/install/robot_localization/include/robot_localization/robot_localization/srv/detail/to_ll__rosidl_typesupport_fastrtps_c.h
-- Symlinking: /home/floks/ros2_ws/install/robot_localization/include/robot_localization/robot_localization/srv/detail/toggle_filter_processing__rosidl_typesupport_fastrtps_c.h
-- Symlinking: /home/floks/ros2_ws/install/robot_localization/include/robot_localization/robot_localization/srv/detail/from_ll__builder.hpp
-- Symlinking: /home/floks/ros2_ws/install/robot_localization/include/robot_localization/robot_localization/srv/detail/from_ll__struct.hpp
-- Symlinking: /home/floks/ros2_ws/install/robot_localization/include/robot_localization/robot_localization/srv/detail/from_ll__traits.hpp
-- Symlinking: /home/floks/ros2_ws/install/robot_localization/include/robot_localization/robot_localization/srv/detail/get_state__builder.hpp
-- Symlinking: /home/floks/ros2_ws/install/robot_localization/include/robot_localization/robot_localization/srv/detail/get_state__struct.hpp
-- Symlinking: /home/floks/ros2_ws/install/robot_localization/include/robot_localization/robot_localization/srv/detail/get_state__traits.hpp
-- Symlinking: /home/floks/ros2_ws/install/robot_localization/include/robot_localization/robot_localization/srv/detail/set_datum__builder.hpp
-- Symlinking: /home/floks/ros2_ws/install/robot_localization/include/robot_localization/robot_localization/srv/detail/set_datum__struct.hpp
-- Symlinking: /home/floks/ros2_ws/install/robot_localization/include/robot_localization/robot_localization/srv/detail/set_datum__traits.hpp
-- Symlinking: /home/floks/ros2_ws/install/robot_localization/include/robot_localization/robot_localization/srv/detail/set_pose__builder.hpp
-- Symlinking: /home/floks/ros2_ws/install/robot_localization/include/robot_localization/robot_localization/srv/detail/set_pose__struct.hpp
-- Symlinking: /home/floks/ros2_ws/install/robot_localization/include/robot_localization/robot_localization/srv/detail/set_pose__traits.hpp
-- Symlinking: /home/floks/ros2_ws/install/robot_localization/include/robot_localization/robot_localization/srv/detail/to_ll__builder.hpp
-- Symlinking: /home/floks/ros2_ws/install/robot_localization/include/robot_localization/robot_localization/srv/detail/to_ll__struct.hpp
-- Symlinking: /home/floks/ros2_ws/install/robot_localization/include/robot_localization/robot_localization/srv/detail/to_ll__traits.hpp
-- Symlinking: /home/floks/ros2_ws/install/robot_localization/include/robot_localization/robot_localization/srv/detail/toggle_filter_processing__builder.hpp
-- Symlinking: /home/floks/ros2_ws/install/robot_localization/include/robot_localization/robot_localization/srv/detail/toggle_filter_processing__struct.hpp
-- Symlinking: /home/floks/ros2_ws/install/robot_localization/include/robot_localization/robot_localization/srv/detail/toggle_filter_processing__traits.hpp
-- Symlinking: /home/floks/ros2_ws/install/robot_localization/include/robot_localization/robot_localization/srv/from_ll.hpp
-- Symlinking: /home/floks/ros2_ws/install/robot_localization/include/robot_localization/robot_localization/srv/get_state.hpp
-- Symlinking: /home/floks/ros2_ws/install/robot_localization/include/robot_localization/robot_localization/srv/set_datum.hpp
-- Symlinking: /home/floks/ros2_ws/install/robot_localization/include/robot_localization/robot_localization/srv/set_pose.hpp
-- Symlinking: /home/floks/ros2_ws/install/robot_localization/include/robot_localization/robot_localization/srv/to_ll.hpp
-- Symlinking: /home/floks/ros2_ws/install/robot_localization/include/robot_localization/robot_localization/srv/toggle_filter_processing.hpp
-- Symlinking: /home/floks/ros2_ws/install/robot_localization/include/robot_localization/robot_localization/msg/rosidl_typesupport_fastrtps_cpp__visibility_control.h
-- Symlinking: /home/floks/ros2_ws/install/robot_localization/include/robot_localization/robot_localization/srv/detail/from_ll__rosidl_typesupport_fastrtps_cpp.hpp
-- Symlinking: /home/floks/ros2_ws/install/robot_localization/include/robot_localization/robot_localization/srv/detail/get_state__rosidl_typesupport_fastrtps_cpp.hpp
-- Symlinking: /home/floks/ros2_ws/install/robot_localization/include/robot_localization/robot_localization/srv/detail/set_datum__rosidl_typesupport_fastrtps_cpp.hpp
-- Symlinking: /home/floks/ros2_ws/install/robot_localization/include/robot_localization/robot_localization/srv/detail/set_pose__rosidl_typesupport_fastrtps_cpp.hpp
-- Symlinking: /home/floks/ros2_ws/install/robot_localization/include/robot_localization/robot_localization/srv/detail/to_ll__rosidl_typesupport_fastrtps_cpp.hpp
-- Symlinking: /home/floks/ros2_ws/install/robot_localization/include/robot_localization/robot_localization/srv/detail/toggle_filter_processing__rosidl_typesupport_fastrtps_cpp.hpp
-- Symlinking: /home/floks/ros2_ws/install/robot_localization/include/robot_localization/robot_localization/msg/rosidl_typesupport_introspection_c__visibility_control.h
-- Symlinking: /home/floks/ros2_ws/install/robot_localization/include/robot_localization/robot_localization/srv/detail/from_ll__rosidl_typesupport_introspection_c.h
-- Symlinking: /home/floks/ros2_ws/install/robot_localization/include/robot_localization/robot_localization/srv/detail/get_state__rosidl_typesupport_introspection_c.h
-- Symlinking: /home/floks/ros2_ws/install/robot_localization/include/robot_localization/robot_localization/srv/detail/set_datum__rosidl_typesupport_introspection_c.h
-- Symlinking: /home/floks/ros2_ws/install/robot_localization/include/robot_localization/robot_localization/srv/detail/set_pose__rosidl_typesupport_introspection_c.h
-- Symlinking: /home/floks/ros2_ws/install/robot_localization/include/robot_localization/robot_localization/srv/detail/to_ll__rosidl_typesupport_introspection_c.h
-- Symlinking: /home/floks/ros2_ws/install/robot_localization/include/robot_localization/robot_localization/srv/detail/toggle_filter_processing__rosidl_typesupport_introspection_c.h
-- Symlinking: /home/floks/ros2_ws/install/robot_localization/include/robot_localization/robot_localization/srv/detail/from_ll__rosidl_typesupport_introspection_cpp.hpp
-- Symlinking: /home/floks/ros2_ws/install/robot_localization/include/robot_localization/robot_localization/srv/detail/get_state__rosidl_typesupport_introspection_cpp.hpp
-- Symlinking: /home/floks/ros2_ws/install/robot_localization/include/robot_localization/robot_localization/srv/detail/set_datum__rosidl_typesupport_introspection_cpp.hpp
-- Symlinking: /home/floks/ros2_ws/install/robot_localization/include/robot_localization/robot_localization/srv/detail/set_pose__rosidl_typesupport_introspection_cpp.hpp
-- Symlinking: /home/floks/ros2_ws/install/robot_localization/include/robot_localization/robot_localization/srv/detail/to_ll__rosidl_typesupport_introspection_cpp.hpp
-- Symlinking: /home/floks/ros2_ws/install/robot_localization/include/robot_localization/robot_localization/srv/detail/toggle_filter_processing__rosidl_typesupport_introspection_cpp.hpp
-- Symlinking: /home/floks/ros2_ws/install/robot_localization/share/robot_localization/environment/pythonpath.sh
-- Symlinking: /home/floks/ros2_ws/install/robot_localization/share/robot_localization/environment/pythonpath.dsv
-- Symlinking: /home/floks/ros2_ws/install/robot_localization/local/lib/python3.10/dist-packages/robot_localization-3.5.1-py3.10.egg-info/PKG-INFO
-- Symlinking: /home/floks/ros2_ws/install/robot_localization/local/lib/python3.10/dist-packages/robot_localization-3.5.1-py3.10.egg-info/SOURCES.txt
-- Symlinking: /home/floks/ros2_ws/install/robot_localization/local/lib/python3.10/dist-packages/robot_localization-3.5.1-py3.10.egg-info/dependency_links.txt
-- Symlinking: /home/floks/ros2_ws/install/robot_localization/local/lib/python3.10/dist-packages/robot_localization-3.5.1-py3.10.egg-info/top_level.txt
-- Symlinking: /home/floks/ros2_ws/install/robot_localization/local/lib/python3.10/dist-packages/robot_localization/__init__.py
-- Symlinking: /home/floks/ros2_ws/install/robot_localization/local/lib/python3.10/dist-packages/robot_localization/_robot_localization_s.ep.rosidl_typesupport_c.c
-- Symlinking: /home/floks/ros2_ws/install/robot_localization/local/lib/python3.10/dist-packages/robot_localization/_robot_localization_s.ep.rosidl_typesupport_fastrtps_c.c
-- Symlinking: /home/floks/ros2_ws/install/robot_localization/local/lib/python3.10/dist-packages/robot_localization/_robot_localization_s.ep.rosidl_typesupport_introspection_c.c
-- Symlinking: /home/floks/ros2_ws/install/robot_localization/local/lib/python3.10/dist-packages/robot_localization/librobot_localization__rosidl_generator_py.so
-- Symlinking: /home/floks/ros2_ws/install/robot_localization/local/lib/python3.10/dist-packages/robot_localization/robot_localization_s__rosidl_typesupport_c.cpython-310-x86_64-linux-gnu.so
-- Symlinking: /home/floks/ros2_ws/install/robot_localization/local/lib/python3.10/dist-packages/robot_localization/robot_localization_s__rosidl_typesupport_fastrtps_c.cpython-310-x86_64-linux-gnu.so
-- Symlinking: /home/floks/ros2_ws/install/robot_localization/local/lib/python3.10/dist-packages/robot_localization/robot_localization_s__rosidl_typesupport_introspection_c.cpython-310-x86_64-linux-gnu.so
-- Symlinking: /home/floks/ros2_ws/install/robot_localization/local/lib/python3.10/dist-packages/robot_localization/srv/__init__.py
-- Symlinking: /home/floks/ros2_ws/install/robot_localization/local/lib/python3.10/dist-packages/robot_localization/srv/_from_ll.py
-- Symlinking: /home/floks/ros2_ws/install/robot_localization/local/lib/python3.10/dist-packages/robot_localization/srv/_from_ll_s.c
-- Symlinking: /home/floks/ros2_ws/install/robot_localization/local/lib/python3.10/dist-packages/robot_localization/srv/_get_state.py
-- Symlinking: /home/floks/ros2_ws/install/robot_localization/local/lib/python3.10/dist-packages/robot_localization/srv/_get_state_s.c
-- Symlinking: /home/floks/ros2_ws/install/robot_localization/local/lib/python3.10/dist-packages/robot_localization/srv/_set_datum.py
-- Symlinking: /home/floks/ros2_ws/install/robot_localization/local/lib/python3.10/dist-packages/robot_localization/srv/_set_datum_s.c
-- Symlinking: /home/floks/ros2_ws/install/robot_localization/local/lib/python3.10/dist-packages/robot_localization/srv/_set_pose.py
-- Symlinking: /home/floks/ros2_ws/install/robot_localization/local/lib/python3.10/dist-packages/robot_localization/srv/_set_pose_s.c
-- Symlinking: /home/floks/ros2_ws/install/robot_localization/local/lib/python3.10/dist-packages/robot_localization/srv/_to_ll.py
-- Symlinking: /home/floks/ros2_ws/install/robot_localization/local/lib/python3.10/dist-packages/robot_localization/srv/_to_ll_s.c
-- Symlinking: /home/floks/ros2_ws/install/robot_localization/local/lib/python3.10/dist-packages/robot_localization/srv/_toggle_filter_processing.py
-- Symlinking: /home/floks/ros2_ws/install/robot_localization/local/lib/python3.10/dist-packages/robot_localization/srv/_toggle_filter_processing_s.c
-- Up-to-date symlink: /home/floks/ros2_ws/install/robot_localization/local/lib/python3.10/dist-packages/robot_localization/robot_localization_s__rosidl_typesupport_fastrtps_c.cpython-310-x86_64-linux-gnu.so
-- Up-to-date symlink: /home/floks/ros2_ws/install/robot_localization/local/lib/python3.10/dist-packages/robot_localization/robot_localization_s__rosidl_typesupport_introspection_c.cpython-310-x86_64-linux-gnu.so
-- Up-to-date symlink: /home/floks/ros2_ws/install/robot_localization/local/lib/python3.10/dist-packages/robot_localization/robot_localization_s__rosidl_typesupport_c.cpython-310-x86_64-linux-gnu.so
-- Symlinking: /home/floks/ros2_ws/install/robot_localization/share/robot_localization/srv/FromLL.idl
-- Symlinking: /home/floks/ros2_ws/install/robot_localization/share/robot_localization/srv/GetState.idl
-- Symlinking: /home/floks/ros2_ws/install/robot_localization/share/robot_localization/srv/SetDatum.idl
-- Symlinking: /home/floks/ros2_ws/install/robot_localization/share/robot_localization/srv/SetPose.idl
-- Symlinking: /home/floks/ros2_ws/install/robot_localization/share/robot_localization/srv/ToggleFilterProcessing.idl
-- Symlinking: /home/floks/ros2_ws/install/robot_localization/share/robot_localization/srv/ToLL.idl
-- Symlinking: /home/floks/ros2_ws/install/robot_localization/share/robot_localization/srv/FromLL.srv
-- Symlinking: /home/floks/ros2_ws/install/robot_localization/share/robot_localization/srv/FromLL_Request.msg
-- Symlinking: /home/floks/ros2_ws/install/robot_localization/share/robot_localization/srv/FromLL_Response.msg
-- Symlinking: /home/floks/ros2_ws/install/robot_localization/share/robot_localization/srv/GetState.srv
-- Symlinking: /home/floks/ros2_ws/install/robot_localization/share/robot_localization/srv/GetState_Request.msg
-- Symlinking: /home/floks/ros2_ws/install/robot_localization/share/robot_localization/srv/GetState_Response.msg
-- Symlinking: /home/floks/ros2_ws/install/robot_localization/share/robot_localization/srv/SetDatum.srv
-- Symlinking: /home/floks/ros2_ws/install/robot_localization/share/robot_localization/srv/SetDatum_Request.msg
-- Symlinking: /home/floks/ros2_ws/install/robot_localization/share/robot_localization/srv/SetDatum_Response.msg
-- Symlinking: /home/floks/ros2_ws/install/robot_localization/share/robot_localization/srv/SetPose.srv
-- Symlinking: /home/floks/ros2_ws/install/robot_localization/share/robot_localization/srv/SetPose_Request.msg
-- Symlinking: /home/floks/ros2_ws/install/robot_localization/share/robot_localization/srv/SetPose_Response.msg
-- Symlinking: /home/floks/ros2_ws/install/robot_localization/share/robot_localization/srv/ToggleFilterProcessing.srv
-- Symlinking: /home/floks/ros2_ws/install/robot_localization/share/robot_localization/srv/ToggleFilterProcessing_Request.msg
-- Symlinking: /home/floks/ros2_ws/install/robot_localization/share/robot_localization/srv/ToggleFilterProcessing_Response.msg
-- Symlinking: /home/floks/ros2_ws/install/robot_localization/share/robot_localization/srv/ToLL.srv
-- Symlinking: /home/floks/ros2_ws/install/robot_localization/share/robot_localization/srv/ToLL_Request.msg
-- Symlinking: /home/floks/ros2_ws/install/robot_localization/share/robot_localization/srv/ToLL_Response.msg
-- Symlinking: /home/floks/ros2_ws/install/robot_localization/lib/robot_localization/filter_base-test
-- Symlinking: /home/floks/ros2_ws/install/robot_localization/lib/robot_localization/test_filter_base_diagnostics_timestamps
-- Symlinking: /home/floks/ros2_ws/install/robot_localization/lib/robot_localization/test_ekf
-- Symlinking: /home/floks/ros2_ws/install/robot_localization/lib/robot_localization/test_ekf_localization_node_interfaces
-- Symlinking: /home/floks/ros2_ws/install/robot_localization/lib/robot_localization/test_ukf
-- Symlinking: /home/floks/ros2_ws/install/robot_localization/lib/robot_localization/test_ukf_localization_node_interfaces
-- Symlinking: /home/floks/ros2_ws/install/robot_localization/lib/robot_localization/test_robot_localization_estimator
-- Symlinking: /home/floks/ros2_ws/install/robot_localization/lib/robot_localization/test_navsat_conversions
-- Symlinking: /home/floks/ros2_ws/install/robot_localization/lib/robot_localization/test_ros_robot_localization_listener
-- Symlinking: /home/floks/ros2_ws/install/robot_localization/lib/robot_localization/test_ros_robot_localization_listener_publisher
-- Symlinking: /home/floks/ros2_ws/install/robot_localization/lib/robot_localization/navsat_transform_node
-- Symlinking: /home/floks/ros2_ws/install/robot_localization/lib/robot_localization/ekf_node
-- Symlinking: /home/floks/ros2_ws/install/robot_localization/lib/robot_localization/ukf_node
-- Symlinking: /home/floks/ros2_ws/install/robot_localization/lib/robot_localization/robot_localization_listener_node
-- Symlinking: /home/floks/ros2_ws/install/robot_localization/lib/librl_lib.so
-- Symlinking: /home/floks/ros2_ws/install/robot_localization/share/ament_index/resource_index/package_run_dependencies/robot_localization
-- Symlinking: /home/floks/ros2_ws/install/robot_localization/share/ament_index/resource_index/parent_prefix_path/robot_localization
-- Symlinking: /home/floks/ros2_ws/install/robot_localization/share/robot_localization/environment/ament_prefix_path.sh
-- Symlinking: /home/floks/ros2_ws/install/robot_localization/share/robot_localization/environment/ament_prefix_path.dsv
-- Symlinking: /home/floks/ros2_ws/install/robot_localization/share/robot_localization/environment/path.sh
-- Symlinking: /home/floks/ros2_ws/install/robot_localization/share/robot_localization/environment/path.dsv
-- Symlinking: /home/floks/ros2_ws/install/robot_localization/share/robot_localization/local_setup.bash
-- Symlinking: /home/floks/ros2_ws/install/robot_localization/share/robot_localization/local_setup.sh
-- Symlinking: /home/floks/ros2_ws/install/robot_localization/share/robot_localization/local_setup.zsh
-- Symlinking: /home/floks/ros2_ws/install/robot_localization/share/robot_localization/local_setup.dsv
-- Symlinking: /home/floks/ros2_ws/install/robot_localization/share/robot_localization/package.dsv
-- Symlinking: /home/floks/ros2_ws/install/robot_localization/share/ament_index/resource_index/packages/robot_localization
-- Symlinking: /home/floks/ros2_ws/install/robot_localization/share/robot_localization/cmake/rosidl_cmake-extras.cmake
-- Symlinking: /home/floks/ros2_ws/install/robot_localization/share/robot_localization/cmake/ament_cmake_export_dependencies-extras.cmake
-- Symlinking: /home/floks/ros2_ws/install/robot_localization/share/robot_localization/cmake/ament_cmake_export_include_directories-extras.cmake
-- Symlinking: /home/floks/ros2_ws/install/robot_localization/share/robot_localization/cmake/ament_cmake_export_libraries-extras.cmake
-- Symlinking: /home/floks/ros2_ws/install/robot_localization/share/robot_localization/cmake/ament_cmake_export_targets-extras.cmake
-- Symlinking: /home/floks/ros2_ws/install/robot_localization/share/robot_localization/cmake/rosidl_cmake_export_typesupport_targets-extras.cmake
-- Symlinking: /home/floks/ros2_ws/install/robot_localization/share/robot_localization/cmake/rosidl_cmake_export_typesupport_libraries-extras.cmake
-- Symlinking: /home/floks/ros2_ws/install/robot_localization/share/robot_localization/cmake/robot_localizationConfig.cmake
-- Symlinking: /home/floks/ros2_ws/install/robot_localization/share/robot_localization/cmake/robot_localizationConfig-version.cmake
-- Symlinking: /home/floks/ros2_ws/install/robot_localization/share/robot_localization/package.xml
-- Installing: /home/floks/ros2_ws/install/robot_localization/lib/librobot_localization__rosidl_generator_c.so
-- Set runtime path of "/home/floks/ros2_ws/install/robot_localization/lib/librobot_localization__rosidl_generator_c.so" to ""
-- Installing: /home/floks/ros2_ws/install/robot_localization/lib/librobot_localization__rosidl_typesupport_fastrtps_c.so
-- Set runtime path of "/home/floks/ros2_ws/install/robot_localization/lib/librobot_localization__rosidl_typesupport_fastrtps_c.so" to ""
-- Installing: /home/floks/ros2_ws/install/robot_localization/lib/librobot_localization__rosidl_typesupport_fastrtps_cpp.so
-- Set runtime path of "/home/floks/ros2_ws/install/robot_localization/lib/librobot_localization__rosidl_typesupport_fastrtps_cpp.so" to ""
-- Installing: /home/floks/ros2_ws/install/robot_localization/lib/librobot_localization__rosidl_typesupport_introspection_c.so
-- Set runtime path of "/home/floks/ros2_ws/install/robot_localization/lib/librobot_localization__rosidl_typesupport_introspection_c.so" to ""
-- Installing: /home/floks/ros2_ws/install/robot_localization/lib/librobot_localization__rosidl_typesupport_c.so
-- Set runtime path of "/home/floks/ros2_ws/install/robot_localization/lib/librobot_localization__rosidl_typesupport_c.so" to ""
-- Installing: /home/floks/ros2_ws/install/robot_localization/lib/librobot_localization__rosidl_typesupport_introspection_cpp.so
-- Set runtime path of "/home/floks/ros2_ws/install/robot_localization/lib/librobot_localization__rosidl_typesupport_introspection_cpp.so" to ""
-- Installing: /home/floks/ros2_ws/install/robot_localization/lib/librobot_localization__rosidl_typesupport_cpp.so
-- Set runtime path of "/home/floks/ros2_ws/install/robot_localization/lib/librobot_localization__rosidl_typesupport_cpp.so" to ""
Listing '/home/floks/ros2_ws/install/robot_localization/local/lib/python3.10/dist-packages/robot_localization'...
Compiling '/home/floks/ros2_ws/install/robot_localization/local/lib/python3.10/dist-packages/robot_localization/__init__.py'...
Listing '/home/floks/ros2_ws/install/robot_localization/local/lib/python3.10/dist-packages/robot_localization/srv'...
Compiling '/home/floks/ros2_ws/install/robot_localization/local/lib/python3.10/dist-packages/robot_localization/srv/__init__.py'...
Compiling '/home/floks/ros2_ws/install/robot_localization/local/lib/python3.10/dist-packages/robot_localization/srv/_from_ll.py'...
Compiling '/home/floks/ros2_ws/install/robot_localization/local/lib/python3.10/dist-packages/robot_localization/srv/_get_state.py'...
Compiling '/home/floks/ros2_ws/install/robot_localization/local/lib/python3.10/dist-packages/robot_localization/srv/_set_datum.py'...
Compiling '/home/floks/ros2_ws/install/robot_localization/local/lib/python3.10/dist-packages/robot_localization/srv/_set_pose.py'...
Compiling '/home/floks/ros2_ws/install/robot_localization/local/lib/python3.10/dist-packages/robot_localization/srv/_to_ll.py'...
Compiling '/home/floks/ros2_ws/install/robot_localization/local/lib/python3.10/dist-packages/robot_localization/srv/_toggle_filter_processing.py'...
-- Installing: /home/floks/ros2_ws/install/robot_localization/lib/librobot_localization__rosidl_generator_py.so
-- Set runtime path of "/home/floks/ros2_ws/install/robot_localization/lib/librobot_localization__rosidl_generator_py.so" to ""
-- Installing: /home/floks/ros2_ws/install/robot_localization/share/robot_localization/test
-- Installing: /home/floks/ros2_ws/install/robot_localization/share/robot_localization/test/test_ekf_localization_node_bag2.sh
-- Installing: /home/floks/ros2_ws/install/robot_localization/share/robot_localization/test/test_ekf_localization_node_interfaces.cpp
-- Installing: /home/floks/ros2_ws/install/robot_localization/share/robot_localization/test/test_ekf_localization_node_interfaces.launch.py
-- Installing: /home/floks/ros2_ws/install/robot_localization/share/robot_localization/test/test_filter_base_diagnostics_timestamps.cpp
-- Installing: /home/floks/ros2_ws/install/robot_localization/share/robot_localization/test/test_robot_localization_estimator.launch.py
-- Installing: /home/floks/ros2_ws/install/robot_localization/share/robot_localization/test/test_ekf_localization_node_bag3.yaml
-- Installing: /home/floks/ros2_ws/install/robot_localization/share/robot_localization/test/test_filter_base_diagnostics_timestamps.yaml
-- Installing: /home/floks/ros2_ws/install/robot_localization/share/robot_localization/test/test_ukf_localization_node_bag3.sh
-- Installing: /home/floks/ros2_ws/install/robot_localization/share/robot_localization/test/test_ekf_localization_node_bag2.launch.py
-- Installing: /home/floks/ros2_ws/install/robot_localization/share/robot_localization/test/test_robot_localization_estimator.cpp
-- Installing: /home/floks/ros2_ws/install/robot_localization/share/robot_localization/test/test_ukf_localization_node_bag1.sh
-- Installing: /home/floks/ros2_ws/install/robot_localization/share/robot_localization/test/test_navsat_conversions.cpp
-- Installing: /home/floks/ros2_ws/install/robot_localization/share/robot_localization/test/test_filter_base_diagnostics_timestamps.launch.py
-- Installing: /home/floks/ros2_ws/install/robot_localization/share/robot_localization/test/test_ros_robot_localization_listener.yaml
-- Installing: /home/floks/ros2_ws/install/robot_localization/share/robot_localization/test/test_ukf_localization_node_bag1.yaml
-- Installing: /home/floks/ros2_ws/install/robot_localization/share/robot_localization/test/test_ukf_localization_node_bag2.yaml
-- Installing: /home/floks/ros2_ws/install/robot_localization/share/robot_localization/test/test_ekf.cpp
-- Installing: /home/floks/ros2_ws/install/robot_localization/share/robot_localization/test/test2.bag
-- Installing: /home/floks/ros2_ws/install/robot_localization/share/robot_localization/test/test_ekf_localization_node_bag3.launch.py
-- Installing: /home/floks/ros2_ws/install/robot_localization/share/robot_localization/test/test_ukf_localization_node_interfaces.cpp
-- Installing: /home/floks/ros2_ws/install/robot_localization/share/robot_localization/test/test_ukf_localization_node_interfaces.yaml
-- Installing: /home/floks/ros2_ws/install/robot_localization/share/robot_localization/test/test_ekf_localization_node_bag1.yaml
-- Installing: /home/floks/ros2_ws/install/robot_localization/share/robot_localization/test/test_ros_robot_localization_listener_publisher.cpp
-- Installing: /home/floks/ros2_ws/install/robot_localization/share/robot_localization/test/test_ukf.cpp
-- Installing: /home/floks/ros2_ws/install/robot_localization/share/robot_localization/test/test_ekf_localization_node_bag2.yaml
-- Installing: /home/floks/ros2_ws/install/robot_localization/share/robot_localization/test/test_ros_robot_localization_listener.cpp
-- Installing: /home/floks/ros2_ws/install/robot_localization/share/robot_localization/test/test_ukf_localization_node_bag2.launch.py
-- Installing: /home/floks/ros2_ws/install/robot_localization/share/robot_localization/test/test1.bag
-- Installing: /home/floks/ros2_ws/install/robot_localization/share/robot_localization/test/test_filter_base.cpp
-- Installing: /home/floks/ros2_ws/install/robot_localization/share/robot_localization/test/test_ekf_localization_node_bag3.sh
-- Installing: /home/floks/ros2_ws/install/robot_localization/share/robot_localization/test/test_ukf_localization_node_bag3.yaml
-- Installing: /home/floks/ros2_ws/install/robot_localization/share/robot_localization/test/test_ukf_localization_node_bag3.launch.py
-- Installing: /home/floks/ros2_ws/install/robot_localization/share/robot_localization/test/test_ukf_localization_node_bag1.launch.py
-- Installing: /home/floks/ros2_ws/install/robot_localization/share/robot_localization/test/test3.bag
-- Installing: /home/floks/ros2_ws/install/robot_localization/share/robot_localization/test/test_ekf_localization_node_bag1.launch.py
-- Installing: /home/floks/ros2_ws/install/robot_localization/share/robot_localization/test/test_ros_robot_localization_listener.launch.py
-- Installing: /home/floks/ros2_ws/install/robot_localization/share/robot_localization/test/test_ekf_localization_node_bag1.sh
-- Installing: /home/floks/ros2_ws/install/robot_localization/share/robot_localization/test/test_localization_node_bag_pose_tester.cpp
-- Installing: /home/floks/ros2_ws/install/robot_localization/share/robot_localization/test/test_ekf_localization_node_interfaces.yaml
-- Installing: /home/floks/ros2_ws/install/robot_localization/share/robot_localization/test/test_ukf_localization_node_interfaces.launch.py
-- Installing: /home/floks/ros2_ws/install/robot_localization/share/robot_localization/test/test_ukf_localization_node_bag2.sh
-- Up-to-date: /home/floks/ros2_ws/install/robot_localization/include/robot_localization
-- Up-to-date: /home/floks/ros2_ws/install/robot_localization/include/robot_localization/robot_localization
-- Installing: /home/floks/ros2_ws/install/robot_localization/include/robot_localization/robot_localization/filter_common.hpp
-- Installing: /home/floks/ros2_ws/install/robot_localization/include/robot_localization/robot_localization/ros_filter_utilities.hpp
-- Installing: /home/floks/ros2_ws/install/robot_localization/include/robot_localization/robot_localization/navsat_transform.hpp
-- Installing: /home/floks/ros2_ws/install/robot_localization/include/robot_localization/robot_localization/measurement.hpp
-- Installing: /home/floks/ros2_ws/install/robot_localization/include/robot_localization/robot_localization/ros_robot_localization_listener.hpp
-- Installing: /home/floks/ros2_ws/install/robot_localization/include/robot_localization/robot_localization/filter_state.hpp
-- Installing: /home/floks/ros2_ws/install/robot_localization/include/robot_localization/robot_localization/ros_filter.hpp
-- Installing: /home/floks/ros2_ws/install/robot_localization/include/robot_localization/robot_localization/ukf.hpp
-- Installing: /home/floks/ros2_ws/install/robot_localization/include/robot_localization/robot_localization/filter_utilities.hpp
-- Installing: /home/floks/ros2_ws/install/robot_localization/include/robot_localization/robot_localization/navsat_conversions.hpp
-- Installing: /home/floks/ros2_ws/install/robot_localization/include/robot_localization/robot_localization/ros_filter_types.hpp
-- Installing: /home/floks/ros2_ws/install/robot_localization/include/robot_localization/robot_localization/filter_base.hpp
-- Installing: /home/floks/ros2_ws/install/robot_localization/include/robot_localization/robot_localization/ekf.hpp
-- Installing: /home/floks/ros2_ws/install/robot_localization/include/robot_localization/robot_localization/robot_localization_estimator.hpp
-- Installing: /home/floks/ros2_ws/install/robot_localization/share/robot_localization/params
-- Installing: /home/floks/ros2_ws/install/robot_localization/share/robot_localization/params/ekf.yaml
-- Installing: /home/floks/ros2_ws/install/robot_localization/share/robot_localization/params/ukf.yaml
-- Installing: /home/floks/ros2_ws/install/robot_localization/share/robot_localization/params/navsat_transform.yaml
-- Installing: /home/floks/ros2_ws/install/robot_localization/share/robot_localization/params/dual_ekf_navsat_example.yaml
-- Installing: /home/floks/ros2_ws/install/robot_localization/share/robot_localization/launch
-- Installing: /home/floks/ros2_ws/install/robot_localization/share/robot_localization/launch/dual_ekf_navsat_example.launch.py
-- Installing: /home/floks/ros2_ws/install/robot_localization/share/robot_localization/launch/navsat_transform.launch.py
-- Installing: /home/floks/ros2_ws/install/robot_localization/share/robot_localization/launch/ekf.launch.py
-- Installing: /home/floks/ros2_ws/install/robot_localization/share/robot_localization/launch/ukf.launch.py
-- Installing: /home/floks/ros2_ws/install/robot_localization/share/robot_localization/cmake/export_robot_localization__rosidl_generator_cExport.cmake
-- Installing: /home/floks/ros2_ws/install/robot_localization/share/robot_localization/cmake/export_robot_localization__rosidl_generator_cExport-release.cmake
-- Installing: /home/floks/ros2_ws/install/robot_localization/share/robot_localization/cmake/export_robot_localization__rosidl_typesupport_fastrtps_cExport.cmake
-- Installing: /home/floks/ros2_ws/install/robot_localization/share/robot_localization/cmake/export_robot_localization__rosidl_typesupport_fastrtps_cExport-release.cmake
-- Installing: /home/floks/ros2_ws/install/robot_localization/share/robot_localization/cmake/export_robot_localization__rosidl_generator_cppExport.cmake
-- Installing: /home/floks/ros2_ws/install/robot_localization/share/robot_localization/cmake/export_robot_localization__rosidl_typesupport_fastrtps_cppExport.cmake
-- Installing: /home/floks/ros2_ws/install/robot_localization/share/robot_localization/cmake/export_robot_localization__rosidl_typesupport_fastrtps_cppExport-release.cmake
-- Installing: /home/floks/ros2_ws/install/robot_localization/share/robot_localization/cmake/robot_localization__rosidl_typesupport_introspection_cExport.cmake
-- Installing: /home/floks/ros2_ws/install/robot_localization/share/robot_localization/cmake/robot_localization__rosidl_typesupport_introspection_cExport-release.cmake
-- Installing: /home/floks/ros2_ws/install/robot_localization/share/robot_localization/cmake/robot_localization__rosidl_typesupport_cExport.cmake
-- Installing: /home/floks/ros2_ws/install/robot_localization/share/robot_localization/cmake/robot_localization__rosidl_typesupport_cExport-release.cmake
-- Installing: /home/floks/ros2_ws/install/robot_localization/share/robot_localization/cmake/robot_localization__rosidl_typesupport_introspection_cppExport.cmake
-- Installing: /home/floks/ros2_ws/install/robot_localization/share/robot_localization/cmake/robot_localization__rosidl_typesupport_introspection_cppExport-release.cmake
-- Installing: /home/floks/ros2_ws/install/robot_localization/share/robot_localization/cmake/robot_localization__rosidl_typesupport_cppExport.cmake
-- Installing: /home/floks/ros2_ws/install/robot_localization/share/robot_localization/cmake/robot_localization__rosidl_typesupport_cppExport-release.cmake
-- Installing: /home/floks/ros2_ws/install/robot_localization/share/robot_localization/cmake/export_robot_localization__rosidl_generator_pyExport.cmake
-- Installing: /home/floks/ros2_ws/install/robot_localization/share/robot_localization/cmake/export_robot_localization__rosidl_generator_pyExport-release.cmake
