[0.262s] Invoking command in '/home/floks/ros2_ws/build/robot_localization': CMAKE_PREFIX_PATH=/opt/ros/humble /usr/bin/cmake --build /home/floks/ros2_ws/build/robot_localization -- -j8 -l8
[0.369s] [35m[1mConsolidate compiler generated dependencies of target gtest_main[0m
[0.383s] [35m[1mConsolidate compiler generated dependencies of target robot_localization__rosidl_generator_c[0m
[0.396s] [  1%] Built target robot_localization__cpp
[0.398s] [  1%] Built target ament_cmake_python_symlink_robot_localization
[0.402s] [  2%] [32mBuilding CXX object gtest/CMakeFiles/gtest.dir/src/gtest-all.cc.o[0m
[0.419s] [  4%] Built target gtest_main
[0.444s] [ 11%] Built target robot_localization__rosidl_generator_c
[0.464s] [35m[1mConsolidate compiler generated dependencies of target robot_localization__rosidl_typesupport_cpp[0m
[0.474s] [35m[1mConsolidate compiler generated dependencies of target robot_localization__rosidl_typesupport_fastrtps_cpp[0m
[0.499s] [35m[1mConsolidate compiler generated dependencies of target robot_localization__rosidl_typesupport_introspection_cpp[0m
[0.557s] [35m[1mConsolidate compiler generated dependencies of target robot_localization__rosidl_typesupport_fastrtps_c[0m
[0.574s] [ 12%] [34m[1mGenerating C introspection for ROS interfaces[0m
[0.586s] [ 13%] [32mBuilding CXX object CMakeFiles/robot_localization__rosidl_typesupport_fastrtps_cpp.dir/rosidl_typesupport_fastrtps_cpp/robot_localization/srv/detail/dds_fastrtps/toggle_filter_processing__type_support.cpp.o[0m
[0.596s] [ 20%] Built target robot_localization__rosidl_typesupport_cpp
[0.638s] [ 21%] [32mBuilding CXX object CMakeFiles/robot_localization__rosidl_typesupport_fastrtps_cpp.dir/rosidl_typesupport_fastrtps_cpp/robot_localization/srv/detail/dds_fastrtps/to_ll__type_support.cpp.o[0m
[0.641s] [ 28%] Built target robot_localization__rosidl_typesupport_introspection_cpp
[0.655s] [ 29%] [32mBuilding CXX object CMakeFiles/robot_localization__rosidl_typesupport_fastrtps_c.dir/rosidl_typesupport_fastrtps_c/robot_localization/srv/detail/set_pose__type_support_c.cpp.o[0m
[0.687s] [ 30%] [34m[1mGenerating C type support dispatch for ROS interfaces[0m
[0.845s] [ 31%] [32mBuilding CXX object CMakeFiles/rl_lib.dir/src/ekf.cpp.o[0m
[1.828s] running egg_info
[1.829s] writing robot_localization.egg-info/PKG-INFO
[1.830s] writing dependency_links to robot_localization.egg-info/dependency_links.txt
[1.830s] writing top-level names to robot_localization.egg-info/top_level.txt
[1.836s] reading manifest file 'robot_localization.egg-info/SOURCES.txt'
[1.851s] writing manifest file 'robot_localization.egg-info/SOURCES.txt'
[1.966s] [ 31%] Built target ament_cmake_python_build_robot_localization_egg
[2.027s] [ 31%] [32mBuilding CXX object CMakeFiles/robot_localization__rosidl_typesupport_fastrtps_c.dir/rosidl_typesupport_fastrtps_c/robot_localization/srv/detail/toggle_filter_processing__type_support_c.cpp.o[0m
[2.271s] [ 32%] [32mBuilding CXX object CMakeFiles/robot_localization__rosidl_typesupport_fastrtps_c.dir/rosidl_typesupport_fastrtps_c/robot_localization/srv/detail/to_ll__type_support_c.cpp.o[0m
[3.526s] [ 33%] [32mBuilding CXX object CMakeFiles/rl_lib.dir/src/ukf.cpp.o[0m
[3.550s] [ 34%] [32mBuilding CXX object CMakeFiles/rl_lib.dir/src/filter_base.cpp.o[0m
[4.003s] [ 35%] [32m[1mLinking CXX shared library librobot_localization__rosidl_typesupport_fastrtps_cpp.so[0m
[4.026s] [ 36%] [32m[1mLinking CXX shared library librobot_localization__rosidl_typesupport_fastrtps_c.so[0m
[4.043s] [ 37%] [32mBuilding C object CMakeFiles/robot_localization__rosidl_typesupport_introspection_c.dir/rosidl_typesupport_introspection_c/robot_localization/srv/detail/from_ll__type_support.c.o[0m
[4.500s] [ 38%] [32mBuilding C object CMakeFiles/robot_localization__rosidl_typesupport_introspection_c.dir/rosidl_typesupport_introspection_c/robot_localization/srv/detail/get_state__type_support.c.o[0m
[4.523s] [ 39%] [32mBuilding CXX object CMakeFiles/robot_localization__rosidl_typesupport_c.dir/rosidl_typesupport_c/robot_localization/srv/from_ll__type_support.cpp.o[0m
[4.551s] [ 43%] Built target robot_localization__rosidl_typesupport_fastrtps_cpp
[4.611s] [ 44%] [32mBuilding CXX object CMakeFiles/rl_lib.dir/src/filter_utilities.cpp.o[0m
[4.717s] [ 48%] Built target robot_localization__rosidl_typesupport_fastrtps_c
[4.760s] [ 49%] [32mBuilding CXX object CMakeFiles/robot_localization__rosidl_typesupport_c.dir/rosidl_typesupport_c/robot_localization/srv/get_state__type_support.cpp.o[0m
[4.804s] [ 50%] [32mBuilding CXX object CMakeFiles/robot_localization__rosidl_typesupport_c.dir/rosidl_typesupport_c/robot_localization/srv/set_datum__type_support.cpp.o[0m
[5.014s] [ 51%] [32mBuilding C object CMakeFiles/robot_localization__rosidl_typesupport_introspection_c.dir/rosidl_typesupport_introspection_c/robot_localization/srv/detail/set_datum__type_support.c.o[0m
[5.073s] [ 52%] [32mBuilding CXX object CMakeFiles/rl_lib.dir/src/navsat_transform.cpp.o[0m
[5.093s] [ 53%] [32mBuilding CXX object CMakeFiles/robot_localization__rosidl_typesupport_c.dir/rosidl_typesupport_c/robot_localization/srv/set_pose__type_support.cpp.o[0m
[5.366s] [ 54%] [32mBuilding CXX object CMakeFiles/robot_localization__rosidl_typesupport_c.dir/rosidl_typesupport_c/robot_localization/srv/toggle_filter_processing__type_support.cpp.o[0m
[5.384s] [ 55%] [32mBuilding C object CMakeFiles/robot_localization__rosidl_typesupport_introspection_c.dir/rosidl_typesupport_introspection_c/robot_localization/srv/detail/set_pose__type_support.c.o[0m
[5.457s] [ 55%] [32mBuilding CXX object CMakeFiles/robot_localization__rosidl_typesupport_c.dir/rosidl_typesupport_c/robot_localization/srv/to_ll__type_support.cpp.o[0m
[5.657s] [ 55%] [32mBuilding C object CMakeFiles/robot_localization__rosidl_typesupport_introspection_c.dir/rosidl_typesupport_introspection_c/robot_localization/srv/detail/toggle_filter_processing__type_support.c.o[0m
[5.733s] [ 56%] [32m[1mLinking CXX shared library librobot_localization__rosidl_typesupport_c.so[0m
[5.952s] [ 57%] [32mBuilding C object CMakeFiles/robot_localization__rosidl_typesupport_introspection_c.dir/rosidl_typesupport_introspection_c/robot_localization/srv/detail/to_ll__type_support.c.o[0m
[5.975s] [ 57%] Built target robot_localization__rosidl_typesupport_c
[5.997s] [ 58%] [32mBuilding CXX object CMakeFiles/rl_lib.dir/src/robot_localization_estimator.cpp.o[0m
[6.170s] [ 59%] [32m[1mLinking C shared library librobot_localization__rosidl_typesupport_introspection_c.so[0m
[6.502s] [ 59%] Built target robot_localization__rosidl_typesupport_introspection_c
[6.575s] [ 60%] [32mBuilding CXX object CMakeFiles/rl_lib.dir/src/ros_filter.cpp.o[0m
[13.607s] [ 60%] [32mBuilding CXX object CMakeFiles/rl_lib.dir/src/ros_filter_utilities.cpp.o[0m
[19.444s] [ 61%] [32mBuilding CXX object CMakeFiles/rl_lib.dir/src/ros_robot_localization_listener.cpp.o[0m
[25.329s] [ 61%] Built target robot_localization
[25.525s] [ 62%] [34m[1mGenerating Python code for ROS interfaces[0m
[30.474s] [ 62%] Built target robot_localization__py
[30.591s] [ 63%] [32mBuilding C object CMakeFiles/robot_localization__rosidl_generator_py.dir/rosidl_generator_py/robot_localization/srv/_from_ll_s.c.o[0m
[30.649s] [ 64%] [32mBuilding C object CMakeFiles/robot_localization__rosidl_generator_py.dir/rosidl_generator_py/robot_localization/srv/_get_state_s.c.o[0m
[31.364s] [ 65%] [32mBuilding C object CMakeFiles/robot_localization__rosidl_generator_py.dir/rosidl_generator_py/robot_localization/srv/_set_datum_s.c.o[0m
[31.559s] [ 66%] [32mBuilding C object CMakeFiles/robot_localization__rosidl_generator_py.dir/rosidl_generator_py/robot_localization/srv/_set_pose_s.c.o[0m
[32.023s] [ 66%] [32mBuilding C object CMakeFiles/robot_localization__rosidl_generator_py.dir/rosidl_generator_py/robot_localization/srv/_toggle_filter_processing_s.c.o[0m
[32.470s] [ 67%] [32mBuilding C object CMakeFiles/robot_localization__rosidl_generator_py.dir/rosidl_generator_py/robot_localization/srv/_to_ll_s.c.o[0m
[33.049s] [ 68%] [32m[1mLinking C shared library rosidl_generator_py/robot_localization/librobot_localization__rosidl_generator_py.so[0m
[33.053s] [ 69%] [32m[1mLinking CXX static library libgtest.a[0m
[33.318s] [ 69%] Built target gtest
[33.386s] [ 69%] Built target robot_localization__rosidl_generator_py
[120.220s] [ 70%] [32m[1mLinking CXX shared library librl_lib.so[0m
[120.991s] [ 70%] Built target rl_lib
[121.039s] [ 72%] [32mBuilding CXX object CMakeFiles/filter_base-test.dir/test/test_filter_base.cpp.o[0m
[121.039s] [ 72%] [32mBuilding C object CMakeFiles/robot_localization__rosidl_typesupport_introspection_c__pyext.dir/rosidl_generator_py/robot_localization/_robot_localization_s.ep.rosidl_typesupport_introspection_c.c.o[0m
[121.040s] [ 73%] [32mBuilding C object CMakeFiles/robot_localization__rosidl_typesupport_c__pyext.dir/rosidl_generator_py/robot_localization/_robot_localization_s.ep.rosidl_typesupport_c.c.o[0m
[121.043s] [ 74%] [32mBuilding CXX object CMakeFiles/ukf_node.dir/src/ukf_node.cpp.o[0m
[121.044s] [ 74%] [32mBuilding CXX object CMakeFiles/navsat_transform_node.dir/src/navsat_transform_node.cpp.o[0m
[121.045s] [ 74%] [32mBuilding CXX object CMakeFiles/ekf_node.dir/src/ekf_node.cpp.o[0m
[121.046s] [ 75%] [32mBuilding C object CMakeFiles/robot_localization__rosidl_typesupport_fastrtps_c__pyext.dir/rosidl_generator_py/robot_localization/_robot_localization_s.ep.rosidl_typesupport_fastrtps_c.c.o[0m
[121.064s] [ 76%] [32mBuilding CXX object CMakeFiles/robot_localization_listener_node.dir/src/robot_localization_listener_node.cpp.o[0m
[121.745s] [ 77%] [32m[1mLinking C shared library rosidl_generator_py/robot_localization/robot_localization_s__rosidl_typesupport_introspection_c.cpython-310-x86_64-linux-gnu.so[0m
[121.761s] [ 78%] [32m[1mLinking C shared library rosidl_generator_py/robot_localization/robot_localization_s__rosidl_typesupport_c.cpython-310-x86_64-linux-gnu.so[0m
[121.807s] [ 79%] [32m[1mLinking C shared library rosidl_generator_py/robot_localization/robot_localization_s__rosidl_typesupport_fastrtps_c.cpython-310-x86_64-linux-gnu.so[0m
[121.896s] [ 79%] Built target robot_localization__rosidl_typesupport_c__pyext
[121.915s] [ 79%] Built target robot_localization__rosidl_typesupport_introspection_c__pyext
[121.983s] [ 79%] Built target robot_localization__rosidl_typesupport_fastrtps_c__pyext
[121.989s] [ 80%] [32mBuilding CXX object CMakeFiles/test_ekf.dir/test/test_ekf.cpp.o[0m
[122.015s] [ 81%] [32mBuilding CXX object CMakeFiles/test_ukf.dir/test/test_ukf.cpp.o[0m
[122.049s] [ 82%] [32mBuilding CXX object CMakeFiles/test_robot_localization_estimator.dir/test/test_robot_localization_estimator.cpp.o[0m
[130.825s] [ 83%] [32m[1mLinking CXX executable filter_base-test[0m
[131.866s] [ 83%] Built target filter_base-test
[132.029s] [ 84%] [32mBuilding CXX object CMakeFiles/test_navsat_conversions.dir/test/test_navsat_conversions.cpp.o[0m
[132.677s] [ 85%] [32m[1mLinking CXX executable navsat_transform_node[0m
[133.755s] [ 85%] Built target navsat_transform_node
[133.868s] [ 86%] [32mBuilding CXX object CMakeFiles/test_ros_robot_localization_listener.dir/test/test_ros_robot_localization_listener.cpp.o[0m
[135.532s] [ 87%] [32m[1mLinking CXX executable ekf_node[0m
[136.386s] [ 87%] Built target ekf_node
[136.521s] [ 88%] [32mBuilding CXX object CMakeFiles/test_ros_robot_localization_listener_publisher.dir/test/test_ros_robot_localization_listener_publisher.cpp.o[0m
[137.109s] [ 89%] [32m[1mLinking CXX executable test_navsat_conversions[0m
[137.497s] [ 90%] [32m[1mLinking CXX executable ukf_node[0m
[137.821s] [ 90%] Built target test_navsat_conversions
[138.052s] [ 91%] [32mBuilding CXX object CMakeFiles/test_filter_base_diagnostics_timestamps.dir/test/test_filter_base_diagnostics_timestamps.cpp.o[0m
[138.462s] [ 92%] [32m[1mLinking CXX executable test_robot_localization_estimator[0m
[138.557s] [ 92%] Built target ukf_node
[138.708s] [ 92%] [32mBuilding CXX object CMakeFiles/test_ekf_localization_node_interfaces.dir/test/test_ekf_localization_node_interfaces.cpp.o[0m
[139.741s] [ 92%] Built target test_robot_localization_estimator
[139.949s] [ 93%] [32mBuilding CXX object CMakeFiles/test_ukf_localization_node_interfaces.dir/test/test_ukf_localization_node_interfaces.cpp.o[0m
[140.626s] [ 94%] [32m[1mLinking CXX executable robot_localization_listener_node[0m
[141.877s] [ 94%] Built target robot_localization_listener_node
[147.297s] [ 95%] [32m[1mLinking CXX executable test_ukf[0m
[148.320s] [ 96%] [32m[1mLinking CXX executable test_ekf[0m
[148.501s] [ 96%] Built target test_ukf
[149.249s] [ 96%] Built target test_ekf
[154.851s] [ 96%] [32m[1mLinking CXX executable test_ros_robot_localization_listener[0m
[156.100s] [ 96%] Built target test_ros_robot_localization_listener
[157.698s] [ 97%] [32m[1mLinking CXX executable test_ros_robot_localization_listener_publisher[0m
[158.365s] [ 97%] Built target test_ros_robot_localization_listener_publisher
[185.522s] [ 98%] [32m[1mLinking CXX executable test_filter_base_diagnostics_timestamps[0m
[185.943s] [ 98%] Built target test_filter_base_diagnostics_timestamps
[186.816s] [ 99%] [32m[1mLinking CXX executable test_ekf_localization_node_interfaces[0m
[186.822s] [100%] [32m[1mLinking CXX executable test_ukf_localization_node_interfaces[0m
[187.236s] [100%] Built target test_ekf_localization_node_interfaces
[187.242s] [100%] Built target test_ukf_localization_node_interfaces
[187.327s] Invoked command in '/home/floks/ros2_ws/build/robot_localization' returned '0': CMAKE_PREFIX_PATH=/opt/ros/humble /usr/bin/cmake --build /home/floks/ros2_ws/build/robot_localization -- -j8 -l8
[187.688s] Invoking command in '/home/floks/ros2_ws/build/robot_localization': CMAKE_PREFIX_PATH=/opt/ros/humble /usr/bin/cmake --install /home/floks/ros2_ws/build/robot_localization
[187.698s] -- Install configuration: "Release"
[187.700s] -- Execute custom install script
[187.701s] -- Symlinking: /home/floks/ros2_ws/install/robot_localization/share/ament_index/resource_index/rosidl_interfaces/robot_localization
[187.718s] -- Symlinking: /home/floks/ros2_ws/install/robot_localization/include/robot_localization/robot_localization/msg/rosidl_generator_c__visibility_control.h
[187.733s] -- Symlinking: /home/floks/ros2_ws/install/robot_localization/include/robot_localization/robot_localization/srv/detail/from_ll__functions.h
[187.747s] -- Symlinking: /home/floks/ros2_ws/install/robot_localization/include/robot_localization/robot_localization/srv/detail/from_ll__struct.h
[187.761s] -- Symlinking: /home/floks/ros2_ws/install/robot_localization/include/robot_localization/robot_localization/srv/detail/from_ll__type_support.h
[187.777s] -- Symlinking: /home/floks/ros2_ws/install/robot_localization/include/robot_localization/robot_localization/srv/detail/get_state__functions.h
[187.795s] -- Symlinking: /home/floks/ros2_ws/install/robot_localization/include/robot_localization/robot_localization/srv/detail/get_state__struct.h
[187.811s] -- Symlinking: /home/floks/ros2_ws/install/robot_localization/include/robot_localization/robot_localization/srv/detail/get_state__type_support.h
[187.826s] -- Symlinking: /home/floks/ros2_ws/install/robot_localization/include/robot_localization/robot_localization/srv/detail/set_datum__functions.h
[187.841s] -- Symlinking: /home/floks/ros2_ws/install/robot_localization/include/robot_localization/robot_localization/srv/detail/set_datum__struct.h
[187.856s] -- Symlinking: /home/floks/ros2_ws/install/robot_localization/include/robot_localization/robot_localization/srv/detail/set_datum__type_support.h
[187.873s] -- Symlinking: /home/floks/ros2_ws/install/robot_localization/include/robot_localization/robot_localization/srv/detail/set_pose__functions.h
[187.892s] -- Symlinking: /home/floks/ros2_ws/install/robot_localization/include/robot_localization/robot_localization/srv/detail/set_pose__struct.h
[187.908s] -- Symlinking: /home/floks/ros2_ws/install/robot_localization/include/robot_localization/robot_localization/srv/detail/set_pose__type_support.h
[187.922s] -- Symlinking: /home/floks/ros2_ws/install/robot_localization/include/robot_localization/robot_localization/srv/detail/to_ll__functions.h
[187.937s] -- Symlinking: /home/floks/ros2_ws/install/robot_localization/include/robot_localization/robot_localization/srv/detail/to_ll__struct.h
[187.953s] -- Symlinking: /home/floks/ros2_ws/install/robot_localization/include/robot_localization/robot_localization/srv/detail/to_ll__type_support.h
[187.969s] -- Symlinking: /home/floks/ros2_ws/install/robot_localization/include/robot_localization/robot_localization/srv/detail/toggle_filter_processing__functions.h
[187.988s] -- Symlinking: /home/floks/ros2_ws/install/robot_localization/include/robot_localization/robot_localization/srv/detail/toggle_filter_processing__struct.h
[188.004s] -- Symlinking: /home/floks/ros2_ws/install/robot_localization/include/robot_localization/robot_localization/srv/detail/toggle_filter_processing__type_support.h
[188.019s] -- Symlinking: /home/floks/ros2_ws/install/robot_localization/include/robot_localization/robot_localization/srv/from_ll.h
[188.034s] -- Symlinking: /home/floks/ros2_ws/install/robot_localization/include/robot_localization/robot_localization/srv/get_state.h
[188.047s] -- Symlinking: /home/floks/ros2_ws/install/robot_localization/include/robot_localization/robot_localization/srv/set_datum.h
[188.060s] -- Symlinking: /home/floks/ros2_ws/install/robot_localization/include/robot_localization/robot_localization/srv/set_pose.h
[188.076s] -- Symlinking: /home/floks/ros2_ws/install/robot_localization/include/robot_localization/robot_localization/srv/to_ll.h
[188.092s] -- Symlinking: /home/floks/ros2_ws/install/robot_localization/include/robot_localization/robot_localization/srv/toggle_filter_processing.h
[188.107s] -- Symlinking: /home/floks/ros2_ws/install/robot_localization/share/robot_localization/environment/library_path.sh
[188.121s] -- Symlinking: /home/floks/ros2_ws/install/robot_localization/share/robot_localization/environment/library_path.dsv
[188.137s] -- Symlinking: /home/floks/ros2_ws/install/robot_localization/include/robot_localization/robot_localization/msg/rosidl_typesupport_fastrtps_c__visibility_control.h
[188.150s] -- Symlinking: /home/floks/ros2_ws/install/robot_localization/include/robot_localization/robot_localization/srv/detail/from_ll__rosidl_typesupport_fastrtps_c.h
[188.163s] -- Symlinking: /home/floks/ros2_ws/install/robot_localization/include/robot_localization/robot_localization/srv/detail/get_state__rosidl_typesupport_fastrtps_c.h
[188.177s] -- Symlinking: /home/floks/ros2_ws/install/robot_localization/include/robot_localization/robot_localization/srv/detail/set_datum__rosidl_typesupport_fastrtps_c.h
[188.191s] -- Symlinking: /home/floks/ros2_ws/install/robot_localization/include/robot_localization/robot_localization/srv/detail/set_pose__rosidl_typesupport_fastrtps_c.h
[188.205s] -- Symlinking: /home/floks/ros2_ws/install/robot_localization/include/robot_localization/robot_localization/srv/detail/to_ll__rosidl_typesupport_fastrtps_c.h
[188.218s] -- Symlinking: /home/floks/ros2_ws/install/robot_localization/include/robot_localization/robot_localization/srv/detail/toggle_filter_processing__rosidl_typesupport_fastrtps_c.h
[188.234s] -- Symlinking: /home/floks/ros2_ws/install/robot_localization/include/robot_localization/robot_localization/srv/detail/from_ll__builder.hpp
[188.248s] -- Symlinking: /home/floks/ros2_ws/install/robot_localization/include/robot_localization/robot_localization/srv/detail/from_ll__struct.hpp
[188.261s] -- Symlinking: /home/floks/ros2_ws/install/robot_localization/include/robot_localization/robot_localization/srv/detail/from_ll__traits.hpp
[188.277s] -- Symlinking: /home/floks/ros2_ws/install/robot_localization/include/robot_localization/robot_localization/srv/detail/get_state__builder.hpp
[188.293s] -- Symlinking: /home/floks/ros2_ws/install/robot_localization/include/robot_localization/robot_localization/srv/detail/get_state__struct.hpp
[188.305s] -- Symlinking: /home/floks/ros2_ws/install/robot_localization/include/robot_localization/robot_localization/srv/detail/get_state__traits.hpp
[188.317s] -- Symlinking: /home/floks/ros2_ws/install/robot_localization/include/robot_localization/robot_localization/srv/detail/set_datum__builder.hpp
[188.329s] -- Symlinking: /home/floks/ros2_ws/install/robot_localization/include/robot_localization/robot_localization/srv/detail/set_datum__struct.hpp
[188.341s] -- Symlinking: /home/floks/ros2_ws/install/robot_localization/include/robot_localization/robot_localization/srv/detail/set_datum__traits.hpp
[188.352s] -- Symlinking: /home/floks/ros2_ws/install/robot_localization/include/robot_localization/robot_localization/srv/detail/set_pose__builder.hpp
[188.362s] -- Symlinking: /home/floks/ros2_ws/install/robot_localization/include/robot_localization/robot_localization/srv/detail/set_pose__struct.hpp
[188.375s] -- Symlinking: /home/floks/ros2_ws/install/robot_localization/include/robot_localization/robot_localization/srv/detail/set_pose__traits.hpp
[188.388s] -- Symlinking: /home/floks/ros2_ws/install/robot_localization/include/robot_localization/robot_localization/srv/detail/to_ll__builder.hpp
[188.399s] -- Symlinking: /home/floks/ros2_ws/install/robot_localization/include/robot_localization/robot_localization/srv/detail/to_ll__struct.hpp
[188.410s] -- Symlinking: /home/floks/ros2_ws/install/robot_localization/include/robot_localization/robot_localization/srv/detail/to_ll__traits.hpp
[188.422s] -- Symlinking: /home/floks/ros2_ws/install/robot_localization/include/robot_localization/robot_localization/srv/detail/toggle_filter_processing__builder.hpp
[188.433s] -- Symlinking: /home/floks/ros2_ws/install/robot_localization/include/robot_localization/robot_localization/srv/detail/toggle_filter_processing__struct.hpp
[188.444s] -- Symlinking: /home/floks/ros2_ws/install/robot_localization/include/robot_localization/robot_localization/srv/detail/toggle_filter_processing__traits.hpp
[188.454s] -- Symlinking: /home/floks/ros2_ws/install/robot_localization/include/robot_localization/robot_localization/srv/from_ll.hpp
[188.464s] -- Symlinking: /home/floks/ros2_ws/install/robot_localization/include/robot_localization/robot_localization/srv/get_state.hpp
[188.476s] -- Symlinking: /home/floks/ros2_ws/install/robot_localization/include/robot_localization/robot_localization/srv/set_datum.hpp
[188.489s] -- Symlinking: /home/floks/ros2_ws/install/robot_localization/include/robot_localization/robot_localization/srv/set_pose.hpp
[188.501s] -- Symlinking: /home/floks/ros2_ws/install/robot_localization/include/robot_localization/robot_localization/srv/to_ll.hpp
[188.512s] -- Symlinking: /home/floks/ros2_ws/install/robot_localization/include/robot_localization/robot_localization/srv/toggle_filter_processing.hpp
[188.524s] -- Symlinking: /home/floks/ros2_ws/install/robot_localization/include/robot_localization/robot_localization/msg/rosidl_typesupport_fastrtps_cpp__visibility_control.h
[188.534s] -- Symlinking: /home/floks/ros2_ws/install/robot_localization/include/robot_localization/robot_localization/srv/detail/from_ll__rosidl_typesupport_fastrtps_cpp.hpp
[188.544s] -- Symlinking: /home/floks/ros2_ws/install/robot_localization/include/robot_localization/robot_localization/srv/detail/get_state__rosidl_typesupport_fastrtps_cpp.hpp
[188.555s] -- Symlinking: /home/floks/ros2_ws/install/robot_localization/include/robot_localization/robot_localization/srv/detail/set_datum__rosidl_typesupport_fastrtps_cpp.hpp
[188.565s] -- Symlinking: /home/floks/ros2_ws/install/robot_localization/include/robot_localization/robot_localization/srv/detail/set_pose__rosidl_typesupport_fastrtps_cpp.hpp
[188.577s] -- Symlinking: /home/floks/ros2_ws/install/robot_localization/include/robot_localization/robot_localization/srv/detail/to_ll__rosidl_typesupport_fastrtps_cpp.hpp
[188.590s] -- Symlinking: /home/floks/ros2_ws/install/robot_localization/include/robot_localization/robot_localization/srv/detail/toggle_filter_processing__rosidl_typesupport_fastrtps_cpp.hpp
[188.602s] -- Symlinking: /home/floks/ros2_ws/install/robot_localization/include/robot_localization/robot_localization/msg/rosidl_typesupport_introspection_c__visibility_control.h
[188.612s] -- Symlinking: /home/floks/ros2_ws/install/robot_localization/include/robot_localization/robot_localization/srv/detail/from_ll__rosidl_typesupport_introspection_c.h
[188.623s] -- Symlinking: /home/floks/ros2_ws/install/robot_localization/include/robot_localization/robot_localization/srv/detail/get_state__rosidl_typesupport_introspection_c.h
[188.634s] -- Symlinking: /home/floks/ros2_ws/install/robot_localization/include/robot_localization/robot_localization/srv/detail/set_datum__rosidl_typesupport_introspection_c.h
[188.644s] -- Symlinking: /home/floks/ros2_ws/install/robot_localization/include/robot_localization/robot_localization/srv/detail/set_pose__rosidl_typesupport_introspection_c.h
[188.654s] -- Symlinking: /home/floks/ros2_ws/install/robot_localization/include/robot_localization/robot_localization/srv/detail/to_ll__rosidl_typesupport_introspection_c.h
[188.665s] -- Symlinking: /home/floks/ros2_ws/install/robot_localization/include/robot_localization/robot_localization/srv/detail/toggle_filter_processing__rosidl_typesupport_introspection_c.h
[188.679s] -- Symlinking: /home/floks/ros2_ws/install/robot_localization/include/robot_localization/robot_localization/srv/detail/from_ll__rosidl_typesupport_introspection_cpp.hpp
[188.691s] -- Symlinking: /home/floks/ros2_ws/install/robot_localization/include/robot_localization/robot_localization/srv/detail/get_state__rosidl_typesupport_introspection_cpp.hpp
[188.702s] -- Symlinking: /home/floks/ros2_ws/install/robot_localization/include/robot_localization/robot_localization/srv/detail/set_datum__rosidl_typesupport_introspection_cpp.hpp
[188.714s] -- Symlinking: /home/floks/ros2_ws/install/robot_localization/include/robot_localization/robot_localization/srv/detail/set_pose__rosidl_typesupport_introspection_cpp.hpp
[188.725s] -- Symlinking: /home/floks/ros2_ws/install/robot_localization/include/robot_localization/robot_localization/srv/detail/to_ll__rosidl_typesupport_introspection_cpp.hpp
[188.736s] -- Symlinking: /home/floks/ros2_ws/install/robot_localization/include/robot_localization/robot_localization/srv/detail/toggle_filter_processing__rosidl_typesupport_introspection_cpp.hpp
[188.748s] -- Symlinking: /home/floks/ros2_ws/install/robot_localization/share/robot_localization/environment/pythonpath.sh
[188.759s] -- Symlinking: /home/floks/ros2_ws/install/robot_localization/share/robot_localization/environment/pythonpath.dsv
[188.773s] -- Symlinking: /home/floks/ros2_ws/install/robot_localization/local/lib/python3.10/dist-packages/robot_localization-3.5.1-py3.10.egg-info/PKG-INFO
[188.786s] -- Symlinking: /home/floks/ros2_ws/install/robot_localization/local/lib/python3.10/dist-packages/robot_localization-3.5.1-py3.10.egg-info/SOURCES.txt
[188.798s] -- Symlinking: /home/floks/ros2_ws/install/robot_localization/local/lib/python3.10/dist-packages/robot_localization-3.5.1-py3.10.egg-info/dependency_links.txt
[188.809s] -- Symlinking: /home/floks/ros2_ws/install/robot_localization/local/lib/python3.10/dist-packages/robot_localization-3.5.1-py3.10.egg-info/top_level.txt
[188.822s] -- Symlinking: /home/floks/ros2_ws/install/robot_localization/local/lib/python3.10/dist-packages/robot_localization/__init__.py
[188.833s] -- Symlinking: /home/floks/ros2_ws/install/robot_localization/local/lib/python3.10/dist-packages/robot_localization/_robot_localization_s.ep.rosidl_typesupport_c.c
[188.844s] -- Symlinking: /home/floks/ros2_ws/install/robot_localization/local/lib/python3.10/dist-packages/robot_localization/_robot_localization_s.ep.rosidl_typesupport_fastrtps_c.c
[188.855s] -- Symlinking: /home/floks/ros2_ws/install/robot_localization/local/lib/python3.10/dist-packages/robot_localization/_robot_localization_s.ep.rosidl_typesupport_introspection_c.c
[188.866s] -- Symlinking: /home/floks/ros2_ws/install/robot_localization/local/lib/python3.10/dist-packages/robot_localization/librobot_localization__rosidl_generator_py.so
[188.879s] -- Symlinking: /home/floks/ros2_ws/install/robot_localization/local/lib/python3.10/dist-packages/robot_localization/robot_localization_s__rosidl_typesupport_c.cpython-310-x86_64-linux-gnu.so
[188.892s] -- Symlinking: /home/floks/ros2_ws/install/robot_localization/local/lib/python3.10/dist-packages/robot_localization/robot_localization_s__rosidl_typesupport_fastrtps_c.cpython-310-x86_64-linux-gnu.so
[188.903s] -- Symlinking: /home/floks/ros2_ws/install/robot_localization/local/lib/python3.10/dist-packages/robot_localization/robot_localization_s__rosidl_typesupport_introspection_c.cpython-310-x86_64-linux-gnu.so
[188.914s] -- Symlinking: /home/floks/ros2_ws/install/robot_localization/local/lib/python3.10/dist-packages/robot_localization/srv/__init__.py
[188.926s] -- Symlinking: /home/floks/ros2_ws/install/robot_localization/local/lib/python3.10/dist-packages/robot_localization/srv/_from_ll.py
[188.937s] -- Symlinking: /home/floks/ros2_ws/install/robot_localization/local/lib/python3.10/dist-packages/robot_localization/srv/_from_ll_s.c
[188.949s] -- Symlinking: /home/floks/ros2_ws/install/robot_localization/local/lib/python3.10/dist-packages/robot_localization/srv/_get_state.py
[188.960s] -- Symlinking: /home/floks/ros2_ws/install/robot_localization/local/lib/python3.10/dist-packages/robot_localization/srv/_get_state_s.c
[188.973s] -- Symlinking: /home/floks/ros2_ws/install/robot_localization/local/lib/python3.10/dist-packages/robot_localization/srv/_set_datum.py
[188.986s] -- Symlinking: /home/floks/ros2_ws/install/robot_localization/local/lib/python3.10/dist-packages/robot_localization/srv/_set_datum_s.c
[188.998s] -- Symlinking: /home/floks/ros2_ws/install/robot_localization/local/lib/python3.10/dist-packages/robot_localization/srv/_set_pose.py
[189.010s] -- Symlinking: /home/floks/ros2_ws/install/robot_localization/local/lib/python3.10/dist-packages/robot_localization/srv/_set_pose_s.c
[189.021s] -- Symlinking: /home/floks/ros2_ws/install/robot_localization/local/lib/python3.10/dist-packages/robot_localization/srv/_to_ll.py
[189.032s] -- Symlinking: /home/floks/ros2_ws/install/robot_localization/local/lib/python3.10/dist-packages/robot_localization/srv/_to_ll_s.c
[189.044s] -- Symlinking: /home/floks/ros2_ws/install/robot_localization/local/lib/python3.10/dist-packages/robot_localization/srv/_toggle_filter_processing.py
[189.055s] -- Symlinking: /home/floks/ros2_ws/install/robot_localization/local/lib/python3.10/dist-packages/robot_localization/srv/_toggle_filter_processing_s.c
[189.068s] -- Up-to-date symlink: /home/floks/ros2_ws/install/robot_localization/local/lib/python3.10/dist-packages/robot_localization/robot_localization_s__rosidl_typesupport_fastrtps_c.cpython-310-x86_64-linux-gnu.so
[189.068s] -- Up-to-date symlink: /home/floks/ros2_ws/install/robot_localization/local/lib/python3.10/dist-packages/robot_localization/robot_localization_s__rosidl_typesupport_introspection_c.cpython-310-x86_64-linux-gnu.so
[189.069s] -- Up-to-date symlink: /home/floks/ros2_ws/install/robot_localization/local/lib/python3.10/dist-packages/robot_localization/robot_localization_s__rosidl_typesupport_c.cpython-310-x86_64-linux-gnu.so
[189.070s] -- Symlinking: /home/floks/ros2_ws/install/robot_localization/share/robot_localization/srv/FromLL.idl
[189.084s] -- Symlinking: /home/floks/ros2_ws/install/robot_localization/share/robot_localization/srv/GetState.idl
[189.096s] -- Symlinking: /home/floks/ros2_ws/install/robot_localization/share/robot_localization/srv/SetDatum.idl
[189.108s] -- Symlinking: /home/floks/ros2_ws/install/robot_localization/share/robot_localization/srv/SetPose.idl
[189.119s] -- Symlinking: /home/floks/ros2_ws/install/robot_localization/share/robot_localization/srv/ToggleFilterProcessing.idl
[189.131s] -- Symlinking: /home/floks/ros2_ws/install/robot_localization/share/robot_localization/srv/ToLL.idl
[189.143s] -- Symlinking: /home/floks/ros2_ws/install/robot_localization/share/robot_localization/srv/FromLL.srv
[189.155s] -- Symlinking: /home/floks/ros2_ws/install/robot_localization/share/robot_localization/srv/FromLL_Request.msg
[189.166s] -- Symlinking: /home/floks/ros2_ws/install/robot_localization/share/robot_localization/srv/FromLL_Response.msg
[189.179s] -- Symlinking: /home/floks/ros2_ws/install/robot_localization/share/robot_localization/srv/GetState.srv
[189.192s] -- Symlinking: /home/floks/ros2_ws/install/robot_localization/share/robot_localization/srv/GetState_Request.msg
[189.203s] -- Symlinking: /home/floks/ros2_ws/install/robot_localization/share/robot_localization/srv/GetState_Response.msg
[189.215s] -- Symlinking: /home/floks/ros2_ws/install/robot_localization/share/robot_localization/srv/SetDatum.srv
[189.226s] -- Symlinking: /home/floks/ros2_ws/install/robot_localization/share/robot_localization/srv/SetDatum_Request.msg
[189.238s] -- Symlinking: /home/floks/ros2_ws/install/robot_localization/share/robot_localization/srv/SetDatum_Response.msg
[189.249s] -- Symlinking: /home/floks/ros2_ws/install/robot_localization/share/robot_localization/srv/SetPose.srv
[189.260s] -- Symlinking: /home/floks/ros2_ws/install/robot_localization/share/robot_localization/srv/SetPose_Request.msg
[189.273s] -- Symlinking: /home/floks/ros2_ws/install/robot_localization/share/robot_localization/srv/SetPose_Response.msg
[189.287s] -- Symlinking: /home/floks/ros2_ws/install/robot_localization/share/robot_localization/srv/ToggleFilterProcessing.srv
[189.299s] -- Symlinking: /home/floks/ros2_ws/install/robot_localization/share/robot_localization/srv/ToggleFilterProcessing_Request.msg
[189.310s] -- Symlinking: /home/floks/ros2_ws/install/robot_localization/share/robot_localization/srv/ToggleFilterProcessing_Response.msg
[189.321s] -- Symlinking: /home/floks/ros2_ws/install/robot_localization/share/robot_localization/srv/ToLL.srv
[189.333s] -- Symlinking: /home/floks/ros2_ws/install/robot_localization/share/robot_localization/srv/ToLL_Request.msg
[189.344s] -- Symlinking: /home/floks/ros2_ws/install/robot_localization/share/robot_localization/srv/ToLL_Response.msg
[189.356s] -- Symlinking: /home/floks/ros2_ws/install/robot_localization/lib/robot_localization/filter_base-test
[189.368s] -- Symlinking: /home/floks/ros2_ws/install/robot_localization/lib/robot_localization/test_filter_base_diagnostics_timestamps
[189.384s] -- Symlinking: /home/floks/ros2_ws/install/robot_localization/lib/robot_localization/test_ekf
[189.396s] -- Symlinking: /home/floks/ros2_ws/install/robot_localization/lib/robot_localization/test_ekf_localization_node_interfaces
[189.408s] -- Symlinking: /home/floks/ros2_ws/install/robot_localization/lib/robot_localization/test_ukf
[189.419s] -- Symlinking: /home/floks/ros2_ws/install/robot_localization/lib/robot_localization/test_ukf_localization_node_interfaces
[189.431s] -- Symlinking: /home/floks/ros2_ws/install/robot_localization/lib/robot_localization/test_robot_localization_estimator
[189.442s] -- Symlinking: /home/floks/ros2_ws/install/robot_localization/lib/robot_localization/test_navsat_conversions
[189.454s] -- Symlinking: /home/floks/ros2_ws/install/robot_localization/lib/robot_localization/test_ros_robot_localization_listener
[189.465s] -- Symlinking: /home/floks/ros2_ws/install/robot_localization/lib/robot_localization/test_ros_robot_localization_listener_publisher
[189.479s] -- Symlinking: /home/floks/ros2_ws/install/robot_localization/lib/robot_localization/navsat_transform_node
[189.492s] -- Symlinking: /home/floks/ros2_ws/install/robot_localization/lib/robot_localization/ekf_node
[189.503s] -- Symlinking: /home/floks/ros2_ws/install/robot_localization/lib/robot_localization/ukf_node
[189.513s] -- Symlinking: /home/floks/ros2_ws/install/robot_localization/lib/robot_localization/robot_localization_listener_node
[189.524s] -- Symlinking: /home/floks/ros2_ws/install/robot_localization/lib/librl_lib.so
[189.535s] -- Symlinking: /home/floks/ros2_ws/install/robot_localization/share/ament_index/resource_index/package_run_dependencies/robot_localization
[189.547s] -- Symlinking: /home/floks/ros2_ws/install/robot_localization/share/ament_index/resource_index/parent_prefix_path/robot_localization
[189.558s] -- Symlinking: /home/floks/ros2_ws/install/robot_localization/share/robot_localization/environment/ament_prefix_path.sh
[189.571s] -- Symlinking: /home/floks/ros2_ws/install/robot_localization/share/robot_localization/environment/ament_prefix_path.dsv
[189.585s] -- Symlinking: /home/floks/ros2_ws/install/robot_localization/share/robot_localization/environment/path.sh
[189.597s] -- Symlinking: /home/floks/ros2_ws/install/robot_localization/share/robot_localization/environment/path.dsv
[189.608s] -- Symlinking: /home/floks/ros2_ws/install/robot_localization/share/robot_localization/local_setup.bash
[189.620s] -- Symlinking: /home/floks/ros2_ws/install/robot_localization/share/robot_localization/local_setup.sh
[189.631s] -- Symlinking: /home/floks/ros2_ws/install/robot_localization/share/robot_localization/local_setup.zsh
[189.642s] -- Symlinking: /home/floks/ros2_ws/install/robot_localization/share/robot_localization/local_setup.dsv
[189.654s] -- Symlinking: /home/floks/ros2_ws/install/robot_localization/share/robot_localization/package.dsv
[189.665s] -- Symlinking: /home/floks/ros2_ws/install/robot_localization/share/ament_index/resource_index/packages/robot_localization
[189.677s] -- Symlinking: /home/floks/ros2_ws/install/robot_localization/share/robot_localization/cmake/rosidl_cmake-extras.cmake
[189.690s] -- Symlinking: /home/floks/ros2_ws/install/robot_localization/share/robot_localization/cmake/ament_cmake_export_dependencies-extras.cmake
[189.701s] -- Symlinking: /home/floks/ros2_ws/install/robot_localization/share/robot_localization/cmake/ament_cmake_export_include_directories-extras.cmake
[189.713s] -- Symlinking: /home/floks/ros2_ws/install/robot_localization/share/robot_localization/cmake/ament_cmake_export_libraries-extras.cmake
[189.725s] -- Symlinking: /home/floks/ros2_ws/install/robot_localization/share/robot_localization/cmake/ament_cmake_export_targets-extras.cmake
[189.736s] -- Symlinking: /home/floks/ros2_ws/install/robot_localization/share/robot_localization/cmake/rosidl_cmake_export_typesupport_targets-extras.cmake
[189.748s] -- Symlinking: /home/floks/ros2_ws/install/robot_localization/share/robot_localization/cmake/rosidl_cmake_export_typesupport_libraries-extras.cmake
[189.760s] -- Symlinking: /home/floks/ros2_ws/install/robot_localization/share/robot_localization/cmake/robot_localizationConfig.cmake
[189.772s] -- Symlinking: /home/floks/ros2_ws/install/robot_localization/share/robot_localization/cmake/robot_localizationConfig-version.cmake
[189.786s] -- Symlinking: /home/floks/ros2_ws/install/robot_localization/share/robot_localization/package.xml
[189.797s] -- Installing: /home/floks/ros2_ws/install/robot_localization/lib/librobot_localization__rosidl_generator_c.so
[189.798s] -- Set runtime path of "/home/floks/ros2_ws/install/robot_localization/lib/librobot_localization__rosidl_generator_c.so" to ""
[189.798s] -- Installing: /home/floks/ros2_ws/install/robot_localization/lib/librobot_localization__rosidl_typesupport_fastrtps_c.so
[189.799s] -- Set runtime path of "/home/floks/ros2_ws/install/robot_localization/lib/librobot_localization__rosidl_typesupport_fastrtps_c.so" to ""
[189.799s] -- Installing: /home/floks/ros2_ws/install/robot_localization/lib/librobot_localization__rosidl_typesupport_fastrtps_cpp.so
[189.800s] -- Set runtime path of "/home/floks/ros2_ws/install/robot_localization/lib/librobot_localization__rosidl_typesupport_fastrtps_cpp.so" to ""
[189.800s] -- Installing: /home/floks/ros2_ws/install/robot_localization/lib/librobot_localization__rosidl_typesupport_introspection_c.so
[189.801s] -- Set runtime path of "/home/floks/ros2_ws/install/robot_localization/lib/librobot_localization__rosidl_typesupport_introspection_c.so" to ""
[189.801s] -- Installing: /home/floks/ros2_ws/install/robot_localization/lib/librobot_localization__rosidl_typesupport_c.so
[189.802s] -- Set runtime path of "/home/floks/ros2_ws/install/robot_localization/lib/librobot_localization__rosidl_typesupport_c.so" to ""
[189.802s] -- Installing: /home/floks/ros2_ws/install/robot_localization/lib/librobot_localization__rosidl_typesupport_introspection_cpp.so
[189.803s] -- Set runtime path of "/home/floks/ros2_ws/install/robot_localization/lib/librobot_localization__rosidl_typesupport_introspection_cpp.so" to ""
[189.803s] -- Installing: /home/floks/ros2_ws/install/robot_localization/lib/librobot_localization__rosidl_typesupport_cpp.so
[189.804s] -- Set runtime path of "/home/floks/ros2_ws/install/robot_localization/lib/librobot_localization__rosidl_typesupport_cpp.so" to ""
[189.866s] Listing '/home/floks/ros2_ws/install/robot_localization/local/lib/python3.10/dist-packages/robot_localization'...
[189.866s] Compiling '/home/floks/ros2_ws/install/robot_localization/local/lib/python3.10/dist-packages/robot_localization/__init__.py'...
[189.866s] Listing '/home/floks/ros2_ws/install/robot_localization/local/lib/python3.10/dist-packages/robot_localization/srv'...
[189.867s] Compiling '/home/floks/ros2_ws/install/robot_localization/local/lib/python3.10/dist-packages/robot_localization/srv/__init__.py'...
[189.867s] Compiling '/home/floks/ros2_ws/install/robot_localization/local/lib/python3.10/dist-packages/robot_localization/srv/_from_ll.py'...
[189.867s] Compiling '/home/floks/ros2_ws/install/robot_localization/local/lib/python3.10/dist-packages/robot_localization/srv/_get_state.py'...
[189.867s] Compiling '/home/floks/ros2_ws/install/robot_localization/local/lib/python3.10/dist-packages/robot_localization/srv/_set_datum.py'...
[189.867s] Compiling '/home/floks/ros2_ws/install/robot_localization/local/lib/python3.10/dist-packages/robot_localization/srv/_set_pose.py'...
[189.867s] Compiling '/home/floks/ros2_ws/install/robot_localization/local/lib/python3.10/dist-packages/robot_localization/srv/_to_ll.py'...
[189.867s] Compiling '/home/floks/ros2_ws/install/robot_localization/local/lib/python3.10/dist-packages/robot_localization/srv/_toggle_filter_processing.py'...
[189.874s] -- Installing: /home/floks/ros2_ws/install/robot_localization/lib/librobot_localization__rosidl_generator_py.so
[189.875s] -- Set runtime path of "/home/floks/ros2_ws/install/robot_localization/lib/librobot_localization__rosidl_generator_py.so" to ""
[189.875s] -- Installing: /home/floks/ros2_ws/install/robot_localization/share/robot_localization/test
[189.876s] -- Installing: /home/floks/ros2_ws/install/robot_localization/share/robot_localization/test/test_ekf_localization_node_bag2.sh
[189.876s] -- Installing: /home/floks/ros2_ws/install/robot_localization/share/robot_localization/test/test_ekf_localization_node_interfaces.cpp
[189.876s] -- Installing: /home/floks/ros2_ws/install/robot_localization/share/robot_localization/test/test_ekf_localization_node_interfaces.launch.py
[189.876s] -- Installing: /home/floks/ros2_ws/install/robot_localization/share/robot_localization/test/test_filter_base_diagnostics_timestamps.cpp
[189.877s] -- Installing: /home/floks/ros2_ws/install/robot_localization/share/robot_localization/test/test_robot_localization_estimator.launch.py
[189.877s] -- Installing: /home/floks/ros2_ws/install/robot_localization/share/robot_localization/test/test_ekf_localization_node_bag3.yaml
[189.877s] -- Installing: /home/floks/ros2_ws/install/robot_localization/share/robot_localization/test/test_filter_base_diagnostics_timestamps.yaml
[189.878s] -- Installing: /home/floks/ros2_ws/install/robot_localization/share/robot_localization/test/test_ukf_localization_node_bag3.sh
[189.878s] -- Installing: /home/floks/ros2_ws/install/robot_localization/share/robot_localization/test/test_ekf_localization_node_bag2.launch.py
[189.878s] -- Installing: /home/floks/ros2_ws/install/robot_localization/share/robot_localization/test/test_robot_localization_estimator.cpp
[189.878s] -- Installing: /home/floks/ros2_ws/install/robot_localization/share/robot_localization/test/test_ukf_localization_node_bag1.sh
[189.879s] -- Installing: /home/floks/ros2_ws/install/robot_localization/share/robot_localization/test/test_navsat_conversions.cpp
[189.879s] -- Installing: /home/floks/ros2_ws/install/robot_localization/share/robot_localization/test/test_filter_base_diagnostics_timestamps.launch.py
[189.879s] -- Installing: /home/floks/ros2_ws/install/robot_localization/share/robot_localization/test/test_ros_robot_localization_listener.yaml
[189.880s] -- Installing: /home/floks/ros2_ws/install/robot_localization/share/robot_localization/test/test_ukf_localization_node_bag1.yaml
[189.880s] -- Installing: /home/floks/ros2_ws/install/robot_localization/share/robot_localization/test/test_ukf_localization_node_bag2.yaml
[189.881s] -- Installing: /home/floks/ros2_ws/install/robot_localization/share/robot_localization/test/test_ekf.cpp
[189.881s] -- Installing: /home/floks/ros2_ws/install/robot_localization/share/robot_localization/test/test2.bag
[189.883s] -- Installing: /home/floks/ros2_ws/install/robot_localization/share/robot_localization/test/test_ekf_localization_node_bag3.launch.py
[189.883s] -- Installing: /home/floks/ros2_ws/install/robot_localization/share/robot_localization/test/test_ukf_localization_node_interfaces.cpp
[189.884s] -- Installing: /home/floks/ros2_ws/install/robot_localization/share/robot_localization/test/test_ukf_localization_node_interfaces.yaml
[189.884s] -- Installing: /home/floks/ros2_ws/install/robot_localization/share/robot_localization/test/test_ekf_localization_node_bag1.yaml
[189.884s] -- Installing: /home/floks/ros2_ws/install/robot_localization/share/robot_localization/test/test_ros_robot_localization_listener_publisher.cpp
[189.884s] -- Installing: /home/floks/ros2_ws/install/robot_localization/share/robot_localization/test/test_ukf.cpp
[189.885s] -- Installing: /home/floks/ros2_ws/install/robot_localization/share/robot_localization/test/test_ekf_localization_node_bag2.yaml
[189.885s] -- Installing: /home/floks/ros2_ws/install/robot_localization/share/robot_localization/test/test_ros_robot_localization_listener.cpp
[189.885s] -- Installing: /home/floks/ros2_ws/install/robot_localization/share/robot_localization/test/test_ukf_localization_node_bag2.launch.py
[189.886s] -- Installing: /home/floks/ros2_ws/install/robot_localization/share/robot_localization/test/test1.bag
[189.889s] -- Installing: /home/floks/ros2_ws/install/robot_localization/share/robot_localization/test/test_filter_base.cpp
[189.889s] -- Installing: /home/floks/ros2_ws/install/robot_localization/share/robot_localization/test/test_ekf_localization_node_bag3.sh
[189.889s] -- Installing: /home/floks/ros2_ws/install/robot_localization/share/robot_localization/test/test_ukf_localization_node_bag3.yaml
[189.889s] -- Installing: /home/floks/ros2_ws/install/robot_localization/share/robot_localization/test/test_ukf_localization_node_bag3.launch.py
[189.890s] -- Installing: /home/floks/ros2_ws/install/robot_localization/share/robot_localization/test/test_ukf_localization_node_bag1.launch.py
[189.890s] -- Installing: /home/floks/ros2_ws/install/robot_localization/share/robot_localization/test/test3.bag
[189.931s] -- Installing: /home/floks/ros2_ws/install/robot_localization/share/robot_localization/test/test_ekf_localization_node_bag1.launch.py
[189.931s] -- Installing: /home/floks/ros2_ws/install/robot_localization/share/robot_localization/test/test_ros_robot_localization_listener.launch.py
[189.932s] -- Installing: /home/floks/ros2_ws/install/robot_localization/share/robot_localization/test/test_ekf_localization_node_bag1.sh
[189.932s] -- Installing: /home/floks/ros2_ws/install/robot_localization/share/robot_localization/test/test_localization_node_bag_pose_tester.cpp
[189.932s] -- Installing: /home/floks/ros2_ws/install/robot_localization/share/robot_localization/test/test_ekf_localization_node_interfaces.yaml
[189.932s] -- Installing: /home/floks/ros2_ws/install/robot_localization/share/robot_localization/test/test_ukf_localization_node_interfaces.launch.py
[189.933s] -- Installing: /home/floks/ros2_ws/install/robot_localization/share/robot_localization/test/test_ukf_localization_node_bag2.sh
[189.933s] -- Up-to-date: /home/floks/ros2_ws/install/robot_localization/include/robot_localization
[189.933s] -- Up-to-date: /home/floks/ros2_ws/install/robot_localization/include/robot_localization/robot_localization
[189.933s] -- Installing: /home/floks/ros2_ws/install/robot_localization/include/robot_localization/robot_localization/filter_common.hpp
[189.934s] -- Installing: /home/floks/ros2_ws/install/robot_localization/include/robot_localization/robot_localization/ros_filter_utilities.hpp
[189.934s] -- Installing: /home/floks/ros2_ws/install/robot_localization/include/robot_localization/robot_localization/navsat_transform.hpp
[189.934s] -- Installing: /home/floks/ros2_ws/install/robot_localization/include/robot_localization/robot_localization/measurement.hpp
[189.934s] -- Installing: /home/floks/ros2_ws/install/robot_localization/include/robot_localization/robot_localization/ros_robot_localization_listener.hpp
[189.935s] -- Installing: /home/floks/ros2_ws/install/robot_localization/include/robot_localization/robot_localization/filter_state.hpp
[189.935s] -- Installing: /home/floks/ros2_ws/install/robot_localization/include/robot_localization/robot_localization/ros_filter.hpp
[189.935s] -- Installing: /home/floks/ros2_ws/install/robot_localization/include/robot_localization/robot_localization/ukf.hpp
[189.936s] -- Installing: /home/floks/ros2_ws/install/robot_localization/include/robot_localization/robot_localization/filter_utilities.hpp
[189.936s] -- Installing: /home/floks/ros2_ws/install/robot_localization/include/robot_localization/robot_localization/navsat_conversions.hpp
[189.936s] -- Installing: /home/floks/ros2_ws/install/robot_localization/include/robot_localization/robot_localization/ros_filter_types.hpp
[189.936s] -- Installing: /home/floks/ros2_ws/install/robot_localization/include/robot_localization/robot_localization/filter_base.hpp
[189.937s] -- Installing: /home/floks/ros2_ws/install/robot_localization/include/robot_localization/robot_localization/ekf.hpp
[189.937s] -- Installing: /home/floks/ros2_ws/install/robot_localization/include/robot_localization/robot_localization/robot_localization_estimator.hpp
[189.937s] -- Installing: /home/floks/ros2_ws/install/robot_localization/share/robot_localization/params
[189.938s] -- Installing: /home/floks/ros2_ws/install/robot_localization/share/robot_localization/params/ekf.yaml
[189.938s] -- Installing: /home/floks/ros2_ws/install/robot_localization/share/robot_localization/params/ukf.yaml
[189.938s] -- Installing: /home/floks/ros2_ws/install/robot_localization/share/robot_localization/params/navsat_transform.yaml
[189.939s] -- Installing: /home/floks/ros2_ws/install/robot_localization/share/robot_localization/params/dual_ekf_navsat_example.yaml
[189.939s] -- Installing: /home/floks/ros2_ws/install/robot_localization/share/robot_localization/launch
[189.939s] -- Installing: /home/floks/ros2_ws/install/robot_localization/share/robot_localization/launch/dual_ekf_navsat_example.launch.py
[189.939s] -- Installing: /home/floks/ros2_ws/install/robot_localization/share/robot_localization/launch/navsat_transform.launch.py
[189.940s] -- Installing: /home/floks/ros2_ws/install/robot_localization/share/robot_localization/launch/ekf.launch.py
[189.940s] -- Installing: /home/floks/ros2_ws/install/robot_localization/share/robot_localization/launch/ukf.launch.py
[189.941s] -- Installing: /home/floks/ros2_ws/install/robot_localization/share/robot_localization/cmake/export_robot_localization__rosidl_generator_cExport.cmake
[189.941s] -- Installing: /home/floks/ros2_ws/install/robot_localization/share/robot_localization/cmake/export_robot_localization__rosidl_generator_cExport-release.cmake
[189.941s] -- Installing: /home/floks/ros2_ws/install/robot_localization/share/robot_localization/cmake/export_robot_localization__rosidl_typesupport_fastrtps_cExport.cmake
[189.942s] -- Installing: /home/floks/ros2_ws/install/robot_localization/share/robot_localization/cmake/export_robot_localization__rosidl_typesupport_fastrtps_cExport-release.cmake
[189.942s] -- Installing: /home/floks/ros2_ws/install/robot_localization/share/robot_localization/cmake/export_robot_localization__rosidl_generator_cppExport.cmake
[189.942s] -- Installing: /home/floks/ros2_ws/install/robot_localization/share/robot_localization/cmake/export_robot_localization__rosidl_typesupport_fastrtps_cppExport.cmake
[189.943s] -- Installing: /home/floks/ros2_ws/install/robot_localization/share/robot_localization/cmake/export_robot_localization__rosidl_typesupport_fastrtps_cppExport-release.cmake
[189.943s] -- Installing: /home/floks/ros2_ws/install/robot_localization/share/robot_localization/cmake/robot_localization__rosidl_typesupport_introspection_cExport.cmake
[189.943s] -- Installing: /home/floks/ros2_ws/install/robot_localization/share/robot_localization/cmake/robot_localization__rosidl_typesupport_introspection_cExport-release.cmake
[189.944s] -- Installing: /home/floks/ros2_ws/install/robot_localization/share/robot_localization/cmake/robot_localization__rosidl_typesupport_cExport.cmake
[189.944s] -- Installing: /home/floks/ros2_ws/install/robot_localization/share/robot_localization/cmake/robot_localization__rosidl_typesupport_cExport-release.cmake
[189.944s] -- Installing: /home/floks/ros2_ws/install/robot_localization/share/robot_localization/cmake/robot_localization__rosidl_typesupport_introspection_cppExport.cmake
[189.945s] -- Installing: /home/floks/ros2_ws/install/robot_localization/share/robot_localization/cmake/robot_localization__rosidl_typesupport_introspection_cppExport-release.cmake
[189.945s] -- Installing: /home/floks/ros2_ws/install/robot_localization/share/robot_localization/cmake/robot_localization__rosidl_typesupport_cppExport.cmake
[189.945s] -- Installing: /home/floks/ros2_ws/install/robot_localization/share/robot_localization/cmake/robot_localization__rosidl_typesupport_cppExport-release.cmake
[189.946s] -- Installing: /home/floks/ros2_ws/install/robot_localization/share/robot_localization/cmake/export_robot_localization__rosidl_generator_pyExport.cmake
[189.946s] -- Installing: /home/floks/ros2_ws/install/robot_localization/share/robot_localization/cmake/export_robot_localization__rosidl_generator_pyExport-release.cmake
[189.961s] Invoked command in '/home/floks/ros2_ws/build/robot_localization' returned '0': CMAKE_PREFIX_PATH=/opt/ros/humble /usr/bin/cmake --install /home/floks/ros2_ws/build/robot_localization
