[2.019s] Invoking command in '/workspaces/isaac_ros-dev/ros_ws/Software_Kipp/description': PYTHONPATH=/workspaces/isaac_ros-dev/ros_ws/Software_Kipp/build/description/prefix_override:/workspaces/isaac_ros-dev/ros_ws/Software_Kipp/install/description/lib/python3.8/site-packages:${PYTHONPATH} /usr/bin/python3 setup.py egg_info --egg-base ../build/description build --build-base /workspaces/isaac_ros-dev/ros_ws/Software_Kipp/build/description/build install --record /workspaces/isaac_ros-dev/ros_ws/Software_Kipp/build/description/install.log --single-version-externally-managed
[2.636s] running egg_info
[2.659s] writing ../build/description/description.egg-info/PKG-INFO
[2.659s] writing dependency_links to ../build/description/description.egg-info/dependency_links.txt
[2.662s] writing requirements to ../build/description/description.egg-info/requires.txt
[2.662s] writing top-level names to ../build/description/description.egg-info/top_level.txt
[2.706s] reading manifest file '../build/description/description.egg-info/SOURCES.txt'
[2.708s] writing manifest file '../build/description/description.egg-info/SOURCES.txt'
[2.708s] running build
[2.708s] running build_py
[2.709s] running install
[2.717s] running install_lib
[2.739s] running install_data
[2.760s] copying meshes/link_5.STL -> /workspaces/isaac_ros-dev/ros_ws/Software_Kipp/install/description/share/description/meshes/
[2.767s] copying meshes/link_3.STL -> /workspaces/isaac_ros-dev/ros_ws/Software_Kipp/install/description/share/description/meshes/
[2.785s] copying meshes/link_4.STL -> /workspaces/isaac_ros-dev/ros_ws/Software_Kipp/install/description/share/description/meshes/
[2.805s] running install_egg_info
[2.829s] removing '/workspaces/isaac_ros-dev/ros_ws/Software_Kipp/install/description/lib/python3.8/site-packages/description-0.0.0-py3.8.egg-info' (and everything under it)
[2.830s] Copying ../build/description/description.egg-info to /workspaces/isaac_ros-dev/ros_ws/Software_Kipp/install/description/lib/python3.8/site-packages/description-0.0.0-py3.8.egg-info
[2.831s] running install_scripts
[2.946s] writing list of installed files to '/workspaces/isaac_ros-dev/ros_ws/Software_Kipp/build/description/install.log'
[3.044s] Invoked command in '/workspaces/isaac_ros-dev/ros_ws/Software_Kipp/description' returned '0': PYTHONPATH=/workspaces/isaac_ros-dev/ros_ws/Software_Kipp/build/description/prefix_override:/workspaces/isaac_ros-dev/ros_ws/Software_Kipp/install/description/lib/python3.8/site-packages:${PYTHONPATH} /usr/bin/python3 setup.py egg_info --egg-base ../build/description build --build-base /workspaces/isaac_ros-dev/ros_ws/Software_Kipp/build/description/build install --record /workspaces/isaac_ros-dev/ros_ws/Software_Kipp/build/description/install.log --single-version-externally-managed
