[0.890s] Invoking command in '/home/indy/Desktop/Software_Kipp/rover_description': PYTHONPATH=/home/indy/Desktop/Software_Kipp/build/rover_description/prefix_override:/home/indy/Desktop/Software_Kipp/install/rover_description/lib/python3.10/site-packages:${PYTHONPATH} /usr/bin/python3 setup.py egg_info --egg-base ../build/rover_description build --build-base /home/indy/Desktop/Software_Kipp/build/rover_description/build install --record /home/indy/Desktop/Software_Kipp/build/rover_description/install.log --single-version-externally-managed
[1.186s] running egg_info
[1.186s] creating ../build/rover_description/rover_description.egg-info
[1.186s] writing ../build/rover_description/rover_description.egg-info/PKG-INFO
[1.186s] writing dependency_links to ../build/rover_description/rover_description.egg-info/dependency_links.txt
[1.186s] writing entry points to ../build/rover_description/rover_description.egg-info/entry_points.txt
[1.186s] writing requirements to ../build/rover_description/rover_description.egg-info/requires.txt
[1.186s] writing top-level names to ../build/rover_description/rover_description.egg-info/top_level.txt
[1.186s] writing manifest file '../build/rover_description/rover_description.egg-info/SOURCES.txt'
[1.186s] reading manifest file '../build/rover_description/rover_description.egg-info/SOURCES.txt'
[1.186s] writing manifest file '../build/rover_description/rover_description.egg-info/SOURCES.txt'
[1.186s] running build
[1.186s] running build_py
[1.187s] creating /home/indy/Desktop/Software_Kipp/build/rover_description/build
[1.187s] creating /home/indy/Desktop/Software_Kipp/build/rover_description/build/lib
[1.187s] creating /home/indy/Desktop/Software_Kipp/build/rover_description/build/lib/rover_description
[1.187s] copying rover_description/__init__.py -> /home/indy/Desktop/Software_Kipp/build/rover_description/build/lib/rover_description
[1.187s] running install
[1.187s] running install_lib
[1.187s] creating /home/indy/Desktop/Software_Kipp/install/rover_description/lib/python3.10/site-packages/rover_description
[1.187s] copying /home/indy/Desktop/Software_Kipp/build/rover_description/build/lib/rover_description/__init__.py -> /home/indy/Desktop/Software_Kipp/install/rover_description/lib/python3.10/site-packages/rover_description
[1.187s] byte-compiling /home/indy/Desktop/Software_Kipp/install/rover_description/lib/python3.10/site-packages/rover_description/__init__.py to __init__.cpython-310.pyc
[1.188s] running install_data
[1.188s] creating /home/indy/Desktop/Software_Kipp/install/rover_description/share/ament_index
[1.188s] creating /home/indy/Desktop/Software_Kipp/install/rover_description/share/ament_index/resource_index
[1.188s] creating /home/indy/Desktop/Software_Kipp/install/rover_description/share/ament_index/resource_index/packages
[1.188s] copying resource/rover_description -> /home/indy/Desktop/Software_Kipp/install/rover_description/share/ament_index/resource_index/packages
[1.188s] copying package.xml -> /home/indy/Desktop/Software_Kipp/install/rover_description/share/rover_description
[1.188s] creating /home/indy/Desktop/Software_Kipp/install/rover_description/share/rover_description/URDF
[1.188s] creating /home/indy/Desktop/Software_Kipp/install/rover_description/share/rover_description/URDF/Components
[1.189s] copying URDF/Components/wheel.xacro.urdf -> /home/indy/Desktop/Software_Kipp/install/rover_description/share/rover_description/URDF/Components
[1.189s] copying URDF/Components/rocker.xacro.urdf -> /home/indy/Desktop/Software_Kipp/install/rover_description/share/rover_description/URDF/Components
[1.189s] copying URDF/Components/bogie.xacro.urdf -> /home/indy/Desktop/Software_Kipp/install/rover_description/share/rover_description/URDF/Components
[1.189s] running install_egg_info
[1.190s] Copying ../build/rover_description/rover_description.egg-info to /home/indy/Desktop/Software_Kipp/install/rover_description/lib/python3.10/site-packages/rover_description-1.0.0-py3.10.egg-info
[1.190s] running install_scripts
[1.204s] writing list of installed files to '/home/indy/Desktop/Software_Kipp/build/rover_description/install.log'
[1.226s] Invoked command in '/home/indy/Desktop/Software_Kipp/rover_description' returned '0': PYTHONPATH=/home/indy/Desktop/Software_Kipp/build/rover_description/prefix_override:/home/indy/Desktop/Software_Kipp/install/rover_description/lib/python3.10/site-packages:${PYTHONPATH} /usr/bin/python3 setup.py egg_info --egg-base ../build/rover_description build --build-base /home/indy/Desktop/Software_Kipp/build/rover_description/build install --record /home/indy/Desktop/Software_Kipp/build/rover_description/install.log --single-version-externally-managed
