[0.009s] Invoking command in '/home/indy/Desktop/Software_Kipp/build/interfaces': /usr/bin/cmake /home/indy/Desktop/Software_Kipp/interfaces -DCMAKE_INSTALL_PREFIX=/home/indy/Desktop/Software_Kipp/install/interfaces
[0.182s] -- The C compiler identification is GNU 11.4.0
[0.284s] -- The CXX compiler identification is GNU 11.4.0
[0.292s] -- Detecting C compiler ABI info
[0.361s] -- Detecting C compiler ABI info - done
[0.364s] -- Check for working C compiler: /usr/bin/cc - skipped
[0.365s] -- Detecting C compile features
[0.366s] -- Detecting C compile features - done
[0.367s] -- Detecting CXX compiler ABI info
[0.427s] -- Detecting CXX compiler ABI info - done
[0.431s] -- Check for working CXX compiler: /usr/bin/c++ - skipped
[0.431s] -- Detecting CXX compile features
[0.431s] -- Detecting CXX compile features - done
[0.437s] -- Found ament_cmake: 1.3.5 (/opt/ros/humble/share/ament_cmake/cmake)
[0.572s] -- Found Python3: /usr/bin/python3.10 (found version "3.10.12") found components: Interpreter 
[0.678s] -- Found std_msgs: 4.2.3 (/opt/ros/humble/share/std_msgs/cmake)
[0.746s] -- Found rosidl_generator_c: 3.1.5 (/opt/ros/humble/share/rosidl_generator_c/cmake)
[0.751s] -- Found rosidl_adapter: 3.1.5 (/opt/ros/humble/share/rosidl_adapter/cmake)
[0.759s] -- Found rosidl_generator_cpp: 3.1.5 (/opt/ros/humble/share/rosidl_generator_cpp/cmake)
[0.771s] -- Using all available rosidl_typesupport_c: rosidl_typesupport_fastrtps_c;rosidl_typesupport_introspection_c
[0.785s] -- Using all available rosidl_typesupport_cpp: rosidl_typesupport_fastrtps_cpp;rosidl_typesupport_introspection_cpp
[0.833s] -- Found rosidl_default_generators: 1.2.0 (/opt/ros/humble/share/rosidl_default_generators/cmake)
[0.949s] Error parsing '/home/indy/Desktop/Software_Kipp/interfaces/package.xml':
[0.980s] Traceback (most recent call last):
[0.980s]   File "/opt/ros/humble/share/ament_cmake_core/cmake/core/package_xml_2_cmake.py", line 150, in <module>
[0.980s]     main()
[0.980s]   File "/opt/ros/humble/share/ament_cmake_core/cmake/core/package_xml_2_cmake.py", line 53, in main
[0.980s]     raise e
[0.980s]   File "/opt/ros/humble/share/ament_cmake_core/cmake/core/package_xml_2_cmake.py", line 49, in main
[0.980s]     package = parse_package_string(
[0.980s]   File "/usr/lib/python3/dist-packages/catkin_pkg/package.py", line 788, in parse_package_string
[0.981s]     pkg.validate(warnings=warnings)
[0.981s]   File "/usr/lib/python3/dist-packages/catkin_pkg/package.py", line 330, in validate
[0.981s]     raise InvalidPackage('\n'.join(errors), self.filename)
[0.981s] catkin_pkg.package.InvalidPackage: Error(s) in package '/home/indy/Desktop/Software_Kipp/interfaces/package.xml':
[0.981s] Invalid email "=" for person "indy"
[0.989s] [31mCMake Error at /opt/ros/humble/share/ament_cmake_core/cmake/core/ament_package_xml.cmake:95 (message):
[0.989s]   execute_process(/usr/bin/python3.10
[0.989s]   /opt/ros/humble/share/ament_cmake_core/cmake/core/package_xml_2_cmake.py
[0.990s]   /home/indy/Desktop/Software_Kipp/interfaces/package.xml
[0.990s]   /home/indy/Desktop/Software_Kipp/build/interfaces/ament_cmake_core/package.cmake)
[0.990s]   returned error code 1
[0.990s] Call Stack (most recent call first):
[0.990s]   /opt/ros/humble/share/ament_cmake_core/cmake/core/ament_package_xml.cmake:49 (_ament_package_xml)
[0.990s]   /opt/ros/humble/share/rosidl_cmake/cmake/rosidl_generate_interfaces.cmake:226 (ament_package_xml)
[0.990s]   CMakeLists.txt:17 (rosidl_generate_interfaces)
[0.990s] 
[0.990s] [0m
[0.990s] -- Configuring incomplete, errors occurred!
[0.990s] See also "/home/indy/Desktop/Software_Kipp/build/interfaces/CMakeFiles/CMakeOutput.log".
[0.995s] Invoked command in '/home/indy/Desktop/Software_Kipp/build/interfaces' returned '1': /usr/bin/cmake /home/indy/Desktop/Software_Kipp/interfaces -DCMAKE_INSTALL_PREFIX=/home/indy/Desktop/Software_Kipp/install/interfaces
