[0.010s] Invoking command in '/home/indy/Desktop/Software_Kipp/build/interfaces': CMAKE_PREFIX_PATH=${CMAKE_PREFIX_PATH}:/home/indy/Desktop/Software_2023/install/teleop:/home/indy/Desktop/Software_2023/install/ros_can:/home/indy/Desktop/Software_2023/install/description:/opt/ros/humble /usr/bin/cmake /home/indy/Desktop/Software_Kipp/interfaces -DCMAKE_INSTALL_PREFIX=/home/indy/Desktop/Software_Kipp/install/interfaces
[0.042s] -- Found ament_cmake: 1.3.5 (/opt/ros/humble/share/ament_cmake/cmake)
[0.146s] -- Found std_msgs: 4.2.3 (/opt/ros/humble/share/std_msgs/cmake)
[0.162s] -- Found rosidl_generator_c: 3.1.5 (/opt/ros/humble/share/rosidl_generator_c/cmake)
[0.163s] -- Found rosidl_adapter: 3.1.5 (/opt/ros/humble/share/rosidl_adapter/cmake)
[0.166s] -- Found rosidl_generator_cpp: 3.1.5 (/opt/ros/humble/share/rosidl_generator_cpp/cmake)
[0.171s] -- Using all available rosidl_typesupport_c: rosidl_typesupport_fastrtps_c;rosidl_typesupport_introspection_c
[0.179s] -- Using all available rosidl_typesupport_cpp: rosidl_typesupport_fastrtps_cpp;rosidl_typesupport_introspection_cpp
[0.218s] -- Found rosidl_default_generators: 1.2.0 (/opt/ros/humble/share/rosidl_default_generators/cmake)
[0.414s] -- Found ament_cmake_ros: 0.10.0 (/opt/ros/humble/share/ament_cmake_ros/cmake)
[0.677s] -- Using all available rosidl_typesupport_c: rosidl_typesupport_fastrtps_c;rosidl_typesupport_introspection_c
[0.772s] -- Using all available rosidl_typesupport_cpp: rosidl_typesupport_fastrtps_cpp;rosidl_typesupport_introspection_cpp
[0.786s] -- Found PythonInterp: /usr/bin/python3 (found suitable version "3.10.12", minimum required is "3.6") 
[0.788s] -- Found python_cmake_module: 0.10.0 (/opt/ros/humble/share/python_cmake_module/cmake)
[0.804s] -- Found PythonLibs: /usr/lib/aarch64-linux-gnu/libpython3.10.so (found suitable version "3.10.12", minimum required is "3.5") 
[0.804s] -- Using PYTHON_EXECUTABLE: /usr/bin/python3
[0.804s] -- Using PYTHON_INCLUDE_DIRS: /usr/include/python3.10
[0.804s] -- Using PYTHON_LIBRARIES: /usr/lib/aarch64-linux-gnu/libpython3.10.so
[0.825s] -- Found PythonExtra: .so  
[0.866s] -- Found ament_lint_auto: 0.12.7 (/opt/ros/humble/share/ament_lint_auto/cmake)
[0.896s] -- Added test 'lint_cmake' to check CMake code style
[0.897s] -- Added test 'xmllint' to check XML markup files
[0.904s] -- Configuring done
[0.925s] -- Generating done
[0.927s] -- Build files have been written to: /home/indy/Desktop/Software_Kipp/build/interfaces
[0.933s] Invoked command in '/home/indy/Desktop/Software_Kipp/build/interfaces' returned '0': CMAKE_PREFIX_PATH=${CMAKE_PREFIX_PATH}:/home/indy/Desktop/Software_2023/install/teleop:/home/indy/Desktop/Software_2023/install/ros_can:/home/indy/Desktop/Software_2023/install/description:/opt/ros/humble /usr/bin/cmake /home/indy/Desktop/Software_Kipp/interfaces -DCMAKE_INSTALL_PREFIX=/home/indy/Desktop/Software_Kipp/install/interfaces
[0.934s] Invoking command in '/home/indy/Desktop/Software_Kipp/build/interfaces': CMAKE_PREFIX_PATH=${CMAKE_PREFIX_PATH}:/home/indy/Desktop/Software_2023/install/teleop:/home/indy/Desktop/Software_2023/install/ros_can:/home/indy/Desktop/Software_2023/install/description:/opt/ros/humble /usr/bin/cmake --build /home/indy/Desktop/Software_Kipp/build/interfaces -- -j5 -l5
[0.962s] [  3%] [34m[1mGenerating C code for ROS interfaces[0m
[0.970s] [  6%] [34m[1mGenerating C++ code for ROS interfaces[0m
[0.979s] [  6%] Built target ament_cmake_python_copy_interfaces
[1.144s] [  6%] Built target interfaces__cpp
[1.152s] [  9%] [34m[1mGenerating C++ type support dispatch for ROS interfaces[0m
[1.156s] [ 12%] [34m[1mGenerating C++ introspection for ROS interfaces[0m
[1.158s] running egg_info
[1.158s] creating interfaces.egg-info
[1.158s] writing interfaces.egg-info/PKG-INFO
[1.158s] writing dependency_links to interfaces.egg-info/dependency_links.txt
[1.158s] writing top-level names to interfaces.egg-info/top_level.txt
[1.159s] writing manifest file 'interfaces.egg-info/SOURCES.txt'
[1.164s] reading manifest file 'interfaces.egg-info/SOURCES.txt'
[1.165s] writing manifest file 'interfaces.egg-info/SOURCES.txt'
[1.176s] [ 16%] [34m[1mGenerating C++ type support for eProsima Fast-RTPS[0m
[1.198s] [ 16%] Built target ament_cmake_python_build_interfaces_egg
[1.250s] [ 19%] [32mBuilding C object CMakeFiles/interfaces__rosidl_generator_c.dir/rosidl_generator_c/interfaces/msg/detail/rover_command__functions.c.o[0m
[1.337s] [ 22%] [32mBuilding CXX object CMakeFiles/interfaces__rosidl_typesupport_cpp.dir/rosidl_typesupport_cpp/interfaces/msg/rover_command__type_support.cpp.o[0m
[1.344s] [ 25%] [32m[1mLinking C shared library libinterfaces__rosidl_generator_c.so[0m
[1.360s] [ 29%] [32mBuilding CXX object CMakeFiles/interfaces__rosidl_typesupport_introspection_cpp.dir/rosidl_typesupport_introspection_cpp/interfaces/msg/detail/rover_command__type_support.cpp.o[0m
[1.385s] [ 29%] Built target interfaces__rosidl_generator_c
[1.393s] [ 32%] [34m[1mGenerating C introspection for ROS interfaces[0m
[1.394s] [ 35%] [34m[1mGenerating C type support for eProsima Fast-RTPS[0m
[1.438s] [ 38%] [32mBuilding CXX object CMakeFiles/interfaces__rosidl_typesupport_fastrtps_cpp.dir/rosidl_typesupport_fastrtps_cpp/interfaces/msg/detail/dds_fastrtps/rover_command__type_support.cpp.o[0m
[1.633s] [ 41%] [32mBuilding CXX object CMakeFiles/interfaces__rosidl_typesupport_fastrtps_c.dir/rosidl_typesupport_fastrtps_c/interfaces/msg/detail/rover_command__type_support_c.cpp.o[0m
[1.725s] [ 45%] [32mBuilding C object CMakeFiles/interfaces__rosidl_typesupport_introspection_c.dir/rosidl_typesupport_introspection_c/interfaces/msg/detail/rover_command__type_support.c.o[0m
[1.792s] [ 48%] [32m[1mLinking CXX shared library libinterfaces__rosidl_typesupport_cpp.so[0m
[1.829s] [ 51%] [32m[1mLinking C shared library libinterfaces__rosidl_typesupport_introspection_c.so[0m
[1.845s] [ 54%] [32m[1mLinking CXX shared library libinterfaces__rosidl_typesupport_introspection_cpp.so[0m
[1.878s] [ 54%] Built target interfaces__rosidl_typesupport_introspection_c
[1.886s] [ 58%] [32m[1mLinking CXX shared library libinterfaces__rosidl_typesupport_fastrtps_c.so[0m
[1.898s] [ 61%] [34m[1mGenerating C type support dispatch for ROS interfaces[0m
[1.900s] [ 64%] [32m[1mLinking CXX shared library libinterfaces__rosidl_typesupport_fastrtps_cpp.so[0m
[1.909s] [ 64%] Built target interfaces__rosidl_typesupport_cpp
[1.917s] [ 64%] Built target interfaces__rosidl_typesupport_introspection_cpp
[1.968s] [ 64%] Built target interfaces__rosidl_typesupport_fastrtps_cpp
[1.988s] [ 64%] Built target interfaces__rosidl_typesupport_fastrtps_c
[2.071s] [ 67%] [32mBuilding CXX object CMakeFiles/interfaces__rosidl_typesupport_c.dir/rosidl_typesupport_c/interfaces/msg/rover_command__type_support.cpp.o[0m
[2.097s] [ 70%] [32m[1mLinking CXX shared library libinterfaces__rosidl_typesupport_c.so[0m
[2.139s] [ 70%] Built target interfaces__rosidl_typesupport_c
[2.153s] [ 70%] Built target interfaces
[2.174s] [ 74%] [34m[1mGenerating Python code for ROS interfaces[0m
[2.423s] [ 74%] Built target interfaces__py
[2.455s] [ 77%] [32mBuilding C object CMakeFiles/interfaces__rosidl_generator_py.dir/rosidl_generator_py/interfaces/msg/_rover_command_s.c.o[0m
[2.566s] [ 80%] [32m[1mLinking C shared library rosidl_generator_py/interfaces/libinterfaces__rosidl_generator_py.so[0m
[2.592s] [ 80%] Built target interfaces__rosidl_generator_py
[2.606s] [ 83%] [32mBuilding C object CMakeFiles/interfaces__rosidl_typesupport_fastrtps_c__pyext.dir/rosidl_generator_py/interfaces/_interfaces_s.ep.rosidl_typesupport_fastrtps_c.c.o[0m
[2.606s] [ 87%] [32mBuilding C object CMakeFiles/interfaces__rosidl_typesupport_introspection_c__pyext.dir/rosidl_generator_py/interfaces/_interfaces_s.ep.rosidl_typesupport_introspection_c.c.o[0m
[2.610s] [ 90%] [32mBuilding C object CMakeFiles/interfaces__rosidl_typesupport_c__pyext.dir/rosidl_generator_py/interfaces/_interfaces_s.ep.rosidl_typesupport_c.c.o[0m
[2.679s] [ 93%] [32m[1mLinking C shared library rosidl_generator_py/interfaces/interfaces_s__rosidl_typesupport_fastrtps_c.cpython-310-aarch64-linux-gnu.so[0m
[2.680s] [ 96%] [32m[1mLinking C shared library rosidl_generator_py/interfaces/interfaces_s__rosidl_typesupport_introspection_c.cpython-310-aarch64-linux-gnu.so[0m
[2.692s] [100%] [32m[1mLinking C shared library rosidl_generator_py/interfaces/interfaces_s__rosidl_typesupport_c.cpython-310-aarch64-linux-gnu.so[0m
[2.704s] [100%] Built target interfaces__rosidl_typesupport_introspection_c__pyext
[2.710s] [100%] Built target interfaces__rosidl_typesupport_fastrtps_c__pyext
[2.716s] [100%] Built target interfaces__rosidl_typesupport_c__pyext
[2.731s] Invoked command in '/home/indy/Desktop/Software_Kipp/build/interfaces' returned '0': CMAKE_PREFIX_PATH=${CMAKE_PREFIX_PATH}:/home/indy/Desktop/Software_2023/install/teleop:/home/indy/Desktop/Software_2023/install/ros_can:/home/indy/Desktop/Software_2023/install/description:/opt/ros/humble /usr/bin/cmake --build /home/indy/Desktop/Software_Kipp/build/interfaces -- -j5 -l5
[2.793s] Invoking command in '/home/indy/Desktop/Software_Kipp/build/interfaces': CMAKE_PREFIX_PATH=${CMAKE_PREFIX_PATH}:/home/indy/Desktop/Software_2023/install/teleop:/home/indy/Desktop/Software_2023/install/ros_can:/home/indy/Desktop/Software_2023/install/description:/opt/ros/humble /usr/bin/cmake --install /home/indy/Desktop/Software_Kipp/build/interfaces
[2.798s] -- Install configuration: ""
[2.798s] -- Installing: /home/indy/Desktop/Software_Kipp/install/interfaces/share/ament_index/resource_index/rosidl_interfaces/interfaces
[2.798s] -- Installing: /home/indy/Desktop/Software_Kipp/install/interfaces/include/interfaces/interfaces
[2.798s] -- Installing: /home/indy/Desktop/Software_Kipp/install/interfaces/include/interfaces/interfaces/msg
[2.798s] -- Installing: /home/indy/Desktop/Software_Kipp/install/interfaces/include/interfaces/interfaces/msg/rosidl_generator_c__visibility_control.h
[2.799s] -- Installing: /home/indy/Desktop/Software_Kipp/install/interfaces/include/interfaces/interfaces/msg/detail
[2.799s] -- Installing: /home/indy/Desktop/Software_Kipp/install/interfaces/include/interfaces/interfaces/msg/detail/rover_command__type_support.h
[2.799s] -- Installing: /home/indy/Desktop/Software_Kipp/install/interfaces/include/interfaces/interfaces/msg/detail/rover_command__functions.h
[2.799s] -- Installing: /home/indy/Desktop/Software_Kipp/install/interfaces/include/interfaces/interfaces/msg/detail/rover_command__functions.c
[2.799s] -- Installing: /home/indy/Desktop/Software_Kipp/install/interfaces/include/interfaces/interfaces/msg/detail/rover_command__struct.h
[2.799s] -- Installing: /home/indy/Desktop/Software_Kipp/install/interfaces/include/interfaces/interfaces/msg/rover_command.h
[2.799s] -- Installing: /home/indy/Desktop/Software_Kipp/install/interfaces/share/interfaces/environment/library_path.sh
[2.801s] -- Installing: /home/indy/Desktop/Software_Kipp/install/interfaces/share/interfaces/environment/library_path.dsv
[2.801s] -- Installing: /home/indy/Desktop/Software_Kipp/install/interfaces/lib/libinterfaces__rosidl_generator_c.so
[2.801s] -- Set runtime path of "/home/indy/Desktop/Software_Kipp/install/interfaces/lib/libinterfaces__rosidl_generator_c.so" to ""
[2.802s] -- Up-to-date: /home/indy/Desktop/Software_Kipp/install/interfaces/include/interfaces/interfaces
[2.802s] -- Up-to-date: /home/indy/Desktop/Software_Kipp/install/interfaces/include/interfaces/interfaces/msg
[2.802s] -- Installing: /home/indy/Desktop/Software_Kipp/install/interfaces/include/interfaces/interfaces/msg/rosidl_typesupport_fastrtps_c__visibility_control.h
[2.802s] -- Up-to-date: /home/indy/Desktop/Software_Kipp/install/interfaces/include/interfaces/interfaces/msg/detail
[2.802s] -- Installing: /home/indy/Desktop/Software_Kipp/install/interfaces/include/interfaces/interfaces/msg/detail/rover_command__rosidl_typesupport_fastrtps_c.h
[2.802s] -- Installing: /home/indy/Desktop/Software_Kipp/install/interfaces/lib/libinterfaces__rosidl_typesupport_fastrtps_c.so
[2.802s] -- Set runtime path of "/home/indy/Desktop/Software_Kipp/install/interfaces/lib/libinterfaces__rosidl_typesupport_fastrtps_c.so" to ""
[2.802s] -- Up-to-date: /home/indy/Desktop/Software_Kipp/install/interfaces/include/interfaces/interfaces
[2.802s] -- Up-to-date: /home/indy/Desktop/Software_Kipp/install/interfaces/include/interfaces/interfaces/msg
[2.802s] -- Installing: /home/indy/Desktop/Software_Kipp/install/interfaces/include/interfaces/interfaces/msg/rover_command.hpp
[2.802s] -- Up-to-date: /home/indy/Desktop/Software_Kipp/install/interfaces/include/interfaces/interfaces/msg/detail
[2.802s] -- Installing: /home/indy/Desktop/Software_Kipp/install/interfaces/include/interfaces/interfaces/msg/detail/rover_command__struct.hpp
[2.802s] -- Installing: /home/indy/Desktop/Software_Kipp/install/interfaces/include/interfaces/interfaces/msg/detail/rover_command__builder.hpp
[2.802s] -- Installing: /home/indy/Desktop/Software_Kipp/install/interfaces/include/interfaces/interfaces/msg/detail/rover_command__traits.hpp
[2.802s] -- Up-to-date: /home/indy/Desktop/Software_Kipp/install/interfaces/include/interfaces/interfaces
[2.802s] -- Up-to-date: /home/indy/Desktop/Software_Kipp/install/interfaces/include/interfaces/interfaces/msg
[2.802s] -- Installing: /home/indy/Desktop/Software_Kipp/install/interfaces/include/interfaces/interfaces/msg/rosidl_typesupport_fastrtps_cpp__visibility_control.h
[2.802s] -- Up-to-date: /home/indy/Desktop/Software_Kipp/install/interfaces/include/interfaces/interfaces/msg/detail
[2.802s] -- Installing: /home/indy/Desktop/Software_Kipp/install/interfaces/include/interfaces/interfaces/msg/detail/dds_fastrtps
[2.802s] -- Installing: /home/indy/Desktop/Software_Kipp/install/interfaces/include/interfaces/interfaces/msg/detail/rover_command__rosidl_typesupport_fastrtps_cpp.hpp
[2.802s] -- Installing: /home/indy/Desktop/Software_Kipp/install/interfaces/lib/libinterfaces__rosidl_typesupport_fastrtps_cpp.so
[2.802s] -- Set runtime path of "/home/indy/Desktop/Software_Kipp/install/interfaces/lib/libinterfaces__rosidl_typesupport_fastrtps_cpp.so" to ""
[2.802s] -- Up-to-date: /home/indy/Desktop/Software_Kipp/install/interfaces/include/interfaces/interfaces
[2.802s] -- Up-to-date: /home/indy/Desktop/Software_Kipp/install/interfaces/include/interfaces/interfaces/msg
[2.802s] -- Installing: /home/indy/Desktop/Software_Kipp/install/interfaces/include/interfaces/interfaces/msg/rosidl_typesupport_introspection_c__visibility_control.h
[2.802s] -- Up-to-date: /home/indy/Desktop/Software_Kipp/install/interfaces/include/interfaces/interfaces/msg/detail
[2.802s] -- Installing: /home/indy/Desktop/Software_Kipp/install/interfaces/include/interfaces/interfaces/msg/detail/rover_command__rosidl_typesupport_introspection_c.h
[2.802s] -- Installing: /home/indy/Desktop/Software_Kipp/install/interfaces/include/interfaces/interfaces/msg/detail/rover_command__type_support.c
[2.802s] -- Installing: /home/indy/Desktop/Software_Kipp/install/interfaces/lib/libinterfaces__rosidl_typesupport_introspection_c.so
[2.803s] -- Set runtime path of "/home/indy/Desktop/Software_Kipp/install/interfaces/lib/libinterfaces__rosidl_typesupport_introspection_c.so" to ""
[2.803s] -- Installing: /home/indy/Desktop/Software_Kipp/install/interfaces/lib/libinterfaces__rosidl_typesupport_c.so
[2.803s] -- Set runtime path of "/home/indy/Desktop/Software_Kipp/install/interfaces/lib/libinterfaces__rosidl_typesupport_c.so" to ""
[2.803s] -- Up-to-date: /home/indy/Desktop/Software_Kipp/install/interfaces/include/interfaces/interfaces
[2.803s] -- Up-to-date: /home/indy/Desktop/Software_Kipp/install/interfaces/include/interfaces/interfaces/msg
[2.803s] -- Up-to-date: /home/indy/Desktop/Software_Kipp/install/interfaces/include/interfaces/interfaces/msg/detail
[2.803s] -- Installing: /home/indy/Desktop/Software_Kipp/install/interfaces/include/interfaces/interfaces/msg/detail/rover_command__type_support.cpp
[2.803s] -- Installing: /home/indy/Desktop/Software_Kipp/install/interfaces/include/interfaces/interfaces/msg/detail/rover_command__rosidl_typesupport_introspection_cpp.hpp
[2.803s] -- Installing: /home/indy/Desktop/Software_Kipp/install/interfaces/lib/libinterfaces__rosidl_typesupport_introspection_cpp.so
[2.803s] -- Set runtime path of "/home/indy/Desktop/Software_Kipp/install/interfaces/lib/libinterfaces__rosidl_typesupport_introspection_cpp.so" to ""
[2.803s] -- Installing: /home/indy/Desktop/Software_Kipp/install/interfaces/lib/libinterfaces__rosidl_typesupport_cpp.so
[2.803s] -- Set runtime path of "/home/indy/Desktop/Software_Kipp/install/interfaces/lib/libinterfaces__rosidl_typesupport_cpp.so" to ""
[2.803s] -- Installing: /home/indy/Desktop/Software_Kipp/install/interfaces/share/interfaces/environment/pythonpath.sh
[2.803s] -- Installing: /home/indy/Desktop/Software_Kipp/install/interfaces/share/interfaces/environment/pythonpath.dsv
[2.803s] -- Installing: /home/indy/Desktop/Software_Kipp/install/interfaces/local/lib/python3.10/dist-packages/interfaces-1.0.0-py3.10.egg-info
[2.803s] -- Installing: /home/indy/Desktop/Software_Kipp/install/interfaces/local/lib/python3.10/dist-packages/interfaces-1.0.0-py3.10.egg-info/SOURCES.txt
[2.803s] -- Installing: /home/indy/Desktop/Software_Kipp/install/interfaces/local/lib/python3.10/dist-packages/interfaces-1.0.0-py3.10.egg-info/PKG-INFO
[2.803s] -- Installing: /home/indy/Desktop/Software_Kipp/install/interfaces/local/lib/python3.10/dist-packages/interfaces-1.0.0-py3.10.egg-info/dependency_links.txt
[2.803s] -- Installing: /home/indy/Desktop/Software_Kipp/install/interfaces/local/lib/python3.10/dist-packages/interfaces-1.0.0-py3.10.egg-info/top_level.txt
[2.803s] -- Installing: /home/indy/Desktop/Software_Kipp/install/interfaces/local/lib/python3.10/dist-packages/interfaces
[2.803s] -- Installing: /home/indy/Desktop/Software_Kipp/install/interfaces/local/lib/python3.10/dist-packages/interfaces/interfaces_s__rosidl_typesupport_c.cpython-310-aarch64-linux-gnu.so
[2.803s] -- Installing: /home/indy/Desktop/Software_Kipp/install/interfaces/local/lib/python3.10/dist-packages/interfaces/_interfaces_s.ep.rosidl_typesupport_c.c
[2.803s] -- Installing: /home/indy/Desktop/Software_Kipp/install/interfaces/local/lib/python3.10/dist-packages/interfaces/__init__.py
[2.803s] -- Installing: /home/indy/Desktop/Software_Kipp/install/interfaces/local/lib/python3.10/dist-packages/interfaces/interfaces_s__rosidl_typesupport_introspection_c.cpython-310-aarch64-linux-gnu.so
[2.803s] -- Installing: /home/indy/Desktop/Software_Kipp/install/interfaces/local/lib/python3.10/dist-packages/interfaces/libinterfaces__rosidl_generator_py.so
[2.803s] -- Installing: /home/indy/Desktop/Software_Kipp/install/interfaces/local/lib/python3.10/dist-packages/interfaces/_interfaces_s.ep.rosidl_typesupport_fastrtps_c.c
[2.803s] -- Installing: /home/indy/Desktop/Software_Kipp/install/interfaces/local/lib/python3.10/dist-packages/interfaces/_interfaces_s.ep.rosidl_typesupport_introspection_c.c
[2.803s] -- Installing: /home/indy/Desktop/Software_Kipp/install/interfaces/local/lib/python3.10/dist-packages/interfaces/msg
[2.803s] -- Installing: /home/indy/Desktop/Software_Kipp/install/interfaces/local/lib/python3.10/dist-packages/interfaces/msg/_rover_command_s.c
[2.803s] -- Installing: /home/indy/Desktop/Software_Kipp/install/interfaces/local/lib/python3.10/dist-packages/interfaces/msg/__init__.py
[2.803s] -- Installing: /home/indy/Desktop/Software_Kipp/install/interfaces/local/lib/python3.10/dist-packages/interfaces/msg/_rover_command.py
[2.803s] -- Installing: /home/indy/Desktop/Software_Kipp/install/interfaces/local/lib/python3.10/dist-packages/interfaces/interfaces_s__rosidl_typesupport_fastrtps_c.cpython-310-aarch64-linux-gnu.so
[2.831s] Listing '/home/indy/Desktop/Software_Kipp/install/interfaces/local/lib/python3.10/dist-packages/interfaces'...
[2.831s] Compiling '/home/indy/Desktop/Software_Kipp/install/interfaces/local/lib/python3.10/dist-packages/interfaces/__init__.py'...
[2.831s] Listing '/home/indy/Desktop/Software_Kipp/install/interfaces/local/lib/python3.10/dist-packages/interfaces/msg'...
[2.831s] Compiling '/home/indy/Desktop/Software_Kipp/install/interfaces/local/lib/python3.10/dist-packages/interfaces/msg/__init__.py'...
[2.831s] Compiling '/home/indy/Desktop/Software_Kipp/install/interfaces/local/lib/python3.10/dist-packages/interfaces/msg/_rover_command.py'...
[2.832s] -- Installing: /home/indy/Desktop/Software_Kipp/install/interfaces/local/lib/python3.10/dist-packages/interfaces/interfaces_s__rosidl_typesupport_fastrtps_c.cpython-310-aarch64-linux-gnu.so
[2.832s] -- Set runtime path of "/home/indy/Desktop/Software_Kipp/install/interfaces/local/lib/python3.10/dist-packages/interfaces/interfaces_s__rosidl_typesupport_fastrtps_c.cpython-310-aarch64-linux-gnu.so" to ""
[2.832s] -- Installing: /home/indy/Desktop/Software_Kipp/install/interfaces/local/lib/python3.10/dist-packages/interfaces/interfaces_s__rosidl_typesupport_introspection_c.cpython-310-aarch64-linux-gnu.so
[2.832s] -- Set runtime path of "/home/indy/Desktop/Software_Kipp/install/interfaces/local/lib/python3.10/dist-packages/interfaces/interfaces_s__rosidl_typesupport_introspection_c.cpython-310-aarch64-linux-gnu.so" to ""
[2.832s] -- Installing: /home/indy/Desktop/Software_Kipp/install/interfaces/local/lib/python3.10/dist-packages/interfaces/interfaces_s__rosidl_typesupport_c.cpython-310-aarch64-linux-gnu.so
[2.832s] -- Set runtime path of "/home/indy/Desktop/Software_Kipp/install/interfaces/local/lib/python3.10/dist-packages/interfaces/interfaces_s__rosidl_typesupport_c.cpython-310-aarch64-linux-gnu.so" to ""
[2.832s] -- Installing: /home/indy/Desktop/Software_Kipp/install/interfaces/lib/libinterfaces__rosidl_generator_py.so
[2.832s] -- Set runtime path of "/home/indy/Desktop/Software_Kipp/install/interfaces/lib/libinterfaces__rosidl_generator_py.so" to ""
[2.833s] -- Installing: /home/indy/Desktop/Software_Kipp/install/interfaces/share/interfaces/msg/RoverCommand.idl
[2.833s] -- Installing: /home/indy/Desktop/Software_Kipp/install/interfaces/share/interfaces/msg/RoverCommand.msg
[2.833s] -- Installing: /home/indy/Desktop/Software_Kipp/install/interfaces/share/ament_index/resource_index/package_run_dependencies/interfaces
[2.833s] -- Installing: /home/indy/Desktop/Software_Kipp/install/interfaces/share/ament_index/resource_index/parent_prefix_path/interfaces
[2.833s] -- Installing: /home/indy/Desktop/Software_Kipp/install/interfaces/share/interfaces/environment/ament_prefix_path.sh
[2.833s] -- Installing: /home/indy/Desktop/Software_Kipp/install/interfaces/share/interfaces/environment/ament_prefix_path.dsv
[2.833s] -- Installing: /home/indy/Desktop/Software_Kipp/install/interfaces/share/interfaces/environment/path.sh
[2.833s] -- Installing: /home/indy/Desktop/Software_Kipp/install/interfaces/share/interfaces/environment/path.dsv
[2.833s] -- Installing: /home/indy/Desktop/Software_Kipp/install/interfaces/share/interfaces/local_setup.bash
[2.833s] -- Installing: /home/indy/Desktop/Software_Kipp/install/interfaces/share/interfaces/local_setup.sh
[2.833s] -- Installing: /home/indy/Desktop/Software_Kipp/install/interfaces/share/interfaces/local_setup.zsh
[2.833s] -- Installing: /home/indy/Desktop/Software_Kipp/install/interfaces/share/interfaces/local_setup.dsv
[2.833s] -- Installing: /home/indy/Desktop/Software_Kipp/install/interfaces/share/interfaces/package.dsv
[2.834s] -- Installing: /home/indy/Desktop/Software_Kipp/install/interfaces/share/ament_index/resource_index/packages/interfaces
[2.834s] -- Installing: /home/indy/Desktop/Software_Kipp/install/interfaces/share/interfaces/cmake/export_interfaces__rosidl_generator_cExport.cmake
[2.834s] -- Installing: /home/indy/Desktop/Software_Kipp/install/interfaces/share/interfaces/cmake/export_interfaces__rosidl_generator_cExport-noconfig.cmake
[2.834s] -- Installing: /home/indy/Desktop/Software_Kipp/install/interfaces/share/interfaces/cmake/export_interfaces__rosidl_typesupport_fastrtps_cExport.cmake
[2.834s] -- Installing: /home/indy/Desktop/Software_Kipp/install/interfaces/share/interfaces/cmake/export_interfaces__rosidl_typesupport_fastrtps_cExport-noconfig.cmake
[2.834s] -- Installing: /home/indy/Desktop/Software_Kipp/install/interfaces/share/interfaces/cmake/export_interfaces__rosidl_generator_cppExport.cmake
[2.834s] -- Installing: /home/indy/Desktop/Software_Kipp/install/interfaces/share/interfaces/cmake/export_interfaces__rosidl_typesupport_fastrtps_cppExport.cmake
[2.834s] -- Installing: /home/indy/Desktop/Software_Kipp/install/interfaces/share/interfaces/cmake/export_interfaces__rosidl_typesupport_fastrtps_cppExport-noconfig.cmake
[2.834s] -- Installing: /home/indy/Desktop/Software_Kipp/install/interfaces/share/interfaces/cmake/interfaces__rosidl_typesupport_introspection_cExport.cmake
[2.834s] -- Installing: /home/indy/Desktop/Software_Kipp/install/interfaces/share/interfaces/cmake/interfaces__rosidl_typesupport_introspection_cExport-noconfig.cmake
[2.834s] -- Installing: /home/indy/Desktop/Software_Kipp/install/interfaces/share/interfaces/cmake/interfaces__rosidl_typesupport_cExport.cmake
[2.834s] -- Installing: /home/indy/Desktop/Software_Kipp/install/interfaces/share/interfaces/cmake/interfaces__rosidl_typesupport_cExport-noconfig.cmake
[2.835s] -- Installing: /home/indy/Desktop/Software_Kipp/install/interfaces/share/interfaces/cmake/interfaces__rosidl_typesupport_introspection_cppExport.cmake
[2.835s] -- Installing: /home/indy/Desktop/Software_Kipp/install/interfaces/share/interfaces/cmake/interfaces__rosidl_typesupport_introspection_cppExport-noconfig.cmake
[2.835s] -- Installing: /home/indy/Desktop/Software_Kipp/install/interfaces/share/interfaces/cmake/interfaces__rosidl_typesupport_cppExport.cmake
[2.835s] -- Installing: /home/indy/Desktop/Software_Kipp/install/interfaces/share/interfaces/cmake/interfaces__rosidl_typesupport_cppExport-noconfig.cmake
[2.835s] -- Installing: /home/indy/Desktop/Software_Kipp/install/interfaces/share/interfaces/cmake/export_interfaces__rosidl_generator_pyExport.cmake
[2.835s] -- Installing: /home/indy/Desktop/Software_Kipp/install/interfaces/share/interfaces/cmake/export_interfaces__rosidl_generator_pyExport-noconfig.cmake
[2.835s] -- Installing: /home/indy/Desktop/Software_Kipp/install/interfaces/share/interfaces/cmake/rosidl_cmake-extras.cmake
[2.835s] -- Installing: /home/indy/Desktop/Software_Kipp/install/interfaces/share/interfaces/cmake/ament_cmake_export_dependencies-extras.cmake
[2.835s] -- Installing: /home/indy/Desktop/Software_Kipp/install/interfaces/share/interfaces/cmake/ament_cmake_export_include_directories-extras.cmake
[2.835s] -- Installing: /home/indy/Desktop/Software_Kipp/install/interfaces/share/interfaces/cmake/ament_cmake_export_libraries-extras.cmake
[2.835s] -- Installing: /home/indy/Desktop/Software_Kipp/install/interfaces/share/interfaces/cmake/ament_cmake_export_targets-extras.cmake
[2.835s] -- Installing: /home/indy/Desktop/Software_Kipp/install/interfaces/share/interfaces/cmake/rosidl_cmake_export_typesupport_targets-extras.cmake
[2.836s] -- Installing: /home/indy/Desktop/Software_Kipp/install/interfaces/share/interfaces/cmake/rosidl_cmake_export_typesupport_libraries-extras.cmake
[2.836s] -- Installing: /home/indy/Desktop/Software_Kipp/install/interfaces/share/interfaces/cmake/interfacesConfig.cmake
[2.836s] -- Installing: /home/indy/Desktop/Software_Kipp/install/interfaces/share/interfaces/cmake/interfacesConfig-version.cmake
[2.836s] -- Installing: /home/indy/Desktop/Software_Kipp/install/interfaces/share/interfaces/package.xml
[2.837s] Invoked command in '/home/indy/Desktop/Software_Kipp/build/interfaces' returned '0': CMAKE_PREFIX_PATH=${CMAKE_PREFIX_PATH}:/home/indy/Desktop/Software_2023/install/teleop:/home/indy/Desktop/Software_2023/install/ros_can:/home/indy/Desktop/Software_2023/install/description:/opt/ros/humble /usr/bin/cmake --install /home/indy/Desktop/Software_Kipp/build/interfaces
