[0.258s] DEBUG:colcon:Command line arguments: ['/usr/bin/colcon', 'build']
[0.258s] DEBUG:colcon:Parsed command line arguments: Namespace(log_base=None, log_level=None, verb_name='build', build_base='build', install_base='install', merge_install=False, symlink_install=False, test_result_base=None, continue_on_error=False, executor='parallel', parallel_workers=5, event_handlers=None, ignore_user_meta=False, metas=['./colcon.meta'], base_paths=['.'], packages_ignore=None, packages_ignore_regex=None, paths=None, packages_up_to=None, packages_up_to_regex=None, packages_above=None, packages_above_and_dependencies=None, packages_above_depth=None, packages_select_by_dep=None, packages_skip_by_dep=None, packages_skip_up_to=None, packages_select_build_failed=False, packages_skip_build_finished=False, packages_select_test_failures=False, packages_skip_test_passed=False, packages_select=None, packages_skip=None, packages_select_regex=None, packages_skip_regex=None, packages_start=None, packages_end=None, allow_overriding=[], cmake_args=None, cmake_target=None, cmake_target_skip_unavailable=False, cmake_clean_cache=False, cmake_clean_first=False, cmake_force_configure=False, ament_cmake_args=None, catkin_cmake_args=None, catkin_skip_building_tests=False, mixin_files=None, mixin=None, verb_parser=<colcon_mixin.mixin.mixin_argument.MixinArgumentDecorator object at 0xffff95427400>, verb_extension=<colcon_core.verb.build.BuildVerb object at 0xffff95426d70>, main=<bound method BuildVerb.main of <colcon_core.verb.build.BuildVerb object at 0xffff95426d70>>, mixin_verb=('build',))
[0.270s] Level 1:colcon.colcon_core.package_discovery:discover_packages(colcon_meta) check parameters
[0.271s] Level 1:colcon.colcon_core.package_discovery:discover_packages(recursive) check parameters
[0.271s] Level 1:colcon.colcon_core.package_discovery:discover_packages(ignore) check parameters
[0.271s] Level 1:colcon.colcon_core.package_discovery:discover_packages(path) check parameters
[0.271s] Level 1:colcon.colcon_core.package_discovery:discover_packages(colcon_meta) discover
[0.271s] Level 1:colcon.colcon_core.package_discovery:discover_packages(recursive) discover
[0.271s] INFO:colcon.colcon_core.package_discovery:Crawling recursively for packages in '/home/indy/Desktop/Software_Kipp'
[0.271s] Level 1:colcon.colcon_core.package_identification:_identify(.) by extensions ['ignore', 'ignore_ament_install']
[0.271s] Level 1:colcon.colcon_core.package_identification:_identify(.) by extension 'ignore'
[0.271s] Level 1:colcon.colcon_core.package_identification:_identify(.) by extension 'ignore_ament_install'
[0.271s] Level 1:colcon.colcon_core.package_identification:_identify(.) by extensions ['colcon_pkg']
[0.271s] Level 1:colcon.colcon_core.package_identification:_identify(.) by extension 'colcon_pkg'
[0.271s] Level 1:colcon.colcon_core.package_identification:_identify(.) by extensions ['colcon_meta']
[0.271s] Level 1:colcon.colcon_core.package_identification:_identify(.) by extension 'colcon_meta'
[0.271s] Level 1:colcon.colcon_core.package_identification:_identify(.) by extensions ['ros']
[0.271s] Level 1:colcon.colcon_core.package_identification:_identify(.) by extension 'ros'
[0.277s] Level 1:colcon.colcon_core.package_identification:_identify(.) by extensions ['cmake', 'python']
[0.277s] Level 1:colcon.colcon_core.package_identification:_identify(.) by extension 'cmake'
[0.277s] Level 1:colcon.colcon_core.package_identification:_identify(.) by extension 'python'
[0.277s] Level 1:colcon.colcon_core.package_identification:_identify(.) by extensions ['python_setup_py']
[0.278s] Level 1:colcon.colcon_core.package_identification:_identify(.) by extension 'python_setup_py'
[0.278s] Level 1:colcon.colcon_core.package_identification:_identify(build) by extensions ['ignore', 'ignore_ament_install']
[0.278s] Level 1:colcon.colcon_core.package_identification:_identify(build) by extension 'ignore'
[0.278s] Level 1:colcon.colcon_core.package_identification:_identify(build) ignored
[0.278s] Level 1:colcon.colcon_core.package_identification:_identify(install) by extensions ['ignore', 'ignore_ament_install']
[0.278s] Level 1:colcon.colcon_core.package_identification:_identify(install) by extension 'ignore'
[0.278s] Level 1:colcon.colcon_core.package_identification:_identify(install) ignored
[0.278s] Level 1:colcon.colcon_core.package_identification:_identify(interfaces) by extensions ['ignore', 'ignore_ament_install']
[0.278s] Level 1:colcon.colcon_core.package_identification:_identify(interfaces) by extension 'ignore'
[0.278s] Level 1:colcon.colcon_core.package_identification:_identify(interfaces) by extension 'ignore_ament_install'
[0.278s] Level 1:colcon.colcon_core.package_identification:_identify(interfaces) by extensions ['colcon_pkg']
[0.278s] Level 1:colcon.colcon_core.package_identification:_identify(interfaces) by extension 'colcon_pkg'
[0.278s] Level 1:colcon.colcon_core.package_identification:_identify(interfaces) by extensions ['colcon_meta']
[0.278s] Level 1:colcon.colcon_core.package_identification:_identify(interfaces) by extension 'colcon_meta'
[0.278s] Level 1:colcon.colcon_core.package_identification:_identify(interfaces) by extensions ['ros']
[0.278s] Level 1:colcon.colcon_core.package_identification:_identify(interfaces) by extension 'ros'
[0.279s] DEBUG:colcon.colcon_core.package_identification:Package 'interfaces' with type 'ros.ament_cmake' and name 'interfaces'
[0.279s] Level 1:colcon.colcon_core.package_identification:_identify(log) by extensions ['ignore', 'ignore_ament_install']
[0.279s] Level 1:colcon.colcon_core.package_identification:_identify(log) by extension 'ignore'
[0.279s] Level 1:colcon.colcon_core.package_identification:_identify(log) ignored
[0.279s] Level 1:colcon.colcon_core.package_identification:_identify(rover_description) by extensions ['ignore', 'ignore_ament_install']
[0.279s] Level 1:colcon.colcon_core.package_identification:_identify(rover_description) by extension 'ignore'
[0.279s] Level 1:colcon.colcon_core.package_identification:_identify(rover_description) by extension 'ignore_ament_install'
[0.279s] Level 1:colcon.colcon_core.package_identification:_identify(rover_description) by extensions ['colcon_pkg']
[0.279s] Level 1:colcon.colcon_core.package_identification:_identify(rover_description) by extension 'colcon_pkg'
[0.279s] Level 1:colcon.colcon_core.package_identification:_identify(rover_description) by extensions ['colcon_meta']
[0.279s] Level 1:colcon.colcon_core.package_identification:_identify(rover_description) by extension 'colcon_meta'
[0.279s] Level 1:colcon.colcon_core.package_identification:_identify(rover_description) by extensions ['ros']
[0.279s] Level 1:colcon.colcon_core.package_identification:_identify(rover_description) by extension 'ros'
[0.279s] Level 1:colcon.colcon_core.package_identification:_identify(rover_description) by extensions ['cmake', 'python']
[0.279s] Level 1:colcon.colcon_core.package_identification:_identify(rover_description) by extension 'cmake'
[0.280s] Level 1:colcon.colcon_core.package_identification:_identify(rover_description) by extension 'python'
[0.280s] Level 1:colcon.colcon_core.package_identification:_identify(rover_description) by extensions ['python_setup_py']
[0.280s] Level 1:colcon.colcon_core.package_identification:_identify(rover_description) by extension 'python_setup_py'
[0.280s] Level 1:colcon.colcon_core.package_identification:_identify(rover_description/Meshes) by extensions ['ignore', 'ignore_ament_install']
[0.280s] Level 1:colcon.colcon_core.package_identification:_identify(rover_description/Meshes) by extension 'ignore'
[0.280s] Level 1:colcon.colcon_core.package_identification:_identify(rover_description/Meshes) by extension 'ignore_ament_install'
[0.280s] Level 1:colcon.colcon_core.package_identification:_identify(rover_description/Meshes) by extensions ['colcon_pkg']
[0.280s] Level 1:colcon.colcon_core.package_identification:_identify(rover_description/Meshes) by extension 'colcon_pkg'
[0.280s] Level 1:colcon.colcon_core.package_identification:_identify(rover_description/Meshes) by extensions ['colcon_meta']
[0.280s] Level 1:colcon.colcon_core.package_identification:_identify(rover_description/Meshes) by extension 'colcon_meta'
[0.280s] Level 1:colcon.colcon_core.package_identification:_identify(rover_description/Meshes) by extensions ['ros']
[0.280s] Level 1:colcon.colcon_core.package_identification:_identify(rover_description/Meshes) by extension 'ros'
[0.280s] Level 1:colcon.colcon_core.package_identification:_identify(rover_description/Meshes) by extensions ['cmake', 'python']
[0.280s] Level 1:colcon.colcon_core.package_identification:_identify(rover_description/Meshes) by extension 'cmake'
[0.280s] Level 1:colcon.colcon_core.package_identification:_identify(rover_description/Meshes) by extension 'python'
[0.280s] Level 1:colcon.colcon_core.package_identification:_identify(rover_description/Meshes) by extensions ['python_setup_py']
[0.280s] Level 1:colcon.colcon_core.package_identification:_identify(rover_description/Meshes) by extension 'python_setup_py'
[0.280s] Level 1:colcon.colcon_core.package_discovery:discover_packages(recursive) using defaults
[0.280s] Level 1:colcon.colcon_core.package_discovery:discover_packages(ignore) discover
[0.280s] Level 1:colcon.colcon_core.package_discovery:discover_packages(ignore) using defaults
[0.280s] Level 1:colcon.colcon_core.package_discovery:discover_packages(path) discover
[0.280s] Level 1:colcon.colcon_core.package_discovery:discover_packages(path) using defaults
[0.293s] Level 1:colcon.colcon_core.package_discovery:discover_packages(prefix_path) check parameters
[0.293s] Level 1:colcon.colcon_core.package_discovery:discover_packages(prefix_path) discover
[0.295s] DEBUG:colcon.colcon_installed_package_information.package_discovery:Found 4 installed packages in /home/indy/Desktop/Software_2023/install
[0.296s] DEBUG:colcon.colcon_installed_package_information.package_discovery:Found 362 installed packages in /opt/ros/humble
[0.297s] Level 1:colcon.colcon_core.package_discovery:discover_packages(prefix_path) using defaults
[0.334s] Level 5:colcon.colcon_core.verb:set package 'interfaces' build argument 'cmake_args' from command line to 'None'
[0.334s] Level 5:colcon.colcon_core.verb:set package 'interfaces' build argument 'cmake_target' from command line to 'None'
[0.334s] Level 5:colcon.colcon_core.verb:set package 'interfaces' build argument 'cmake_target_skip_unavailable' from command line to 'False'
[0.334s] Level 5:colcon.colcon_core.verb:set package 'interfaces' build argument 'cmake_clean_cache' from command line to 'False'
[0.334s] Level 5:colcon.colcon_core.verb:set package 'interfaces' build argument 'cmake_clean_first' from command line to 'False'
[0.334s] Level 5:colcon.colcon_core.verb:set package 'interfaces' build argument 'cmake_force_configure' from command line to 'False'
[0.334s] Level 5:colcon.colcon_core.verb:set package 'interfaces' build argument 'ament_cmake_args' from command line to 'None'
[0.334s] Level 5:colcon.colcon_core.verb:set package 'interfaces' build argument 'catkin_cmake_args' from command line to 'None'
[0.334s] Level 5:colcon.colcon_core.verb:set package 'interfaces' build argument 'catkin_skip_building_tests' from command line to 'False'
[0.334s] DEBUG:colcon.colcon_core.verb:Building package 'interfaces' with the following arguments: {'ament_cmake_args': None, 'build_base': '/home/indy/Desktop/Software_Kipp/build/interfaces', 'catkin_cmake_args': None, 'catkin_skip_building_tests': False, 'cmake_args': None, 'cmake_clean_cache': False, 'cmake_clean_first': False, 'cmake_force_configure': False, 'cmake_target': None, 'cmake_target_skip_unavailable': False, 'install_base': '/home/indy/Desktop/Software_Kipp/install/interfaces', 'merge_install': False, 'path': '/home/indy/Desktop/Software_Kipp/interfaces', 'symlink_install': False, 'test_result_base': None}
[0.334s] INFO:colcon.colcon_core.executor:Executing jobs using 'parallel' executor
[0.338s] DEBUG:colcon.colcon_parallel_executor.executor.parallel:run_until_complete
[0.338s] INFO:colcon.colcon_ros.task.ament_cmake.build:Building ROS package in '/home/indy/Desktop/Software_Kipp/interfaces' with build type 'ament_cmake'
[0.338s] INFO:colcon.colcon_cmake.task.cmake.build:Building CMake package in '/home/indy/Desktop/Software_Kipp/interfaces'
[0.341s] INFO:colcon.colcon_core.plugin_system:Skipping extension 'colcon_core.shell.bat': Not used on non-Windows systems
[0.341s] INFO:colcon.colcon_core.shell:Skip shell extension 'powershell' for command environment: Not usable outside of PowerShell
[0.341s] DEBUG:colcon.colcon_core.shell:Skip shell extension 'dsv' for command environment
[0.348s] DEBUG:colcon.colcon_core.event_handler.log_command:Invoking command in '/home/indy/Desktop/Software_Kipp/build/interfaces': CMAKE_PREFIX_PATH=${CMAKE_PREFIX_PATH}:/home/indy/Desktop/Software_2023/install/teleop:/home/indy/Desktop/Software_2023/install/ros_can:/home/indy/Desktop/Software_2023/install/description:/opt/ros/humble /usr/bin/cmake /home/indy/Desktop/Software_Kipp/interfaces -DCMAKE_INSTALL_PREFIX=/home/indy/Desktop/Software_Kipp/install/interfaces
[1.271s] DEBUG:colcon.colcon_core.event_handler.log_command:Invoked command in '/home/indy/Desktop/Software_Kipp/build/interfaces' returned '0': CMAKE_PREFIX_PATH=${CMAKE_PREFIX_PATH}:/home/indy/Desktop/Software_2023/install/teleop:/home/indy/Desktop/Software_2023/install/ros_can:/home/indy/Desktop/Software_2023/install/description:/opt/ros/humble /usr/bin/cmake /home/indy/Desktop/Software_Kipp/interfaces -DCMAKE_INSTALL_PREFIX=/home/indy/Desktop/Software_Kipp/install/interfaces
[1.272s] DEBUG:colcon.colcon_core.event_handler.log_command:Invoking command in '/home/indy/Desktop/Software_Kipp/build/interfaces': CMAKE_PREFIX_PATH=${CMAKE_PREFIX_PATH}:/home/indy/Desktop/Software_2023/install/teleop:/home/indy/Desktop/Software_2023/install/ros_can:/home/indy/Desktop/Software_2023/install/description:/opt/ros/humble /usr/bin/cmake --build /home/indy/Desktop/Software_Kipp/build/interfaces -- -j5 -l5
[3.069s] DEBUG:colcon.colcon_core.event_handler.log_command:Invoked command in '/home/indy/Desktop/Software_Kipp/build/interfaces' returned '0': CMAKE_PREFIX_PATH=${CMAKE_PREFIX_PATH}:/home/indy/Desktop/Software_2023/install/teleop:/home/indy/Desktop/Software_2023/install/ros_can:/home/indy/Desktop/Software_2023/install/description:/opt/ros/humble /usr/bin/cmake --build /home/indy/Desktop/Software_Kipp/build/interfaces -- -j5 -l5
[3.131s] DEBUG:colcon.colcon_core.event_handler.log_command:Invoking command in '/home/indy/Desktop/Software_Kipp/build/interfaces': CMAKE_PREFIX_PATH=${CMAKE_PREFIX_PATH}:/home/indy/Desktop/Software_2023/install/teleop:/home/indy/Desktop/Software_2023/install/ros_can:/home/indy/Desktop/Software_2023/install/description:/opt/ros/humble /usr/bin/cmake --install /home/indy/Desktop/Software_Kipp/build/interfaces
[3.175s] Level 1:colcon.colcon_core.environment:create_environment_scripts_only(interfaces)
[3.176s] DEBUG:colcon.colcon_core.event_handler.log_command:Invoked command in '/home/indy/Desktop/Software_Kipp/build/interfaces' returned '0': CMAKE_PREFIX_PATH=${CMAKE_PREFIX_PATH}:/home/indy/Desktop/Software_2023/install/teleop:/home/indy/Desktop/Software_2023/install/ros_can:/home/indy/Desktop/Software_2023/install/description:/opt/ros/humble /usr/bin/cmake --install /home/indy/Desktop/Software_Kipp/build/interfaces
[3.180s] Level 1:colcon.colcon_core.environment:checking '/home/indy/Desktop/Software_Kipp/install/interfaces' for CMake module files
[3.180s] Level 1:colcon.colcon_core.environment:checking '/home/indy/Desktop/Software_Kipp/install/interfaces' for CMake config files
[3.181s] Level 1:colcon.colcon_core.shell:create_environment_hook('interfaces', 'cmake_prefix_path')
[3.186s] INFO:colcon.colcon_core.shell:Creating environment hook '/home/indy/Desktop/Software_Kipp/install/interfaces/share/interfaces/hook/cmake_prefix_path.ps1'
[3.187s] INFO:colcon.colcon_core.shell:Creating environment descriptor '/home/indy/Desktop/Software_Kipp/install/interfaces/share/interfaces/hook/cmake_prefix_path.dsv'
[3.187s] INFO:colcon.colcon_core.shell:Creating environment hook '/home/indy/Desktop/Software_Kipp/install/interfaces/share/interfaces/hook/cmake_prefix_path.sh'
[3.187s] Level 1:colcon.colcon_core.environment:checking '/home/indy/Desktop/Software_Kipp/install/interfaces/lib'
[3.188s] Level 1:colcon.colcon_core.shell:create_environment_hook('interfaces', 'ld_library_path_lib')
[3.189s] INFO:colcon.colcon_core.shell:Creating environment hook '/home/indy/Desktop/Software_Kipp/install/interfaces/share/interfaces/hook/ld_library_path_lib.ps1'
[3.190s] INFO:colcon.colcon_core.shell:Creating environment descriptor '/home/indy/Desktop/Software_Kipp/install/interfaces/share/interfaces/hook/ld_library_path_lib.dsv'
[3.190s] INFO:colcon.colcon_core.shell:Creating environment hook '/home/indy/Desktop/Software_Kipp/install/interfaces/share/interfaces/hook/ld_library_path_lib.sh'
[3.190s] Level 1:colcon.colcon_core.environment:checking '/home/indy/Desktop/Software_Kipp/install/interfaces/bin'
[3.190s] Level 1:colcon.colcon_core.environment:checking '/home/indy/Desktop/Software_Kipp/install/interfaces/lib/pkgconfig/interfaces.pc'
[3.190s] Level 1:colcon.colcon_core.environment:checking '/home/indy/Desktop/Software_Kipp/install/interfaces/lib/python3.10/site-packages'
[3.190s] Level 1:colcon.colcon_core.environment:checking '/home/indy/Desktop/Software_Kipp/install/interfaces/bin'
[3.192s] INFO:colcon.colcon_core.shell:Creating package script '/home/indy/Desktop/Software_Kipp/install/interfaces/share/interfaces/package.ps1'
[3.192s] INFO:colcon.colcon_core.shell:Creating package descriptor '/home/indy/Desktop/Software_Kipp/install/interfaces/share/interfaces/package.dsv'
[3.193s] INFO:colcon.colcon_core.shell:Creating package script '/home/indy/Desktop/Software_Kipp/install/interfaces/share/interfaces/package.sh'
[3.193s] INFO:colcon.colcon_core.shell:Creating package script '/home/indy/Desktop/Software_Kipp/install/interfaces/share/interfaces/package.bash'
[3.193s] INFO:colcon.colcon_core.shell:Creating package script '/home/indy/Desktop/Software_Kipp/install/interfaces/share/interfaces/package.zsh'
[3.194s] Level 1:colcon.colcon_core.environment:create_file_with_runtime_dependencies(/home/indy/Desktop/Software_Kipp/install/interfaces/share/colcon-core/packages/interfaces)
[3.238s] Level 1:colcon.colcon_core.environment:create_environment_scripts_only(interfaces)
[3.240s] Level 1:colcon.colcon_core.environment:checking '/home/indy/Desktop/Software_Kipp/install/interfaces' for CMake module files
[3.240s] Level 1:colcon.colcon_core.environment:checking '/home/indy/Desktop/Software_Kipp/install/interfaces' for CMake config files
[3.241s] Level 1:colcon.colcon_core.shell:create_environment_hook('interfaces', 'cmake_prefix_path')
[3.242s] INFO:colcon.colcon_core.shell:Creating environment hook '/home/indy/Desktop/Software_Kipp/install/interfaces/share/interfaces/hook/cmake_prefix_path.ps1'
[3.242s] INFO:colcon.colcon_core.shell:Creating environment descriptor '/home/indy/Desktop/Software_Kipp/install/interfaces/share/interfaces/hook/cmake_prefix_path.dsv'
[3.242s] INFO:colcon.colcon_core.shell:Creating environment hook '/home/indy/Desktop/Software_Kipp/install/interfaces/share/interfaces/hook/cmake_prefix_path.sh'
[3.243s] Level 1:colcon.colcon_core.environment:checking '/home/indy/Desktop/Software_Kipp/install/interfaces/lib'
[3.243s] Level 1:colcon.colcon_core.shell:create_environment_hook('interfaces', 'ld_library_path_lib')
[3.244s] INFO:colcon.colcon_core.shell:Creating environment hook '/home/indy/Desktop/Software_Kipp/install/interfaces/share/interfaces/hook/ld_library_path_lib.ps1'
[3.244s] INFO:colcon.colcon_core.shell:Creating environment descriptor '/home/indy/Desktop/Software_Kipp/install/interfaces/share/interfaces/hook/ld_library_path_lib.dsv'
[3.244s] INFO:colcon.colcon_core.shell:Creating environment hook '/home/indy/Desktop/Software_Kipp/install/interfaces/share/interfaces/hook/ld_library_path_lib.sh'
[3.244s] Level 1:colcon.colcon_core.environment:checking '/home/indy/Desktop/Software_Kipp/install/interfaces/bin'
[3.244s] Level 1:colcon.colcon_core.environment:checking '/home/indy/Desktop/Software_Kipp/install/interfaces/lib/pkgconfig/interfaces.pc'
[3.244s] Level 1:colcon.colcon_core.environment:checking '/home/indy/Desktop/Software_Kipp/install/interfaces/lib/python3.10/site-packages'
[3.244s] Level 1:colcon.colcon_core.environment:checking '/home/indy/Desktop/Software_Kipp/install/interfaces/bin'
[3.246s] INFO:colcon.colcon_core.shell:Creating package script '/home/indy/Desktop/Software_Kipp/install/interfaces/share/interfaces/package.ps1'
[3.246s] INFO:colcon.colcon_core.shell:Creating package descriptor '/home/indy/Desktop/Software_Kipp/install/interfaces/share/interfaces/package.dsv'
[3.246s] INFO:colcon.colcon_core.shell:Creating package script '/home/indy/Desktop/Software_Kipp/install/interfaces/share/interfaces/package.sh'
[3.247s] INFO:colcon.colcon_core.shell:Creating package script '/home/indy/Desktop/Software_Kipp/install/interfaces/share/interfaces/package.bash'
[3.247s] INFO:colcon.colcon_core.shell:Creating package script '/home/indy/Desktop/Software_Kipp/install/interfaces/share/interfaces/package.zsh'
[3.247s] Level 1:colcon.colcon_core.environment:create_file_with_runtime_dependencies(/home/indy/Desktop/Software_Kipp/install/interfaces/share/colcon-core/packages/interfaces)
[3.247s] DEBUG:colcon.colcon_parallel_executor.executor.parallel:closing loop
[3.247s] DEBUG:colcon.colcon_parallel_executor.executor.parallel:loop closed
[3.247s] DEBUG:colcon.colcon_parallel_executor.executor.parallel:run_until_complete finished with '0'
[3.247s] DEBUG:colcon.colcon_core.event_reactor:joining thread
[3.250s] INFO:colcon.colcon_core.plugin_system:Skipping extension 'colcon_notification.desktop_notification.terminal_notifier': Not used on non-Darwin systems
[3.250s] INFO:colcon.colcon_core.plugin_system:Skipping extension 'colcon_notification.desktop_notification.win32': Not used on non-Windows systems
[3.250s] INFO:colcon.colcon_notification.desktop_notification:Sending desktop notification using 'notify2'
[3.266s] DEBUG:colcon.colcon_core.event_reactor:joined thread
[3.267s] INFO:colcon.colcon_core.shell:Creating prefix script '/home/indy/Desktop/Software_Kipp/install/local_setup.ps1'
[3.268s] INFO:colcon.colcon_core.shell:Creating prefix util module '/home/indy/Desktop/Software_Kipp/install/_local_setup_util_ps1.py'
[3.269s] INFO:colcon.colcon_core.shell:Creating prefix chain script '/home/indy/Desktop/Software_Kipp/install/setup.ps1'
[3.270s] INFO:colcon.colcon_core.shell:Creating prefix script '/home/indy/Desktop/Software_Kipp/install/local_setup.sh'
[3.270s] INFO:colcon.colcon_core.shell:Creating prefix util module '/home/indy/Desktop/Software_Kipp/install/_local_setup_util_sh.py'
[3.270s] INFO:colcon.colcon_core.shell:Creating prefix chain script '/home/indy/Desktop/Software_Kipp/install/setup.sh'
[3.272s] INFO:colcon.colcon_core.shell:Creating prefix script '/home/indy/Desktop/Software_Kipp/install/local_setup.bash'
[3.272s] INFO:colcon.colcon_core.shell:Creating prefix chain script '/home/indy/Desktop/Software_Kipp/install/setup.bash'
[3.273s] INFO:colcon.colcon_core.shell:Creating prefix script '/home/indy/Desktop/Software_Kipp/install/local_setup.zsh'
[3.273s] INFO:colcon.colcon_core.shell:Creating prefix chain script '/home/indy/Desktop/Software_Kipp/install/setup.zsh'
