Determining if the function sgemm_ exists failed with the following output:
Change Dir: /home/floks/ros2_ws/build/slam_toolbox/CMakeFiles/CMakeTmp

Run Build Command(s):/usr/bin/gmake -f Makefile cmTC_625a4/fast && /usr/bin/gmake  -f CMakeFiles/cmTC_625a4.dir/build.make CMakeFiles/cmTC_625a4.dir/build
gmake[1]: Entering directory '/home/floks/ros2_ws/build/slam_toolbox/CMakeFiles/CMakeTmp'
Building C object CMakeFiles/cmTC_625a4.dir/CheckFunctionExists.c.o
/usr/bin/cc   -DCHECK_FUNCTION_EXISTS=sgemm_ -o CMakeFiles/cmTC_625a4.dir/CheckFunctionExists.c.o -c /usr/share/cmake-3.22/Modules/CheckFunctionExists.c
Linking C executable cmTC_625a4
/usr/bin/cmake -E cmake_link_script CMakeFiles/cmTC_625a4.dir/link.txt --verbose=1
/usr/bin/cc  -DCHECK_FUNCTION_EXISTS=sgemm_ CMakeFiles/cmTC_625a4.dir/CheckFunctionExists.c.o -o cmTC_625a4 
/usr/bin/ld: CMakeFiles/cmTC_625a4.dir/CheckFunctionExists.c.o: in function `main':
CheckFunctionExists.c:(.text+0x14): undefined reference to `sgemm_'
collect2: error: ld returned 1 exit status
gmake[1]: *** [CMakeFiles/cmTC_625a4.dir/build.make:99: cmTC_625a4] Error 1
gmake[1]: Leaving directory '/home/floks/ros2_ws/build/slam_toolbox/CMakeFiles/CMakeTmp'
gmake: *** [Makefile:127: cmTC_625a4/fast] Error 2



Determining if the function cheev_ exists failed with the following output:
Change Dir: /home/floks/ros2_ws/build/slam_toolbox/CMakeFiles/CMakeTmp

Run Build Command(s):/usr/bin/gmake -f Makefile cmTC_e7098/fast && /usr/bin/gmake  -f CMakeFiles/cmTC_e7098.dir/build.make CMakeFiles/cmTC_e7098.dir/build
gmake[1]: Entering directory '/home/floks/ros2_ws/build/slam_toolbox/CMakeFiles/CMakeTmp'
Building C object CMakeFiles/cmTC_e7098.dir/CheckFunctionExists.c.o
/usr/bin/cc   -DCHECK_FUNCTION_EXISTS=cheev_ -o CMakeFiles/cmTC_e7098.dir/CheckFunctionExists.c.o -c /usr/share/cmake-3.22/Modules/CheckFunctionExists.c
Linking C executable cmTC_e7098
/usr/bin/cmake -E cmake_link_script CMakeFiles/cmTC_e7098.dir/link.txt --verbose=1
/usr/bin/cc  -DCHECK_FUNCTION_EXISTS=cheev_ CMakeFiles/cmTC_e7098.dir/CheckFunctionExists.c.o -o cmTC_e7098  /usr/lib/x86_64-linux-gnu/libblas.so -lm -ldl 
/usr/bin/ld: CMakeFiles/cmTC_e7098.dir/CheckFunctionExists.c.o: in function `main':
CheckFunctionExists.c:(.text+0x14): undefined reference to `cheev_'
collect2: error: ld returned 1 exit status
gmake[1]: *** [CMakeFiles/cmTC_e7098.dir/build.make:100: cmTC_e7098] Error 1
gmake[1]: Leaving directory '/home/floks/ros2_ws/build/slam_toolbox/CMakeFiles/CMakeTmp'
gmake: *** [Makefile:127: cmTC_e7098/fast] Error 2



Determining if the function cheev_ exists failed with the following output:
Change Dir: /home/floks/ros2_ws/build/slam_toolbox/CMakeFiles/CMakeTmp

Run Build Command(s):/usr/bin/gmake -f Makefile cmTC_748f6/fast && /usr/bin/gmake  -f CMakeFiles/cmTC_748f6.dir/build.make CMakeFiles/cmTC_748f6.dir/build
gmake[1]: Entering directory '/home/floks/ros2_ws/build/slam_toolbox/CMakeFiles/CMakeTmp'
Building C object CMakeFiles/cmTC_748f6.dir/CheckFunctionExists.c.o
/usr/bin/cc   -DCHECK_FUNCTION_EXISTS=cheev_ -o CMakeFiles/cmTC_748f6.dir/CheckFunctionExists.c.o -c /usr/share/cmake-3.22/Modules/CheckFunctionExists.c
Linking C executable cmTC_748f6
/usr/bin/cmake -E cmake_link_script CMakeFiles/cmTC_748f6.dir/link.txt --verbose=1
/usr/bin/cc  -DCHECK_FUNCTION_EXISTS=cheev_ CMakeFiles/cmTC_748f6.dir/CheckFunctionExists.c.o -o cmTC_748f6  /usr/lib/x86_64-linux-gnu/liblapack.so /usr/lib/x86_64-linux-gnu/libblas.so -fortranlibs 
cc: error: unrecognized command-line option ‘-fortranlibs’
gmake[1]: *** [CMakeFiles/cmTC_748f6.dir/build.make:101: cmTC_748f6] Error 1
gmake[1]: Leaving directory '/home/floks/ros2_ws/build/slam_toolbox/CMakeFiles/CMakeTmp'
gmake: *** [Makefile:127: cmTC_748f6/fast] Error 2



