[1.955s] Invoking command in '/workspaces/isaac_ros-dev/ros_ws/Software_Kipp/description': PYTHONPATH=/workspaces/isaac_ros-dev/ros_ws/Software_Kipp/build/description/prefix_override:/workspaces/isaac_ros-dev/ros_ws/Software_Kipp/install/description/lib/python3.8/site-packages:${PYTHONPATH} /usr/bin/python3 setup.py egg_info --egg-base ../build/description build --build-base /workspaces/isaac_ros-dev/ros_ws/Software_Kipp/build/description/build install --record /workspaces/isaac_ros-dev/ros_ws/Software_Kipp/build/description/install.log --single-version-externally-managed
[2.551s] running egg_info
[2.574s] writing ../build/description/description.egg-info/PKG-INFO
[2.574s] writing dependency_links to ../build/description/description.egg-info/dependency_links.txt
[2.575s] writing requirements to ../build/description/description.egg-info/requires.txt
[2.576s] writing top-level names to ../build/description/description.egg-info/top_level.txt
[2.619s] reading manifest file '../build/description/description.egg-info/SOURCES.txt'
[2.620s] writing manifest file '../build/description/description.egg-info/SOURCES.txt'
[2.620s] running build
[2.621s] running build_py
[2.621s] running install
[2.632s] running install_lib
[2.655s] running install_data
[2.675s] copying URDF/SPEAR_Arm.urdf -> /workspaces/isaac_ros-dev/ros_ws/Software_Kipp/install/description/share/description/URDF/
[2.676s] copying meshes/link3.stl -> /workspaces/isaac_ros-dev/ros_ws/Software_Kipp/install/description/share/description/meshes/
[2.686s] running install_egg_info
[2.709s] removing '/workspaces/isaac_ros-dev/ros_ws/Software_Kipp/install/description/lib/python3.8/site-packages/description-0.0.0-py3.8.egg-info' (and everything under it)
[2.709s] Copying ../build/description/description.egg-info to /workspaces/isaac_ros-dev/ros_ws/Software_Kipp/install/description/lib/python3.8/site-packages/description-0.0.0-py3.8.egg-info
[2.711s] running install_scripts
[2.823s] writing list of installed files to '/workspaces/isaac_ros-dev/ros_ws/Software_Kipp/build/description/install.log'
[2.922s] Invoked command in '/workspaces/isaac_ros-dev/ros_ws/Software_Kipp/description' returned '0': PYTHONPATH=/workspaces/isaac_ros-dev/ros_ws/Software_Kipp/build/description/prefix_override:/workspaces/isaac_ros-dev/ros_ws/Software_Kipp/install/description/lib/python3.8/site-packages:${PYTHONPATH} /usr/bin/python3 setup.py egg_info --egg-base ../build/description build --build-base /workspaces/isaac_ros-dev/ros_ws/Software_Kipp/build/description/build install --record /workspaces/isaac_ros-dev/ros_ws/Software_Kipp/build/description/install.log --single-version-externally-managed
