[1.933s] Invoking command in '/workspaces/isaac_ros-dev/ros_ws/Software_Kipp/description': PYTHONPATH=/workspaces/isaac_ros-dev/ros_ws/Software_Kipp/build/description/prefix_override:/workspaces/isaac_ros-dev/ros_ws/Software_Kipp/install/description/lib/python3.8/site-packages:${PYTHONPATH} /usr/bin/python3 setup.py egg_info --egg-base ../build/description build --build-base /workspaces/isaac_ros-dev/ros_ws/Software_Kipp/build/description/build install --record /workspaces/isaac_ros-dev/ros_ws/Software_Kipp/build/description/install.log --single-version-externally-managed
[2.546s] running egg_info
[2.570s] writing ../build/description/description.egg-info/PKG-INFO
[2.570s] writing dependency_links to ../build/description/description.egg-info/dependency_links.txt
[2.571s] writing requirements to ../build/description/description.egg-info/requires.txt
[2.571s] writing top-level names to ../build/description/description.egg-info/top_level.txt
[2.616s] reading manifest file '../build/description/description.egg-info/SOURCES.txt'
[2.617s] writing manifest file '../build/description/description.egg-info/SOURCES.txt'
[2.617s] running build
[2.617s] running build_py
[2.618s] running install
[2.633s] running install_lib
[2.656s] running install_data
[2.677s] copying URDF/SPEAR_Arm.urdf -> /workspaces/isaac_ros-dev/ros_ws/Software_Kipp/install/description/share/description/URDF/
[2.678s] running install_egg_info
[2.700s] removing '/workspaces/isaac_ros-dev/ros_ws/Software_Kipp/install/description/lib/python3.8/site-packages/description-0.0.0-py3.8.egg-info' (and everything under it)
[2.701s] Copying ../build/description/description.egg-info to /workspaces/isaac_ros-dev/ros_ws/Software_Kipp/install/description/lib/python3.8/site-packages/description-0.0.0-py3.8.egg-info
[2.702s] running install_scripts
[2.815s] writing list of installed files to '/workspaces/isaac_ros-dev/ros_ws/Software_Kipp/build/description/install.log'
[2.922s] Invoked command in '/workspaces/isaac_ros-dev/ros_ws/Software_Kipp/description' returned '0': PYTHONPATH=/workspaces/isaac_ros-dev/ros_ws/Software_Kipp/build/description/prefix_override:/workspaces/isaac_ros-dev/ros_ws/Software_Kipp/install/description/lib/python3.8/site-packages:${PYTHONPATH} /usr/bin/python3 setup.py egg_info --egg-base ../build/description build --build-base /workspaces/isaac_ros-dev/ros_ws/Software_Kipp/build/description/build install --record /workspaces/isaac_ros-dev/ros_ws/Software_Kipp/build/description/install.log --single-version-externally-managed
