running egg_info
creating ../build/rover_Description/rover_Description.egg-info
writing ../build/rover_Description/rover_Description.egg-info/PKG-INFO
writing dependency_links to ../build/rover_Description/rover_Description.egg-info/dependency_links.txt
writing entry points to ../build/rover_Description/rover_Description.egg-info/entry_points.txt
writing requirements to ../build/rover_Description/rover_Description.egg-info/requires.txt
writing top-level names to ../build/rover_Description/rover_Description.egg-info/top_level.txt
writing manifest file '../build/rover_Description/rover_Description.egg-info/SOURCES.txt'
reading manifest file '../build/rover_Description/rover_Description.egg-info/SOURCES.txt'
writing manifest file '../build/rover_Description/rover_Description.egg-info/SOURCES.txt'
running build
running build_py
creating /home/indy/Desktop/Software_Kipp/build/rover_Description/build
creating /home/indy/Desktop/Software_Kipp/build/rover_Description/build/lib
creating /home/indy/Desktop/Software_Kipp/build/rover_Description/build/lib/rover_Description
copying rover_Description/__init__.py -> /home/indy/Desktop/Software_Kipp/build/rover_Description/build/lib/rover_Description
running install
running install_lib
creating /home/indy/Desktop/Software_Kipp/install/rover_Description/lib/python3.10/site-packages/rover_Description
copying /home/indy/Desktop/Software_Kipp/build/rover_Description/build/lib/rover_Description/__init__.py -> /home/indy/Desktop/Software_Kipp/install/rover_Description/lib/python3.10/site-packages/rover_Description
byte-compiling /home/indy/Desktop/Software_Kipp/install/rover_Description/lib/python3.10/site-packages/rover_Description/__init__.py to __init__.cpython-310.pyc
running install_data
creating /home/indy/Desktop/Software_Kipp/install/rover_Description/share
creating /home/indy/Desktop/Software_Kipp/install/rover_Description/share/ament_index
creating /home/indy/Desktop/Software_Kipp/install/rover_Description/share/ament_index/resource_index
creating /home/indy/Desktop/Software_Kipp/install/rover_Description/share/ament_index/resource_index/packages
copying resource/rover_Description -> /home/indy/Desktop/Software_Kipp/install/rover_Description/share/ament_index/resource_index/packages
creating /home/indy/Desktop/Software_Kipp/install/rover_Description/share/rover_Description
copying package.xml -> /home/indy/Desktop/Software_Kipp/install/rover_Description/share/rover_Description
creating /home/indy/Desktop/Software_Kipp/install/rover_Description/share/rover_Description/URDF
creating /home/indy/Desktop/Software_Kipp/install/rover_Description/share/rover_Description/URDF/Components
error: can't copy '/URDF/Components/wheel.xacro.urdf': doesn't exist or not a regular file
