/workspaces/isaac_ros-dev/ros_ws/Software_Kipp/install/description/lib/python3.8/site-packages/description/__init__.py
/workspaces/isaac_ros-dev/ros_ws/Software_Kipp/install/description/lib/python3.8/site-packages/description/__pycache__/__init__.cpython-38.pyc
/workspaces/isaac_ros-dev/ros_ws/Software_Kipp/install/description/share/ament_index/resource_index/packages/description
/workspaces/isaac_ros-dev/ros_ws/Software_Kipp/install/description/share/description/package.xml
/workspaces/isaac_ros-dev/ros_ws/Software_Kipp/install/description/share/description/display.launch.py
/workspaces/isaac_ros-dev/ros_ws/Software_Kipp/install/description/share/description/urdf_config.rviz
/workspaces/isaac_ros-dev/ros_ws/Software_Kipp/install/description/share/description/URDF/SPEAR_Arm.urdf
/workspaces/isaac_ros-dev/ros_ws/Software_Kipp/install/description/share/description/meshes/link2.stl
/workspaces/isaac_ros-dev/ros_ws/Software_Kipp/install/description/share/description/meshes/base_link.stl
/workspaces/isaac_ros-dev/ros_ws/Software_Kipp/install/description/share/description/meshes/link4.stl
/workspaces/isaac_ros-dev/ros_ws/Software_Kipp/install/description/share/description/meshes/link5.stl
/workspaces/isaac_ros-dev/ros_ws/Software_Kipp/install/description/share/description/meshes/link3.stl
/workspaces/isaac_ros-dev/ros_ws/Software_Kipp/install/description/share/description/meshes/link1.stl
/workspaces/isaac_ros-dev/ros_ws/Software_Kipp/install/description/share/description/meshes/base_drum.stl
/workspaces/isaac_ros-dev/ros_ws/Software_Kipp/install/description/lib/python3.8/site-packages/description-0.0.0-py3.8.egg-info/zip-safe
/workspaces/isaac_ros-dev/ros_ws/Software_Kipp/install/description/lib/python3.8/site-packages/description-0.0.0-py3.8.egg-info/top_level.txt
/workspaces/isaac_ros-dev/ros_ws/Software_Kipp/install/description/lib/python3.8/site-packages/description-0.0.0-py3.8.egg-info/dependency_links.txt
/workspaces/isaac_ros-dev/ros_ws/Software_Kipp/install/description/lib/python3.8/site-packages/description-0.0.0-py3.8.egg-info/SOURCES.txt
/workspaces/isaac_ros-dev/ros_ws/Software_Kipp/install/description/lib/python3.8/site-packages/description-0.0.0-py3.8.egg-info/requires.txt
/workspaces/isaac_ros-dev/ros_ws/Software_Kipp/install/description/lib/python3.8/site-packages/description-0.0.0-py3.8.egg-info/PKG-INFO
