[0.243s] Invoking command in '/home/floks/ros2_ws/build/robot_localization': CMAKE_PREFIX_PATH=${CMAKE_PREFIX_PATH}:/opt/ros/humble /usr/bin/cmake --build /home/floks/ros2_ws/build/robot_localization -- -j8 -l8
[0.317s] [  1%] Built target robot_localization__cpp
[0.321s] [  3%] Built target gtest
[0.322s] [  5%] Built target gtest_main
[0.331s] [ 12%] Built target robot_localization__rosidl_generator_c
[0.337s] [ 12%] Built target ament_cmake_python_symlink_robot_localization
[0.425s] [ 19%] Built target robot_localization__rosidl_typesupport_fastrtps_cpp
[0.427s] [ 26%] Built target robot_localization__rosidl_typesupport_introspection_cpp
[0.433s] [ 33%] Built target robot_localization__rosidl_typesupport_cpp
[0.458s] [ 40%] Built target robot_localization__rosidl_typesupport_introspection_c
[0.458s] [ 47%] Built target robot_localization__rosidl_typesupport_fastrtps_c
[0.460s] [ 54%] Built target robot_localization__rosidl_typesupport_c
[0.497s] [ 54%] Built target robot_localization
[0.557s] [ 63%] Built target rl_lib
[0.566s] [ 64%] Built target robot_localization__py
[0.686s] [ 65%] Built target ekf_node
[0.702s] [ 67%] Built target ukf_node
[0.705s] [ 68%] Built target navsat_transform_node
[0.707s] [ 70%] Built target robot_localization_listener_node
[0.715s] [ 72%] Built target filter_base-test
[0.752s] [ 74%] Built target test_ekf
[0.771s] [ 76%] Built target test_ukf
[0.821s] [ 78%] Built target test_navsat_conversions
[0.837s] [ 84%] Built target robot_localization__rosidl_generator_py
[0.880s] [ 86%] Built target test_robot_localization_estimator
[0.899s] [ 87%] Built target test_ros_robot_localization_listener
[0.902s] [ 89%] Built target test_ros_robot_localization_listener_publisher
[0.910s] [ 91%] Built target test_filter_base_diagnostics_timestamps
[0.965s] [ 92%] Built target test_ekf_localization_node_interfaces
[0.972s] [ 94%] Built target robot_localization__rosidl_typesupport_fastrtps_c__pyext
[0.980s] [ 96%] Built target test_ukf_localization_node_interfaces
[0.986s] [ 98%] Built target robot_localization__rosidl_typesupport_introspection_c__pyext
[0.991s] [100%] Built target robot_localization__rosidl_typesupport_c__pyext
[1.093s] running egg_info
[1.094s] writing robot_localization.egg-info/PKG-INFO
[1.094s] writing dependency_links to robot_localization.egg-info/dependency_links.txt
[1.094s] writing top-level names to robot_localization.egg-info/top_level.txt
[1.097s] reading manifest file 'robot_localization.egg-info/SOURCES.txt'
[1.098s] writing manifest file 'robot_localization.egg-info/SOURCES.txt'
[1.138s] [100%] Built target ament_cmake_python_build_robot_localization_egg
[1.158s] Invoked command in '/home/floks/ros2_ws/build/robot_localization' returned '0': CMAKE_PREFIX_PATH=${CMAKE_PREFIX_PATH}:/opt/ros/humble /usr/bin/cmake --build /home/floks/ros2_ws/build/robot_localization -- -j8 -l8
[1.433s] Invoking command in '/home/floks/ros2_ws/build/robot_localization': CMAKE_PREFIX_PATH=${CMAKE_PREFIX_PATH}:/opt/ros/humble /usr/bin/cmake --install /home/floks/ros2_ws/build/robot_localization
[1.444s] -- Install configuration: "Release"
[1.445s] -- Execute custom install script
[1.445s] -- Up-to-date symlink: /home/floks/ros2_ws/install/robot_localization/share/ament_index/resource_index/rosidl_interfaces/robot_localization
[1.446s] -- Up-to-date symlink: /home/floks/ros2_ws/install/robot_localization/include/robot_localization/robot_localization/msg/rosidl_generator_c__visibility_control.h
[1.447s] -- Up-to-date symlink: /home/floks/ros2_ws/install/robot_localization/include/robot_localization/robot_localization/srv/detail/from_ll__functions.h
[1.447s] -- Up-to-date symlink: /home/floks/ros2_ws/install/robot_localization/include/robot_localization/robot_localization/srv/detail/from_ll__struct.h
[1.449s] -- Up-to-date symlink: /home/floks/ros2_ws/install/robot_localization/include/robot_localization/robot_localization/srv/detail/from_ll__type_support.h
[1.449s] -- Up-to-date symlink: /home/floks/ros2_ws/install/robot_localization/include/robot_localization/robot_localization/srv/detail/get_state__functions.h
[1.450s] -- Up-to-date symlink: /home/floks/ros2_ws/install/robot_localization/include/robot_localization/robot_localization/srv/detail/get_state__struct.h
[1.450s] -- Up-to-date symlink: /home/floks/ros2_ws/install/robot_localization/include/robot_localization/robot_localization/srv/detail/get_state__type_support.h
[1.450s] -- Up-to-date symlink: /home/floks/ros2_ws/install/robot_localization/include/robot_localization/robot_localization/srv/detail/set_datum__functions.h
[1.451s] -- Up-to-date symlink: /home/floks/ros2_ws/install/robot_localization/include/robot_localization/robot_localization/srv/detail/set_datum__struct.h
[1.451s] -- Up-to-date symlink: /home/floks/ros2_ws/install/robot_localization/include/robot_localization/robot_localization/srv/detail/set_datum__type_support.h
[1.451s] -- Up-to-date symlink: /home/floks/ros2_ws/install/robot_localization/include/robot_localization/robot_localization/srv/detail/set_pose__functions.h
[1.451s] -- Up-to-date symlink: /home/floks/ros2_ws/install/robot_localization/include/robot_localization/robot_localization/srv/detail/set_pose__struct.h
[1.452s] -- Up-to-date symlink: /home/floks/ros2_ws/install/robot_localization/include/robot_localization/robot_localization/srv/detail/set_pose__type_support.h
[1.452s] -- Up-to-date symlink: /home/floks/ros2_ws/install/robot_localization/include/robot_localization/robot_localization/srv/detail/to_ll__functions.h
[1.452s] -- Up-to-date symlink: /home/floks/ros2_ws/install/robot_localization/include/robot_localization/robot_localization/srv/detail/to_ll__struct.h
[1.453s] -- Up-to-date symlink: /home/floks/ros2_ws/install/robot_localization/include/robot_localization/robot_localization/srv/detail/to_ll__type_support.h
[1.453s] -- Up-to-date symlink: /home/floks/ros2_ws/install/robot_localization/include/robot_localization/robot_localization/srv/detail/toggle_filter_processing__functions.h
[1.453s] -- Up-to-date symlink: /home/floks/ros2_ws/install/robot_localization/include/robot_localization/robot_localization/srv/detail/toggle_filter_processing__struct.h
[1.453s] -- Up-to-date symlink: /home/floks/ros2_ws/install/robot_localization/include/robot_localization/robot_localization/srv/detail/toggle_filter_processing__type_support.h
[1.453s] -- Up-to-date symlink: /home/floks/ros2_ws/install/robot_localization/include/robot_localization/robot_localization/srv/from_ll.h
[1.454s] -- Up-to-date symlink: /home/floks/ros2_ws/install/robot_localization/include/robot_localization/robot_localization/srv/get_state.h
[1.454s] -- Up-to-date symlink: /home/floks/ros2_ws/install/robot_localization/include/robot_localization/robot_localization/srv/set_datum.h
[1.454s] -- Up-to-date symlink: /home/floks/ros2_ws/install/robot_localization/include/robot_localization/robot_localization/srv/set_pose.h
[1.454s] -- Up-to-date symlink: /home/floks/ros2_ws/install/robot_localization/include/robot_localization/robot_localization/srv/to_ll.h
[1.454s] -- Up-to-date symlink: /home/floks/ros2_ws/install/robot_localization/include/robot_localization/robot_localization/srv/toggle_filter_processing.h
[1.455s] -- Up-to-date symlink: /home/floks/ros2_ws/install/robot_localization/share/robot_localization/environment/library_path.sh
[1.455s] -- Up-to-date symlink: /home/floks/ros2_ws/install/robot_localization/share/robot_localization/environment/library_path.dsv
[1.455s] -- Up-to-date symlink: /home/floks/ros2_ws/install/robot_localization/include/robot_localization/robot_localization/msg/rosidl_typesupport_fastrtps_c__visibility_control.h
[1.455s] -- Up-to-date symlink: /home/floks/ros2_ws/install/robot_localization/include/robot_localization/robot_localization/srv/detail/from_ll__rosidl_typesupport_fastrtps_c.h
[1.456s] -- Up-to-date symlink: /home/floks/ros2_ws/install/robot_localization/include/robot_localization/robot_localization/srv/detail/get_state__rosidl_typesupport_fastrtps_c.h
[1.456s] -- Up-to-date symlink: /home/floks/ros2_ws/install/robot_localization/include/robot_localization/robot_localization/srv/detail/set_datum__rosidl_typesupport_fastrtps_c.h
[1.456s] -- Up-to-date symlink: /home/floks/ros2_ws/install/robot_localization/include/robot_localization/robot_localization/srv/detail/set_pose__rosidl_typesupport_fastrtps_c.h
[1.456s] -- Up-to-date symlink: /home/floks/ros2_ws/install/robot_localization/include/robot_localization/robot_localization/srv/detail/to_ll__rosidl_typesupport_fastrtps_c.h
[1.456s] -- Up-to-date symlink: /home/floks/ros2_ws/install/robot_localization/include/robot_localization/robot_localization/srv/detail/toggle_filter_processing__rosidl_typesupport_fastrtps_c.h
[1.456s] -- Up-to-date symlink: /home/floks/ros2_ws/install/robot_localization/include/robot_localization/robot_localization/srv/detail/from_ll__builder.hpp
[1.457s] -- Up-to-date symlink: /home/floks/ros2_ws/install/robot_localization/include/robot_localization/robot_localization/srv/detail/from_ll__struct.hpp
[1.457s] -- Up-to-date symlink: /home/floks/ros2_ws/install/robot_localization/include/robot_localization/robot_localization/srv/detail/from_ll__traits.hpp
[1.457s] -- Up-to-date symlink: /home/floks/ros2_ws/install/robot_localization/include/robot_localization/robot_localization/srv/detail/get_state__builder.hpp
[1.458s] -- Up-to-date symlink: /home/floks/ros2_ws/install/robot_localization/include/robot_localization/robot_localization/srv/detail/get_state__struct.hpp
[1.458s] -- Up-to-date symlink: /home/floks/ros2_ws/install/robot_localization/include/robot_localization/robot_localization/srv/detail/get_state__traits.hpp
[1.458s] -- Up-to-date symlink: /home/floks/ros2_ws/install/robot_localization/include/robot_localization/robot_localization/srv/detail/set_datum__builder.hpp
[1.458s] -- Up-to-date symlink: /home/floks/ros2_ws/install/robot_localization/include/robot_localization/robot_localization/srv/detail/set_datum__struct.hpp
[1.459s] -- Up-to-date symlink: /home/floks/ros2_ws/install/robot_localization/include/robot_localization/robot_localization/srv/detail/set_datum__traits.hpp
[1.459s] -- Up-to-date symlink: /home/floks/ros2_ws/install/robot_localization/include/robot_localization/robot_localization/srv/detail/set_pose__builder.hpp
[1.459s] -- Up-to-date symlink: /home/floks/ros2_ws/install/robot_localization/include/robot_localization/robot_localization/srv/detail/set_pose__struct.hpp
[1.460s] -- Up-to-date symlink: /home/floks/ros2_ws/install/robot_localization/include/robot_localization/robot_localization/srv/detail/set_pose__traits.hpp
[1.460s] -- Up-to-date symlink: /home/floks/ros2_ws/install/robot_localization/include/robot_localization/robot_localization/srv/detail/to_ll__builder.hpp
[1.460s] -- Up-to-date symlink: /home/floks/ros2_ws/install/robot_localization/include/robot_localization/robot_localization/srv/detail/to_ll__struct.hpp
[1.460s] -- Up-to-date symlink: /home/floks/ros2_ws/install/robot_localization/include/robot_localization/robot_localization/srv/detail/to_ll__traits.hpp
[1.461s] -- Up-to-date symlink: /home/floks/ros2_ws/install/robot_localization/include/robot_localization/robot_localization/srv/detail/toggle_filter_processing__builder.hpp
[1.461s] -- Up-to-date symlink: /home/floks/ros2_ws/install/robot_localization/include/robot_localization/robot_localization/srv/detail/toggle_filter_processing__struct.hpp
[1.461s] -- Up-to-date symlink: /home/floks/ros2_ws/install/robot_localization/include/robot_localization/robot_localization/srv/detail/toggle_filter_processing__traits.hpp
[1.461s] -- Up-to-date symlink: /home/floks/ros2_ws/install/robot_localization/include/robot_localization/robot_localization/srv/from_ll.hpp
[1.462s] -- Up-to-date symlink: /home/floks/ros2_ws/install/robot_localization/include/robot_localization/robot_localization/srv/get_state.hpp
[1.462s] -- Up-to-date symlink: /home/floks/ros2_ws/install/robot_localization/include/robot_localization/robot_localization/srv/set_datum.hpp
[1.462s] -- Up-to-date symlink: /home/floks/ros2_ws/install/robot_localization/include/robot_localization/robot_localization/srv/set_pose.hpp
[1.462s] -- Up-to-date symlink: /home/floks/ros2_ws/install/robot_localization/include/robot_localization/robot_localization/srv/to_ll.hpp
[1.462s] -- Up-to-date symlink: /home/floks/ros2_ws/install/robot_localization/include/robot_localization/robot_localization/srv/toggle_filter_processing.hpp
[1.463s] -- Up-to-date symlink: /home/floks/ros2_ws/install/robot_localization/include/robot_localization/robot_localization/msg/rosidl_typesupport_fastrtps_cpp__visibility_control.h
[1.463s] -- Up-to-date symlink: /home/floks/ros2_ws/install/robot_localization/include/robot_localization/robot_localization/srv/detail/from_ll__rosidl_typesupport_fastrtps_cpp.hpp
[1.464s] -- Up-to-date symlink: /home/floks/ros2_ws/install/robot_localization/include/robot_localization/robot_localization/srv/detail/get_state__rosidl_typesupport_fastrtps_cpp.hpp
[1.464s] -- Up-to-date symlink: /home/floks/ros2_ws/install/robot_localization/include/robot_localization/robot_localization/srv/detail/set_datum__rosidl_typesupport_fastrtps_cpp.hpp
[1.464s] -- Up-to-date symlink: /home/floks/ros2_ws/install/robot_localization/include/robot_localization/robot_localization/srv/detail/set_pose__rosidl_typesupport_fastrtps_cpp.hpp
[1.465s] -- Up-to-date symlink: /home/floks/ros2_ws/install/robot_localization/include/robot_localization/robot_localization/srv/detail/to_ll__rosidl_typesupport_fastrtps_cpp.hpp
[1.465s] -- Up-to-date symlink: /home/floks/ros2_ws/install/robot_localization/include/robot_localization/robot_localization/srv/detail/toggle_filter_processing__rosidl_typesupport_fastrtps_cpp.hpp
[1.465s] -- Up-to-date symlink: /home/floks/ros2_ws/install/robot_localization/include/robot_localization/robot_localization/msg/rosidl_typesupport_introspection_c__visibility_control.h
[1.466s] -- Up-to-date symlink: /home/floks/ros2_ws/install/robot_localization/include/robot_localization/robot_localization/srv/detail/from_ll__rosidl_typesupport_introspection_c.h
[1.466s] -- Up-to-date symlink: /home/floks/ros2_ws/install/robot_localization/include/robot_localization/robot_localization/srv/detail/get_state__rosidl_typesupport_introspection_c.h
[1.466s] -- Up-to-date symlink: /home/floks/ros2_ws/install/robot_localization/include/robot_localization/robot_localization/srv/detail/set_datum__rosidl_typesupport_introspection_c.h
[1.466s] -- Up-to-date symlink: /home/floks/ros2_ws/install/robot_localization/include/robot_localization/robot_localization/srv/detail/set_pose__rosidl_typesupport_introspection_c.h
[1.466s] -- Up-to-date symlink: /home/floks/ros2_ws/install/robot_localization/include/robot_localization/robot_localization/srv/detail/to_ll__rosidl_typesupport_introspection_c.h
[1.467s] -- Up-to-date symlink: /home/floks/ros2_ws/install/robot_localization/include/robot_localization/robot_localization/srv/detail/toggle_filter_processing__rosidl_typesupport_introspection_c.h
[1.467s] -- Up-to-date symlink: /home/floks/ros2_ws/install/robot_localization/include/robot_localization/robot_localization/srv/detail/from_ll__rosidl_typesupport_introspection_cpp.hpp
[1.468s] -- Up-to-date symlink: /home/floks/ros2_ws/install/robot_localization/include/robot_localization/robot_localization/srv/detail/get_state__rosidl_typesupport_introspection_cpp.hpp
[1.468s] -- Up-to-date symlink: /home/floks/ros2_ws/install/robot_localization/include/robot_localization/robot_localization/srv/detail/set_datum__rosidl_typesupport_introspection_cpp.hpp
[1.468s] -- Up-to-date symlink: /home/floks/ros2_ws/install/robot_localization/include/robot_localization/robot_localization/srv/detail/set_pose__rosidl_typesupport_introspection_cpp.hpp
[1.468s] -- Up-to-date symlink: /home/floks/ros2_ws/install/robot_localization/include/robot_localization/robot_localization/srv/detail/to_ll__rosidl_typesupport_introspection_cpp.hpp
[1.468s] -- Up-to-date symlink: /home/floks/ros2_ws/install/robot_localization/include/robot_localization/robot_localization/srv/detail/toggle_filter_processing__rosidl_typesupport_introspection_cpp.hpp
[1.469s] -- Up-to-date symlink: /home/floks/ros2_ws/install/robot_localization/share/robot_localization/environment/pythonpath.sh
[1.469s] -- Up-to-date symlink: /home/floks/ros2_ws/install/robot_localization/share/robot_localization/environment/pythonpath.dsv
[1.470s] -- Up-to-date symlink: /home/floks/ros2_ws/install/robot_localization/local/lib/python3.10/dist-packages/robot_localization-3.5.1-py3.10.egg-info/PKG-INFO
[1.470s] -- Up-to-date symlink: /home/floks/ros2_ws/install/robot_localization/local/lib/python3.10/dist-packages/robot_localization-3.5.1-py3.10.egg-info/SOURCES.txt
[1.470s] -- Up-to-date symlink: /home/floks/ros2_ws/install/robot_localization/local/lib/python3.10/dist-packages/robot_localization-3.5.1-py3.10.egg-info/dependency_links.txt
[1.470s] -- Up-to-date symlink: /home/floks/ros2_ws/install/robot_localization/local/lib/python3.10/dist-packages/robot_localization-3.5.1-py3.10.egg-info/top_level.txt
[1.472s] -- Up-to-date symlink: /home/floks/ros2_ws/install/robot_localization/local/lib/python3.10/dist-packages/robot_localization/__init__.py
[1.472s] -- Up-to-date symlink: /home/floks/ros2_ws/install/robot_localization/local/lib/python3.10/dist-packages/robot_localization/_robot_localization_s.ep.rosidl_typesupport_c.c
[1.472s] -- Up-to-date symlink: /home/floks/ros2_ws/install/robot_localization/local/lib/python3.10/dist-packages/robot_localization/_robot_localization_s.ep.rosidl_typesupport_fastrtps_c.c
[1.472s] -- Up-to-date symlink: /home/floks/ros2_ws/install/robot_localization/local/lib/python3.10/dist-packages/robot_localization/_robot_localization_s.ep.rosidl_typesupport_introspection_c.c
[1.473s] -- Up-to-date symlink: /home/floks/ros2_ws/install/robot_localization/local/lib/python3.10/dist-packages/robot_localization/librobot_localization__rosidl_generator_py.so
[1.473s] -- Up-to-date symlink: /home/floks/ros2_ws/install/robot_localization/local/lib/python3.10/dist-packages/robot_localization/robot_localization_s__rosidl_typesupport_c.cpython-310-x86_64-linux-gnu.so
[1.473s] -- Up-to-date symlink: /home/floks/ros2_ws/install/robot_localization/local/lib/python3.10/dist-packages/robot_localization/robot_localization_s__rosidl_typesupport_fastrtps_c.cpython-310-x86_64-linux-gnu.so
[1.473s] -- Up-to-date symlink: /home/floks/ros2_ws/install/robot_localization/local/lib/python3.10/dist-packages/robot_localization/robot_localization_s__rosidl_typesupport_introspection_c.cpython-310-x86_64-linux-gnu.so
[1.473s] -- Up-to-date symlink: /home/floks/ros2_ws/install/robot_localization/local/lib/python3.10/dist-packages/robot_localization/srv/__init__.py
[1.474s] -- Up-to-date symlink: /home/floks/ros2_ws/install/robot_localization/local/lib/python3.10/dist-packages/robot_localization/srv/_from_ll.py
[1.474s] -- Up-to-date symlink: /home/floks/ros2_ws/install/robot_localization/local/lib/python3.10/dist-packages/robot_localization/srv/_from_ll_s.c
[1.474s] -- Up-to-date symlink: /home/floks/ros2_ws/install/robot_localization/local/lib/python3.10/dist-packages/robot_localization/srv/_get_state.py
[1.474s] -- Up-to-date symlink: /home/floks/ros2_ws/install/robot_localization/local/lib/python3.10/dist-packages/robot_localization/srv/_get_state_s.c
[1.474s] -- Up-to-date symlink: /home/floks/ros2_ws/install/robot_localization/local/lib/python3.10/dist-packages/robot_localization/srv/_set_datum.py
[1.475s] -- Up-to-date symlink: /home/floks/ros2_ws/install/robot_localization/local/lib/python3.10/dist-packages/robot_localization/srv/_set_datum_s.c
[1.475s] -- Up-to-date symlink: /home/floks/ros2_ws/install/robot_localization/local/lib/python3.10/dist-packages/robot_localization/srv/_set_pose.py
[1.475s] -- Up-to-date symlink: /home/floks/ros2_ws/install/robot_localization/local/lib/python3.10/dist-packages/robot_localization/srv/_set_pose_s.c
[1.475s] -- Up-to-date symlink: /home/floks/ros2_ws/install/robot_localization/local/lib/python3.10/dist-packages/robot_localization/srv/_to_ll.py
[1.476s] -- Up-to-date symlink: /home/floks/ros2_ws/install/robot_localization/local/lib/python3.10/dist-packages/robot_localization/srv/_to_ll_s.c
[1.476s] -- Up-to-date symlink: /home/floks/ros2_ws/install/robot_localization/local/lib/python3.10/dist-packages/robot_localization/srv/_toggle_filter_processing.py
[1.476s] -- Up-to-date symlink: /home/floks/ros2_ws/install/robot_localization/local/lib/python3.10/dist-packages/robot_localization/srv/_toggle_filter_processing_s.c
[1.476s] -- Up-to-date symlink: /home/floks/ros2_ws/install/robot_localization/local/lib/python3.10/dist-packages/robot_localization/robot_localization_s__rosidl_typesupport_fastrtps_c.cpython-310-x86_64-linux-gnu.so
[1.477s] -- Up-to-date symlink: /home/floks/ros2_ws/install/robot_localization/local/lib/python3.10/dist-packages/robot_localization/robot_localization_s__rosidl_typesupport_introspection_c.cpython-310-x86_64-linux-gnu.so
[1.477s] -- Up-to-date symlink: /home/floks/ros2_ws/install/robot_localization/local/lib/python3.10/dist-packages/robot_localization/robot_localization_s__rosidl_typesupport_c.cpython-310-x86_64-linux-gnu.so
[1.477s] -- Up-to-date symlink: /home/floks/ros2_ws/install/robot_localization/share/robot_localization/srv/FromLL.idl
[1.478s] -- Up-to-date symlink: /home/floks/ros2_ws/install/robot_localization/share/robot_localization/srv/GetState.idl
[1.478s] -- Up-to-date symlink: /home/floks/ros2_ws/install/robot_localization/share/robot_localization/srv/SetDatum.idl
[1.478s] -- Up-to-date symlink: /home/floks/ros2_ws/install/robot_localization/share/robot_localization/srv/SetPose.idl
[1.479s] -- Up-to-date symlink: /home/floks/ros2_ws/install/robot_localization/share/robot_localization/srv/ToggleFilterProcessing.idl
[1.479s] -- Up-to-date symlink: /home/floks/ros2_ws/install/robot_localization/share/robot_localization/srv/ToLL.idl
[1.479s] -- Up-to-date symlink: /home/floks/ros2_ws/install/robot_localization/share/robot_localization/srv/FromLL.srv
[1.479s] -- Up-to-date symlink: /home/floks/ros2_ws/install/robot_localization/share/robot_localization/srv/FromLL_Request.msg
[1.480s] -- Up-to-date symlink: /home/floks/ros2_ws/install/robot_localization/share/robot_localization/srv/FromLL_Response.msg
[1.480s] -- Up-to-date symlink: /home/floks/ros2_ws/install/robot_localization/share/robot_localization/srv/GetState.srv
[1.480s] -- Up-to-date symlink: /home/floks/ros2_ws/install/robot_localization/share/robot_localization/srv/GetState_Request.msg
[1.480s] -- Up-to-date symlink: /home/floks/ros2_ws/install/robot_localization/share/robot_localization/srv/GetState_Response.msg
[1.480s] -- Up-to-date symlink: /home/floks/ros2_ws/install/robot_localization/share/robot_localization/srv/SetDatum.srv
[1.481s] -- Up-to-date symlink: /home/floks/ros2_ws/install/robot_localization/share/robot_localization/srv/SetDatum_Request.msg
[1.481s] -- Up-to-date symlink: /home/floks/ros2_ws/install/robot_localization/share/robot_localization/srv/SetDatum_Response.msg
[1.481s] -- Up-to-date symlink: /home/floks/ros2_ws/install/robot_localization/share/robot_localization/srv/SetPose.srv
[1.482s] -- Up-to-date symlink: /home/floks/ros2_ws/install/robot_localization/share/robot_localization/srv/SetPose_Request.msg
[1.482s] -- Up-to-date symlink: /home/floks/ros2_ws/install/robot_localization/share/robot_localization/srv/SetPose_Response.msg
[1.482s] -- Up-to-date symlink: /home/floks/ros2_ws/install/robot_localization/share/robot_localization/srv/ToggleFilterProcessing.srv
[1.482s] -- Up-to-date symlink: /home/floks/ros2_ws/install/robot_localization/share/robot_localization/srv/ToggleFilterProcessing_Request.msg
[1.483s] -- Up-to-date symlink: /home/floks/ros2_ws/install/robot_localization/share/robot_localization/srv/ToggleFilterProcessing_Response.msg
[1.483s] -- Up-to-date symlink: /home/floks/ros2_ws/install/robot_localization/share/robot_localization/srv/ToLL.srv
[1.484s] -- Up-to-date symlink: /home/floks/ros2_ws/install/robot_localization/share/robot_localization/srv/ToLL_Request.msg
[1.484s] -- Up-to-date symlink: /home/floks/ros2_ws/install/robot_localization/share/robot_localization/srv/ToLL_Response.msg
[1.484s] -- Up-to-date symlink: /home/floks/ros2_ws/install/robot_localization/lib/robot_localization/filter_base-test
[1.485s] -- Up-to-date symlink: /home/floks/ros2_ws/install/robot_localization/lib/robot_localization/test_filter_base_diagnostics_timestamps
[1.485s] -- Up-to-date symlink: /home/floks/ros2_ws/install/robot_localization/lib/robot_localization/test_ekf
[1.485s] -- Up-to-date symlink: /home/floks/ros2_ws/install/robot_localization/lib/robot_localization/test_ekf_localization_node_interfaces
[1.485s] -- Up-to-date symlink: /home/floks/ros2_ws/install/robot_localization/lib/robot_localization/test_ukf
[1.486s] -- Up-to-date symlink: /home/floks/ros2_ws/install/robot_localization/lib/robot_localization/test_ukf_localization_node_interfaces
[1.486s] -- Up-to-date symlink: /home/floks/ros2_ws/install/robot_localization/lib/robot_localization/test_robot_localization_estimator
[1.486s] -- Up-to-date symlink: /home/floks/ros2_ws/install/robot_localization/lib/robot_localization/test_navsat_conversions
[1.487s] -- Up-to-date symlink: /home/floks/ros2_ws/install/robot_localization/lib/robot_localization/test_ros_robot_localization_listener
[1.487s] -- Up-to-date symlink: /home/floks/ros2_ws/install/robot_localization/lib/robot_localization/test_ros_robot_localization_listener_publisher
[1.487s] -- Up-to-date symlink: /home/floks/ros2_ws/install/robot_localization/lib/robot_localization/navsat_transform_node
[1.488s] -- Up-to-date symlink: /home/floks/ros2_ws/install/robot_localization/lib/robot_localization/ekf_node
[1.488s] -- Up-to-date symlink: /home/floks/ros2_ws/install/robot_localization/lib/robot_localization/ukf_node
[1.488s] -- Up-to-date symlink: /home/floks/ros2_ws/install/robot_localization/lib/robot_localization/robot_localization_listener_node
[1.489s] -- Up-to-date symlink: /home/floks/ros2_ws/install/robot_localization/lib/librl_lib.so
[1.489s] -- Up-to-date symlink: /home/floks/ros2_ws/install/robot_localization/share/ament_index/resource_index/package_run_dependencies/robot_localization
[1.489s] -- Up-to-date symlink: /home/floks/ros2_ws/install/robot_localization/share/ament_index/resource_index/parent_prefix_path/robot_localization
[1.489s] -- Up-to-date symlink: /home/floks/ros2_ws/install/robot_localization/share/robot_localization/environment/ament_prefix_path.sh
[1.490s] -- Up-to-date symlink: /home/floks/ros2_ws/install/robot_localization/share/robot_localization/environment/ament_prefix_path.dsv
[1.490s] -- Up-to-date symlink: /home/floks/ros2_ws/install/robot_localization/share/robot_localization/environment/path.sh
[1.490s] -- Up-to-date symlink: /home/floks/ros2_ws/install/robot_localization/share/robot_localization/environment/path.dsv
[1.491s] -- Up-to-date symlink: /home/floks/ros2_ws/install/robot_localization/share/robot_localization/local_setup.bash
[1.491s] -- Up-to-date symlink: /home/floks/ros2_ws/install/robot_localization/share/robot_localization/local_setup.sh
[1.491s] -- Up-to-date symlink: /home/floks/ros2_ws/install/robot_localization/share/robot_localization/local_setup.zsh
[1.492s] -- Up-to-date symlink: /home/floks/ros2_ws/install/robot_localization/share/robot_localization/local_setup.dsv
[1.492s] -- Symlinking: /home/floks/ros2_ws/install/robot_localization/share/robot_localization/package.dsv
[1.502s] -- Up-to-date symlink: /home/floks/ros2_ws/install/robot_localization/share/ament_index/resource_index/packages/robot_localization
[1.503s] -- Up-to-date symlink: /home/floks/ros2_ws/install/robot_localization/share/robot_localization/cmake/rosidl_cmake-extras.cmake
[1.503s] -- Up-to-date symlink: /home/floks/ros2_ws/install/robot_localization/share/robot_localization/cmake/ament_cmake_export_dependencies-extras.cmake
[1.503s] -- Up-to-date symlink: /home/floks/ros2_ws/install/robot_localization/share/robot_localization/cmake/ament_cmake_export_include_directories-extras.cmake
[1.503s] -- Up-to-date symlink: /home/floks/ros2_ws/install/robot_localization/share/robot_localization/cmake/ament_cmake_export_libraries-extras.cmake
[1.504s] -- Up-to-date symlink: /home/floks/ros2_ws/install/robot_localization/share/robot_localization/cmake/ament_cmake_export_targets-extras.cmake
[1.504s] -- Up-to-date symlink: /home/floks/ros2_ws/install/robot_localization/share/robot_localization/cmake/rosidl_cmake_export_typesupport_targets-extras.cmake
[1.504s] -- Up-to-date symlink: /home/floks/ros2_ws/install/robot_localization/share/robot_localization/cmake/rosidl_cmake_export_typesupport_libraries-extras.cmake
[1.505s] -- Up-to-date symlink: /home/floks/ros2_ws/install/robot_localization/share/robot_localization/cmake/robot_localizationConfig.cmake
[1.505s] -- Up-to-date symlink: /home/floks/ros2_ws/install/robot_localization/share/robot_localization/cmake/robot_localizationConfig-version.cmake
[1.505s] -- Up-to-date symlink: /home/floks/ros2_ws/install/robot_localization/share/robot_localization/package.xml
[1.505s] -- Up-to-date: /home/floks/ros2_ws/install/robot_localization/lib/librobot_localization__rosidl_generator_c.so
[1.506s] -- Up-to-date: /home/floks/ros2_ws/install/robot_localization/lib/librobot_localization__rosidl_typesupport_fastrtps_c.so
[1.506s] -- Up-to-date: /home/floks/ros2_ws/install/robot_localization/lib/librobot_localization__rosidl_typesupport_fastrtps_cpp.so
[1.507s] -- Up-to-date: /home/floks/ros2_ws/install/robot_localization/lib/librobot_localization__rosidl_typesupport_introspection_c.so
[1.508s] -- Up-to-date: /home/floks/ros2_ws/install/robot_localization/lib/librobot_localization__rosidl_typesupport_c.so
[1.508s] -- Up-to-date: /home/floks/ros2_ws/install/robot_localization/lib/librobot_localization__rosidl_typesupport_introspection_cpp.so
[1.508s] -- Up-to-date: /home/floks/ros2_ws/install/robot_localization/lib/librobot_localization__rosidl_typesupport_cpp.so
[1.557s] Listing '/home/floks/ros2_ws/install/robot_localization/local/lib/python3.10/dist-packages/robot_localization'...
[1.557s] Listing '/home/floks/ros2_ws/install/robot_localization/local/lib/python3.10/dist-packages/robot_localization/srv'...
[1.568s] -- Up-to-date: /home/floks/ros2_ws/install/robot_localization/lib/librobot_localization__rosidl_generator_py.so
[1.571s] -- Up-to-date: /home/floks/ros2_ws/install/robot_localization/share/robot_localization/test
[1.571s] -- Up-to-date: /home/floks/ros2_ws/install/robot_localization/share/robot_localization/test/test_ekf_localization_node_bag2.sh
[1.571s] -- Up-to-date: /home/floks/ros2_ws/install/robot_localization/share/robot_localization/test/test_ekf_localization_node_interfaces.cpp
[1.571s] -- Up-to-date: /home/floks/ros2_ws/install/robot_localization/share/robot_localization/test/test_ekf_localization_node_interfaces.launch.py
[1.572s] -- Up-to-date: /home/floks/ros2_ws/install/robot_localization/share/robot_localization/test/test_filter_base_diagnostics_timestamps.cpp
[1.572s] -- Up-to-date: /home/floks/ros2_ws/install/robot_localization/share/robot_localization/test/test_robot_localization_estimator.launch.py
[1.572s] -- Up-to-date: /home/floks/ros2_ws/install/robot_localization/share/robot_localization/test/test_ekf_localization_node_bag3.yaml
[1.572s] -- Up-to-date: /home/floks/ros2_ws/install/robot_localization/share/robot_localization/test/test_filter_base_diagnostics_timestamps.yaml
[1.573s] -- Up-to-date: /home/floks/ros2_ws/install/robot_localization/share/robot_localization/test/test_ukf_localization_node_bag3.sh
[1.573s] -- Up-to-date: /home/floks/ros2_ws/install/robot_localization/share/robot_localization/test/test_ekf_localization_node_bag2.launch.py
[1.573s] -- Up-to-date: /home/floks/ros2_ws/install/robot_localization/share/robot_localization/test/test_robot_localization_estimator.cpp
[1.574s] -- Up-to-date: /home/floks/ros2_ws/install/robot_localization/share/robot_localization/test/test_ukf_localization_node_bag1.sh
[1.574s] -- Up-to-date: /home/floks/ros2_ws/install/robot_localization/share/robot_localization/test/test_navsat_conversions.cpp
[1.575s] -- Up-to-date: /home/floks/ros2_ws/install/robot_localization/share/robot_localization/test/test_filter_base_diagnostics_timestamps.launch.py
[1.575s] -- Up-to-date: /home/floks/ros2_ws/install/robot_localization/share/robot_localization/test/test_ros_robot_localization_listener.yaml
[1.576s] -- Up-to-date: /home/floks/ros2_ws/install/robot_localization/share/robot_localization/test/test_ukf_localization_node_bag1.yaml
[1.576s] -- Up-to-date: /home/floks/ros2_ws/install/robot_localization/share/robot_localization/test/test_ukf_localization_node_bag2.yaml
[1.576s] -- Up-to-date: /home/floks/ros2_ws/install/robot_localization/share/robot_localization/test/test_ekf.cpp
[1.577s] -- Up-to-date: /home/floks/ros2_ws/install/robot_localization/share/robot_localization/test/test2.bag
[1.578s] -- Up-to-date: /home/floks/ros2_ws/install/robot_localization/share/robot_localization/test/test_ekf_localization_node_bag3.launch.py
[1.578s] -- Up-to-date: /home/floks/ros2_ws/install/robot_localization/share/robot_localization/test/test_ukf_localization_node_interfaces.cpp
[1.578s] -- Up-to-date: /home/floks/ros2_ws/install/robot_localization/share/robot_localization/test/test_ukf_localization_node_interfaces.yaml
[1.579s] -- Up-to-date: /home/floks/ros2_ws/install/robot_localization/share/robot_localization/test/test_ekf_localization_node_bag1.yaml
[1.579s] -- Up-to-date: /home/floks/ros2_ws/install/robot_localization/share/robot_localization/test/test_ros_robot_localization_listener_publisher.cpp
[1.579s] -- Up-to-date: /home/floks/ros2_ws/install/robot_localization/share/robot_localization/test/test_ukf.cpp
[1.579s] -- Up-to-date: /home/floks/ros2_ws/install/robot_localization/share/robot_localization/test/test_ekf_localization_node_bag2.yaml
[1.580s] -- Up-to-date: /home/floks/ros2_ws/install/robot_localization/share/robot_localization/test/test_ros_robot_localization_listener.cpp
[1.580s] -- Up-to-date: /home/floks/ros2_ws/install/robot_localization/share/robot_localization/test/test_ukf_localization_node_bag2.launch.py
[1.580s] -- Up-to-date: /home/floks/ros2_ws/install/robot_localization/share/robot_localization/test/test1.bag
[1.581s] -- Up-to-date: /home/floks/ros2_ws/install/robot_localization/share/robot_localization/test/test_filter_base.cpp
[1.581s] -- Up-to-date: /home/floks/ros2_ws/install/robot_localization/share/robot_localization/test/test_ekf_localization_node_bag3.sh
[1.581s] -- Up-to-date: /home/floks/ros2_ws/install/robot_localization/share/robot_localization/test/test_ukf_localization_node_bag3.yaml
[1.582s] -- Up-to-date: /home/floks/ros2_ws/install/robot_localization/share/robot_localization/test/test_ukf_localization_node_bag3.launch.py
[1.583s] -- Up-to-date: /home/floks/ros2_ws/install/robot_localization/share/robot_localization/test/test_ukf_localization_node_bag1.launch.py
[1.584s] -- Up-to-date: /home/floks/ros2_ws/install/robot_localization/share/robot_localization/test/test3.bag
[1.584s] -- Up-to-date: /home/floks/ros2_ws/install/robot_localization/share/robot_localization/test/test_ekf_localization_node_bag1.launch.py
[1.584s] -- Up-to-date: /home/floks/ros2_ws/install/robot_localization/share/robot_localization/test/test_ros_robot_localization_listener.launch.py
[1.584s] -- Up-to-date: /home/floks/ros2_ws/install/robot_localization/share/robot_localization/test/test_ekf_localization_node_bag1.sh
[1.585s] -- Up-to-date: /home/floks/ros2_ws/install/robot_localization/share/robot_localization/test/test_localization_node_bag_pose_tester.cpp
[1.585s] -- Up-to-date: /home/floks/ros2_ws/install/robot_localization/share/robot_localization/test/test_ekf_localization_node_interfaces.yaml
[1.585s] -- Up-to-date: /home/floks/ros2_ws/install/robot_localization/share/robot_localization/test/test_ukf_localization_node_interfaces.launch.py
[1.586s] -- Up-to-date: /home/floks/ros2_ws/install/robot_localization/share/robot_localization/test/test_ukf_localization_node_bag2.sh
[1.586s] -- Up-to-date: /home/floks/ros2_ws/install/robot_localization/include/robot_localization
[1.586s] -- Up-to-date: /home/floks/ros2_ws/install/robot_localization/include/robot_localization/robot_localization
[1.587s] -- Up-to-date: /home/floks/ros2_ws/install/robot_localization/include/robot_localization/robot_localization/filter_common.hpp
[1.587s] -- Up-to-date: /home/floks/ros2_ws/install/robot_localization/include/robot_localization/robot_localization/ros_filter_utilities.hpp
[1.587s] -- Up-to-date: /home/floks/ros2_ws/install/robot_localization/include/robot_localization/robot_localization/navsat_transform.hpp
[1.587s] -- Up-to-date: /home/floks/ros2_ws/install/robot_localization/include/robot_localization/robot_localization/measurement.hpp
[1.588s] -- Up-to-date: /home/floks/ros2_ws/install/robot_localization/include/robot_localization/robot_localization/ros_robot_localization_listener.hpp
[1.588s] -- Up-to-date: /home/floks/ros2_ws/install/robot_localization/include/robot_localization/robot_localization/filter_state.hpp
[1.589s] -- Up-to-date: /home/floks/ros2_ws/install/robot_localization/include/robot_localization/robot_localization/ros_filter.hpp
[1.589s] -- Up-to-date: /home/floks/ros2_ws/install/robot_localization/include/robot_localization/robot_localization/ukf.hpp
[1.589s] -- Up-to-date: /home/floks/ros2_ws/install/robot_localization/include/robot_localization/robot_localization/filter_utilities.hpp
[1.590s] -- Up-to-date: /home/floks/ros2_ws/install/robot_localization/include/robot_localization/robot_localization/navsat_conversions.hpp
[1.590s] -- Up-to-date: /home/floks/ros2_ws/install/robot_localization/include/robot_localization/robot_localization/ros_filter_types.hpp
[1.592s] -- Up-to-date: /home/floks/ros2_ws/install/robot_localization/include/robot_localization/robot_localization/filter_base.hpp
[1.592s] -- Up-to-date: /home/floks/ros2_ws/install/robot_localization/include/robot_localization/robot_localization/ekf.hpp
[1.592s] -- Up-to-date: /home/floks/ros2_ws/install/robot_localization/include/robot_localization/robot_localization/robot_localization_estimator.hpp
[1.593s] -- Up-to-date: /home/floks/ros2_ws/install/robot_localization/share/robot_localization/params
[1.593s] -- Up-to-date: /home/floks/ros2_ws/install/robot_localization/share/robot_localization/params/ekf.yaml
[1.594s] -- Up-to-date: /home/floks/ros2_ws/install/robot_localization/share/robot_localization/params/ukf.yaml
[1.594s] -- Up-to-date: /home/floks/ros2_ws/install/robot_localization/share/robot_localization/params/navsat_transform.yaml
[1.595s] -- Up-to-date: /home/floks/ros2_ws/install/robot_localization/share/robot_localization/params/dual_ekf_navsat_example.yaml
[1.595s] -- Up-to-date: /home/floks/ros2_ws/install/robot_localization/share/robot_localization/launch
[1.596s] -- Up-to-date: /home/floks/ros2_ws/install/robot_localization/share/robot_localization/launch/dual_ekf_navsat_example.launch.py
[1.597s] -- Up-to-date: /home/floks/ros2_ws/install/robot_localization/share/robot_localization/launch/navsat_transform.launch.py
[1.597s] -- Up-to-date: /home/floks/ros2_ws/install/robot_localization/share/robot_localization/launch/ekf.launch.py
[1.597s] -- Up-to-date: /home/floks/ros2_ws/install/robot_localization/share/robot_localization/launch/ukf.launch.py
[1.598s] -- Up-to-date: /home/floks/ros2_ws/install/robot_localization/share/robot_localization/cmake/export_robot_localization__rosidl_generator_cExport.cmake
[1.598s] -- Up-to-date: /home/floks/ros2_ws/install/robot_localization/share/robot_localization/cmake/export_robot_localization__rosidl_generator_cExport-release.cmake
[1.598s] -- Up-to-date: /home/floks/ros2_ws/install/robot_localization/share/robot_localization/cmake/export_robot_localization__rosidl_typesupport_fastrtps_cExport.cmake
[1.598s] -- Up-to-date: /home/floks/ros2_ws/install/robot_localization/share/robot_localization/cmake/export_robot_localization__rosidl_typesupport_fastrtps_cExport-release.cmake
[1.599s] -- Up-to-date: /home/floks/ros2_ws/install/robot_localization/share/robot_localization/cmake/export_robot_localization__rosidl_generator_cppExport.cmake
[1.601s] -- Up-to-date: /home/floks/ros2_ws/install/robot_localization/share/robot_localization/cmake/export_robot_localization__rosidl_typesupport_fastrtps_cppExport.cmake
[1.602s] -- Up-to-date: /home/floks/ros2_ws/install/robot_localization/share/robot_localization/cmake/export_robot_localization__rosidl_typesupport_fastrtps_cppExport-release.cmake
[1.602s] -- Up-to-date: /home/floks/ros2_ws/install/robot_localization/share/robot_localization/cmake/robot_localization__rosidl_typesupport_introspection_cExport.cmake
[1.604s] -- Up-to-date: /home/floks/ros2_ws/install/robot_localization/share/robot_localization/cmake/robot_localization__rosidl_typesupport_introspection_cExport-release.cmake
[1.605s] -- Up-to-date: /home/floks/ros2_ws/install/robot_localization/share/robot_localization/cmake/robot_localization__rosidl_typesupport_cExport.cmake
[1.606s] -- Up-to-date: /home/floks/ros2_ws/install/robot_localization/share/robot_localization/cmake/robot_localization__rosidl_typesupport_cExport-release.cmake
[1.607s] -- Up-to-date: /home/floks/ros2_ws/install/robot_localization/share/robot_localization/cmake/robot_localization__rosidl_typesupport_introspection_cppExport.cmake
[1.607s] -- Up-to-date: /home/floks/ros2_ws/install/robot_localization/share/robot_localization/cmake/robot_localization__rosidl_typesupport_introspection_cppExport-release.cmake
[1.608s] -- Up-to-date: /home/floks/ros2_ws/install/robot_localization/share/robot_localization/cmake/robot_localization__rosidl_typesupport_cppExport.cmake
[1.609s] -- Up-to-date: /home/floks/ros2_ws/install/robot_localization/share/robot_localization/cmake/robot_localization__rosidl_typesupport_cppExport-release.cmake
[1.610s] -- Up-to-date: /home/floks/ros2_ws/install/robot_localization/share/robot_localization/cmake/export_robot_localization__rosidl_generator_pyExport.cmake
[1.610s] -- Up-to-date: /home/floks/ros2_ws/install/robot_localization/share/robot_localization/cmake/export_robot_localization__rosidl_generator_pyExport-release.cmake
[1.618s] Invoked command in '/home/floks/ros2_ws/build/robot_localization' returned '0': CMAKE_PREFIX_PATH=${CMAKE_PREFIX_PATH}:/opt/ros/humble /usr/bin/cmake --install /home/floks/ros2_ws/build/robot_localization
