[0.247s] Invoking command in '/home/floks/ros2_ws/build/robot_localization': CMAKE_PREFIX_PATH=${CMAKE_PREFIX_PATH}:/opt/ros/humble /usr/bin/cmake --build /home/floks/ros2_ws/build/robot_localization -- -j8 -l8
[0.396s] [  1%] Built target robot_localization__cpp
[0.398s] [  1%] Built target ament_cmake_python_symlink_robot_localization
[0.408s] [  8%] Built target robot_localization__rosidl_generator_c
[0.414s] [ 10%] Built target gtest_main
[0.428s] [ 12%] Built target gtest
[0.538s] [ 20%] Built target robot_localization__rosidl_typesupport_cpp
[0.538s] [ 26%] Built target robot_localization__rosidl_typesupport_fastrtps_cpp
[0.573s] [ 33%] Built target robot_localization__rosidl_typesupport_fastrtps_c
[0.576s] [ 40%] Built target robot_localization__rosidl_typesupport_introspection_cpp
[0.580s] [ 50%] Built target robot_localization__rosidl_typesupport_introspection_c
[0.582s] [ 54%] Built target robot_localization__rosidl_typesupport_c
[0.656s] [ 54%] Built target robot_localization
[0.684s] [ 63%] Built target rl_lib
[0.694s] [ 64%] Built target robot_localization__py
[0.798s] [ 65%] Built target ekf_node
[0.806s] [ 67%] Built target robot_localization_listener_node
[0.816s] [ 69%] Built target ukf_node
[0.822s] [ 71%] Built target filter_base-test
[0.850s] [ 72%] Built target navsat_transform_node
[0.863s] [ 74%] Built target test_ekf
[0.886s] [ 76%] Built target test_ukf
[0.919s] [ 78%] Built target test_navsat_conversions
[0.977s] [ 80%] Built target test_robot_localization_estimator
[0.986s] [ 81%] Built target test_ros_robot_localization_listener
[0.999s] [ 87%] Built target robot_localization__rosidl_generator_py
[1.003s] [ 89%] Built target test_filter_base_diagnostics_timestamps
[1.012s] [ 91%] Built target test_ros_robot_localization_listener_publisher
[1.040s] [ 92%] Built target test_ekf_localization_node_interfaces
[1.065s] [ 94%] Built target test_ukf_localization_node_interfaces
[1.089s] [ 96%] Built target robot_localization__rosidl_typesupport_fastrtps_c__pyext
[1.091s] [ 98%] Built target robot_localization__rosidl_typesupport_introspection_c__pyext
[1.103s] [100%] Built target robot_localization__rosidl_typesupport_c__pyext
[1.160s] running egg_info
[1.161s] writing robot_localization.egg-info/PKG-INFO
[1.162s] writing dependency_links to robot_localization.egg-info/dependency_links.txt
[1.162s] writing top-level names to robot_localization.egg-info/top_level.txt
[1.166s] reading manifest file 'robot_localization.egg-info/SOURCES.txt'
[1.167s] writing manifest file 'robot_localization.egg-info/SOURCES.txt'
[1.205s] [100%] Built target ament_cmake_python_build_robot_localization_egg
[1.224s] Invoked command in '/home/floks/ros2_ws/build/robot_localization' returned '0': CMAKE_PREFIX_PATH=${CMAKE_PREFIX_PATH}:/opt/ros/humble /usr/bin/cmake --build /home/floks/ros2_ws/build/robot_localization -- -j8 -l8
[1.497s] Invoking command in '/home/floks/ros2_ws/build/robot_localization': CMAKE_PREFIX_PATH=${CMAKE_PREFIX_PATH}:/opt/ros/humble /usr/bin/cmake --install /home/floks/ros2_ws/build/robot_localization
[1.514s] -- Install configuration: "Release"
[1.516s] -- Execute custom install script
[1.516s] -- Up-to-date symlink: /home/floks/ros2_ws/install/robot_localization/share/ament_index/resource_index/rosidl_interfaces/robot_localization
[1.518s] -- Up-to-date symlink: /home/floks/ros2_ws/install/robot_localization/include/robot_localization/robot_localization/msg/rosidl_generator_c__visibility_control.h
[1.518s] -- Up-to-date symlink: /home/floks/ros2_ws/install/robot_localization/include/robot_localization/robot_localization/srv/detail/from_ll__functions.h
[1.518s] -- Up-to-date symlink: /home/floks/ros2_ws/install/robot_localization/include/robot_localization/robot_localization/srv/detail/from_ll__struct.h
[1.519s] -- Up-to-date symlink: /home/floks/ros2_ws/install/robot_localization/include/robot_localization/robot_localization/srv/detail/from_ll__type_support.h
[1.519s] -- Up-to-date symlink: /home/floks/ros2_ws/install/robot_localization/include/robot_localization/robot_localization/srv/detail/get_state__functions.h
[1.519s] -- Up-to-date symlink: /home/floks/ros2_ws/install/robot_localization/include/robot_localization/robot_localization/srv/detail/get_state__struct.h
[1.519s] -- Up-to-date symlink: /home/floks/ros2_ws/install/robot_localization/include/robot_localization/robot_localization/srv/detail/get_state__type_support.h
[1.520s] -- Up-to-date symlink: /home/floks/ros2_ws/install/robot_localization/include/robot_localization/robot_localization/srv/detail/set_datum__functions.h
[1.520s] -- Up-to-date symlink: /home/floks/ros2_ws/install/robot_localization/include/robot_localization/robot_localization/srv/detail/set_datum__struct.h
[1.520s] -- Up-to-date symlink: /home/floks/ros2_ws/install/robot_localization/include/robot_localization/robot_localization/srv/detail/set_datum__type_support.h
[1.520s] -- Up-to-date symlink: /home/floks/ros2_ws/install/robot_localization/include/robot_localization/robot_localization/srv/detail/set_pose__functions.h
[1.521s] -- Up-to-date symlink: /home/floks/ros2_ws/install/robot_localization/include/robot_localization/robot_localization/srv/detail/set_pose__struct.h
[1.521s] -- Up-to-date symlink: /home/floks/ros2_ws/install/robot_localization/include/robot_localization/robot_localization/srv/detail/set_pose__type_support.h
[1.521s] -- Up-to-date symlink: /home/floks/ros2_ws/install/robot_localization/include/robot_localization/robot_localization/srv/detail/to_ll__functions.h
[1.521s] -- Up-to-date symlink: /home/floks/ros2_ws/install/robot_localization/include/robot_localization/robot_localization/srv/detail/to_ll__struct.h
[1.521s] -- Up-to-date symlink: /home/floks/ros2_ws/install/robot_localization/include/robot_localization/robot_localization/srv/detail/to_ll__type_support.h
[1.522s] -- Up-to-date symlink: /home/floks/ros2_ws/install/robot_localization/include/robot_localization/robot_localization/srv/detail/toggle_filter_processing__functions.h
[1.522s] -- Up-to-date symlink: /home/floks/ros2_ws/install/robot_localization/include/robot_localization/robot_localization/srv/detail/toggle_filter_processing__struct.h
[1.522s] -- Up-to-date symlink: /home/floks/ros2_ws/install/robot_localization/include/robot_localization/robot_localization/srv/detail/toggle_filter_processing__type_support.h
[1.522s] -- Up-to-date symlink: /home/floks/ros2_ws/install/robot_localization/include/robot_localization/robot_localization/srv/from_ll.h
[1.523s] -- Up-to-date symlink: /home/floks/ros2_ws/install/robot_localization/include/robot_localization/robot_localization/srv/get_state.h
[1.523s] -- Up-to-date symlink: /home/floks/ros2_ws/install/robot_localization/include/robot_localization/robot_localization/srv/set_datum.h
[1.523s] -- Up-to-date symlink: /home/floks/ros2_ws/install/robot_localization/include/robot_localization/robot_localization/srv/set_pose.h
[1.523s] -- Up-to-date symlink: /home/floks/ros2_ws/install/robot_localization/include/robot_localization/robot_localization/srv/to_ll.h
[1.524s] -- Up-to-date symlink: /home/floks/ros2_ws/install/robot_localization/include/robot_localization/robot_localization/srv/toggle_filter_processing.h
[1.524s] -- Up-to-date symlink: /home/floks/ros2_ws/install/robot_localization/share/robot_localization/environment/library_path.sh
[1.524s] -- Up-to-date symlink: /home/floks/ros2_ws/install/robot_localization/share/robot_localization/environment/library_path.dsv
[1.525s] -- Up-to-date symlink: /home/floks/ros2_ws/install/robot_localization/include/robot_localization/robot_localization/msg/rosidl_typesupport_fastrtps_c__visibility_control.h
[1.525s] -- Up-to-date symlink: /home/floks/ros2_ws/install/robot_localization/include/robot_localization/robot_localization/srv/detail/from_ll__rosidl_typesupport_fastrtps_c.h
[1.526s] -- Up-to-date symlink: /home/floks/ros2_ws/install/robot_localization/include/robot_localization/robot_localization/srv/detail/get_state__rosidl_typesupport_fastrtps_c.h
[1.526s] -- Up-to-date symlink: /home/floks/ros2_ws/install/robot_localization/include/robot_localization/robot_localization/srv/detail/set_datum__rosidl_typesupport_fastrtps_c.h
[1.526s] -- Up-to-date symlink: /home/floks/ros2_ws/install/robot_localization/include/robot_localization/robot_localization/srv/detail/set_pose__rosidl_typesupport_fastrtps_c.h
[1.527s] -- Up-to-date symlink: /home/floks/ros2_ws/install/robot_localization/include/robot_localization/robot_localization/srv/detail/to_ll__rosidl_typesupport_fastrtps_c.h
[1.527s] -- Up-to-date symlink: /home/floks/ros2_ws/install/robot_localization/include/robot_localization/robot_localization/srv/detail/toggle_filter_processing__rosidl_typesupport_fastrtps_c.h
[1.528s] -- Up-to-date symlink: /home/floks/ros2_ws/install/robot_localization/include/robot_localization/robot_localization/srv/detail/from_ll__builder.hpp
[1.529s] -- Up-to-date symlink: /home/floks/ros2_ws/install/robot_localization/include/robot_localization/robot_localization/srv/detail/from_ll__struct.hpp
[1.529s] -- Up-to-date symlink: /home/floks/ros2_ws/install/robot_localization/include/robot_localization/robot_localization/srv/detail/from_ll__traits.hpp
[1.529s] -- Up-to-date symlink: /home/floks/ros2_ws/install/robot_localization/include/robot_localization/robot_localization/srv/detail/get_state__builder.hpp
[1.529s] -- Up-to-date symlink: /home/floks/ros2_ws/install/robot_localization/include/robot_localization/robot_localization/srv/detail/get_state__struct.hpp
[1.530s] -- Up-to-date symlink: /home/floks/ros2_ws/install/robot_localization/include/robot_localization/robot_localization/srv/detail/get_state__traits.hpp
[1.530s] -- Up-to-date symlink: /home/floks/ros2_ws/install/robot_localization/include/robot_localization/robot_localization/srv/detail/set_datum__builder.hpp
[1.531s] -- Up-to-date symlink: /home/floks/ros2_ws/install/robot_localization/include/robot_localization/robot_localization/srv/detail/set_datum__struct.hpp
[1.531s] -- Up-to-date symlink: /home/floks/ros2_ws/install/robot_localization/include/robot_localization/robot_localization/srv/detail/set_datum__traits.hpp
[1.531s] -- Up-to-date symlink: /home/floks/ros2_ws/install/robot_localization/include/robot_localization/robot_localization/srv/detail/set_pose__builder.hpp
[1.531s] -- Up-to-date symlink: /home/floks/ros2_ws/install/robot_localization/include/robot_localization/robot_localization/srv/detail/set_pose__struct.hpp
[1.531s] -- Up-to-date symlink: /home/floks/ros2_ws/install/robot_localization/include/robot_localization/robot_localization/srv/detail/set_pose__traits.hpp
[1.531s] -- Up-to-date symlink: /home/floks/ros2_ws/install/robot_localization/include/robot_localization/robot_localization/srv/detail/to_ll__builder.hpp
[1.532s] -- Up-to-date symlink: /home/floks/ros2_ws/install/robot_localization/include/robot_localization/robot_localization/srv/detail/to_ll__struct.hpp
[1.532s] -- Up-to-date symlink: /home/floks/ros2_ws/install/robot_localization/include/robot_localization/robot_localization/srv/detail/to_ll__traits.hpp
[1.532s] -- Up-to-date symlink: /home/floks/ros2_ws/install/robot_localization/include/robot_localization/robot_localization/srv/detail/toggle_filter_processing__builder.hpp
[1.533s] -- Up-to-date symlink: /home/floks/ros2_ws/install/robot_localization/include/robot_localization/robot_localization/srv/detail/toggle_filter_processing__struct.hpp
[1.533s] -- Up-to-date symlink: /home/floks/ros2_ws/install/robot_localization/include/robot_localization/robot_localization/srv/detail/toggle_filter_processing__traits.hpp
[1.533s] -- Up-to-date symlink: /home/floks/ros2_ws/install/robot_localization/include/robot_localization/robot_localization/srv/from_ll.hpp
[1.533s] -- Up-to-date symlink: /home/floks/ros2_ws/install/robot_localization/include/robot_localization/robot_localization/srv/get_state.hpp
[1.534s] -- Up-to-date symlink: /home/floks/ros2_ws/install/robot_localization/include/robot_localization/robot_localization/srv/set_datum.hpp
[1.534s] -- Up-to-date symlink: /home/floks/ros2_ws/install/robot_localization/include/robot_localization/robot_localization/srv/set_pose.hpp
[1.534s] -- Up-to-date symlink: /home/floks/ros2_ws/install/robot_localization/include/robot_localization/robot_localization/srv/to_ll.hpp
[1.534s] -- Up-to-date symlink: /home/floks/ros2_ws/install/robot_localization/include/robot_localization/robot_localization/srv/toggle_filter_processing.hpp
[1.535s] -- Up-to-date symlink: /home/floks/ros2_ws/install/robot_localization/include/robot_localization/robot_localization/msg/rosidl_typesupport_fastrtps_cpp__visibility_control.h
[1.535s] -- Up-to-date symlink: /home/floks/ros2_ws/install/robot_localization/include/robot_localization/robot_localization/srv/detail/from_ll__rosidl_typesupport_fastrtps_cpp.hpp
[1.536s] -- Up-to-date symlink: /home/floks/ros2_ws/install/robot_localization/include/robot_localization/robot_localization/srv/detail/get_state__rosidl_typesupport_fastrtps_cpp.hpp
[1.536s] -- Up-to-date symlink: /home/floks/ros2_ws/install/robot_localization/include/robot_localization/robot_localization/srv/detail/set_datum__rosidl_typesupport_fastrtps_cpp.hpp
[1.536s] -- Up-to-date symlink: /home/floks/ros2_ws/install/robot_localization/include/robot_localization/robot_localization/srv/detail/set_pose__rosidl_typesupport_fastrtps_cpp.hpp
[1.536s] -- Up-to-date symlink: /home/floks/ros2_ws/install/robot_localization/include/robot_localization/robot_localization/srv/detail/to_ll__rosidl_typesupport_fastrtps_cpp.hpp
[1.537s] -- Up-to-date symlink: /home/floks/ros2_ws/install/robot_localization/include/robot_localization/robot_localization/srv/detail/toggle_filter_processing__rosidl_typesupport_fastrtps_cpp.hpp
[1.537s] -- Up-to-date symlink: /home/floks/ros2_ws/install/robot_localization/include/robot_localization/robot_localization/msg/rosidl_typesupport_introspection_c__visibility_control.h
[1.538s] -- Up-to-date symlink: /home/floks/ros2_ws/install/robot_localization/include/robot_localization/robot_localization/srv/detail/from_ll__rosidl_typesupport_introspection_c.h
[1.538s] -- Up-to-date symlink: /home/floks/ros2_ws/install/robot_localization/include/robot_localization/robot_localization/srv/detail/get_state__rosidl_typesupport_introspection_c.h
[1.538s] -- Up-to-date symlink: /home/floks/ros2_ws/install/robot_localization/include/robot_localization/robot_localization/srv/detail/set_datum__rosidl_typesupport_introspection_c.h
[1.538s] -- Up-to-date symlink: /home/floks/ros2_ws/install/robot_localization/include/robot_localization/robot_localization/srv/detail/set_pose__rosidl_typesupport_introspection_c.h
[1.539s] -- Up-to-date symlink: /home/floks/ros2_ws/install/robot_localization/include/robot_localization/robot_localization/srv/detail/to_ll__rosidl_typesupport_introspection_c.h
[1.539s] -- Up-to-date symlink: /home/floks/ros2_ws/install/robot_localization/include/robot_localization/robot_localization/srv/detail/toggle_filter_processing__rosidl_typesupport_introspection_c.h
[1.539s] -- Up-to-date symlink: /home/floks/ros2_ws/install/robot_localization/include/robot_localization/robot_localization/srv/detail/from_ll__rosidl_typesupport_introspection_cpp.hpp
[1.540s] -- Up-to-date symlink: /home/floks/ros2_ws/install/robot_localization/include/robot_localization/robot_localization/srv/detail/get_state__rosidl_typesupport_introspection_cpp.hpp
[1.540s] -- Up-to-date symlink: /home/floks/ros2_ws/install/robot_localization/include/robot_localization/robot_localization/srv/detail/set_datum__rosidl_typesupport_introspection_cpp.hpp
[1.540s] -- Up-to-date symlink: /home/floks/ros2_ws/install/robot_localization/include/robot_localization/robot_localization/srv/detail/set_pose__rosidl_typesupport_introspection_cpp.hpp
[1.540s] -- Up-to-date symlink: /home/floks/ros2_ws/install/robot_localization/include/robot_localization/robot_localization/srv/detail/to_ll__rosidl_typesupport_introspection_cpp.hpp
[1.541s] -- Up-to-date symlink: /home/floks/ros2_ws/install/robot_localization/include/robot_localization/robot_localization/srv/detail/toggle_filter_processing__rosidl_typesupport_introspection_cpp.hpp
[1.541s] -- Up-to-date symlink: /home/floks/ros2_ws/install/robot_localization/share/robot_localization/environment/pythonpath.sh
[1.541s] -- Up-to-date symlink: /home/floks/ros2_ws/install/robot_localization/share/robot_localization/environment/pythonpath.dsv
[1.542s] -- Up-to-date symlink: /home/floks/ros2_ws/install/robot_localization/local/lib/python3.10/dist-packages/robot_localization-3.5.1-py3.10.egg-info/PKG-INFO
[1.542s] -- Up-to-date symlink: /home/floks/ros2_ws/install/robot_localization/local/lib/python3.10/dist-packages/robot_localization-3.5.1-py3.10.egg-info/SOURCES.txt
[1.542s] -- Up-to-date symlink: /home/floks/ros2_ws/install/robot_localization/local/lib/python3.10/dist-packages/robot_localization-3.5.1-py3.10.egg-info/dependency_links.txt
[1.543s] -- Up-to-date symlink: /home/floks/ros2_ws/install/robot_localization/local/lib/python3.10/dist-packages/robot_localization-3.5.1-py3.10.egg-info/top_level.txt
[1.544s] -- Up-to-date symlink: /home/floks/ros2_ws/install/robot_localization/local/lib/python3.10/dist-packages/robot_localization/__init__.py
[1.544s] -- Up-to-date symlink: /home/floks/ros2_ws/install/robot_localization/local/lib/python3.10/dist-packages/robot_localization/_robot_localization_s.ep.rosidl_typesupport_c.c
[1.544s] -- Up-to-date symlink: /home/floks/ros2_ws/install/robot_localization/local/lib/python3.10/dist-packages/robot_localization/_robot_localization_s.ep.rosidl_typesupport_fastrtps_c.c
[1.544s] -- Up-to-date symlink: /home/floks/ros2_ws/install/robot_localization/local/lib/python3.10/dist-packages/robot_localization/_robot_localization_s.ep.rosidl_typesupport_introspection_c.c
[1.545s] -- Up-to-date symlink: /home/floks/ros2_ws/install/robot_localization/local/lib/python3.10/dist-packages/robot_localization/librobot_localization__rosidl_generator_py.so
[1.545s] -- Up-to-date symlink: /home/floks/ros2_ws/install/robot_localization/local/lib/python3.10/dist-packages/robot_localization/robot_localization_s__rosidl_typesupport_c.cpython-310-x86_64-linux-gnu.so
[1.546s] -- Up-to-date symlink: /home/floks/ros2_ws/install/robot_localization/local/lib/python3.10/dist-packages/robot_localization/robot_localization_s__rosidl_typesupport_fastrtps_c.cpython-310-x86_64-linux-gnu.so
[1.546s] -- Up-to-date symlink: /home/floks/ros2_ws/install/robot_localization/local/lib/python3.10/dist-packages/robot_localization/robot_localization_s__rosidl_typesupport_introspection_c.cpython-310-x86_64-linux-gnu.so
[1.547s] -- Up-to-date symlink: /home/floks/ros2_ws/install/robot_localization/local/lib/python3.10/dist-packages/robot_localization/srv/__init__.py
[1.547s] -- Up-to-date symlink: /home/floks/ros2_ws/install/robot_localization/local/lib/python3.10/dist-packages/robot_localization/srv/_from_ll.py
[1.547s] -- Up-to-date symlink: /home/floks/ros2_ws/install/robot_localization/local/lib/python3.10/dist-packages/robot_localization/srv/_from_ll_s.c
[1.547s] -- Up-to-date symlink: /home/floks/ros2_ws/install/robot_localization/local/lib/python3.10/dist-packages/robot_localization/srv/_get_state.py
[1.547s] -- Up-to-date symlink: /home/floks/ros2_ws/install/robot_localization/local/lib/python3.10/dist-packages/robot_localization/srv/_get_state_s.c
[1.548s] -- Up-to-date symlink: /home/floks/ros2_ws/install/robot_localization/local/lib/python3.10/dist-packages/robot_localization/srv/_set_datum.py
[1.548s] -- Up-to-date symlink: /home/floks/ros2_ws/install/robot_localization/local/lib/python3.10/dist-packages/robot_localization/srv/_set_datum_s.c
[1.548s] -- Up-to-date symlink: /home/floks/ros2_ws/install/robot_localization/local/lib/python3.10/dist-packages/robot_localization/srv/_set_pose.py
[1.548s] -- Up-to-date symlink: /home/floks/ros2_ws/install/robot_localization/local/lib/python3.10/dist-packages/robot_localization/srv/_set_pose_s.c
[1.548s] -- Up-to-date symlink: /home/floks/ros2_ws/install/robot_localization/local/lib/python3.10/dist-packages/robot_localization/srv/_to_ll.py
[1.549s] -- Up-to-date symlink: /home/floks/ros2_ws/install/robot_localization/local/lib/python3.10/dist-packages/robot_localization/srv/_to_ll_s.c
[1.549s] -- Up-to-date symlink: /home/floks/ros2_ws/install/robot_localization/local/lib/python3.10/dist-packages/robot_localization/srv/_toggle_filter_processing.py
[1.549s] -- Up-to-date symlink: /home/floks/ros2_ws/install/robot_localization/local/lib/python3.10/dist-packages/robot_localization/srv/_toggle_filter_processing_s.c
[1.549s] -- Up-to-date symlink: /home/floks/ros2_ws/install/robot_localization/local/lib/python3.10/dist-packages/robot_localization/robot_localization_s__rosidl_typesupport_fastrtps_c.cpython-310-x86_64-linux-gnu.so
[1.550s] -- Up-to-date symlink: /home/floks/ros2_ws/install/robot_localization/local/lib/python3.10/dist-packages/robot_localization/robot_localization_s__rosidl_typesupport_introspection_c.cpython-310-x86_64-linux-gnu.so
[1.550s] -- Up-to-date symlink: /home/floks/ros2_ws/install/robot_localization/local/lib/python3.10/dist-packages/robot_localization/robot_localization_s__rosidl_typesupport_c.cpython-310-x86_64-linux-gnu.so
[1.551s] -- Up-to-date symlink: /home/floks/ros2_ws/install/robot_localization/share/robot_localization/srv/FromLL.idl
[1.551s] -- Up-to-date symlink: /home/floks/ros2_ws/install/robot_localization/share/robot_localization/srv/GetState.idl
[1.551s] -- Up-to-date symlink: /home/floks/ros2_ws/install/robot_localization/share/robot_localization/srv/SetDatum.idl
[1.552s] -- Up-to-date symlink: /home/floks/ros2_ws/install/robot_localization/share/robot_localization/srv/SetPose.idl
[1.552s] -- Up-to-date symlink: /home/floks/ros2_ws/install/robot_localization/share/robot_localization/srv/ToggleFilterProcessing.idl
[1.552s] -- Up-to-date symlink: /home/floks/ros2_ws/install/robot_localization/share/robot_localization/srv/ToLL.idl
[1.553s] -- Up-to-date symlink: /home/floks/ros2_ws/install/robot_localization/share/robot_localization/srv/FromLL.srv
[1.553s] -- Up-to-date symlink: /home/floks/ros2_ws/install/robot_localization/share/robot_localization/srv/FromLL_Request.msg
[1.553s] -- Up-to-date symlink: /home/floks/ros2_ws/install/robot_localization/share/robot_localization/srv/FromLL_Response.msg
[1.554s] -- Up-to-date symlink: /home/floks/ros2_ws/install/robot_localization/share/robot_localization/srv/GetState.srv
[1.554s] -- Up-to-date symlink: /home/floks/ros2_ws/install/robot_localization/share/robot_localization/srv/GetState_Request.msg
[1.554s] -- Up-to-date symlink: /home/floks/ros2_ws/install/robot_localization/share/robot_localization/srv/GetState_Response.msg
[1.554s] -- Up-to-date symlink: /home/floks/ros2_ws/install/robot_localization/share/robot_localization/srv/SetDatum.srv
[1.555s] -- Up-to-date symlink: /home/floks/ros2_ws/install/robot_localization/share/robot_localization/srv/SetDatum_Request.msg
[1.555s] -- Up-to-date symlink: /home/floks/ros2_ws/install/robot_localization/share/robot_localization/srv/SetDatum_Response.msg
[1.555s] -- Up-to-date symlink: /home/floks/ros2_ws/install/robot_localization/share/robot_localization/srv/SetPose.srv
[1.556s] -- Up-to-date symlink: /home/floks/ros2_ws/install/robot_localization/share/robot_localization/srv/SetPose_Request.msg
[1.556s] -- Up-to-date symlink: /home/floks/ros2_ws/install/robot_localization/share/robot_localization/srv/SetPose_Response.msg
[1.556s] -- Up-to-date symlink: /home/floks/ros2_ws/install/robot_localization/share/robot_localization/srv/ToggleFilterProcessing.srv
[1.557s] -- Up-to-date symlink: /home/floks/ros2_ws/install/robot_localization/share/robot_localization/srv/ToggleFilterProcessing_Request.msg
[1.557s] -- Up-to-date symlink: /home/floks/ros2_ws/install/robot_localization/share/robot_localization/srv/ToggleFilterProcessing_Response.msg
[1.557s] -- Up-to-date symlink: /home/floks/ros2_ws/install/robot_localization/share/robot_localization/srv/ToLL.srv
[1.558s] -- Up-to-date symlink: /home/floks/ros2_ws/install/robot_localization/share/robot_localization/srv/ToLL_Request.msg
[1.558s] -- Up-to-date symlink: /home/floks/ros2_ws/install/robot_localization/share/robot_localization/srv/ToLL_Response.msg
[1.559s] -- Up-to-date symlink: /home/floks/ros2_ws/install/robot_localization/lib/robot_localization/filter_base-test
[1.559s] -- Up-to-date symlink: /home/floks/ros2_ws/install/robot_localization/lib/robot_localization/test_filter_base_diagnostics_timestamps
[1.560s] -- Up-to-date symlink: /home/floks/ros2_ws/install/robot_localization/lib/robot_localization/test_ekf
[1.560s] -- Up-to-date symlink: /home/floks/ros2_ws/install/robot_localization/lib/robot_localization/test_ekf_localization_node_interfaces
[1.560s] -- Up-to-date symlink: /home/floks/ros2_ws/install/robot_localization/lib/robot_localization/test_ukf
[1.560s] -- Up-to-date symlink: /home/floks/ros2_ws/install/robot_localization/lib/robot_localization/test_ukf_localization_node_interfaces
[1.561s] -- Up-to-date symlink: /home/floks/ros2_ws/install/robot_localization/lib/robot_localization/test_robot_localization_estimator
[1.561s] -- Up-to-date symlink: /home/floks/ros2_ws/install/robot_localization/lib/robot_localization/test_navsat_conversions
[1.561s] -- Up-to-date symlink: /home/floks/ros2_ws/install/robot_localization/lib/robot_localization/test_ros_robot_localization_listener
[1.562s] -- Up-to-date symlink: /home/floks/ros2_ws/install/robot_localization/lib/robot_localization/test_ros_robot_localization_listener_publisher
[1.562s] -- Up-to-date symlink: /home/floks/ros2_ws/install/robot_localization/lib/robot_localization/navsat_transform_node
[1.563s] -- Up-to-date symlink: /home/floks/ros2_ws/install/robot_localization/lib/robot_localization/ekf_node
[1.563s] -- Up-to-date symlink: /home/floks/ros2_ws/install/robot_localization/lib/robot_localization/ukf_node
[1.563s] -- Up-to-date symlink: /home/floks/ros2_ws/install/robot_localization/lib/robot_localization/robot_localization_listener_node
[1.564s] -- Up-to-date symlink: /home/floks/ros2_ws/install/robot_localization/lib/librl_lib.so
[1.564s] -- Up-to-date symlink: /home/floks/ros2_ws/install/robot_localization/share/ament_index/resource_index/package_run_dependencies/robot_localization
[1.565s] -- Up-to-date symlink: /home/floks/ros2_ws/install/robot_localization/share/ament_index/resource_index/parent_prefix_path/robot_localization
[1.565s] -- Up-to-date symlink: /home/floks/ros2_ws/install/robot_localization/share/robot_localization/environment/ament_prefix_path.sh
[1.565s] -- Up-to-date symlink: /home/floks/ros2_ws/install/robot_localization/share/robot_localization/environment/ament_prefix_path.dsv
[1.566s] -- Up-to-date symlink: /home/floks/ros2_ws/install/robot_localization/share/robot_localization/environment/path.sh
[1.566s] -- Up-to-date symlink: /home/floks/ros2_ws/install/robot_localization/share/robot_localization/environment/path.dsv
[1.567s] -- Up-to-date symlink: /home/floks/ros2_ws/install/robot_localization/share/robot_localization/local_setup.bash
[1.567s] -- Up-to-date symlink: /home/floks/ros2_ws/install/robot_localization/share/robot_localization/local_setup.sh
[1.567s] -- Up-to-date symlink: /home/floks/ros2_ws/install/robot_localization/share/robot_localization/local_setup.zsh
[1.568s] -- Up-to-date symlink: /home/floks/ros2_ws/install/robot_localization/share/robot_localization/local_setup.dsv
[1.568s] -- Symlinking: /home/floks/ros2_ws/install/robot_localization/share/robot_localization/package.dsv
[1.580s] -- Up-to-date symlink: /home/floks/ros2_ws/install/robot_localization/share/ament_index/resource_index/packages/robot_localization
[1.580s] -- Up-to-date symlink: /home/floks/ros2_ws/install/robot_localization/share/robot_localization/cmake/rosidl_cmake-extras.cmake
[1.580s] -- Up-to-date symlink: /home/floks/ros2_ws/install/robot_localization/share/robot_localization/cmake/ament_cmake_export_dependencies-extras.cmake
[1.580s] -- Up-to-date symlink: /home/floks/ros2_ws/install/robot_localization/share/robot_localization/cmake/ament_cmake_export_include_directories-extras.cmake
[1.581s] -- Up-to-date symlink: /home/floks/ros2_ws/install/robot_localization/share/robot_localization/cmake/ament_cmake_export_libraries-extras.cmake
[1.581s] -- Up-to-date symlink: /home/floks/ros2_ws/install/robot_localization/share/robot_localization/cmake/ament_cmake_export_targets-extras.cmake
[1.581s] -- Up-to-date symlink: /home/floks/ros2_ws/install/robot_localization/share/robot_localization/cmake/rosidl_cmake_export_typesupport_targets-extras.cmake
[1.582s] -- Up-to-date symlink: /home/floks/ros2_ws/install/robot_localization/share/robot_localization/cmake/rosidl_cmake_export_typesupport_libraries-extras.cmake
[1.582s] -- Up-to-date symlink: /home/floks/ros2_ws/install/robot_localization/share/robot_localization/cmake/robot_localizationConfig.cmake
[1.582s] -- Up-to-date symlink: /home/floks/ros2_ws/install/robot_localization/share/robot_localization/cmake/robot_localizationConfig-version.cmake
[1.582s] -- Up-to-date symlink: /home/floks/ros2_ws/install/robot_localization/share/robot_localization/package.xml
[1.583s] -- Up-to-date: /home/floks/ros2_ws/install/robot_localization/lib/librobot_localization__rosidl_generator_c.so
[1.584s] -- Up-to-date: /home/floks/ros2_ws/install/robot_localization/lib/librobot_localization__rosidl_typesupport_fastrtps_c.so
[1.585s] -- Up-to-date: /home/floks/ros2_ws/install/robot_localization/lib/librobot_localization__rosidl_typesupport_fastrtps_cpp.so
[1.586s] -- Up-to-date: /home/floks/ros2_ws/install/robot_localization/lib/librobot_localization__rosidl_typesupport_introspection_c.so
[1.587s] -- Up-to-date: /home/floks/ros2_ws/install/robot_localization/lib/librobot_localization__rosidl_typesupport_c.so
[1.587s] -- Up-to-date: /home/floks/ros2_ws/install/robot_localization/lib/librobot_localization__rosidl_typesupport_introspection_cpp.so
[1.588s] -- Up-to-date: /home/floks/ros2_ws/install/robot_localization/lib/librobot_localization__rosidl_typesupport_cpp.so
[1.632s] Listing '/home/floks/ros2_ws/install/robot_localization/local/lib/python3.10/dist-packages/robot_localization'...
[1.632s] Listing '/home/floks/ros2_ws/install/robot_localization/local/lib/python3.10/dist-packages/robot_localization/srv'...
[1.640s] -- Up-to-date: /home/floks/ros2_ws/install/robot_localization/lib/librobot_localization__rosidl_generator_py.so
[1.640s] -- Up-to-date: /home/floks/ros2_ws/install/robot_localization/share/robot_localization/test
[1.641s] -- Up-to-date: /home/floks/ros2_ws/install/robot_localization/share/robot_localization/test/test_ekf_localization_node_bag2.sh
[1.642s] -- Up-to-date: /home/floks/ros2_ws/install/robot_localization/share/robot_localization/test/test_ekf_localization_node_interfaces.cpp
[1.642s] -- Up-to-date: /home/floks/ros2_ws/install/robot_localization/share/robot_localization/test/test_ekf_localization_node_interfaces.launch.py
[1.642s] -- Up-to-date: /home/floks/ros2_ws/install/robot_localization/share/robot_localization/test/test_filter_base_diagnostics_timestamps.cpp
[1.643s] -- Up-to-date: /home/floks/ros2_ws/install/robot_localization/share/robot_localization/test/test_robot_localization_estimator.launch.py
[1.643s] -- Up-to-date: /home/floks/ros2_ws/install/robot_localization/share/robot_localization/test/test_ekf_localization_node_bag3.yaml
[1.643s] -- Up-to-date: /home/floks/ros2_ws/install/robot_localization/share/robot_localization/test/test_filter_base_diagnostics_timestamps.yaml
[1.644s] -- Up-to-date: /home/floks/ros2_ws/install/robot_localization/share/robot_localization/test/test_ukf_localization_node_bag3.sh
[1.644s] -- Up-to-date: /home/floks/ros2_ws/install/robot_localization/share/robot_localization/test/test_ekf_localization_node_bag2.launch.py
[1.644s] -- Up-to-date: /home/floks/ros2_ws/install/robot_localization/share/robot_localization/test/test_robot_localization_estimator.cpp
[1.645s] -- Up-to-date: /home/floks/ros2_ws/install/robot_localization/share/robot_localization/test/test_ukf_localization_node_bag1.sh
[1.645s] -- Up-to-date: /home/floks/ros2_ws/install/robot_localization/share/robot_localization/test/test_navsat_conversions.cpp
[1.645s] -- Up-to-date: /home/floks/ros2_ws/install/robot_localization/share/robot_localization/test/test_filter_base_diagnostics_timestamps.launch.py
[1.645s] -- Up-to-date: /home/floks/ros2_ws/install/robot_localization/share/robot_localization/test/test_ros_robot_localization_listener.yaml
[1.645s] -- Up-to-date: /home/floks/ros2_ws/install/robot_localization/share/robot_localization/test/test_ukf_localization_node_bag1.yaml
[1.646s] -- Up-to-date: /home/floks/ros2_ws/install/robot_localization/share/robot_localization/test/test_ukf_localization_node_bag2.yaml
[1.647s] -- Up-to-date: /home/floks/ros2_ws/install/robot_localization/share/robot_localization/test/test_ekf.cpp
[1.647s] -- Up-to-date: /home/floks/ros2_ws/install/robot_localization/share/robot_localization/test/test2.bag
[1.647s] -- Up-to-date: /home/floks/ros2_ws/install/robot_localization/share/robot_localization/test/test_ekf_localization_node_bag3.launch.py
[1.648s] -- Up-to-date: /home/floks/ros2_ws/install/robot_localization/share/robot_localization/test/test_ukf_localization_node_interfaces.cpp
[1.648s] -- Up-to-date: /home/floks/ros2_ws/install/robot_localization/share/robot_localization/test/test_ukf_localization_node_interfaces.yaml
[1.648s] -- Up-to-date: /home/floks/ros2_ws/install/robot_localization/share/robot_localization/test/test_ekf_localization_node_bag1.yaml
[1.648s] -- Up-to-date: /home/floks/ros2_ws/install/robot_localization/share/robot_localization/test/test_ros_robot_localization_listener_publisher.cpp
[1.648s] -- Up-to-date: /home/floks/ros2_ws/install/robot_localization/share/robot_localization/test/test_ukf.cpp
[1.649s] -- Up-to-date: /home/floks/ros2_ws/install/robot_localization/share/robot_localization/test/test_ekf_localization_node_bag2.yaml
[1.649s] -- Up-to-date: /home/floks/ros2_ws/install/robot_localization/share/robot_localization/test/test_ros_robot_localization_listener.cpp
[1.649s] -- Up-to-date: /home/floks/ros2_ws/install/robot_localization/share/robot_localization/test/test_ukf_localization_node_bag2.launch.py
[1.649s] -- Up-to-date: /home/floks/ros2_ws/install/robot_localization/share/robot_localization/test/test1.bag
[1.649s] -- Up-to-date: /home/floks/ros2_ws/install/robot_localization/share/robot_localization/test/test_filter_base.cpp
[1.649s] -- Up-to-date: /home/floks/ros2_ws/install/robot_localization/share/robot_localization/test/test_ekf_localization_node_bag3.sh
[1.649s] -- Up-to-date: /home/floks/ros2_ws/install/robot_localization/share/robot_localization/test/test_ukf_localization_node_bag3.yaml
[1.650s] -- Up-to-date: /home/floks/ros2_ws/install/robot_localization/share/robot_localization/test/test_ukf_localization_node_bag3.launch.py
[1.650s] -- Up-to-date: /home/floks/ros2_ws/install/robot_localization/share/robot_localization/test/test_ukf_localization_node_bag1.launch.py
[1.650s] -- Up-to-date: /home/floks/ros2_ws/install/robot_localization/share/robot_localization/test/test3.bag
[1.650s] -- Up-to-date: /home/floks/ros2_ws/install/robot_localization/share/robot_localization/test/test_ekf_localization_node_bag1.launch.py
[1.651s] -- Up-to-date: /home/floks/ros2_ws/install/robot_localization/share/robot_localization/test/test_ros_robot_localization_listener.launch.py
[1.651s] -- Up-to-date: /home/floks/ros2_ws/install/robot_localization/share/robot_localization/test/test_ekf_localization_node_bag1.sh
[1.651s] -- Up-to-date: /home/floks/ros2_ws/install/robot_localization/share/robot_localization/test/test_localization_node_bag_pose_tester.cpp
[1.651s] -- Up-to-date: /home/floks/ros2_ws/install/robot_localization/share/robot_localization/test/test_ekf_localization_node_interfaces.yaml
[1.652s] -- Up-to-date: /home/floks/ros2_ws/install/robot_localization/share/robot_localization/test/test_ukf_localization_node_interfaces.launch.py
[1.653s] -- Up-to-date: /home/floks/ros2_ws/install/robot_localization/share/robot_localization/test/test_ukf_localization_node_bag2.sh
[1.655s] -- Up-to-date: /home/floks/ros2_ws/install/robot_localization/include/robot_localization
[1.656s] -- Up-to-date: /home/floks/ros2_ws/install/robot_localization/include/robot_localization/robot_localization
[1.656s] -- Up-to-date: /home/floks/ros2_ws/install/robot_localization/include/robot_localization/robot_localization/filter_common.hpp
[1.657s] -- Up-to-date: /home/floks/ros2_ws/install/robot_localization/include/robot_localization/robot_localization/ros_filter_utilities.hpp
[1.657s] -- Up-to-date: /home/floks/ros2_ws/install/robot_localization/include/robot_localization/robot_localization/navsat_transform.hpp
[1.657s] -- Up-to-date: /home/floks/ros2_ws/install/robot_localization/include/robot_localization/robot_localization/measurement.hpp
[1.657s] -- Up-to-date: /home/floks/ros2_ws/install/robot_localization/include/robot_localization/robot_localization/ros_robot_localization_listener.hpp
[1.658s] -- Up-to-date: /home/floks/ros2_ws/install/robot_localization/include/robot_localization/robot_localization/filter_state.hpp
[1.658s] -- Up-to-date: /home/floks/ros2_ws/install/robot_localization/include/robot_localization/robot_localization/ros_filter.hpp
[1.659s] -- Up-to-date: /home/floks/ros2_ws/install/robot_localization/include/robot_localization/robot_localization/ukf.hpp
[1.659s] -- Up-to-date: /home/floks/ros2_ws/install/robot_localization/include/robot_localization/robot_localization/filter_utilities.hpp
[1.659s] -- Up-to-date: /home/floks/ros2_ws/install/robot_localization/include/robot_localization/robot_localization/navsat_conversions.hpp
[1.660s] -- Up-to-date: /home/floks/ros2_ws/install/robot_localization/include/robot_localization/robot_localization/ros_filter_types.hpp
[1.660s] -- Up-to-date: /home/floks/ros2_ws/install/robot_localization/include/robot_localization/robot_localization/filter_base.hpp
[1.661s] -- Up-to-date: /home/floks/ros2_ws/install/robot_localization/include/robot_localization/robot_localization/ekf.hpp
[1.661s] -- Up-to-date: /home/floks/ros2_ws/install/robot_localization/include/robot_localization/robot_localization/robot_localization_estimator.hpp
[1.662s] -- Up-to-date: /home/floks/ros2_ws/install/robot_localization/share/robot_localization/params
[1.663s] -- Up-to-date: /home/floks/ros2_ws/install/robot_localization/share/robot_localization/params/ekf.yaml
[1.663s] -- Up-to-date: /home/floks/ros2_ws/install/robot_localization/share/robot_localization/params/ukf.yaml
[1.664s] -- Up-to-date: /home/floks/ros2_ws/install/robot_localization/share/robot_localization/params/navsat_transform.yaml
[1.664s] -- Up-to-date: /home/floks/ros2_ws/install/robot_localization/share/robot_localization/params/dual_ekf_navsat_example.yaml
[1.664s] -- Up-to-date: /home/floks/ros2_ws/install/robot_localization/share/robot_localization/launch
[1.665s] -- Up-to-date: /home/floks/ros2_ws/install/robot_localization/share/robot_localization/launch/dual_ekf_navsat_example.launch.py
[1.666s] -- Up-to-date: /home/floks/ros2_ws/install/robot_localization/share/robot_localization/launch/navsat_transform.launch.py
[1.667s] -- Up-to-date: /home/floks/ros2_ws/install/robot_localization/share/robot_localization/launch/ekf.launch.py
[1.667s] -- Up-to-date: /home/floks/ros2_ws/install/robot_localization/share/robot_localization/launch/ukf.launch.py
[1.669s] -- Up-to-date: /home/floks/ros2_ws/install/robot_localization/share/robot_localization/cmake/export_robot_localization__rosidl_generator_cExport.cmake
[1.670s] -- Up-to-date: /home/floks/ros2_ws/install/robot_localization/share/robot_localization/cmake/export_robot_localization__rosidl_generator_cExport-release.cmake
[1.671s] -- Up-to-date: /home/floks/ros2_ws/install/robot_localization/share/robot_localization/cmake/export_robot_localization__rosidl_typesupport_fastrtps_cExport.cmake
[1.671s] -- Up-to-date: /home/floks/ros2_ws/install/robot_localization/share/robot_localization/cmake/export_robot_localization__rosidl_typesupport_fastrtps_cExport-release.cmake
[1.672s] -- Up-to-date: /home/floks/ros2_ws/install/robot_localization/share/robot_localization/cmake/export_robot_localization__rosidl_generator_cppExport.cmake
[1.674s] -- Up-to-date: /home/floks/ros2_ws/install/robot_localization/share/robot_localization/cmake/export_robot_localization__rosidl_typesupport_fastrtps_cppExport.cmake
[1.675s] -- Up-to-date: /home/floks/ros2_ws/install/robot_localization/share/robot_localization/cmake/export_robot_localization__rosidl_typesupport_fastrtps_cppExport-release.cmake
[1.676s] -- Up-to-date: /home/floks/ros2_ws/install/robot_localization/share/robot_localization/cmake/robot_localization__rosidl_typesupport_introspection_cExport.cmake
[1.677s] -- Up-to-date: /home/floks/ros2_ws/install/robot_localization/share/robot_localization/cmake/robot_localization__rosidl_typesupport_introspection_cExport-release.cmake
[1.679s] -- Up-to-date: /home/floks/ros2_ws/install/robot_localization/share/robot_localization/cmake/robot_localization__rosidl_typesupport_cExport.cmake
[1.680s] -- Up-to-date: /home/floks/ros2_ws/install/robot_localization/share/robot_localization/cmake/robot_localization__rosidl_typesupport_cExport-release.cmake
[1.680s] -- Up-to-date: /home/floks/ros2_ws/install/robot_localization/share/robot_localization/cmake/robot_localization__rosidl_typesupport_introspection_cppExport.cmake
[1.681s] -- Up-to-date: /home/floks/ros2_ws/install/robot_localization/share/robot_localization/cmake/robot_localization__rosidl_typesupport_introspection_cppExport-release.cmake
[1.682s] -- Up-to-date: /home/floks/ros2_ws/install/robot_localization/share/robot_localization/cmake/robot_localization__rosidl_typesupport_cppExport.cmake
[1.684s] -- Up-to-date: /home/floks/ros2_ws/install/robot_localization/share/robot_localization/cmake/robot_localization__rosidl_typesupport_cppExport-release.cmake
[1.684s] -- Up-to-date: /home/floks/ros2_ws/install/robot_localization/share/robot_localization/cmake/export_robot_localization__rosidl_generator_pyExport.cmake
[1.686s] -- Up-to-date: /home/floks/ros2_ws/install/robot_localization/share/robot_localization/cmake/export_robot_localization__rosidl_generator_pyExport-release.cmake
[1.692s] Invoked command in '/home/floks/ros2_ws/build/robot_localization' returned '0': CMAKE_PREFIX_PATH=${CMAKE_PREFIX_PATH}:/opt/ros/humble /usr/bin/cmake --install /home/floks/ros2_ws/build/robot_localization
