[0.937s] Invoking command in '/home/indy/Desktop/Software_Kipp/Rover_Teleoperation': PYTHONPATH=/home/indy/Desktop/Software_Kipp/build/Rover_Teleoperation/prefix_override:/home/indy/Desktop/Software_Kipp/install/Rover_Teleoperation/lib/python3.10/site-packages:${PYTHONPATH} /usr/bin/python3 setup.py egg_info --egg-base ../build/Rover_Teleoperation build --build-base /home/indy/Desktop/Software_Kipp/build/Rover_Teleoperation/build install --record /home/indy/Desktop/Software_Kipp/build/Rover_Teleoperation/install.log --single-version-externally-managed
[1.129s] running egg_info
[1.129s] writing ../build/Rover_Teleoperation/Rover_Teleoperation.egg-info/PKG-INFO
[1.129s] writing dependency_links to ../build/Rover_Teleoperation/Rover_Teleoperation.egg-info/dependency_links.txt
[1.130s] writing entry points to ../build/Rover_Teleoperation/Rover_Teleoperation.egg-info/entry_points.txt
[1.130s] writing requirements to ../build/Rover_Teleoperation/Rover_Teleoperation.egg-info/requires.txt
[1.132s] writing top-level names to ../build/Rover_Teleoperation/Rover_Teleoperation.egg-info/top_level.txt
[1.136s] reading manifest file '../build/Rover_Teleoperation/Rover_Teleoperation.egg-info/SOURCES.txt'
[1.137s] writing manifest file '../build/Rover_Teleoperation/Rover_Teleoperation.egg-info/SOURCES.txt'
[1.138s] running build
[1.138s] running build_py
[1.139s] running install
[1.139s] running install_lib
[1.140s] running install_data
[1.141s] running install_egg_info
[1.143s] removing '/home/indy/Desktop/Software_Kipp/install/Rover_Teleoperation/lib/python3.10/site-packages/Rover_Teleoperation-0.0.0-py3.10.egg-info' (and everything under it)
[1.143s] Copying ../build/Rover_Teleoperation/Rover_Teleoperation.egg-info to /home/indy/Desktop/Software_Kipp/install/Rover_Teleoperation/lib/python3.10/site-packages/Rover_Teleoperation-0.0.0-py3.10.egg-info
[1.144s] running install_scripts
[1.158s] writing list of installed files to '/home/indy/Desktop/Software_Kipp/build/Rover_Teleoperation/install.log'
[1.202s] Invoked command in '/home/indy/Desktop/Software_Kipp/Rover_Teleoperation' returned '0': PYTHONPATH=/home/indy/Desktop/Software_Kipp/build/Rover_Teleoperation/prefix_override:/home/indy/Desktop/Software_Kipp/install/Rover_Teleoperation/lib/python3.10/site-packages:${PYTHONPATH} /usr/bin/python3 setup.py egg_info --egg-base ../build/Rover_Teleoperation build --build-base /home/indy/Desktop/Software_Kipp/build/Rover_Teleoperation/build install --record /home/indy/Desktop/Software_Kipp/build/Rover_Teleoperation/install.log --single-version-externally-managed
