running egg_info
creating ../build/Rover_Teleoperation/Rover_Teleoperation.egg-info
writing ../build/Rover_Teleoperation/Rover_Teleoperation.egg-info/PKG-INFO
writing dependency_links to ../build/Rover_Teleoperation/Rover_Teleoperation.egg-info/dependency_links.txt
writing entry points to ../build/Rover_Teleoperation/Rover_Teleoperation.egg-info/entry_points.txt
writing requirements to ../build/Rover_Teleoperation/Rover_Teleoperation.egg-info/requires.txt
writing top-level names to ../build/Rover_Teleoperation/Rover_Teleoperation.egg-info/top_level.txt
writing manifest file '../build/Rover_Teleoperation/Rover_Teleoperation.egg-info/SOURCES.txt'
reading manifest file '../build/Rover_Teleoperation/Rover_Teleoperation.egg-info/SOURCES.txt'
writing manifest file '../build/Rover_Teleoperation/Rover_Teleoperation.egg-info/SOURCES.txt'
running build
running build_py
creating /home/indy/Desktop/Software_Kipp/build/Rover_Teleoperation/build
creating /home/indy/Desktop/Software_Kipp/build/Rover_Teleoperation/build/lib
creating /home/indy/Desktop/Software_Kipp/build/Rover_Teleoperation/build/lib/Rover_Teleoperation
copying Rover_Teleoperation/__init__.py -> /home/indy/Desktop/Software_Kipp/build/Rover_Teleoperation/build/lib/Rover_Teleoperation
running install
running install_lib
creating /home/indy/Desktop/Software_Kipp/install/Rover_Teleoperation/lib/python3.10/site-packages/Rover_Teleoperation
copying /home/indy/Desktop/Software_Kipp/build/Rover_Teleoperation/build/lib/Rover_Teleoperation/__init__.py -> /home/indy/Desktop/Software_Kipp/install/Rover_Teleoperation/lib/python3.10/site-packages/Rover_Teleoperation
byte-compiling /home/indy/Desktop/Software_Kipp/install/Rover_Teleoperation/lib/python3.10/site-packages/Rover_Teleoperation/__init__.py to __init__.cpython-310.pyc
running install_data
creating /home/indy/Desktop/Software_Kipp/install/Rover_Teleoperation/share/ament_index
creating /home/indy/Desktop/Software_Kipp/install/Rover_Teleoperation/share/ament_index/resource_index
creating /home/indy/Desktop/Software_Kipp/install/Rover_Teleoperation/share/ament_index/resource_index/packages
copying resource/Rover_Teleoperation -> /home/indy/Desktop/Software_Kipp/install/Rover_Teleoperation/share/ament_index/resource_index/packages
copying package.xml -> /home/indy/Desktop/Software_Kipp/install/Rover_Teleoperation/share/Rover_Teleoperation
running install_egg_info
Copying ../build/Rover_Teleoperation/Rover_Teleoperation.egg-info to /home/indy/Desktop/Software_Kipp/install/Rover_Teleoperation/lib/python3.10/site-packages/Rover_Teleoperation-0.0.0-py3.10.egg-info
running install_scripts
writing list of installed files to '/home/indy/Desktop/Software_Kipp/build/Rover_Teleoperation/install.log'
