[1.033s] Invoking command in '/home/indy/Desktop/Software_Kipp/Rover_Teleoperation': PYTHONPATH=/home/indy/Desktop/Software_Kipp/build/Rover_Teleoperation/prefix_override:/home/indy/Desktop/Software_Kipp/install/Rover_Teleoperation/lib/python3.10/site-packages:${PYTHONPATH} /usr/bin/python3 setup.py egg_info --egg-base ../build/Rover_Teleoperation build --build-base /home/indy/Desktop/Software_Kipp/build/Rover_Teleoperation/build install --record /home/indy/Desktop/Software_Kipp/build/Rover_Teleoperation/install.log --single-version-externally-managed
[1.268s] running egg_info
[1.269s] creating ../build/Rover_Teleoperation/Rover_Teleoperation.egg-info
[1.269s] writing ../build/Rover_Teleoperation/Rover_Teleoperation.egg-info/PKG-INFO
[1.269s] writing dependency_links to ../build/Rover_Teleoperation/Rover_Teleoperation.egg-info/dependency_links.txt
[1.269s] writing entry points to ../build/Rover_Teleoperation/Rover_Teleoperation.egg-info/entry_points.txt
[1.269s] writing requirements to ../build/Rover_Teleoperation/Rover_Teleoperation.egg-info/requires.txt
[1.269s] writing top-level names to ../build/Rover_Teleoperation/Rover_Teleoperation.egg-info/top_level.txt
[1.269s] writing manifest file '../build/Rover_Teleoperation/Rover_Teleoperation.egg-info/SOURCES.txt'
[1.270s] reading manifest file '../build/Rover_Teleoperation/Rover_Teleoperation.egg-info/SOURCES.txt'
[1.271s] writing manifest file '../build/Rover_Teleoperation/Rover_Teleoperation.egg-info/SOURCES.txt'
[1.271s] running build
[1.271s] running build_py
[1.271s] creating /home/indy/Desktop/Software_Kipp/build/Rover_Teleoperation/build
[1.271s] creating /home/indy/Desktop/Software_Kipp/build/Rover_Teleoperation/build/lib
[1.271s] creating /home/indy/Desktop/Software_Kipp/build/Rover_Teleoperation/build/lib/Rover_Teleoperation
[1.271s] copying Rover_Teleoperation/__init__.py -> /home/indy/Desktop/Software_Kipp/build/Rover_Teleoperation/build/lib/Rover_Teleoperation
[1.271s] running install
[1.272s] running install_lib
[1.272s] creating /home/indy/Desktop/Software_Kipp/install/Rover_Teleoperation/lib/python3.10/site-packages/Rover_Teleoperation
[1.272s] copying /home/indy/Desktop/Software_Kipp/build/Rover_Teleoperation/build/lib/Rover_Teleoperation/__init__.py -> /home/indy/Desktop/Software_Kipp/install/Rover_Teleoperation/lib/python3.10/site-packages/Rover_Teleoperation
[1.273s] byte-compiling /home/indy/Desktop/Software_Kipp/install/Rover_Teleoperation/lib/python3.10/site-packages/Rover_Teleoperation/__init__.py to __init__.cpython-310.pyc
[1.273s] running install_data
[1.273s] creating /home/indy/Desktop/Software_Kipp/install/Rover_Teleoperation/share/ament_index
[1.273s] creating /home/indy/Desktop/Software_Kipp/install/Rover_Teleoperation/share/ament_index/resource_index
[1.273s] creating /home/indy/Desktop/Software_Kipp/install/Rover_Teleoperation/share/ament_index/resource_index/packages
[1.273s] copying resource/Rover_Teleoperation -> /home/indy/Desktop/Software_Kipp/install/Rover_Teleoperation/share/ament_index/resource_index/packages
[1.273s] copying package.xml -> /home/indy/Desktop/Software_Kipp/install/Rover_Teleoperation/share/Rover_Teleoperation
[1.273s] running install_egg_info
[1.274s] Copying ../build/Rover_Teleoperation/Rover_Teleoperation.egg-info to /home/indy/Desktop/Software_Kipp/install/Rover_Teleoperation/lib/python3.10/site-packages/Rover_Teleoperation-0.0.0-py3.10.egg-info
[1.275s] running install_scripts
[1.290s] writing list of installed files to '/home/indy/Desktop/Software_Kipp/build/Rover_Teleoperation/install.log'
