[1.143s] DEBUG:colcon:Command line arguments: ['/usr/bin/colcon', 'build', '--symlink-install', '--cmake-args=-DCMAKE_BUILD_TYPE=Release', '--parallel-workers', '8']
[1.143s] DEBUG:colcon:Parsed command line arguments: Namespace(log_base=None, log_level=None, verb_name='build', build_base='build', install_base='install', merge_install=False, symlink_install=True, test_result_base=None, continue_on_error=False, executor='parallel', parallel_workers=8, event_handlers=None, ignore_user_meta=False, metas=['./colcon.meta'], base_paths=['.'], packages_ignore=None, packages_ignore_regex=None, paths=None, packages_up_to=None, packages_up_to_regex=None, packages_above=None, packages_above_and_dependencies=None, packages_above_depth=None, packages_select_by_dep=None, packages_skip_by_dep=None, packages_skip_up_to=None, packages_select_build_failed=False, packages_skip_build_finished=False, packages_select_test_failures=False, packages_skip_test_passed=False, packages_select=None, packages_skip=None, packages_select_regex=None, packages_skip_regex=None, packages_start=None, packages_end=None, allow_overriding=[], cmake_args=['-DCMAKE_BUILD_TYPE=Release'], cmake_target=None, cmake_target_skip_unavailable=False, cmake_clean_cache=False, cmake_clean_first=False, cmake_force_configure=False, ament_cmake_args=None, catkin_cmake_args=None, catkin_skip_building_tests=False, verb_parser=<colcon_defaults.argument_parser.defaults.DefaultArgumentsDecorator object at 0x7f11917d4cd0>, verb_extension=<colcon_core.verb.build.BuildVerb object at 0x7f11917d73a0>, main=<bound method BuildVerb.main of <colcon_core.verb.build.BuildVerb object at 0x7f11917d73a0>>)
[1.193s] Level 1:colcon.colcon_core.package_discovery:discover_packages(colcon_meta) check parameters
[1.193s] Level 1:colcon.colcon_core.package_discovery:discover_packages(recursive) check parameters
[1.193s] Level 1:colcon.colcon_core.package_discovery:discover_packages(ignore) check parameters
[1.193s] Level 1:colcon.colcon_core.package_discovery:discover_packages(path) check parameters
[1.193s] Level 1:colcon.colcon_core.package_discovery:discover_packages(colcon_meta) discover
[1.193s] Level 1:colcon.colcon_core.package_discovery:discover_packages(recursive) discover
[1.193s] INFO:colcon.colcon_core.package_discovery:Crawling recursively for packages in '/home/floks/ros2_ws'
[1.193s] Level 1:colcon.colcon_core.package_identification:_identify(.) by extensions ['ignore', 'ignore_ament_install']
[1.194s] Level 1:colcon.colcon_core.package_identification:_identify(.) by extension 'ignore'
[1.194s] Level 1:colcon.colcon_core.package_identification:_identify(.) by extension 'ignore_ament_install'
[1.194s] Level 1:colcon.colcon_core.package_identification:_identify(.) by extensions ['colcon_pkg']
[1.194s] Level 1:colcon.colcon_core.package_identification:_identify(.) by extension 'colcon_pkg'
[1.194s] Level 1:colcon.colcon_core.package_identification:_identify(.) by extensions ['colcon_meta']
[1.194s] Level 1:colcon.colcon_core.package_identification:_identify(.) by extension 'colcon_meta'
[1.194s] Level 1:colcon.colcon_core.package_identification:_identify(.) by extensions ['ros']
[1.194s] Level 1:colcon.colcon_core.package_identification:_identify(.) by extension 'ros'
[1.205s] Level 1:colcon.colcon_core.package_identification:_identify(.) by extensions ['cmake', 'python']
[1.205s] Level 1:colcon.colcon_core.package_identification:_identify(.) by extension 'cmake'
[1.205s] Level 1:colcon.colcon_core.package_identification:_identify(.) by extension 'python'
[1.205s] Level 1:colcon.colcon_core.package_identification:_identify(.) by extensions ['python_setup_py']
[1.205s] Level 1:colcon.colcon_core.package_identification:_identify(.) by extension 'python_setup_py'
[1.205s] Level 1:colcon.colcon_core.package_identification:_identify(build) by extensions ['ignore', 'ignore_ament_install']
[1.205s] Level 1:colcon.colcon_core.package_identification:_identify(build) by extension 'ignore'
[1.205s] Level 1:colcon.colcon_core.package_identification:_identify(build) ignored
[1.205s] Level 1:colcon.colcon_core.package_identification:_identify(install) by extensions ['ignore', 'ignore_ament_install']
[1.206s] Level 1:colcon.colcon_core.package_identification:_identify(install) by extension 'ignore'
[1.206s] Level 1:colcon.colcon_core.package_identification:_identify(install) ignored
[1.206s] Level 1:colcon.colcon_core.package_identification:_identify(log) by extensions ['ignore', 'ignore_ament_install']
[1.206s] Level 1:colcon.colcon_core.package_identification:_identify(log) by extension 'ignore'
[1.206s] Level 1:colcon.colcon_core.package_identification:_identify(log) ignored
[1.206s] Level 1:colcon.colcon_core.package_identification:_identify(src) by extensions ['ignore', 'ignore_ament_install']
[1.206s] Level 1:colcon.colcon_core.package_identification:_identify(src) by extension 'ignore'
[1.206s] Level 1:colcon.colcon_core.package_identification:_identify(src) by extension 'ignore_ament_install'
[1.206s] Level 1:colcon.colcon_core.package_identification:_identify(src) by extensions ['colcon_pkg']
[1.206s] Level 1:colcon.colcon_core.package_identification:_identify(src) by extension 'colcon_pkg'
[1.206s] Level 1:colcon.colcon_core.package_identification:_identify(src) by extensions ['colcon_meta']
[1.206s] Level 1:colcon.colcon_core.package_identification:_identify(src) by extension 'colcon_meta'
[1.206s] Level 1:colcon.colcon_core.package_identification:_identify(src) by extensions ['ros']
[1.206s] Level 1:colcon.colcon_core.package_identification:_identify(src) by extension 'ros'
[1.206s] Level 1:colcon.colcon_core.package_identification:_identify(src) by extensions ['cmake', 'python']
[1.206s] Level 1:colcon.colcon_core.package_identification:_identify(src) by extension 'cmake'
[1.206s] Level 1:colcon.colcon_core.package_identification:_identify(src) by extension 'python'
[1.206s] Level 1:colcon.colcon_core.package_identification:_identify(src) by extensions ['python_setup_py']
[1.206s] Level 1:colcon.colcon_core.package_identification:_identify(src) by extension 'python_setup_py'
[1.207s] Level 1:colcon.colcon_core.package_identification:_identify(src/robot_localization) by extensions ['ignore', 'ignore_ament_install']
[1.207s] Level 1:colcon.colcon_core.package_identification:_identify(src/robot_localization) by extension 'ignore'
[1.207s] Level 1:colcon.colcon_core.package_identification:_identify(src/robot_localization) by extension 'ignore_ament_install'
[1.207s] Level 1:colcon.colcon_core.package_identification:_identify(src/robot_localization) by extensions ['colcon_pkg']
[1.207s] Level 1:colcon.colcon_core.package_identification:_identify(src/robot_localization) by extension 'colcon_pkg'
[1.207s] Level 1:colcon.colcon_core.package_identification:_identify(src/robot_localization) by extensions ['colcon_meta']
[1.207s] Level 1:colcon.colcon_core.package_identification:_identify(src/robot_localization) by extension 'colcon_meta'
[1.207s] Level 1:colcon.colcon_core.package_identification:_identify(src/robot_localization) by extensions ['ros']
[1.207s] Level 1:colcon.colcon_core.package_identification:_identify(src/robot_localization) by extension 'ros'
[1.211s] DEBUG:colcon.colcon_core.package_identification:Package 'src/robot_localization' with type 'ros.ament_cmake' and name 'robot_localization'
[1.211s] Level 1:colcon.colcon_core.package_identification:_identify(src/slam_toolbox) by extensions ['ignore', 'ignore_ament_install']
[1.211s] Level 1:colcon.colcon_core.package_identification:_identify(src/slam_toolbox) by extension 'ignore'
[1.211s] Level 1:colcon.colcon_core.package_identification:_identify(src/slam_toolbox) by extension 'ignore_ament_install'
[1.211s] Level 1:colcon.colcon_core.package_identification:_identify(src/slam_toolbox) by extensions ['colcon_pkg']
[1.211s] Level 1:colcon.colcon_core.package_identification:_identify(src/slam_toolbox) by extension 'colcon_pkg'
[1.211s] Level 1:colcon.colcon_core.package_identification:_identify(src/slam_toolbox) by extensions ['colcon_meta']
[1.211s] Level 1:colcon.colcon_core.package_identification:_identify(src/slam_toolbox) by extension 'colcon_meta'
[1.211s] Level 1:colcon.colcon_core.package_identification:_identify(src/slam_toolbox) by extensions ['ros']
[1.211s] Level 1:colcon.colcon_core.package_identification:_identify(src/slam_toolbox) by extension 'ros'
[1.213s] DEBUG:colcon.colcon_core.package_identification:Package 'src/slam_toolbox' with type 'ros.ament_cmake' and name 'slam_toolbox'
[1.213s] Level 1:colcon.colcon_core.package_identification:_identify(src/zed-ros2-wrapper) by extensions ['ignore', 'ignore_ament_install']
[1.213s] Level 1:colcon.colcon_core.package_identification:_identify(src/zed-ros2-wrapper) by extension 'ignore'
[1.213s] Level 1:colcon.colcon_core.package_identification:_identify(src/zed-ros2-wrapper) by extension 'ignore_ament_install'
[1.213s] Level 1:colcon.colcon_core.package_identification:_identify(src/zed-ros2-wrapper) by extensions ['colcon_pkg']
[1.213s] Level 1:colcon.colcon_core.package_identification:_identify(src/zed-ros2-wrapper) by extension 'colcon_pkg'
[1.213s] Level 1:colcon.colcon_core.package_identification:_identify(src/zed-ros2-wrapper) by extensions ['colcon_meta']
[1.213s] Level 1:colcon.colcon_core.package_identification:_identify(src/zed-ros2-wrapper) by extension 'colcon_meta'
[1.213s] Level 1:colcon.colcon_core.package_identification:_identify(src/zed-ros2-wrapper) by extensions ['ros']
[1.213s] Level 1:colcon.colcon_core.package_identification:_identify(src/zed-ros2-wrapper) by extension 'ros'
[1.213s] Level 1:colcon.colcon_core.package_identification:_identify(src/zed-ros2-wrapper) by extensions ['cmake', 'python']
[1.213s] Level 1:colcon.colcon_core.package_identification:_identify(src/zed-ros2-wrapper) by extension 'cmake'
[1.213s] Level 1:colcon.colcon_core.package_identification:_identify(src/zed-ros2-wrapper) by extension 'python'
[1.214s] Level 1:colcon.colcon_core.package_identification:_identify(src/zed-ros2-wrapper) by extensions ['python_setup_py']
[1.214s] Level 1:colcon.colcon_core.package_identification:_identify(src/zed-ros2-wrapper) by extension 'python_setup_py'
[1.214s] Level 1:colcon.colcon_core.package_identification:_identify(src/zed-ros2-wrapper/docker) by extensions ['ignore', 'ignore_ament_install']
[1.214s] Level 1:colcon.colcon_core.package_identification:_identify(src/zed-ros2-wrapper/docker) by extension 'ignore'
[1.214s] Level 1:colcon.colcon_core.package_identification:_identify(src/zed-ros2-wrapper/docker) by extension 'ignore_ament_install'
[1.214s] Level 1:colcon.colcon_core.package_identification:_identify(src/zed-ros2-wrapper/docker) by extensions ['colcon_pkg']
[1.214s] Level 1:colcon.colcon_core.package_identification:_identify(src/zed-ros2-wrapper/docker) by extension 'colcon_pkg'
[1.214s] Level 1:colcon.colcon_core.package_identification:_identify(src/zed-ros2-wrapper/docker) by extensions ['colcon_meta']
[1.214s] Level 1:colcon.colcon_core.package_identification:_identify(src/zed-ros2-wrapper/docker) by extension 'colcon_meta'
[1.214s] Level 1:colcon.colcon_core.package_identification:_identify(src/zed-ros2-wrapper/docker) by extensions ['ros']
[1.214s] Level 1:colcon.colcon_core.package_identification:_identify(src/zed-ros2-wrapper/docker) by extension 'ros'
[1.214s] Level 1:colcon.colcon_core.package_identification:_identify(src/zed-ros2-wrapper/docker) by extensions ['cmake', 'python']
[1.214s] Level 1:colcon.colcon_core.package_identification:_identify(src/zed-ros2-wrapper/docker) by extension 'cmake'
[1.214s] Level 1:colcon.colcon_core.package_identification:_identify(src/zed-ros2-wrapper/docker) by extension 'python'
[1.214s] Level 1:colcon.colcon_core.package_identification:_identify(src/zed-ros2-wrapper/docker) by extensions ['python_setup_py']
[1.214s] Level 1:colcon.colcon_core.package_identification:_identify(src/zed-ros2-wrapper/docker) by extension 'python_setup_py'
[1.214s] Level 1:colcon.colcon_core.package_identification:_identify(src/zed-ros2-wrapper/images) by extensions ['ignore', 'ignore_ament_install']
[1.214s] Level 1:colcon.colcon_core.package_identification:_identify(src/zed-ros2-wrapper/images) by extension 'ignore'
[1.214s] Level 1:colcon.colcon_core.package_identification:_identify(src/zed-ros2-wrapper/images) by extension 'ignore_ament_install'
[1.215s] Level 1:colcon.colcon_core.package_identification:_identify(src/zed-ros2-wrapper/images) by extensions ['colcon_pkg']
[1.215s] Level 1:colcon.colcon_core.package_identification:_identify(src/zed-ros2-wrapper/images) by extension 'colcon_pkg'
[1.215s] Level 1:colcon.colcon_core.package_identification:_identify(src/zed-ros2-wrapper/images) by extensions ['colcon_meta']
[1.215s] Level 1:colcon.colcon_core.package_identification:_identify(src/zed-ros2-wrapper/images) by extension 'colcon_meta'
[1.215s] Level 1:colcon.colcon_core.package_identification:_identify(src/zed-ros2-wrapper/images) by extensions ['ros']
[1.215s] Level 1:colcon.colcon_core.package_identification:_identify(src/zed-ros2-wrapper/images) by extension 'ros'
[1.215s] Level 1:colcon.colcon_core.package_identification:_identify(src/zed-ros2-wrapper/images) by extensions ['cmake', 'python']
[1.215s] Level 1:colcon.colcon_core.package_identification:_identify(src/zed-ros2-wrapper/images) by extension 'cmake'
[1.215s] Level 1:colcon.colcon_core.package_identification:_identify(src/zed-ros2-wrapper/images) by extension 'python'
[1.215s] Level 1:colcon.colcon_core.package_identification:_identify(src/zed-ros2-wrapper/images) by extensions ['python_setup_py']
[1.215s] Level 1:colcon.colcon_core.package_identification:_identify(src/zed-ros2-wrapper/images) by extension 'python_setup_py'
[1.215s] Level 1:colcon.colcon_core.package_identification:_identify(src/zed-ros2-wrapper/zed-ros2-interfaces) by extensions ['ignore', 'ignore_ament_install']
[1.215s] Level 1:colcon.colcon_core.package_identification:_identify(src/zed-ros2-wrapper/zed-ros2-interfaces) by extension 'ignore'
[1.215s] Level 1:colcon.colcon_core.package_identification:_identify(src/zed-ros2-wrapper/zed-ros2-interfaces) by extension 'ignore_ament_install'
[1.215s] Level 1:colcon.colcon_core.package_identification:_identify(src/zed-ros2-wrapper/zed-ros2-interfaces) by extensions ['colcon_pkg']
[1.215s] Level 1:colcon.colcon_core.package_identification:_identify(src/zed-ros2-wrapper/zed-ros2-interfaces) by extension 'colcon_pkg'
[1.215s] Level 1:colcon.colcon_core.package_identification:_identify(src/zed-ros2-wrapper/zed-ros2-interfaces) by extensions ['colcon_meta']
[1.215s] Level 1:colcon.colcon_core.package_identification:_identify(src/zed-ros2-wrapper/zed-ros2-interfaces) by extension 'colcon_meta'
[1.215s] Level 1:colcon.colcon_core.package_identification:_identify(src/zed-ros2-wrapper/zed-ros2-interfaces) by extensions ['ros']
[1.215s] Level 1:colcon.colcon_core.package_identification:_identify(src/zed-ros2-wrapper/zed-ros2-interfaces) by extension 'ros'
[1.216s] DEBUG:colcon.colcon_core.package_identification:Package 'src/zed-ros2-wrapper/zed-ros2-interfaces' with type 'ros.ament_cmake' and name 'zed_interfaces'
[1.216s] Level 1:colcon.colcon_core.package_identification:_identify(src/zed-ros2-wrapper/zed_components) by extensions ['ignore', 'ignore_ament_install']
[1.216s] Level 1:colcon.colcon_core.package_identification:_identify(src/zed-ros2-wrapper/zed_components) by extension 'ignore'
[1.216s] Level 1:colcon.colcon_core.package_identification:_identify(src/zed-ros2-wrapper/zed_components) by extension 'ignore_ament_install'
[1.216s] Level 1:colcon.colcon_core.package_identification:_identify(src/zed-ros2-wrapper/zed_components) by extensions ['colcon_pkg']
[1.216s] Level 1:colcon.colcon_core.package_identification:_identify(src/zed-ros2-wrapper/zed_components) by extension 'colcon_pkg'
[1.216s] Level 1:colcon.colcon_core.package_identification:_identify(src/zed-ros2-wrapper/zed_components) by extensions ['colcon_meta']
[1.216s] Level 1:colcon.colcon_core.package_identification:_identify(src/zed-ros2-wrapper/zed_components) by extension 'colcon_meta'
[1.216s] Level 1:colcon.colcon_core.package_identification:_identify(src/zed-ros2-wrapper/zed_components) by extensions ['ros']
[1.216s] Level 1:colcon.colcon_core.package_identification:_identify(src/zed-ros2-wrapper/zed_components) by extension 'ros'
[1.217s] DEBUG:colcon.colcon_core.package_identification:Package 'src/zed-ros2-wrapper/zed_components' with type 'ros.ament_cmake' and name 'zed_components'
[1.218s] Level 1:colcon.colcon_core.package_identification:_identify(src/zed-ros2-wrapper/zed_ros2) by extensions ['ignore', 'ignore_ament_install']
[1.218s] Level 1:colcon.colcon_core.package_identification:_identify(src/zed-ros2-wrapper/zed_ros2) by extension 'ignore'
[1.218s] Level 1:colcon.colcon_core.package_identification:_identify(src/zed-ros2-wrapper/zed_ros2) by extension 'ignore_ament_install'
[1.218s] Level 1:colcon.colcon_core.package_identification:_identify(src/zed-ros2-wrapper/zed_ros2) by extensions ['colcon_pkg']
[1.218s] Level 1:colcon.colcon_core.package_identification:_identify(src/zed-ros2-wrapper/zed_ros2) by extension 'colcon_pkg'
[1.218s] Level 1:colcon.colcon_core.package_identification:_identify(src/zed-ros2-wrapper/zed_ros2) by extensions ['colcon_meta']
[1.218s] Level 1:colcon.colcon_core.package_identification:_identify(src/zed-ros2-wrapper/zed_ros2) by extension 'colcon_meta'
[1.218s] Level 1:colcon.colcon_core.package_identification:_identify(src/zed-ros2-wrapper/zed_ros2) by extensions ['ros']
[1.218s] Level 1:colcon.colcon_core.package_identification:_identify(src/zed-ros2-wrapper/zed_ros2) by extension 'ros'
[1.219s] DEBUG:colcon.colcon_core.package_identification:Package 'src/zed-ros2-wrapper/zed_ros2' with type 'ros.ament_cmake' and name 'zed_ros2'
[1.219s] Level 1:colcon.colcon_core.package_identification:_identify(src/zed-ros2-wrapper/zed_wrapper) by extensions ['ignore', 'ignore_ament_install']
[1.219s] Level 1:colcon.colcon_core.package_identification:_identify(src/zed-ros2-wrapper/zed_wrapper) by extension 'ignore'
[1.219s] Level 1:colcon.colcon_core.package_identification:_identify(src/zed-ros2-wrapper/zed_wrapper) by extension 'ignore_ament_install'
[1.219s] Level 1:colcon.colcon_core.package_identification:_identify(src/zed-ros2-wrapper/zed_wrapper) by extensions ['colcon_pkg']
[1.219s] Level 1:colcon.colcon_core.package_identification:_identify(src/zed-ros2-wrapper/zed_wrapper) by extension 'colcon_pkg'
[1.219s] Level 1:colcon.colcon_core.package_identification:_identify(src/zed-ros2-wrapper/zed_wrapper) by extensions ['colcon_meta']
[1.219s] Level 1:colcon.colcon_core.package_identification:_identify(src/zed-ros2-wrapper/zed_wrapper) by extension 'colcon_meta'
[1.219s] Level 1:colcon.colcon_core.package_identification:_identify(src/zed-ros2-wrapper/zed_wrapper) by extensions ['ros']
[1.219s] Level 1:colcon.colcon_core.package_identification:_identify(src/zed-ros2-wrapper/zed_wrapper) by extension 'ros'
[1.220s] DEBUG:colcon.colcon_core.package_identification:Package 'src/zed-ros2-wrapper/zed_wrapper' with type 'ros.ament_cmake' and name 'zed_wrapper'
[1.220s] Level 1:colcon.colcon_core.package_discovery:discover_packages(recursive) using defaults
[1.220s] Level 1:colcon.colcon_core.package_discovery:discover_packages(ignore) discover
[1.220s] Level 1:colcon.colcon_core.package_discovery:discover_packages(ignore) using defaults
[1.220s] Level 1:colcon.colcon_core.package_discovery:discover_packages(path) discover
[1.220s] Level 1:colcon.colcon_core.package_discovery:discover_packages(path) using defaults
[1.323s] Level 1:colcon.colcon_core.package_discovery:discover_packages(prefix_path) check parameters
[1.323s] Level 1:colcon.colcon_core.package_discovery:discover_packages(prefix_path) discover
[1.341s] WARNING:colcon.colcon_ros.prefix_path.catkin:The path '/path/to/zed-sdk' in the environment variable CMAKE_PREFIX_PATH doesn't exist
[1.371s] DEBUG:colcon.colcon_installed_package_information.package_discovery:Found 4 installed packages in /home/floks/ros2_ws/install
[1.393s] DEBUG:colcon.colcon_installed_package_information.package_discovery:Found 281 installed packages in /opt/ros/humble
[1.394s] Level 1:colcon.colcon_core.package_discovery:discover_packages(prefix_path) using defaults
[1.492s] Level 5:colcon.colcon_core.verb:set package 'robot_localization' build argument 'cmake_args' from command line to '['-DCMAKE_BUILD_TYPE=Release']'
[1.492s] Level 5:colcon.colcon_core.verb:set package 'robot_localization' build argument 'cmake_target' from command line to 'None'
[1.493s] Level 5:colcon.colcon_core.verb:set package 'robot_localization' build argument 'cmake_target_skip_unavailable' from command line to 'False'
[1.493s] Level 5:colcon.colcon_core.verb:set package 'robot_localization' build argument 'cmake_clean_cache' from command line to 'False'
[1.493s] Level 5:colcon.colcon_core.verb:set package 'robot_localization' build argument 'cmake_clean_first' from command line to 'False'
[1.493s] Level 5:colcon.colcon_core.verb:set package 'robot_localization' build argument 'cmake_force_configure' from command line to 'False'
[1.493s] Level 5:colcon.colcon_core.verb:set package 'robot_localization' build argument 'ament_cmake_args' from command line to 'None'
[1.493s] Level 5:colcon.colcon_core.verb:set package 'robot_localization' build argument 'catkin_cmake_args' from command line to 'None'
[1.493s] Level 5:colcon.colcon_core.verb:set package 'robot_localization' build argument 'catkin_skip_building_tests' from command line to 'False'
[1.493s] DEBUG:colcon.colcon_core.verb:Building package 'robot_localization' with the following arguments: {'ament_cmake_args': None, 'build_base': '/home/floks/ros2_ws/build/robot_localization', 'catkin_cmake_args': None, 'catkin_skip_building_tests': False, 'cmake_args': ['-DCMAKE_BUILD_TYPE=Release'], 'cmake_clean_cache': False, 'cmake_clean_first': False, 'cmake_force_configure': False, 'cmake_target': None, 'cmake_target_skip_unavailable': False, 'install_base': '/home/floks/ros2_ws/install/robot_localization', 'merge_install': False, 'path': '/home/floks/ros2_ws/src/robot_localization', 'symlink_install': True, 'test_result_base': None}
[1.509s] Level 5:colcon.colcon_core.verb:set package 'slam_toolbox' build argument 'cmake_args' from command line to '['-DCMAKE_BUILD_TYPE=Release']'
[1.509s] Level 5:colcon.colcon_core.verb:set package 'slam_toolbox' build argument 'cmake_target' from command line to 'None'
[1.509s] Level 5:colcon.colcon_core.verb:set package 'slam_toolbox' build argument 'cmake_target_skip_unavailable' from command line to 'False'
[1.510s] Level 5:colcon.colcon_core.verb:set package 'slam_toolbox' build argument 'cmake_clean_cache' from command line to 'False'
[1.510s] Level 5:colcon.colcon_core.verb:set package 'slam_toolbox' build argument 'cmake_clean_first' from command line to 'False'
[1.510s] Level 5:colcon.colcon_core.verb:set package 'slam_toolbox' build argument 'cmake_force_configure' from command line to 'False'
[1.510s] Level 5:colcon.colcon_core.verb:set package 'slam_toolbox' build argument 'ament_cmake_args' from command line to 'None'
[1.510s] Level 5:colcon.colcon_core.verb:set package 'slam_toolbox' build argument 'catkin_cmake_args' from command line to 'None'
[1.510s] Level 5:colcon.colcon_core.verb:set package 'slam_toolbox' build argument 'catkin_skip_building_tests' from command line to 'False'
[1.510s] DEBUG:colcon.colcon_core.verb:Building package 'slam_toolbox' with the following arguments: {'ament_cmake_args': None, 'build_base': '/home/floks/ros2_ws/build/slam_toolbox', 'catkin_cmake_args': None, 'catkin_skip_building_tests': False, 'cmake_args': ['-DCMAKE_BUILD_TYPE=Release'], 'cmake_clean_cache': False, 'cmake_clean_first': False, 'cmake_force_configure': False, 'cmake_target': None, 'cmake_target_skip_unavailable': False, 'install_base': '/home/floks/ros2_ws/install/slam_toolbox', 'merge_install': False, 'path': '/home/floks/ros2_ws/src/slam_toolbox', 'symlink_install': True, 'test_result_base': None}
[1.526s] Level 5:colcon.colcon_core.verb:set package 'zed_interfaces' build argument 'cmake_args' from command line to '['-DCMAKE_BUILD_TYPE=Release']'
[1.526s] Level 5:colcon.colcon_core.verb:set package 'zed_interfaces' build argument 'cmake_target' from command line to 'None'
[1.527s] Level 5:colcon.colcon_core.verb:set package 'zed_interfaces' build argument 'cmake_target_skip_unavailable' from command line to 'False'
[1.527s] Level 5:colcon.colcon_core.verb:set package 'zed_interfaces' build argument 'cmake_clean_cache' from command line to 'False'
[1.527s] Level 5:colcon.colcon_core.verb:set package 'zed_interfaces' build argument 'cmake_clean_first' from command line to 'False'
[1.527s] Level 5:colcon.colcon_core.verb:set package 'zed_interfaces' build argument 'cmake_force_configure' from command line to 'False'
[1.527s] Level 5:colcon.colcon_core.verb:set package 'zed_interfaces' build argument 'ament_cmake_args' from command line to 'None'
[1.527s] Level 5:colcon.colcon_core.verb:set package 'zed_interfaces' build argument 'catkin_cmake_args' from command line to 'None'
[1.527s] Level 5:colcon.colcon_core.verb:set package 'zed_interfaces' build argument 'catkin_skip_building_tests' from command line to 'False'
[1.527s] DEBUG:colcon.colcon_core.verb:Building package 'zed_interfaces' with the following arguments: {'ament_cmake_args': None, 'build_base': '/home/floks/ros2_ws/build/zed_interfaces', 'catkin_cmake_args': None, 'catkin_skip_building_tests': False, 'cmake_args': ['-DCMAKE_BUILD_TYPE=Release'], 'cmake_clean_cache': False, 'cmake_clean_first': False, 'cmake_force_configure': False, 'cmake_target': None, 'cmake_target_skip_unavailable': False, 'install_base': '/home/floks/ros2_ws/install/zed_interfaces', 'merge_install': False, 'path': '/home/floks/ros2_ws/src/zed-ros2-wrapper/zed-ros2-interfaces', 'symlink_install': True, 'test_result_base': None}
[1.543s] Level 5:colcon.colcon_core.verb:set package 'zed_components' build argument 'cmake_args' from command line to '['-DCMAKE_BUILD_TYPE=Release']'
[1.543s] Level 5:colcon.colcon_core.verb:set package 'zed_components' build argument 'cmake_target' from command line to 'None'
[1.543s] Level 5:colcon.colcon_core.verb:set package 'zed_components' build argument 'cmake_target_skip_unavailable' from command line to 'False'
[1.544s] Level 5:colcon.colcon_core.verb:set package 'zed_components' build argument 'cmake_clean_cache' from command line to 'False'
[1.544s] Level 5:colcon.colcon_core.verb:set package 'zed_components' build argument 'cmake_clean_first' from command line to 'False'
[1.544s] Level 5:colcon.colcon_core.verb:set package 'zed_components' build argument 'cmake_force_configure' from command line to 'False'
[1.544s] Level 5:colcon.colcon_core.verb:set package 'zed_components' build argument 'ament_cmake_args' from command line to 'None'
[1.544s] Level 5:colcon.colcon_core.verb:set package 'zed_components' build argument 'catkin_cmake_args' from command line to 'None'
[1.544s] Level 5:colcon.colcon_core.verb:set package 'zed_components' build argument 'catkin_skip_building_tests' from command line to 'False'
[1.544s] DEBUG:colcon.colcon_core.verb:Building package 'zed_components' with the following arguments: {'ament_cmake_args': None, 'build_base': '/home/floks/ros2_ws/build/zed_components', 'catkin_cmake_args': None, 'catkin_skip_building_tests': False, 'cmake_args': ['-DCMAKE_BUILD_TYPE=Release'], 'cmake_clean_cache': False, 'cmake_clean_first': False, 'cmake_force_configure': False, 'cmake_target': None, 'cmake_target_skip_unavailable': False, 'install_base': '/home/floks/ros2_ws/install/zed_components', 'merge_install': False, 'path': '/home/floks/ros2_ws/src/zed-ros2-wrapper/zed_components', 'symlink_install': True, 'test_result_base': None}
[1.560s] Level 5:colcon.colcon_core.verb:set package 'zed_wrapper' build argument 'cmake_args' from command line to '['-DCMAKE_BUILD_TYPE=Release']'
[1.560s] Level 5:colcon.colcon_core.verb:set package 'zed_wrapper' build argument 'cmake_target' from command line to 'None'
[1.560s] Level 5:colcon.colcon_core.verb:set package 'zed_wrapper' build argument 'cmake_target_skip_unavailable' from command line to 'False'
[1.560s] Level 5:colcon.colcon_core.verb:set package 'zed_wrapper' build argument 'cmake_clean_cache' from command line to 'False'
[1.560s] Level 5:colcon.colcon_core.verb:set package 'zed_wrapper' build argument 'cmake_clean_first' from command line to 'False'
[1.560s] Level 5:colcon.colcon_core.verb:set package 'zed_wrapper' build argument 'cmake_force_configure' from command line to 'False'
[1.560s] Level 5:colcon.colcon_core.verb:set package 'zed_wrapper' build argument 'ament_cmake_args' from command line to 'None'
[1.560s] Level 5:colcon.colcon_core.verb:set package 'zed_wrapper' build argument 'catkin_cmake_args' from command line to 'None'
[1.561s] Level 5:colcon.colcon_core.verb:set package 'zed_wrapper' build argument 'catkin_skip_building_tests' from command line to 'False'
[1.561s] DEBUG:colcon.colcon_core.verb:Building package 'zed_wrapper' with the following arguments: {'ament_cmake_args': None, 'build_base': '/home/floks/ros2_ws/build/zed_wrapper', 'catkin_cmake_args': None, 'catkin_skip_building_tests': False, 'cmake_args': ['-DCMAKE_BUILD_TYPE=Release'], 'cmake_clean_cache': False, 'cmake_clean_first': False, 'cmake_force_configure': False, 'cmake_target': None, 'cmake_target_skip_unavailable': False, 'install_base': '/home/floks/ros2_ws/install/zed_wrapper', 'merge_install': False, 'path': '/home/floks/ros2_ws/src/zed-ros2-wrapper/zed_wrapper', 'symlink_install': True, 'test_result_base': None}
[1.577s] Level 5:colcon.colcon_core.verb:set package 'zed_ros2' build argument 'cmake_args' from command line to '['-DCMAKE_BUILD_TYPE=Release']'
[1.577s] Level 5:colcon.colcon_core.verb:set package 'zed_ros2' build argument 'cmake_target' from command line to 'None'
[1.577s] Level 5:colcon.colcon_core.verb:set package 'zed_ros2' build argument 'cmake_target_skip_unavailable' from command line to 'False'
[1.577s] Level 5:colcon.colcon_core.verb:set package 'zed_ros2' build argument 'cmake_clean_cache' from command line to 'False'
[1.577s] Level 5:colcon.colcon_core.verb:set package 'zed_ros2' build argument 'cmake_clean_first' from command line to 'False'
[1.577s] Level 5:colcon.colcon_core.verb:set package 'zed_ros2' build argument 'cmake_force_configure' from command line to 'False'
[1.577s] Level 5:colcon.colcon_core.verb:set package 'zed_ros2' build argument 'ament_cmake_args' from command line to 'None'
[1.577s] Level 5:colcon.colcon_core.verb:set package 'zed_ros2' build argument 'catkin_cmake_args' from command line to 'None'
[1.577s] Level 5:colcon.colcon_core.verb:set package 'zed_ros2' build argument 'catkin_skip_building_tests' from command line to 'False'
[1.577s] DEBUG:colcon.colcon_core.verb:Building package 'zed_ros2' with the following arguments: {'ament_cmake_args': None, 'build_base': '/home/floks/ros2_ws/build/zed_ros2', 'catkin_cmake_args': None, 'catkin_skip_building_tests': False, 'cmake_args': ['-DCMAKE_BUILD_TYPE=Release'], 'cmake_clean_cache': False, 'cmake_clean_first': False, 'cmake_force_configure': False, 'cmake_target': None, 'cmake_target_skip_unavailable': False, 'install_base': '/home/floks/ros2_ws/install/zed_ros2', 'merge_install': False, 'path': '/home/floks/ros2_ws/src/zed-ros2-wrapper/zed_ros2', 'symlink_install': True, 'test_result_base': None}
[1.594s] INFO:colcon.colcon_core.executor:Executing jobs using 'parallel' executor
[1.611s] DEBUG:colcon.colcon_parallel_executor.executor.parallel:run_until_complete
[1.611s] INFO:colcon.colcon_ros.task.ament_cmake.build:Building ROS package in '/home/floks/ros2_ws/src/robot_localization' with build type 'ament_cmake'
[1.611s] INFO:colcon.colcon_cmake.task.cmake.build:Building CMake package in '/home/floks/ros2_ws/src/robot_localization'
[1.630s] INFO:colcon.colcon_core.plugin_system:Skipping extension 'colcon_core.shell.bat': Not used on non-Windows systems
[1.630s] INFO:colcon.colcon_core.shell:Skip shell extension 'powershell' for command environment: Not usable outside of PowerShell
[1.630s] DEBUG:colcon.colcon_core.shell:Skip shell extension 'dsv' for command environment
[1.687s] INFO:colcon.colcon_ros.task.ament_cmake.build:Building ROS package in '/home/floks/ros2_ws/src/zed-ros2-wrapper/zed-ros2-interfaces' with build type 'ament_cmake'
[1.688s] INFO:colcon.colcon_cmake.task.cmake.build:Building CMake package in '/home/floks/ros2_ws/src/zed-ros2-wrapper/zed-ros2-interfaces'
[1.705s] INFO:colcon.colcon_core.shell:Skip shell extension 'powershell' for command environment: Not usable outside of PowerShell
[1.705s] DEBUG:colcon.colcon_core.shell:Skip shell extension 'dsv' for command environment
[1.763s] INFO:colcon.colcon_ros.task.ament_cmake.build:Building ROS package in '/home/floks/ros2_ws/src/slam_toolbox' with build type 'ament_cmake'
[1.764s] INFO:colcon.colcon_cmake.task.cmake.build:Building CMake package in '/home/floks/ros2_ws/src/slam_toolbox'
[1.782s] INFO:colcon.colcon_core.shell:Skip shell extension 'powershell' for command environment: Not usable outside of PowerShell
[1.782s] DEBUG:colcon.colcon_core.shell:Skip shell extension 'dsv' for command environment
[1.845s] DEBUG:colcon.colcon_core.event_handler.log_command:Invoking command in '/home/floks/ros2_ws/build/robot_localization': CMAKE_PREFIX_PATH=${CMAKE_PREFIX_PATH}:/opt/ros/humble /usr/bin/cmake --build /home/floks/ros2_ws/build/robot_localization -- -j8 -l8
[1.852s] DEBUG:colcon.colcon_core.event_handler.log_command:Invoking command in '/home/floks/ros2_ws/build/zed_interfaces': CMAKE_PREFIX_PATH=${CMAKE_PREFIX_PATH}:/opt/ros/humble /usr/bin/cmake --build /home/floks/ros2_ws/build/zed_interfaces -- -j8 -l8
[1.860s] DEBUG:colcon.colcon_core.event_handler.log_command:Invoking command in '/home/floks/ros2_ws/build/slam_toolbox': CMAKE_PREFIX_PATH=${CMAKE_PREFIX_PATH}:/opt/ros/humble /usr/bin/cmake --build /home/floks/ros2_ws/build/slam_toolbox -- -j8 -l8
[2.702s] DEBUG:colcon.colcon_core.event_handler.log_command:Invoked command in '/home/floks/ros2_ws/build/robot_localization' returned '0': CMAKE_PREFIX_PATH=${CMAKE_PREFIX_PATH}:/opt/ros/humble /usr/bin/cmake --build /home/floks/ros2_ws/build/robot_localization -- -j8 -l8
[2.767s] DEBUG:colcon.colcon_core.event_handler.log_command:Invoked command in '/home/floks/ros2_ws/build/slam_toolbox' returned '0': CMAKE_PREFIX_PATH=${CMAKE_PREFIX_PATH}:/opt/ros/humble /usr/bin/cmake --build /home/floks/ros2_ws/build/slam_toolbox -- -j8 -l8
[2.808s] DEBUG:colcon.colcon_core.event_handler.log_command:Invoked command in '/home/floks/ros2_ws/build/zed_interfaces' returned '0': CMAKE_PREFIX_PATH=${CMAKE_PREFIX_PATH}:/opt/ros/humble /usr/bin/cmake --build /home/floks/ros2_ws/build/zed_interfaces -- -j8 -l8
[2.988s] DEBUG:colcon.colcon_core.event_handler.log_command:Invoking command in '/home/floks/ros2_ws/build/robot_localization': CMAKE_PREFIX_PATH=${CMAKE_PREFIX_PATH}:/opt/ros/humble /usr/bin/cmake --install /home/floks/ros2_ws/build/robot_localization
[3.101s] DEBUG:colcon.colcon_core.event_handler.log_command:Invoking command in '/home/floks/ros2_ws/build/slam_toolbox': CMAKE_PREFIX_PATH=${CMAKE_PREFIX_PATH}:/opt/ros/humble /usr/bin/cmake --install /home/floks/ros2_ws/build/slam_toolbox
[3.116s] Level 1:colcon.colcon_core.environment:create_environment_scripts_only(robot_localization)
[3.135s] DEBUG:colcon.colcon_core.event_handler.log_command:Invoked command in '/home/floks/ros2_ws/build/robot_localization' returned '0': CMAKE_PREFIX_PATH=${CMAKE_PREFIX_PATH}:/opt/ros/humble /usr/bin/cmake --install /home/floks/ros2_ws/build/robot_localization
[3.197s] Level 1:colcon.colcon_core.environment:checking '/home/floks/ros2_ws/install/robot_localization' for CMake module files
[3.199s] Level 1:colcon.colcon_core.environment:checking '/home/floks/ros2_ws/install/robot_localization' for CMake config files
[3.204s] Level 1:colcon.colcon_core.shell:create_environment_hook('robot_localization', 'cmake_prefix_path')
[3.234s] INFO:colcon.colcon_core.shell:Creating environment hook '/home/floks/ros2_ws/install/robot_localization/share/robot_localization/hook/cmake_prefix_path.ps1'
[3.235s] INFO:colcon.colcon_core.shell:Creating environment descriptor '/home/floks/ros2_ws/install/robot_localization/share/robot_localization/hook/cmake_prefix_path.dsv'
[3.235s] INFO:colcon.colcon_core.shell:Creating environment hook '/home/floks/ros2_ws/install/robot_localization/share/robot_localization/hook/cmake_prefix_path.sh'
[3.236s] Level 1:colcon.colcon_core.environment:checking '/home/floks/ros2_ws/install/robot_localization/lib'
[3.236s] Level 1:colcon.colcon_core.shell:create_environment_hook('robot_localization', 'ld_library_path_lib')
[3.259s] INFO:colcon.colcon_core.shell:Creating environment hook '/home/floks/ros2_ws/install/robot_localization/share/robot_localization/hook/ld_library_path_lib.ps1'
[3.260s] INFO:colcon.colcon_core.shell:Creating environment descriptor '/home/floks/ros2_ws/install/robot_localization/share/robot_localization/hook/ld_library_path_lib.dsv'
[3.260s] INFO:colcon.colcon_core.shell:Creating environment hook '/home/floks/ros2_ws/install/robot_localization/share/robot_localization/hook/ld_library_path_lib.sh'
[3.261s] Level 1:colcon.colcon_core.environment:checking '/home/floks/ros2_ws/install/robot_localization/bin'
[3.261s] Level 1:colcon.colcon_core.environment:checking '/home/floks/ros2_ws/install/robot_localization/lib/pkgconfig/robot_localization.pc'
[3.261s] Level 1:colcon.colcon_core.environment:checking '/home/floks/ros2_ws/install/robot_localization/lib/python3.10/site-packages'
[3.261s] Level 1:colcon.colcon_core.environment:checking '/home/floks/ros2_ws/install/robot_localization/bin'
[3.281s] INFO:colcon.colcon_core.shell:Creating package script '/home/floks/ros2_ws/install/robot_localization/share/robot_localization/package.ps1'
[3.281s] INFO:colcon.colcon_core.shell:Creating package descriptor '/home/floks/ros2_ws/install/robot_localization/share/robot_localization/package.dsv'
[3.282s] INFO:colcon.colcon_core.shell:Creating package script '/home/floks/ros2_ws/install/robot_localization/share/robot_localization/package.sh'
[3.283s] INFO:colcon.colcon_core.shell:Creating package script '/home/floks/ros2_ws/install/robot_localization/share/robot_localization/package.bash'
[3.283s] INFO:colcon.colcon_core.shell:Creating package script '/home/floks/ros2_ws/install/robot_localization/share/robot_localization/package.zsh'
[3.284s] Level 1:colcon.colcon_core.environment:create_file_with_runtime_dependencies(/home/floks/ros2_ws/install/robot_localization/share/colcon-core/packages/robot_localization)
[3.288s] DEBUG:colcon.colcon_core.event_handler.log_command:Invoking command in '/home/floks/ros2_ws/build/zed_interfaces': CMAKE_PREFIX_PATH=${CMAKE_PREFIX_PATH}:/opt/ros/humble /usr/bin/cmake --install /home/floks/ros2_ws/build/zed_interfaces
[3.288s] Level 1:colcon.colcon_core.environment:create_environment_scripts_only(slam_toolbox)
[3.289s] DEBUG:colcon.colcon_core.event_handler.log_command:Invoked command in '/home/floks/ros2_ws/build/slam_toolbox' returned '0': CMAKE_PREFIX_PATH=${CMAKE_PREFIX_PATH}:/opt/ros/humble /usr/bin/cmake --install /home/floks/ros2_ws/build/slam_toolbox
[3.368s] Level 1:colcon.colcon_core.environment:checking '/home/floks/ros2_ws/install/slam_toolbox' for CMake module files
[3.374s] Level 1:colcon.colcon_core.environment:checking '/home/floks/ros2_ws/install/slam_toolbox' for CMake config files
[3.381s] Level 1:colcon.colcon_core.shell:create_environment_hook('slam_toolbox', 'cmake_prefix_path')
[3.407s] INFO:colcon.colcon_core.shell:Creating environment hook '/home/floks/ros2_ws/install/slam_toolbox/share/slam_toolbox/hook/cmake_prefix_path.ps1'
[3.408s] INFO:colcon.colcon_core.shell:Creating environment descriptor '/home/floks/ros2_ws/install/slam_toolbox/share/slam_toolbox/hook/cmake_prefix_path.dsv'
[3.408s] INFO:colcon.colcon_core.shell:Creating environment hook '/home/floks/ros2_ws/install/slam_toolbox/share/slam_toolbox/hook/cmake_prefix_path.sh'
[3.408s] Level 1:colcon.colcon_core.environment:checking '/home/floks/ros2_ws/install/slam_toolbox/lib'
[3.409s] Level 1:colcon.colcon_core.shell:create_environment_hook('slam_toolbox', 'ld_library_path_lib')
[3.432s] INFO:colcon.colcon_core.shell:Creating environment hook '/home/floks/ros2_ws/install/slam_toolbox/share/slam_toolbox/hook/ld_library_path_lib.ps1'
[3.433s] INFO:colcon.colcon_core.shell:Creating environment descriptor '/home/floks/ros2_ws/install/slam_toolbox/share/slam_toolbox/hook/ld_library_path_lib.dsv'
[3.435s] INFO:colcon.colcon_core.shell:Creating environment hook '/home/floks/ros2_ws/install/slam_toolbox/share/slam_toolbox/hook/ld_library_path_lib.sh'
[3.436s] Level 1:colcon.colcon_core.environment:checking '/home/floks/ros2_ws/install/slam_toolbox/bin'
[3.437s] Level 1:colcon.colcon_core.environment:checking '/home/floks/ros2_ws/install/slam_toolbox/lib/pkgconfig/slam_toolbox.pc'
[3.437s] Level 1:colcon.colcon_core.environment:checking '/home/floks/ros2_ws/install/slam_toolbox/lib/python3.10/site-packages'
[3.437s] Level 1:colcon.colcon_core.environment:checking '/home/floks/ros2_ws/install/slam_toolbox/bin'
[3.460s] INFO:colcon.colcon_core.shell:Creating package script '/home/floks/ros2_ws/install/slam_toolbox/share/slam_toolbox/package.ps1'
[3.461s] INFO:colcon.colcon_core.shell:Creating package descriptor '/home/floks/ros2_ws/install/slam_toolbox/share/slam_toolbox/package.dsv'
[3.461s] INFO:colcon.colcon_core.shell:Creating package script '/home/floks/ros2_ws/install/slam_toolbox/share/slam_toolbox/package.sh'
[3.461s] INFO:colcon.colcon_core.shell:Creating package script '/home/floks/ros2_ws/install/slam_toolbox/share/slam_toolbox/package.bash'
[3.462s] INFO:colcon.colcon_core.shell:Creating package script '/home/floks/ros2_ws/install/slam_toolbox/share/slam_toolbox/package.zsh'
[3.462s] Level 1:colcon.colcon_core.environment:create_file_with_runtime_dependencies(/home/floks/ros2_ws/install/slam_toolbox/share/colcon-core/packages/slam_toolbox)
[3.464s] Level 1:colcon.colcon_core.environment:create_environment_scripts_only(zed_interfaces)
[3.465s] DEBUG:colcon.colcon_core.event_handler.log_command:Invoked command in '/home/floks/ros2_ws/build/zed_interfaces' returned '0': CMAKE_PREFIX_PATH=${CMAKE_PREFIX_PATH}:/opt/ros/humble /usr/bin/cmake --install /home/floks/ros2_ws/build/zed_interfaces
[3.488s] Level 1:colcon.colcon_core.environment:checking '/home/floks/ros2_ws/install/zed_interfaces' for CMake module files
[3.489s] Level 1:colcon.colcon_core.environment:checking '/home/floks/ros2_ws/install/zed_interfaces' for CMake config files
[3.492s] Level 1:colcon.colcon_core.shell:create_environment_hook('zed_interfaces', 'cmake_prefix_path')
[3.514s] INFO:colcon.colcon_core.shell:Creating environment hook '/home/floks/ros2_ws/install/zed_interfaces/share/zed_interfaces/hook/cmake_prefix_path.ps1'
[3.514s] INFO:colcon.colcon_core.shell:Creating environment descriptor '/home/floks/ros2_ws/install/zed_interfaces/share/zed_interfaces/hook/cmake_prefix_path.dsv'
[3.515s] INFO:colcon.colcon_core.shell:Creating environment hook '/home/floks/ros2_ws/install/zed_interfaces/share/zed_interfaces/hook/cmake_prefix_path.sh'
[3.515s] Level 1:colcon.colcon_core.environment:checking '/home/floks/ros2_ws/install/zed_interfaces/lib'
[3.515s] Level 1:colcon.colcon_core.shell:create_environment_hook('zed_interfaces', 'ld_library_path_lib')
[3.535s] INFO:colcon.colcon_core.shell:Creating environment hook '/home/floks/ros2_ws/install/zed_interfaces/share/zed_interfaces/hook/ld_library_path_lib.ps1'
[3.536s] INFO:colcon.colcon_core.shell:Creating environment descriptor '/home/floks/ros2_ws/install/zed_interfaces/share/zed_interfaces/hook/ld_library_path_lib.dsv'
[3.536s] INFO:colcon.colcon_core.shell:Creating environment hook '/home/floks/ros2_ws/install/zed_interfaces/share/zed_interfaces/hook/ld_library_path_lib.sh'
[3.536s] Level 1:colcon.colcon_core.environment:checking '/home/floks/ros2_ws/install/zed_interfaces/bin'
[3.536s] Level 1:colcon.colcon_core.environment:checking '/home/floks/ros2_ws/install/zed_interfaces/lib/pkgconfig/zed_interfaces.pc'
[3.537s] Level 1:colcon.colcon_core.environment:checking '/home/floks/ros2_ws/install/zed_interfaces/lib/python3.10/site-packages'
[3.537s] Level 1:colcon.colcon_core.environment:checking '/home/floks/ros2_ws/install/zed_interfaces/bin'
[3.557s] INFO:colcon.colcon_core.shell:Creating package script '/home/floks/ros2_ws/install/zed_interfaces/share/zed_interfaces/package.ps1'
[3.558s] INFO:colcon.colcon_core.shell:Creating package descriptor '/home/floks/ros2_ws/install/zed_interfaces/share/zed_interfaces/package.dsv'
[3.559s] INFO:colcon.colcon_core.shell:Creating package script '/home/floks/ros2_ws/install/zed_interfaces/share/zed_interfaces/package.sh'
[3.559s] INFO:colcon.colcon_core.shell:Creating package script '/home/floks/ros2_ws/install/zed_interfaces/share/zed_interfaces/package.bash'
[3.560s] INFO:colcon.colcon_core.shell:Creating package script '/home/floks/ros2_ws/install/zed_interfaces/share/zed_interfaces/package.zsh'
[3.560s] Level 1:colcon.colcon_core.environment:create_file_with_runtime_dependencies(/home/floks/ros2_ws/install/zed_interfaces/share/colcon-core/packages/zed_interfaces)
[3.585s] Level 1:colcon.colcon_core.environment:create_environment_scripts_only(robot_localization)
[3.605s] Level 1:colcon.colcon_core.environment:checking '/home/floks/ros2_ws/install/robot_localization' for CMake module files
[3.605s] Level 1:colcon.colcon_core.environment:checking '/home/floks/ros2_ws/install/robot_localization' for CMake config files
[3.607s] Level 1:colcon.colcon_core.shell:create_environment_hook('robot_localization', 'cmake_prefix_path')
[3.625s] INFO:colcon.colcon_core.shell:Creating environment hook '/home/floks/ros2_ws/install/robot_localization/share/robot_localization/hook/cmake_prefix_path.ps1'
[3.626s] INFO:colcon.colcon_core.shell:Creating environment descriptor '/home/floks/ros2_ws/install/robot_localization/share/robot_localization/hook/cmake_prefix_path.dsv'
[3.626s] INFO:colcon.colcon_core.shell:Creating environment hook '/home/floks/ros2_ws/install/robot_localization/share/robot_localization/hook/cmake_prefix_path.sh'
[3.626s] Level 1:colcon.colcon_core.environment:checking '/home/floks/ros2_ws/install/robot_localization/lib'
[3.627s] Level 1:colcon.colcon_core.shell:create_environment_hook('robot_localization', 'ld_library_path_lib')
[3.645s] INFO:colcon.colcon_core.shell:Creating environment hook '/home/floks/ros2_ws/install/robot_localization/share/robot_localization/hook/ld_library_path_lib.ps1'
[3.646s] INFO:colcon.colcon_core.shell:Creating environment descriptor '/home/floks/ros2_ws/install/robot_localization/share/robot_localization/hook/ld_library_path_lib.dsv'
[3.646s] INFO:colcon.colcon_core.shell:Creating environment hook '/home/floks/ros2_ws/install/robot_localization/share/robot_localization/hook/ld_library_path_lib.sh'
[3.647s] Level 1:colcon.colcon_core.environment:checking '/home/floks/ros2_ws/install/robot_localization/bin'
[3.647s] Level 1:colcon.colcon_core.environment:checking '/home/floks/ros2_ws/install/robot_localization/lib/pkgconfig/robot_localization.pc'
[3.647s] Level 1:colcon.colcon_core.environment:checking '/home/floks/ros2_ws/install/robot_localization/lib/python3.10/site-packages'
[3.647s] Level 1:colcon.colcon_core.environment:checking '/home/floks/ros2_ws/install/robot_localization/bin'
[3.671s] INFO:colcon.colcon_core.shell:Creating package script '/home/floks/ros2_ws/install/robot_localization/share/robot_localization/package.ps1'
[3.672s] INFO:colcon.colcon_core.shell:Creating package descriptor '/home/floks/ros2_ws/install/robot_localization/share/robot_localization/package.dsv'
[3.672s] INFO:colcon.colcon_core.shell:Creating package script '/home/floks/ros2_ws/install/robot_localization/share/robot_localization/package.sh'
[3.673s] INFO:colcon.colcon_core.shell:Creating package script '/home/floks/ros2_ws/install/robot_localization/share/robot_localization/package.bash'
[3.673s] INFO:colcon.colcon_core.shell:Creating package script '/home/floks/ros2_ws/install/robot_localization/share/robot_localization/package.zsh'
[3.674s] Level 1:colcon.colcon_core.environment:create_file_with_runtime_dependencies(/home/floks/ros2_ws/install/robot_localization/share/colcon-core/packages/robot_localization)
[3.794s] Level 1:colcon.colcon_core.environment:create_environment_scripts_only(slam_toolbox)
[3.814s] Level 1:colcon.colcon_core.environment:checking '/home/floks/ros2_ws/install/slam_toolbox' for CMake module files
[3.815s] Level 1:colcon.colcon_core.environment:checking '/home/floks/ros2_ws/install/slam_toolbox' for CMake config files
[3.817s] Level 1:colcon.colcon_core.shell:create_environment_hook('slam_toolbox', 'cmake_prefix_path')
[3.837s] INFO:colcon.colcon_core.shell:Creating environment hook '/home/floks/ros2_ws/install/slam_toolbox/share/slam_toolbox/hook/cmake_prefix_path.ps1'
[3.837s] INFO:colcon.colcon_core.shell:Creating environment descriptor '/home/floks/ros2_ws/install/slam_toolbox/share/slam_toolbox/hook/cmake_prefix_path.dsv'
[3.837s] INFO:colcon.colcon_core.shell:Creating environment hook '/home/floks/ros2_ws/install/slam_toolbox/share/slam_toolbox/hook/cmake_prefix_path.sh'
[3.838s] Level 1:colcon.colcon_core.environment:checking '/home/floks/ros2_ws/install/slam_toolbox/lib'
[3.838s] Level 1:colcon.colcon_core.shell:create_environment_hook('slam_toolbox', 'ld_library_path_lib')
[3.860s] INFO:colcon.colcon_core.shell:Creating environment hook '/home/floks/ros2_ws/install/slam_toolbox/share/slam_toolbox/hook/ld_library_path_lib.ps1'
[3.861s] INFO:colcon.colcon_core.shell:Creating environment descriptor '/home/floks/ros2_ws/install/slam_toolbox/share/slam_toolbox/hook/ld_library_path_lib.dsv'
[3.861s] INFO:colcon.colcon_core.shell:Creating environment hook '/home/floks/ros2_ws/install/slam_toolbox/share/slam_toolbox/hook/ld_library_path_lib.sh'
[3.862s] Level 1:colcon.colcon_core.environment:checking '/home/floks/ros2_ws/install/slam_toolbox/bin'
[3.862s] Level 1:colcon.colcon_core.environment:checking '/home/floks/ros2_ws/install/slam_toolbox/lib/pkgconfig/slam_toolbox.pc'
[3.862s] Level 1:colcon.colcon_core.environment:checking '/home/floks/ros2_ws/install/slam_toolbox/lib/python3.10/site-packages'
[3.862s] Level 1:colcon.colcon_core.environment:checking '/home/floks/ros2_ws/install/slam_toolbox/bin'
[3.881s] INFO:colcon.colcon_core.shell:Creating package script '/home/floks/ros2_ws/install/slam_toolbox/share/slam_toolbox/package.ps1'
[3.882s] INFO:colcon.colcon_core.shell:Creating package descriptor '/home/floks/ros2_ws/install/slam_toolbox/share/slam_toolbox/package.dsv'
[3.883s] INFO:colcon.colcon_core.shell:Creating package script '/home/floks/ros2_ws/install/slam_toolbox/share/slam_toolbox/package.sh'
[3.883s] INFO:colcon.colcon_core.shell:Creating package script '/home/floks/ros2_ws/install/slam_toolbox/share/slam_toolbox/package.bash'
[3.884s] INFO:colcon.colcon_core.shell:Creating package script '/home/floks/ros2_ws/install/slam_toolbox/share/slam_toolbox/package.zsh'
[3.884s] Level 1:colcon.colcon_core.environment:create_file_with_runtime_dependencies(/home/floks/ros2_ws/install/slam_toolbox/share/colcon-core/packages/slam_toolbox)
[3.990s] Level 1:colcon.colcon_core.environment:create_environment_scripts_only(zed_interfaces)
[4.009s] Level 1:colcon.colcon_core.environment:checking '/home/floks/ros2_ws/install/zed_interfaces' for CMake module files
[4.010s] Level 1:colcon.colcon_core.environment:checking '/home/floks/ros2_ws/install/zed_interfaces' for CMake config files
[4.012s] Level 1:colcon.colcon_core.shell:create_environment_hook('zed_interfaces', 'cmake_prefix_path')
[4.029s] INFO:colcon.colcon_core.shell:Creating environment hook '/home/floks/ros2_ws/install/zed_interfaces/share/zed_interfaces/hook/cmake_prefix_path.ps1'
[4.029s] INFO:colcon.colcon_core.shell:Creating environment descriptor '/home/floks/ros2_ws/install/zed_interfaces/share/zed_interfaces/hook/cmake_prefix_path.dsv'
[4.030s] INFO:colcon.colcon_core.shell:Creating environment hook '/home/floks/ros2_ws/install/zed_interfaces/share/zed_interfaces/hook/cmake_prefix_path.sh'
[4.030s] Level 1:colcon.colcon_core.environment:checking '/home/floks/ros2_ws/install/zed_interfaces/lib'
[4.030s] Level 1:colcon.colcon_core.shell:create_environment_hook('zed_interfaces', 'ld_library_path_lib')
[4.047s] INFO:colcon.colcon_core.shell:Creating environment hook '/home/floks/ros2_ws/install/zed_interfaces/share/zed_interfaces/hook/ld_library_path_lib.ps1'
[4.048s] INFO:colcon.colcon_core.shell:Creating environment descriptor '/home/floks/ros2_ws/install/zed_interfaces/share/zed_interfaces/hook/ld_library_path_lib.dsv'
[4.048s] INFO:colcon.colcon_core.shell:Creating environment hook '/home/floks/ros2_ws/install/zed_interfaces/share/zed_interfaces/hook/ld_library_path_lib.sh'
[4.048s] Level 1:colcon.colcon_core.environment:checking '/home/floks/ros2_ws/install/zed_interfaces/bin'
[4.048s] Level 1:colcon.colcon_core.environment:checking '/home/floks/ros2_ws/install/zed_interfaces/lib/pkgconfig/zed_interfaces.pc'
[4.049s] Level 1:colcon.colcon_core.environment:checking '/home/floks/ros2_ws/install/zed_interfaces/lib/python3.10/site-packages'
[4.049s] Level 1:colcon.colcon_core.environment:checking '/home/floks/ros2_ws/install/zed_interfaces/bin'
[4.068s] INFO:colcon.colcon_core.shell:Creating package script '/home/floks/ros2_ws/install/zed_interfaces/share/zed_interfaces/package.ps1'
[4.068s] INFO:colcon.colcon_core.shell:Creating package descriptor '/home/floks/ros2_ws/install/zed_interfaces/share/zed_interfaces/package.dsv'
[4.069s] INFO:colcon.colcon_core.shell:Creating package script '/home/floks/ros2_ws/install/zed_interfaces/share/zed_interfaces/package.sh'
[4.069s] INFO:colcon.colcon_core.shell:Creating package script '/home/floks/ros2_ws/install/zed_interfaces/share/zed_interfaces/package.bash'
[4.069s] INFO:colcon.colcon_core.shell:Creating package script '/home/floks/ros2_ws/install/zed_interfaces/share/zed_interfaces/package.zsh'
[4.070s] Level 1:colcon.colcon_core.environment:create_file_with_runtime_dependencies(/home/floks/ros2_ws/install/zed_interfaces/share/colcon-core/packages/zed_interfaces)
[4.070s] INFO:colcon.colcon_ros.task.ament_cmake.build:Building ROS package in '/home/floks/ros2_ws/src/zed-ros2-wrapper/zed_components' with build type 'ament_cmake'
[4.070s] INFO:colcon.colcon_cmake.task.cmake.build:Building CMake package in '/home/floks/ros2_ws/src/zed-ros2-wrapper/zed_components'
[4.092s] INFO:colcon.colcon_core.shell:Skip shell extension 'powershell' for command environment: Not usable outside of PowerShell
[4.092s] DEBUG:colcon.colcon_core.shell:Skip shell extension 'dsv' for command environment
[4.189s] DEBUG:colcon.colcon_core.event_handler.log_command:Invoking command in '/home/floks/ros2_ws/build/zed_components': AMENT_PREFIX_PATH=/home/floks/ros2_ws/install/zed_interfaces:/home/floks/ros2_ws/install/robot_localization:${AMENT_PREFIX_PATH} CMAKE_PREFIX_PATH=/home/floks/ros2_ws/install/zed_interfaces:/home/floks/ros2_ws/install/robot_localization:/path/to/zed-sdk:/home/floks/Downloads:/home/floks/Downloads/ZED_SDK_Ubuntu22_cuda12.1_v4.0.8.zstd.run:/opt/ros/humble LD_LIBRARY_PATH=/home/floks/ros2_ws/install/zed_interfaces/lib:/home/floks/ros2_ws/install/robot_localization/lib:${LD_LIBRARY_PATH} PYTHONPATH=/home/floks/ros2_ws/install/zed_interfaces/local/lib/python3.10/dist-packages:/home/floks/ros2_ws/install/robot_localization/local/lib/python3.10/dist-packages:${PYTHONPATH} /usr/bin/cmake /home/floks/ros2_ws/src/zed-ros2-wrapper/zed_components -DCMAKE_BUILD_TYPE=Release -DAMENT_CMAKE_SYMLINK_INSTALL=1 -DCMAKE_INSTALL_PREFIX=/home/floks/ros2_ws/install/zed_components
[4.220s] DEBUG:colcon.colcon_core.event_handler.log_command:Invoked command in '/home/floks/ros2_ws/build/zed_components' returned '1': AMENT_PREFIX_PATH=/home/floks/ros2_ws/install/zed_interfaces:/home/floks/ros2_ws/install/robot_localization:${AMENT_PREFIX_PATH} CMAKE_PREFIX_PATH=/home/floks/ros2_ws/install/zed_interfaces:/home/floks/ros2_ws/install/robot_localization:/path/to/zed-sdk:/home/floks/Downloads:/home/floks/Downloads/ZED_SDK_Ubuntu22_cuda12.1_v4.0.8.zstd.run:/opt/ros/humble LD_LIBRARY_PATH=/home/floks/ros2_ws/install/zed_interfaces/lib:/home/floks/ros2_ws/install/robot_localization/lib:${LD_LIBRARY_PATH} PYTHONPATH=/home/floks/ros2_ws/install/zed_interfaces/local/lib/python3.10/dist-packages:/home/floks/ros2_ws/install/robot_localization/local/lib/python3.10/dist-packages:${PYTHONPATH} /usr/bin/cmake /home/floks/ros2_ws/src/zed-ros2-wrapper/zed_components -DCMAKE_BUILD_TYPE=Release -DAMENT_CMAKE_SYMLINK_INSTALL=1 -DCMAKE_INSTALL_PREFIX=/home/floks/ros2_ws/install/zed_components
[4.234s] Level 1:colcon.colcon_core.environment:create_environment_scripts_only(zed_components)
[4.254s] Level 1:colcon.colcon_core.environment:checking '/home/floks/ros2_ws/install/zed_components' for CMake module files
[4.255s] Level 1:colcon.colcon_core.environment:checking '/home/floks/ros2_ws/install/zed_components' for CMake config files
[4.255s] Level 1:colcon.colcon_core.environment:checking '/home/floks/ros2_ws/install/zed_components/bin'
[4.255s] Level 1:colcon.colcon_core.environment:checking '/home/floks/ros2_ws/install/zed_components/lib/pkgconfig/zed_components.pc'
[4.256s] Level 1:colcon.colcon_core.environment:checking '/home/floks/ros2_ws/install/zed_components/lib/python3.10/site-packages'
[4.256s] Level 1:colcon.colcon_core.environment:checking '/home/floks/ros2_ws/install/zed_components/bin'
[4.276s] INFO:colcon.colcon_core.shell:Creating package script '/home/floks/ros2_ws/install/zed_components/share/zed_components/package.ps1'
[4.277s] INFO:colcon.colcon_core.shell:Creating package descriptor '/home/floks/ros2_ws/install/zed_components/share/zed_components/package.dsv'
[4.277s] INFO:colcon.colcon_core.shell:Creating package script '/home/floks/ros2_ws/install/zed_components/share/zed_components/package.sh'
[4.277s] INFO:colcon.colcon_core.shell:Creating package script '/home/floks/ros2_ws/install/zed_components/share/zed_components/package.bash'
[4.278s] INFO:colcon.colcon_core.shell:Creating package script '/home/floks/ros2_ws/install/zed_components/share/zed_components/package.zsh'
[4.278s] Level 1:colcon.colcon_core.environment:create_file_with_runtime_dependencies(/home/floks/ros2_ws/install/zed_components/share/colcon-core/packages/zed_components)
[4.289s] DEBUG:colcon.colcon_parallel_executor.executor.parallel:closing loop
[4.289s] DEBUG:colcon.colcon_parallel_executor.executor.parallel:loop closed
[4.289s] DEBUG:colcon.colcon_parallel_executor.executor.parallel:run_until_complete finished with '1'
[4.289s] DEBUG:colcon.colcon_core.event_reactor:joining thread
[4.323s] INFO:colcon.colcon_core.plugin_system:Skipping extension 'colcon_notification.desktop_notification.terminal_notifier': Not used on non-Darwin systems
[4.323s] INFO:colcon.colcon_core.plugin_system:Skipping extension 'colcon_notification.desktop_notification.win32': Not used on non-Windows systems
[4.323s] INFO:colcon.colcon_notification.desktop_notification:Sending desktop notification using 'notify2'
[4.337s] DEBUG:colcon.colcon_core.event_reactor:joined thread
[4.361s] INFO:colcon.colcon_core.shell:Creating prefix script '/home/floks/ros2_ws/install/local_setup.ps1'
[4.362s] INFO:colcon.colcon_core.shell:Creating prefix util module '/home/floks/ros2_ws/install/_local_setup_util_ps1.py'
[4.364s] INFO:colcon.colcon_core.shell:Creating prefix chain script '/home/floks/ros2_ws/install/setup.ps1'
[4.386s] INFO:colcon.colcon_core.shell:Creating prefix script '/home/floks/ros2_ws/install/local_setup.sh'
[4.387s] INFO:colcon.colcon_core.shell:Creating prefix util module '/home/floks/ros2_ws/install/_local_setup_util_sh.py'
[4.387s] INFO:colcon.colcon_core.shell:Creating prefix chain script '/home/floks/ros2_ws/install/setup.sh'
[4.409s] INFO:colcon.colcon_core.shell:Creating prefix script '/home/floks/ros2_ws/install/local_setup.bash'
[4.409s] INFO:colcon.colcon_core.shell:Creating prefix chain script '/home/floks/ros2_ws/install/setup.bash'
[4.429s] INFO:colcon.colcon_core.shell:Creating prefix script '/home/floks/ros2_ws/install/local_setup.zsh'
[4.430s] INFO:colcon.colcon_core.shell:Creating prefix chain script '/home/floks/ros2_ws/install/setup.zsh'
