running egg_info
creating ../build/description/description.egg-info
writing ../build/description/description.egg-info/PKG-INFO
writing dependency_links to ../build/description/description.egg-info/dependency_links.txt
writing requirements to ../build/description/description.egg-info/requires.txt
writing top-level names to ../build/description/description.egg-info/top_level.txt
writing manifest file '../build/description/description.egg-info/SOURCES.txt'
reading manifest file '../build/description/description.egg-info/SOURCES.txt'
writing manifest file '../build/description/description.egg-info/SOURCES.txt'
running build
running build_py
creating /workspaces/isaac_ros-dev/ros_ws/Software_Kipp/build/description/build
creating /workspaces/isaac_ros-dev/ros_ws/Software_Kipp/build/description/build/lib
creating /workspaces/isaac_ros-dev/ros_ws/Software_Kipp/build/description/build/lib/description
copying description/__init__.py -> /workspaces/isaac_ros-dev/ros_ws/Software_Kipp/build/description/build/lib/description
running install
running install_lib
creating /workspaces/isaac_ros-dev/ros_ws/Software_Kipp/install/description/lib/python3.8/site-packages/description
copying /workspaces/isaac_ros-dev/ros_ws/Software_Kipp/build/description/build/lib/description/__init__.py -> /workspaces/isaac_ros-dev/ros_ws/Software_Kipp/install/description/lib/python3.8/site-packages/description
byte-compiling /workspaces/isaac_ros-dev/ros_ws/Software_Kipp/install/description/lib/python3.8/site-packages/description/__init__.py to __init__.cpython-38.pyc
running install_data
creating /workspaces/isaac_ros-dev/ros_ws/Software_Kipp/install/description/share/ament_index
creating /workspaces/isaac_ros-dev/ros_ws/Software_Kipp/install/description/share/ament_index/resource_index
creating /workspaces/isaac_ros-dev/ros_ws/Software_Kipp/install/description/share/ament_index/resource_index/packages
copying resource/description -> /workspaces/isaac_ros-dev/ros_ws/Software_Kipp/install/description/share/ament_index/resource_index/packages
copying package.xml -> /workspaces/isaac_ros-dev/ros_ws/Software_Kipp/install/description/share/description
running install_egg_info
Copying ../build/description/description.egg-info to /workspaces/isaac_ros-dev/ros_ws/Software_Kipp/install/description/lib/python3.8/site-packages/description-0.0.0-py3.8.egg-info
running install_scripts
writing list of installed files to '/workspaces/isaac_ros-dev/ros_ws/Software_Kipp/build/description/install.log'
