[35m[1mConsolidate compiler generated dependencies of target slam_toolbox__rosidl_generator_c[0m
[  1%] Built target slam_toolbox__cpp
[  2%] [32mBuilding CXX object lib/karto_sdk/CMakeFiles/kartoSlamToolbox.dir/src/Mapper.cpp.o[0m
[  2%] [32mBuilding CXX object lib/karto_sdk/CMakeFiles/kartoSlamToolbox.dir/src/Karto.cpp.o[0m
[  2%] Built target ament_cmake_python_symlink_slam_toolbox
[ 11%] Built target slam_toolbox__rosidl_generator_c
[35m[1mConsolidate compiler generated dependencies of target slam_toolbox__rosidl_typesupport_cpp[0m
[35m[1mConsolidate compiler generated dependencies of target slam_toolbox__rosidl_typesupport_introspection_cpp[0m
[35m[1mConsolidate compiler generated dependencies of target slam_toolbox__rosidl_typesupport_fastrtps_cpp[0m
[35m[1mConsolidate compiler generated dependencies of target slam_toolbox__rosidl_typesupport_introspection_c[0m
[35m[1mConsolidate compiler generated dependencies of target slam_toolbox__rosidl_typesupport_fastrtps_c[0m
[ 19%] Built target slam_toolbox__rosidl_typesupport_introspection_cpp
[ 27%] Built target slam_toolbox__rosidl_typesupport_cpp
[ 36%] Built target slam_toolbox__rosidl_typesupport_fastrtps_cpp
[35m[1mConsolidate compiler generated dependencies of target slam_toolbox__rosidl_typesupport_c[0m
[ 45%] Built target slam_toolbox__rosidl_typesupport_fastrtps_c
[ 53%] Built target slam_toolbox__rosidl_typesupport_introspection_c
[ 61%] Built target slam_toolbox__rosidl_typesupport_c
[ 62%] [32mBuilding CXX object CMakeFiles/SlamToolboxPlugin.dir/rviz_plugin/slam_toolbox_rviz_plugin.cpp.o[0m
[ 63%] [32mBuilding CXX object CMakeFiles/SlamToolboxPlugin.dir/rviz_plugin/moc_slam_toolbox_rviz_plugin.cpp.o[0m
[ 63%] Built target slam_toolbox
[ 63%] [34m[1mGenerating Python code for ROS interfaces[0m
running egg_info
writing slam_toolbox.egg-info/PKG-INFO
writing dependency_links to slam_toolbox.egg-info/dependency_links.txt
writing top-level names to slam_toolbox.egg-info/top_level.txt
reading manifest file 'slam_toolbox.egg-info/SOURCES.txt'
writing manifest file 'slam_toolbox.egg-info/SOURCES.txt'
[ 63%] Built target ament_cmake_python_build_slam_toolbox_egg
[ 63%] Built target slam_toolbox__py
[ 64%] [32mBuilding C object CMakeFiles/slam_toolbox__rosidl_generator_py.dir/rosidl_generator_py/slam_toolbox/srv/_pause_s.c.o[0m
[ 64%] [32mBuilding C object CMakeFiles/slam_toolbox__rosidl_generator_py.dir/rosidl_generator_py/slam_toolbox/srv/_clear_queue_s.c.o[0m
[ 65%] [32mBuilding C object CMakeFiles/slam_toolbox__rosidl_generator_py.dir/rosidl_generator_py/slam_toolbox/srv/_toggle_interactive_s.c.o[0m
[ 66%] [32mBuilding C object CMakeFiles/slam_toolbox__rosidl_generator_py.dir/rosidl_generator_py/slam_toolbox/srv/_clear_s.c.o[0m
[ 66%] [32mBuilding C object CMakeFiles/slam_toolbox__rosidl_generator_py.dir/rosidl_generator_py/slam_toolbox/srv/_save_map_s.c.o[0m
[ 67%] [32mBuilding C object CMakeFiles/slam_toolbox__rosidl_generator_py.dir/rosidl_generator_py/slam_toolbox/srv/_loop_closure_s.c.o[0m
[ 68%] [32mBuilding C object CMakeFiles/slam_toolbox__rosidl_generator_py.dir/rosidl_generator_py/slam_toolbox/srv/_merge_maps_s.c.o[0m
[ 69%] [32mBuilding C object CMakeFiles/slam_toolbox__rosidl_generator_py.dir/rosidl_generator_py/slam_toolbox/srv/_add_submap_s.c.o[0m
[ 69%] [32mBuilding C object CMakeFiles/slam_toolbox__rosidl_generator_py.dir/rosidl_generator_py/slam_toolbox/srv/_deserialize_pose_graph_s.c.o[0m
[ 70%] [32mBuilding C object CMakeFiles/slam_toolbox__rosidl_generator_py.dir/rosidl_generator_py/slam_toolbox/srv/_serialize_pose_graph_s.c.o[0m
[ 71%] [32m[1mLinking C shared library rosidl_generator_py/slam_toolbox/libslam_toolbox__rosidl_generator_py.so[0m
[ 71%] Built target slam_toolbox__rosidl_generator_py
[ 72%] [32mBuilding C object CMakeFiles/slam_toolbox__rosidl_typesupport_fastrtps_c__pyext.dir/rosidl_generator_py/slam_toolbox/_slam_toolbox_s.ep.rosidl_typesupport_fastrtps_c.c.o[0m
[ 73%] [32mBuilding C object CMakeFiles/slam_toolbox__rosidl_typesupport_introspection_c__pyext.dir/rosidl_generator_py/slam_toolbox/_slam_toolbox_s.ep.rosidl_typesupport_introspection_c.c.o[0m
[ 74%] [32mBuilding C object CMakeFiles/slam_toolbox__rosidl_typesupport_c__pyext.dir/rosidl_generator_py/slam_toolbox/_slam_toolbox_s.ep.rosidl_typesupport_c.c.o[0m
[ 75%] [32m[1mLinking C shared library rosidl_generator_py/slam_toolbox/slam_toolbox_s__rosidl_typesupport_introspection_c.cpython-310-x86_64-linux-gnu.so[0m
[ 75%] [32m[1mLinking C shared library rosidl_generator_py/slam_toolbox/slam_toolbox_s__rosidl_typesupport_fastrtps_c.cpython-310-x86_64-linux-gnu.so[0m
[ 75%] Built target slam_toolbox__rosidl_typesupport_introspection_c__pyext
[ 75%] Built target slam_toolbox__rosidl_typesupport_fastrtps_c__pyext
[ 76%] [32m[1mLinking C shared library rosidl_generator_py/slam_toolbox/slam_toolbox_s__rosidl_typesupport_c.cpython-310-x86_64-linux-gnu.so[0m
[ 76%] Built target slam_toolbox__rosidl_typesupport_c__pyext
[ 77%] [32m[1mLinking CXX shared library libkartoSlamToolbox.so[0m
[ 77%] Built target kartoSlamToolbox
[ 78%] [32mBuilding CXX object CMakeFiles/toolbox_common.dir/src/slam_toolbox_common.cpp.o[0m
[ 78%] [32mBuilding CXX object CMakeFiles/toolbox_common.dir/src/loop_closure_assistant.cpp.o[0m
[ 79%] [32mBuilding CXX object CMakeFiles/toolbox_common.dir/src/map_saver.cpp.o[0m
[ 80%] [32mBuilding CXX object CMakeFiles/ceres_solver_plugin.dir/solvers/ceres_solver.cpp.o[0m
[ 81%] [32mBuilding CXX object CMakeFiles/toolbox_common.dir/src/laser_utils.cpp.o[0m
[ 81%] [32m[1mLinking CXX shared library libSlamToolboxPlugin.so[0m
[ 81%] Built target SlamToolboxPlugin
[ 82%] [32mBuilding CXX object CMakeFiles/toolbox_common.dir/src/slam_mapper.cpp.o[0m
[ 83%] [32m[1mLinking CXX shared library libceres_solver_plugin.so[0m
[ 83%] Built target ceres_solver_plugin
[ 84%] [32m[1mLinking CXX shared library libtoolbox_common.so[0m
[ 84%] Built target toolbox_common
[ 85%] [32mBuilding CXX object CMakeFiles/async_slam_toolbox.dir/src/slam_toolbox_async.cpp.o[0m
[ 86%] [32mBuilding CXX object CMakeFiles/merge_maps_kinematic.dir/src/merge_maps_kinematic.cpp.o[0m
[ 87%] [32mBuilding CXX object CMakeFiles/sync_slam_toolbox.dir/src/slam_toolbox_sync.cpp.o[0m
[ 88%] [32mBuilding CXX object CMakeFiles/lifelong_slam_toolbox.dir/src/experimental/slam_toolbox_lifelong.cpp.o[0m
[ 88%] [32mBuilding CXX object CMakeFiles/localization_slam_toolbox.dir/src/slam_toolbox_localization.cpp.o[0m
[ 89%] [32m[1mLinking CXX shared library libasync_slam_toolbox.so[0m
[ 90%] [32m[1mLinking CXX shared library libsync_slam_toolbox.so[0m
[ 90%] Built target async_slam_toolbox
[ 90%] Built target sync_slam_toolbox
[ 90%] [32m[1mLinking CXX shared library liblifelong_slam_toolbox.so[0m
[ 90%] Built target lifelong_slam_toolbox
[ 91%] [32m[1mLinking CXX executable merge_maps_kinematic[0m
[ 91%] Built target merge_maps_kinematic
[ 92%] [32m[1mLinking CXX shared library liblocalization_slam_toolbox.so[0m
[ 92%] Built target localization_slam_toolbox
[ 95%] [32mBuilding CXX object CMakeFiles/sync_slam_toolbox_node.dir/src/slam_toolbox_sync_node.cpp.o[0m
[ 95%] [32mBuilding CXX object CMakeFiles/async_slam_toolbox_node.dir/src/slam_toolbox_async_node.cpp.o[0m
[ 95%] [32mBuilding CXX object CMakeFiles/lifelong_slam_toolbox_node.dir/src/experimental/slam_toolbox_lifelong_node.cpp.o[0m
[ 96%] [32m[1mLinking CXX executable lifelong_slam_toolbox_node[0m
[ 96%] [32m[1mLinking CXX executable async_slam_toolbox_node[0m
[ 96%] [32m[1mLinking CXX executable sync_slam_toolbox_node[0m
[ 96%] Built target lifelong_slam_toolbox_node
[ 97%] [32mBuilding CXX object CMakeFiles/localization_slam_toolbox_node.dir/src/slam_toolbox_localization_node.cpp.o[0m
[ 97%] [32mBuilding CXX object CMakeFiles/map_and_localization_slam_toolbox.dir/src/experimental/slam_toolbox_map_and_localization.cpp.o[0m
[ 97%] Built target async_slam_toolbox_node
[ 97%] Built target sync_slam_toolbox_node
[ 98%] [32m[1mLinking CXX executable localization_slam_toolbox_node[0m
[ 98%] Built target localization_slam_toolbox_node
[ 99%] [32m[1mLinking CXX shared library libmap_and_localization_slam_toolbox.so[0m
[ 99%] Built target map_and_localization_slam_toolbox
[100%] [32mBuilding CXX object CMakeFiles/map_and_localization_slam_toolbox_node.dir/src/experimental/slam_toolbox_map_and_localization_node.cpp.o[0m
[100%] [32m[1mLinking CXX executable map_and_localization_slam_toolbox_node[0m
[100%] Built target map_and_localization_slam_toolbox_node
