[0.269s] Invoking command in '/home/floks/ros2_ws/build/robot_localization': CMAKE_PREFIX_PATH=/opt/ros/humble /usr/bin/cmake --build /home/floks/ros2_ws/build/robot_localization -- -j8 -l8
[0.372s] [35m[1mConsolidate compiler generated dependencies of target gtest[0m
[0.390s] [  1%] Built target robot_localization__cpp
[0.397s] [  3%] Built target gtest_main
[0.400s] [  3%] Built target ament_cmake_python_symlink_robot_localization
[0.403s] [ 10%] Built target robot_localization__rosidl_generator_c
[0.424s] [ 12%] Built target gtest
[0.438s] [35m[1mConsolidate compiler generated dependencies of target robot_localization__rosidl_typesupport_fastrtps_cpp[0m
[0.480s] [35m[1mConsolidate compiler generated dependencies of target robot_localization__rosidl_typesupport_introspection_c[0m
[0.500s] [35m[1mConsolidate compiler generated dependencies of target robot_localization__rosidl_typesupport_fastrtps_c[0m
[0.510s] [ 19%] Built target robot_localization__rosidl_typesupport_fastrtps_cpp
[0.518s] [35m[1mConsolidate compiler generated dependencies of target robot_localization__rosidl_typesupport_c[0m
[0.530s] [ 26%] Built target robot_localization__rosidl_typesupport_introspection_cpp
[0.563s] [ 33%] Built target robot_localization__rosidl_typesupport_cpp
[0.570s] [ 40%] Built target robot_localization__rosidl_typesupport_introspection_c
[0.573s] [ 47%] Built target robot_localization__rosidl_typesupport_c
[0.581s] [ 54%] Built target robot_localization__rosidl_typesupport_fastrtps_c
[0.645s] [35m[1mConsolidate compiler generated dependencies of target rl_lib[0m
[0.671s] [ 54%] Built target robot_localization
[0.723s] [ 55%] Built target robot_localization__py
[0.751s] [ 64%] Built target rl_lib
[0.752s] [35m[1mConsolidate compiler generated dependencies of target robot_localization__rosidl_generator_py[0m
[0.785s] [35m[1mConsolidate compiler generated dependencies of target navsat_transform_node[0m
[0.789s] [35m[1mConsolidate compiler generated dependencies of target robot_localization_listener_node[0m
[0.795s] [35m[1mConsolidate compiler generated dependencies of target ekf_node[0m
[0.796s] [35m[1mConsolidate compiler generated dependencies of target test_ekf[0m
[0.797s] [35m[1mConsolidate compiler generated dependencies of target filter_base-test[0m
[0.806s] [ 70%] Built target robot_localization__rosidl_generator_py
[0.808s] [35m[1mConsolidate compiler generated dependencies of target ukf_node[0m
[0.877s] [ 71%] Built target navsat_transform_node
[0.901s] [ 73%] Built target filter_base-test
[0.904s] [ 75%] Built target robot_localization_listener_node
[0.913s] [ 76%] Built target ekf_node
[0.931s] [ 78%] Built target ukf_node
[0.956s] [ 80%] Built target test_ekf
[0.972s] [35m[1mConsolidate compiler generated dependencies of target test_ukf[0m
[0.975s] [35m[1mConsolidate compiler generated dependencies of target test_ros_robot_localization_listener[0m
[0.976s] [35m[1mConsolidate compiler generated dependencies of target test_robot_localization_estimator[0m
[0.985s] [35m[1mConsolidate compiler generated dependencies of target test_navsat_conversions[0m
[0.995s] [35m[1mConsolidate compiler generated dependencies of target robot_localization__rosidl_typesupport_fastrtps_c__pyext[0m
[0.995s] [35m[1mConsolidate compiler generated dependencies of target test_ros_robot_localization_listener_publisher[0m
[1.027s] [ 82%] Built target test_navsat_conversions
[1.035s] [35m[1mConsolidate compiler generated dependencies of target robot_localization__rosidl_typesupport_introspection_c__pyext[0m
[1.056s] [ 84%] Built target test_ukf
[1.070s] [ 86%] Built target robot_localization__rosidl_typesupport_fastrtps_c__pyext
[1.079s] [ 87%] Built target test_ros_robot_localization_listener
[1.091s] [ 89%] Built target robot_localization__rosidl_typesupport_introspection_c__pyext
[1.099s] [ 91%] Built target test_ros_robot_localization_listener_publisher
[1.109s] [ 93%] Built target test_robot_localization_estimator
[1.135s] [35m[1mConsolidate compiler generated dependencies of target robot_localization__rosidl_typesupport_c__pyext[0m
[1.147s] [35m[1mConsolidate compiler generated dependencies of target test_filter_base_diagnostics_timestamps[0m
[1.161s] [35m[1mConsolidate compiler generated dependencies of target test_ukf_localization_node_interfaces[0m
[1.181s] running egg_info
[1.182s] [ 95%] Built target robot_localization__rosidl_typesupport_c__pyext
[1.182s] writing robot_localization.egg-info/PKG-INFO
[1.183s] writing dependency_links to robot_localization.egg-info/dependency_links.txt
[1.183s] writing top-level names to robot_localization.egg-info/top_level.txt
[1.184s] [35m[1mConsolidate compiler generated dependencies of target test_ekf_localization_node_interfaces[0m
[1.188s] reading manifest file 'robot_localization.egg-info/SOURCES.txt'
[1.192s] writing manifest file 'robot_localization.egg-info/SOURCES.txt'
[1.212s] [ 97%] Built target test_filter_base_diagnostics_timestamps
[1.218s] [ 99%] Built target test_ukf_localization_node_interfaces
[1.246s] [100%] Built target test_ekf_localization_node_interfaces
[1.272s] [100%] Built target ament_cmake_python_build_robot_localization_egg
[1.291s] Invoked command in '/home/floks/ros2_ws/build/robot_localization' returned '0': CMAKE_PREFIX_PATH=/opt/ros/humble /usr/bin/cmake --build /home/floks/ros2_ws/build/robot_localization -- -j8 -l8
[1.564s] Invoking command in '/home/floks/ros2_ws/build/robot_localization': CMAKE_PREFIX_PATH=/opt/ros/humble /usr/bin/cmake --install /home/floks/ros2_ws/build/robot_localization
[1.574s] -- Install configuration: "Release"
[1.575s] -- Execute custom install script
[1.575s] -- Up-to-date symlink: /home/floks/ros2_ws/install/robot_localization/share/ament_index/resource_index/rosidl_interfaces/robot_localization
[1.576s] -- Up-to-date symlink: /home/floks/ros2_ws/install/robot_localization/include/robot_localization/robot_localization/msg/rosidl_generator_c__visibility_control.h
[1.576s] -- Up-to-date symlink: /home/floks/ros2_ws/install/robot_localization/include/robot_localization/robot_localization/srv/detail/from_ll__functions.h
[1.576s] -- Up-to-date symlink: /home/floks/ros2_ws/install/robot_localization/include/robot_localization/robot_localization/srv/detail/from_ll__struct.h
[1.576s] -- Up-to-date symlink: /home/floks/ros2_ws/install/robot_localization/include/robot_localization/robot_localization/srv/detail/from_ll__type_support.h
[1.577s] -- Up-to-date symlink: /home/floks/ros2_ws/install/robot_localization/include/robot_localization/robot_localization/srv/detail/get_state__functions.h
[1.577s] -- Up-to-date symlink: /home/floks/ros2_ws/install/robot_localization/include/robot_localization/robot_localization/srv/detail/get_state__struct.h
[1.577s] -- Up-to-date symlink: /home/floks/ros2_ws/install/robot_localization/include/robot_localization/robot_localization/srv/detail/get_state__type_support.h
[1.577s] -- Up-to-date symlink: /home/floks/ros2_ws/install/robot_localization/include/robot_localization/robot_localization/srv/detail/set_datum__functions.h
[1.577s] -- Up-to-date symlink: /home/floks/ros2_ws/install/robot_localization/include/robot_localization/robot_localization/srv/detail/set_datum__struct.h
[1.578s] -- Up-to-date symlink: /home/floks/ros2_ws/install/robot_localization/include/robot_localization/robot_localization/srv/detail/set_datum__type_support.h
[1.578s] -- Up-to-date symlink: /home/floks/ros2_ws/install/robot_localization/include/robot_localization/robot_localization/srv/detail/set_pose__functions.h
[1.578s] -- Up-to-date symlink: /home/floks/ros2_ws/install/robot_localization/include/robot_localization/robot_localization/srv/detail/set_pose__struct.h
[1.579s] -- Up-to-date symlink: /home/floks/ros2_ws/install/robot_localization/include/robot_localization/robot_localization/srv/detail/set_pose__type_support.h
[1.579s] -- Up-to-date symlink: /home/floks/ros2_ws/install/robot_localization/include/robot_localization/robot_localization/srv/detail/to_ll__functions.h
[1.579s] -- Up-to-date symlink: /home/floks/ros2_ws/install/robot_localization/include/robot_localization/robot_localization/srv/detail/to_ll__struct.h
[1.579s] -- Up-to-date symlink: /home/floks/ros2_ws/install/robot_localization/include/robot_localization/robot_localization/srv/detail/to_ll__type_support.h
[1.579s] -- Up-to-date symlink: /home/floks/ros2_ws/install/robot_localization/include/robot_localization/robot_localization/srv/detail/toggle_filter_processing__functions.h
[1.580s] -- Up-to-date symlink: /home/floks/ros2_ws/install/robot_localization/include/robot_localization/robot_localization/srv/detail/toggle_filter_processing__struct.h
[1.580s] -- Up-to-date symlink: /home/floks/ros2_ws/install/robot_localization/include/robot_localization/robot_localization/srv/detail/toggle_filter_processing__type_support.h
[1.580s] -- Up-to-date symlink: /home/floks/ros2_ws/install/robot_localization/include/robot_localization/robot_localization/srv/from_ll.h
[1.580s] -- Up-to-date symlink: /home/floks/ros2_ws/install/robot_localization/include/robot_localization/robot_localization/srv/get_state.h
[1.580s] -- Up-to-date symlink: /home/floks/ros2_ws/install/robot_localization/include/robot_localization/robot_localization/srv/set_datum.h
[1.581s] -- Up-to-date symlink: /home/floks/ros2_ws/install/robot_localization/include/robot_localization/robot_localization/srv/set_pose.h
[1.581s] -- Up-to-date symlink: /home/floks/ros2_ws/install/robot_localization/include/robot_localization/robot_localization/srv/to_ll.h
[1.581s] -- Up-to-date symlink: /home/floks/ros2_ws/install/robot_localization/include/robot_localization/robot_localization/srv/toggle_filter_processing.h
[1.581s] -- Up-to-date symlink: /home/floks/ros2_ws/install/robot_localization/share/robot_localization/environment/library_path.sh
[1.582s] -- Up-to-date symlink: /home/floks/ros2_ws/install/robot_localization/share/robot_localization/environment/library_path.dsv
[1.583s] -- Up-to-date symlink: /home/floks/ros2_ws/install/robot_localization/include/robot_localization/robot_localization/msg/rosidl_typesupport_fastrtps_c__visibility_control.h
[1.583s] -- Up-to-date symlink: /home/floks/ros2_ws/install/robot_localization/include/robot_localization/robot_localization/srv/detail/from_ll__rosidl_typesupport_fastrtps_c.h
[1.583s] -- Up-to-date symlink: /home/floks/ros2_ws/install/robot_localization/include/robot_localization/robot_localization/srv/detail/get_state__rosidl_typesupport_fastrtps_c.h
[1.583s] -- Up-to-date symlink: /home/floks/ros2_ws/install/robot_localization/include/robot_localization/robot_localization/srv/detail/set_datum__rosidl_typesupport_fastrtps_c.h
[1.583s] -- Up-to-date symlink: /home/floks/ros2_ws/install/robot_localization/include/robot_localization/robot_localization/srv/detail/set_pose__rosidl_typesupport_fastrtps_c.h
[1.584s] -- Up-to-date symlink: /home/floks/ros2_ws/install/robot_localization/include/robot_localization/robot_localization/srv/detail/to_ll__rosidl_typesupport_fastrtps_c.h
[1.584s] -- Up-to-date symlink: /home/floks/ros2_ws/install/robot_localization/include/robot_localization/robot_localization/srv/detail/toggle_filter_processing__rosidl_typesupport_fastrtps_c.h
[1.585s] -- Up-to-date symlink: /home/floks/ros2_ws/install/robot_localization/include/robot_localization/robot_localization/srv/detail/from_ll__builder.hpp
[1.585s] -- Up-to-date symlink: /home/floks/ros2_ws/install/robot_localization/include/robot_localization/robot_localization/srv/detail/from_ll__struct.hpp
[1.585s] -- Up-to-date symlink: /home/floks/ros2_ws/install/robot_localization/include/robot_localization/robot_localization/srv/detail/from_ll__traits.hpp
[1.586s] -- Up-to-date symlink: /home/floks/ros2_ws/install/robot_localization/include/robot_localization/robot_localization/srv/detail/get_state__builder.hpp
[1.586s] -- Up-to-date symlink: /home/floks/ros2_ws/install/robot_localization/include/robot_localization/robot_localization/srv/detail/get_state__struct.hpp
[1.586s] -- Up-to-date symlink: /home/floks/ros2_ws/install/robot_localization/include/robot_localization/robot_localization/srv/detail/get_state__traits.hpp
[1.586s] -- Up-to-date symlink: /home/floks/ros2_ws/install/robot_localization/include/robot_localization/robot_localization/srv/detail/set_datum__builder.hpp
[1.587s] -- Up-to-date symlink: /home/floks/ros2_ws/install/robot_localization/include/robot_localization/robot_localization/srv/detail/set_datum__struct.hpp
[1.587s] -- Up-to-date symlink: /home/floks/ros2_ws/install/robot_localization/include/robot_localization/robot_localization/srv/detail/set_datum__traits.hpp
[1.587s] -- Up-to-date symlink: /home/floks/ros2_ws/install/robot_localization/include/robot_localization/robot_localization/srv/detail/set_pose__builder.hpp
[1.587s] -- Up-to-date symlink: /home/floks/ros2_ws/install/robot_localization/include/robot_localization/robot_localization/srv/detail/set_pose__struct.hpp
[1.587s] -- Up-to-date symlink: /home/floks/ros2_ws/install/robot_localization/include/robot_localization/robot_localization/srv/detail/set_pose__traits.hpp
[1.588s] -- Up-to-date symlink: /home/floks/ros2_ws/install/robot_localization/include/robot_localization/robot_localization/srv/detail/to_ll__builder.hpp
[1.588s] -- Up-to-date symlink: /home/floks/ros2_ws/install/robot_localization/include/robot_localization/robot_localization/srv/detail/to_ll__struct.hpp
[1.588s] -- Up-to-date symlink: /home/floks/ros2_ws/install/robot_localization/include/robot_localization/robot_localization/srv/detail/to_ll__traits.hpp
[1.588s] -- Up-to-date symlink: /home/floks/ros2_ws/install/robot_localization/include/robot_localization/robot_localization/srv/detail/toggle_filter_processing__builder.hpp
[1.588s] -- Up-to-date symlink: /home/floks/ros2_ws/install/robot_localization/include/robot_localization/robot_localization/srv/detail/toggle_filter_processing__struct.hpp
[1.589s] -- Up-to-date symlink: /home/floks/ros2_ws/install/robot_localization/include/robot_localization/robot_localization/srv/detail/toggle_filter_processing__traits.hpp
[1.589s] -- Up-to-date symlink: /home/floks/ros2_ws/install/robot_localization/include/robot_localization/robot_localization/srv/from_ll.hpp
[1.589s] -- Up-to-date symlink: /home/floks/ros2_ws/install/robot_localization/include/robot_localization/robot_localization/srv/get_state.hpp
[1.589s] -- Up-to-date symlink: /home/floks/ros2_ws/install/robot_localization/include/robot_localization/robot_localization/srv/set_datum.hpp
[1.590s] -- Up-to-date symlink: /home/floks/ros2_ws/install/robot_localization/include/robot_localization/robot_localization/srv/set_pose.hpp
[1.590s] -- Up-to-date symlink: /home/floks/ros2_ws/install/robot_localization/include/robot_localization/robot_localization/srv/to_ll.hpp
[1.590s] -- Up-to-date symlink: /home/floks/ros2_ws/install/robot_localization/include/robot_localization/robot_localization/srv/toggle_filter_processing.hpp
[1.591s] -- Up-to-date symlink: /home/floks/ros2_ws/install/robot_localization/include/robot_localization/robot_localization/msg/rosidl_typesupport_fastrtps_cpp__visibility_control.h
[1.591s] -- Up-to-date symlink: /home/floks/ros2_ws/install/robot_localization/include/robot_localization/robot_localization/srv/detail/from_ll__rosidl_typesupport_fastrtps_cpp.hpp
[1.591s] -- Up-to-date symlink: /home/floks/ros2_ws/install/robot_localization/include/robot_localization/robot_localization/srv/detail/get_state__rosidl_typesupport_fastrtps_cpp.hpp
[1.591s] -- Up-to-date symlink: /home/floks/ros2_ws/install/robot_localization/include/robot_localization/robot_localization/srv/detail/set_datum__rosidl_typesupport_fastrtps_cpp.hpp
[1.592s] -- Up-to-date symlink: /home/floks/ros2_ws/install/robot_localization/include/robot_localization/robot_localization/srv/detail/set_pose__rosidl_typesupport_fastrtps_cpp.hpp
[1.592s] -- Up-to-date symlink: /home/floks/ros2_ws/install/robot_localization/include/robot_localization/robot_localization/srv/detail/to_ll__rosidl_typesupport_fastrtps_cpp.hpp
[1.592s] -- Up-to-date symlink: /home/floks/ros2_ws/install/robot_localization/include/robot_localization/robot_localization/srv/detail/toggle_filter_processing__rosidl_typesupport_fastrtps_cpp.hpp
[1.593s] -- Up-to-date symlink: /home/floks/ros2_ws/install/robot_localization/include/robot_localization/robot_localization/msg/rosidl_typesupport_introspection_c__visibility_control.h
[1.593s] -- Up-to-date symlink: /home/floks/ros2_ws/install/robot_localization/include/robot_localization/robot_localization/srv/detail/from_ll__rosidl_typesupport_introspection_c.h
[1.593s] -- Up-to-date symlink: /home/floks/ros2_ws/install/robot_localization/include/robot_localization/robot_localization/srv/detail/get_state__rosidl_typesupport_introspection_c.h
[1.594s] -- Up-to-date symlink: /home/floks/ros2_ws/install/robot_localization/include/robot_localization/robot_localization/srv/detail/set_datum__rosidl_typesupport_introspection_c.h
[1.594s] -- Up-to-date symlink: /home/floks/ros2_ws/install/robot_localization/include/robot_localization/robot_localization/srv/detail/set_pose__rosidl_typesupport_introspection_c.h
[1.594s] -- Up-to-date symlink: /home/floks/ros2_ws/install/robot_localization/include/robot_localization/robot_localization/srv/detail/to_ll__rosidl_typesupport_introspection_c.h
[1.594s] -- Up-to-date symlink: /home/floks/ros2_ws/install/robot_localization/include/robot_localization/robot_localization/srv/detail/toggle_filter_processing__rosidl_typesupport_introspection_c.h
[1.595s] -- Up-to-date symlink: /home/floks/ros2_ws/install/robot_localization/include/robot_localization/robot_localization/srv/detail/from_ll__rosidl_typesupport_introspection_cpp.hpp
[1.595s] -- Up-to-date symlink: /home/floks/ros2_ws/install/robot_localization/include/robot_localization/robot_localization/srv/detail/get_state__rosidl_typesupport_introspection_cpp.hpp
[1.595s] -- Up-to-date symlink: /home/floks/ros2_ws/install/robot_localization/include/robot_localization/robot_localization/srv/detail/set_datum__rosidl_typesupport_introspection_cpp.hpp
[1.595s] -- Up-to-date symlink: /home/floks/ros2_ws/install/robot_localization/include/robot_localization/robot_localization/srv/detail/set_pose__rosidl_typesupport_introspection_cpp.hpp
[1.596s] -- Up-to-date symlink: /home/floks/ros2_ws/install/robot_localization/include/robot_localization/robot_localization/srv/detail/to_ll__rosidl_typesupport_introspection_cpp.hpp
[1.596s] -- Up-to-date symlink: /home/floks/ros2_ws/install/robot_localization/include/robot_localization/robot_localization/srv/detail/toggle_filter_processing__rosidl_typesupport_introspection_cpp.hpp
[1.596s] -- Up-to-date symlink: /home/floks/ros2_ws/install/robot_localization/share/robot_localization/environment/pythonpath.sh
[1.596s] -- Up-to-date symlink: /home/floks/ros2_ws/install/robot_localization/share/robot_localization/environment/pythonpath.dsv
[1.597s] -- Up-to-date symlink: /home/floks/ros2_ws/install/robot_localization/local/lib/python3.10/dist-packages/robot_localization-3.5.1-py3.10.egg-info/PKG-INFO
[1.597s] -- Up-to-date symlink: /home/floks/ros2_ws/install/robot_localization/local/lib/python3.10/dist-packages/robot_localization-3.5.1-py3.10.egg-info/SOURCES.txt
[1.597s] -- Up-to-date symlink: /home/floks/ros2_ws/install/robot_localization/local/lib/python3.10/dist-packages/robot_localization-3.5.1-py3.10.egg-info/dependency_links.txt
[1.597s] -- Up-to-date symlink: /home/floks/ros2_ws/install/robot_localization/local/lib/python3.10/dist-packages/robot_localization-3.5.1-py3.10.egg-info/top_level.txt
[1.599s] -- Up-to-date symlink: /home/floks/ros2_ws/install/robot_localization/local/lib/python3.10/dist-packages/robot_localization/__init__.py
[1.599s] -- Up-to-date symlink: /home/floks/ros2_ws/install/robot_localization/local/lib/python3.10/dist-packages/robot_localization/_robot_localization_s.ep.rosidl_typesupport_c.c
[1.599s] -- Up-to-date symlink: /home/floks/ros2_ws/install/robot_localization/local/lib/python3.10/dist-packages/robot_localization/_robot_localization_s.ep.rosidl_typesupport_fastrtps_c.c
[1.600s] -- Up-to-date symlink: /home/floks/ros2_ws/install/robot_localization/local/lib/python3.10/dist-packages/robot_localization/_robot_localization_s.ep.rosidl_typesupport_introspection_c.c
[1.600s] -- Up-to-date symlink: /home/floks/ros2_ws/install/robot_localization/local/lib/python3.10/dist-packages/robot_localization/librobot_localization__rosidl_generator_py.so
[1.600s] -- Up-to-date symlink: /home/floks/ros2_ws/install/robot_localization/local/lib/python3.10/dist-packages/robot_localization/robot_localization_s__rosidl_typesupport_c.cpython-310-x86_64-linux-gnu.so
[1.600s] -- Up-to-date symlink: /home/floks/ros2_ws/install/robot_localization/local/lib/python3.10/dist-packages/robot_localization/robot_localization_s__rosidl_typesupport_fastrtps_c.cpython-310-x86_64-linux-gnu.so
[1.600s] -- Up-to-date symlink: /home/floks/ros2_ws/install/robot_localization/local/lib/python3.10/dist-packages/robot_localization/robot_localization_s__rosidl_typesupport_introspection_c.cpython-310-x86_64-linux-gnu.so
[1.601s] -- Up-to-date symlink: /home/floks/ros2_ws/install/robot_localization/local/lib/python3.10/dist-packages/robot_localization/srv/__init__.py
[1.601s] -- Up-to-date symlink: /home/floks/ros2_ws/install/robot_localization/local/lib/python3.10/dist-packages/robot_localization/srv/_from_ll.py
[1.601s] -- Up-to-date symlink: /home/floks/ros2_ws/install/robot_localization/local/lib/python3.10/dist-packages/robot_localization/srv/_from_ll_s.c
[1.602s] -- Up-to-date symlink: /home/floks/ros2_ws/install/robot_localization/local/lib/python3.10/dist-packages/robot_localization/srv/_get_state.py
[1.602s] -- Up-to-date symlink: /home/floks/ros2_ws/install/robot_localization/local/lib/python3.10/dist-packages/robot_localization/srv/_get_state_s.c
[1.602s] -- Up-to-date symlink: /home/floks/ros2_ws/install/robot_localization/local/lib/python3.10/dist-packages/robot_localization/srv/_set_datum.py
[1.602s] -- Up-to-date symlink: /home/floks/ros2_ws/install/robot_localization/local/lib/python3.10/dist-packages/robot_localization/srv/_set_datum_s.c
[1.603s] -- Up-to-date symlink: /home/floks/ros2_ws/install/robot_localization/local/lib/python3.10/dist-packages/robot_localization/srv/_set_pose.py
[1.603s] -- Up-to-date symlink: /home/floks/ros2_ws/install/robot_localization/local/lib/python3.10/dist-packages/robot_localization/srv/_set_pose_s.c
[1.603s] -- Up-to-date symlink: /home/floks/ros2_ws/install/robot_localization/local/lib/python3.10/dist-packages/robot_localization/srv/_to_ll.py
[1.603s] -- Up-to-date symlink: /home/floks/ros2_ws/install/robot_localization/local/lib/python3.10/dist-packages/robot_localization/srv/_to_ll_s.c
[1.603s] -- Up-to-date symlink: /home/floks/ros2_ws/install/robot_localization/local/lib/python3.10/dist-packages/robot_localization/srv/_toggle_filter_processing.py
[1.604s] -- Up-to-date symlink: /home/floks/ros2_ws/install/robot_localization/local/lib/python3.10/dist-packages/robot_localization/srv/_toggle_filter_processing_s.c
[1.604s] -- Up-to-date symlink: /home/floks/ros2_ws/install/robot_localization/local/lib/python3.10/dist-packages/robot_localization/robot_localization_s__rosidl_typesupport_fastrtps_c.cpython-310-x86_64-linux-gnu.so
[1.604s] -- Up-to-date symlink: /home/floks/ros2_ws/install/robot_localization/local/lib/python3.10/dist-packages/robot_localization/robot_localization_s__rosidl_typesupport_introspection_c.cpython-310-x86_64-linux-gnu.so
[1.605s] -- Up-to-date symlink: /home/floks/ros2_ws/install/robot_localization/local/lib/python3.10/dist-packages/robot_localization/robot_localization_s__rosidl_typesupport_c.cpython-310-x86_64-linux-gnu.so
[1.605s] -- Up-to-date symlink: /home/floks/ros2_ws/install/robot_localization/share/robot_localization/srv/FromLL.idl
[1.605s] -- Up-to-date symlink: /home/floks/ros2_ws/install/robot_localization/share/robot_localization/srv/GetState.idl
[1.606s] -- Up-to-date symlink: /home/floks/ros2_ws/install/robot_localization/share/robot_localization/srv/SetDatum.idl
[1.606s] -- Up-to-date symlink: /home/floks/ros2_ws/install/robot_localization/share/robot_localization/srv/SetPose.idl
[1.606s] -- Up-to-date symlink: /home/floks/ros2_ws/install/robot_localization/share/robot_localization/srv/ToggleFilterProcessing.idl
[1.607s] -- Up-to-date symlink: /home/floks/ros2_ws/install/robot_localization/share/robot_localization/srv/ToLL.idl
[1.607s] -- Up-to-date symlink: /home/floks/ros2_ws/install/robot_localization/share/robot_localization/srv/FromLL.srv
[1.607s] -- Up-to-date symlink: /home/floks/ros2_ws/install/robot_localization/share/robot_localization/srv/FromLL_Request.msg
[1.608s] -- Up-to-date symlink: /home/floks/ros2_ws/install/robot_localization/share/robot_localization/srv/FromLL_Response.msg
[1.608s] -- Up-to-date symlink: /home/floks/ros2_ws/install/robot_localization/share/robot_localization/srv/GetState.srv
[1.608s] -- Up-to-date symlink: /home/floks/ros2_ws/install/robot_localization/share/robot_localization/srv/GetState_Request.msg
[1.609s] -- Up-to-date symlink: /home/floks/ros2_ws/install/robot_localization/share/robot_localization/srv/GetState_Response.msg
[1.609s] -- Up-to-date symlink: /home/floks/ros2_ws/install/robot_localization/share/robot_localization/srv/SetDatum.srv
[1.609s] -- Up-to-date symlink: /home/floks/ros2_ws/install/robot_localization/share/robot_localization/srv/SetDatum_Request.msg
[1.609s] -- Up-to-date symlink: /home/floks/ros2_ws/install/robot_localization/share/robot_localization/srv/SetDatum_Response.msg
[1.610s] -- Up-to-date symlink: /home/floks/ros2_ws/install/robot_localization/share/robot_localization/srv/SetPose.srv
[1.610s] -- Up-to-date symlink: /home/floks/ros2_ws/install/robot_localization/share/robot_localization/srv/SetPose_Request.msg
[1.610s] -- Up-to-date symlink: /home/floks/ros2_ws/install/robot_localization/share/robot_localization/srv/SetPose_Response.msg
[1.611s] -- Up-to-date symlink: /home/floks/ros2_ws/install/robot_localization/share/robot_localization/srv/ToggleFilterProcessing.srv
[1.611s] -- Up-to-date symlink: /home/floks/ros2_ws/install/robot_localization/share/robot_localization/srv/ToggleFilterProcessing_Request.msg
[1.611s] -- Up-to-date symlink: /home/floks/ros2_ws/install/robot_localization/share/robot_localization/srv/ToggleFilterProcessing_Response.msg
[1.612s] -- Up-to-date symlink: /home/floks/ros2_ws/install/robot_localization/share/robot_localization/srv/ToLL.srv
[1.612s] -- Up-to-date symlink: /home/floks/ros2_ws/install/robot_localization/share/robot_localization/srv/ToLL_Request.msg
[1.612s] -- Up-to-date symlink: /home/floks/ros2_ws/install/robot_localization/share/robot_localization/srv/ToLL_Response.msg
[1.613s] -- Up-to-date symlink: /home/floks/ros2_ws/install/robot_localization/lib/robot_localization/filter_base-test
[1.613s] -- Up-to-date symlink: /home/floks/ros2_ws/install/robot_localization/lib/robot_localization/test_filter_base_diagnostics_timestamps
[1.613s] -- Up-to-date symlink: /home/floks/ros2_ws/install/robot_localization/lib/robot_localization/test_ekf
[1.614s] -- Up-to-date symlink: /home/floks/ros2_ws/install/robot_localization/lib/robot_localization/test_ekf_localization_node_interfaces
[1.614s] -- Up-to-date symlink: /home/floks/ros2_ws/install/robot_localization/lib/robot_localization/test_ukf
[1.614s] -- Up-to-date symlink: /home/floks/ros2_ws/install/robot_localization/lib/robot_localization/test_ukf_localization_node_interfaces
[1.615s] -- Up-to-date symlink: /home/floks/ros2_ws/install/robot_localization/lib/robot_localization/test_robot_localization_estimator
[1.615s] -- Up-to-date symlink: /home/floks/ros2_ws/install/robot_localization/lib/robot_localization/test_navsat_conversions
[1.615s] -- Up-to-date symlink: /home/floks/ros2_ws/install/robot_localization/lib/robot_localization/test_ros_robot_localization_listener
[1.615s] -- Up-to-date symlink: /home/floks/ros2_ws/install/robot_localization/lib/robot_localization/test_ros_robot_localization_listener_publisher
[1.616s] -- Up-to-date symlink: /home/floks/ros2_ws/install/robot_localization/lib/robot_localization/navsat_transform_node
[1.616s] -- Up-to-date symlink: /home/floks/ros2_ws/install/robot_localization/lib/robot_localization/ekf_node
[1.616s] -- Up-to-date symlink: /home/floks/ros2_ws/install/robot_localization/lib/robot_localization/ukf_node
[1.617s] -- Up-to-date symlink: /home/floks/ros2_ws/install/robot_localization/lib/robot_localization/robot_localization_listener_node
[1.617s] -- Up-to-date symlink: /home/floks/ros2_ws/install/robot_localization/lib/librl_lib.so
[1.618s] -- Up-to-date symlink: /home/floks/ros2_ws/install/robot_localization/share/ament_index/resource_index/package_run_dependencies/robot_localization
[1.618s] -- Up-to-date symlink: /home/floks/ros2_ws/install/robot_localization/share/ament_index/resource_index/parent_prefix_path/robot_localization
[1.618s] -- Up-to-date symlink: /home/floks/ros2_ws/install/robot_localization/share/robot_localization/environment/ament_prefix_path.sh
[1.619s] -- Up-to-date symlink: /home/floks/ros2_ws/install/robot_localization/share/robot_localization/environment/ament_prefix_path.dsv
[1.619s] -- Up-to-date symlink: /home/floks/ros2_ws/install/robot_localization/share/robot_localization/environment/path.sh
[1.619s] -- Up-to-date symlink: /home/floks/ros2_ws/install/robot_localization/share/robot_localization/environment/path.dsv
[1.620s] -- Up-to-date symlink: /home/floks/ros2_ws/install/robot_localization/share/robot_localization/local_setup.bash
[1.620s] -- Up-to-date symlink: /home/floks/ros2_ws/install/robot_localization/share/robot_localization/local_setup.sh
[1.620s] -- Up-to-date symlink: /home/floks/ros2_ws/install/robot_localization/share/robot_localization/local_setup.zsh
[1.620s] -- Up-to-date symlink: /home/floks/ros2_ws/install/robot_localization/share/robot_localization/local_setup.dsv
[1.621s] -- Symlinking: /home/floks/ros2_ws/install/robot_localization/share/robot_localization/package.dsv
[1.633s] -- Up-to-date symlink: /home/floks/ros2_ws/install/robot_localization/share/ament_index/resource_index/packages/robot_localization
[1.633s] -- Up-to-date symlink: /home/floks/ros2_ws/install/robot_localization/share/robot_localization/cmake/rosidl_cmake-extras.cmake
[1.634s] -- Up-to-date symlink: /home/floks/ros2_ws/install/robot_localization/share/robot_localization/cmake/ament_cmake_export_dependencies-extras.cmake
[1.634s] -- Up-to-date symlink: /home/floks/ros2_ws/install/robot_localization/share/robot_localization/cmake/ament_cmake_export_include_directories-extras.cmake
[1.634s] -- Up-to-date symlink: /home/floks/ros2_ws/install/robot_localization/share/robot_localization/cmake/ament_cmake_export_libraries-extras.cmake
[1.634s] -- Up-to-date symlink: /home/floks/ros2_ws/install/robot_localization/share/robot_localization/cmake/ament_cmake_export_targets-extras.cmake
[1.635s] -- Up-to-date symlink: /home/floks/ros2_ws/install/robot_localization/share/robot_localization/cmake/rosidl_cmake_export_typesupport_targets-extras.cmake
[1.635s] -- Up-to-date symlink: /home/floks/ros2_ws/install/robot_localization/share/robot_localization/cmake/rosidl_cmake_export_typesupport_libraries-extras.cmake
[1.635s] -- Up-to-date symlink: /home/floks/ros2_ws/install/robot_localization/share/robot_localization/cmake/robot_localizationConfig.cmake
[1.635s] -- Up-to-date symlink: /home/floks/ros2_ws/install/robot_localization/share/robot_localization/cmake/robot_localizationConfig-version.cmake
[1.636s] -- Up-to-date symlink: /home/floks/ros2_ws/install/robot_localization/share/robot_localization/package.xml
[1.636s] -- Up-to-date: /home/floks/ros2_ws/install/robot_localization/lib/librobot_localization__rosidl_generator_c.so
[1.637s] -- Up-to-date: /home/floks/ros2_ws/install/robot_localization/lib/librobot_localization__rosidl_typesupport_fastrtps_c.so
[1.638s] -- Up-to-date: /home/floks/ros2_ws/install/robot_localization/lib/librobot_localization__rosidl_typesupport_fastrtps_cpp.so
[1.638s] -- Up-to-date: /home/floks/ros2_ws/install/robot_localization/lib/librobot_localization__rosidl_typesupport_introspection_c.so
[1.639s] -- Up-to-date: /home/floks/ros2_ws/install/robot_localization/lib/librobot_localization__rosidl_typesupport_c.so
[1.639s] -- Up-to-date: /home/floks/ros2_ws/install/robot_localization/lib/librobot_localization__rosidl_typesupport_introspection_cpp.so
[1.640s] -- Up-to-date: /home/floks/ros2_ws/install/robot_localization/lib/librobot_localization__rosidl_typesupport_cpp.so
[1.686s] Listing '/home/floks/ros2_ws/install/robot_localization/local/lib/python3.10/dist-packages/robot_localization'...
[1.687s] Listing '/home/floks/ros2_ws/install/robot_localization/local/lib/python3.10/dist-packages/robot_localization/srv'...
[1.692s] -- Up-to-date: /home/floks/ros2_ws/install/robot_localization/lib/librobot_localization__rosidl_generator_py.so
[1.694s] -- Up-to-date: /home/floks/ros2_ws/install/robot_localization/share/robot_localization/test
[1.694s] -- Up-to-date: /home/floks/ros2_ws/install/robot_localization/share/robot_localization/test/test_ekf_localization_node_bag2.sh
[1.695s] -- Up-to-date: /home/floks/ros2_ws/install/robot_localization/share/robot_localization/test/test_ekf_localization_node_interfaces.cpp
[1.695s] -- Up-to-date: /home/floks/ros2_ws/install/robot_localization/share/robot_localization/test/test_ekf_localization_node_interfaces.launch.py
[1.695s] -- Up-to-date: /home/floks/ros2_ws/install/robot_localization/share/robot_localization/test/test_filter_base_diagnostics_timestamps.cpp
[1.695s] -- Up-to-date: /home/floks/ros2_ws/install/robot_localization/share/robot_localization/test/test_robot_localization_estimator.launch.py
[1.696s] -- Up-to-date: /home/floks/ros2_ws/install/robot_localization/share/robot_localization/test/test_ekf_localization_node_bag3.yaml
[1.696s] -- Up-to-date: /home/floks/ros2_ws/install/robot_localization/share/robot_localization/test/test_filter_base_diagnostics_timestamps.yaml
[1.696s] -- Up-to-date: /home/floks/ros2_ws/install/robot_localization/share/robot_localization/test/test_ukf_localization_node_bag3.sh
[1.697s] -- Up-to-date: /home/floks/ros2_ws/install/robot_localization/share/robot_localization/test/test_ekf_localization_node_bag2.launch.py
[1.697s] -- Up-to-date: /home/floks/ros2_ws/install/robot_localization/share/robot_localization/test/test_robot_localization_estimator.cpp
[1.697s] -- Up-to-date: /home/floks/ros2_ws/install/robot_localization/share/robot_localization/test/test_ukf_localization_node_bag1.sh
[1.697s] -- Up-to-date: /home/floks/ros2_ws/install/robot_localization/share/robot_localization/test/test_navsat_conversions.cpp
[1.697s] -- Up-to-date: /home/floks/ros2_ws/install/robot_localization/share/robot_localization/test/test_filter_base_diagnostics_timestamps.launch.py
[1.698s] -- Up-to-date: /home/floks/ros2_ws/install/robot_localization/share/robot_localization/test/test_ros_robot_localization_listener.yaml
[1.698s] -- Up-to-date: /home/floks/ros2_ws/install/robot_localization/share/robot_localization/test/test_ukf_localization_node_bag1.yaml
[1.698s] -- Up-to-date: /home/floks/ros2_ws/install/robot_localization/share/robot_localization/test/test_ukf_localization_node_bag2.yaml
[1.698s] -- Up-to-date: /home/floks/ros2_ws/install/robot_localization/share/robot_localization/test/test_ekf.cpp
[1.698s] -- Up-to-date: /home/floks/ros2_ws/install/robot_localization/share/robot_localization/test/test2.bag
[1.699s] -- Up-to-date: /home/floks/ros2_ws/install/robot_localization/share/robot_localization/test/test_ekf_localization_node_bag3.launch.py
[1.699s] -- Up-to-date: /home/floks/ros2_ws/install/robot_localization/share/robot_localization/test/test_ukf_localization_node_interfaces.cpp
[1.699s] -- Up-to-date: /home/floks/ros2_ws/install/robot_localization/share/robot_localization/test/test_ukf_localization_node_interfaces.yaml
[1.699s] -- Up-to-date: /home/floks/ros2_ws/install/robot_localization/share/robot_localization/test/test_ekf_localization_node_bag1.yaml
[1.699s] -- Up-to-date: /home/floks/ros2_ws/install/robot_localization/share/robot_localization/test/test_ros_robot_localization_listener_publisher.cpp
[1.699s] -- Up-to-date: /home/floks/ros2_ws/install/robot_localization/share/robot_localization/test/test_ukf.cpp
[1.699s] -- Up-to-date: /home/floks/ros2_ws/install/robot_localization/share/robot_localization/test/test_ekf_localization_node_bag2.yaml
[1.700s] -- Up-to-date: /home/floks/ros2_ws/install/robot_localization/share/robot_localization/test/test_ros_robot_localization_listener.cpp
[1.700s] -- Up-to-date: /home/floks/ros2_ws/install/robot_localization/share/robot_localization/test/test_ukf_localization_node_bag2.launch.py
[1.700s] -- Up-to-date: /home/floks/ros2_ws/install/robot_localization/share/robot_localization/test/test1.bag
[1.700s] -- Up-to-date: /home/floks/ros2_ws/install/robot_localization/share/robot_localization/test/test_filter_base.cpp
[1.700s] -- Up-to-date: /home/floks/ros2_ws/install/robot_localization/share/robot_localization/test/test_ekf_localization_node_bag3.sh
[1.700s] -- Up-to-date: /home/floks/ros2_ws/install/robot_localization/share/robot_localization/test/test_ukf_localization_node_bag3.yaml
[1.700s] -- Up-to-date: /home/floks/ros2_ws/install/robot_localization/share/robot_localization/test/test_ukf_localization_node_bag3.launch.py
[1.701s] -- Up-to-date: /home/floks/ros2_ws/install/robot_localization/share/robot_localization/test/test_ukf_localization_node_bag1.launch.py
[1.701s] -- Up-to-date: /home/floks/ros2_ws/install/robot_localization/share/robot_localization/test/test3.bag
[1.701s] -- Up-to-date: /home/floks/ros2_ws/install/robot_localization/share/robot_localization/test/test_ekf_localization_node_bag1.launch.py
[1.701s] -- Up-to-date: /home/floks/ros2_ws/install/robot_localization/share/robot_localization/test/test_ros_robot_localization_listener.launch.py
[1.701s] -- Up-to-date: /home/floks/ros2_ws/install/robot_localization/share/robot_localization/test/test_ekf_localization_node_bag1.sh
[1.702s] -- Up-to-date: /home/floks/ros2_ws/install/robot_localization/share/robot_localization/test/test_localization_node_bag_pose_tester.cpp
[1.702s] -- Up-to-date: /home/floks/ros2_ws/install/robot_localization/share/robot_localization/test/test_ekf_localization_node_interfaces.yaml
[1.702s] -- Up-to-date: /home/floks/ros2_ws/install/robot_localization/share/robot_localization/test/test_ukf_localization_node_interfaces.launch.py
[1.703s] -- Up-to-date: /home/floks/ros2_ws/install/robot_localization/share/robot_localization/test/test_ukf_localization_node_bag2.sh
[1.704s] -- Up-to-date: /home/floks/ros2_ws/install/robot_localization/include/robot_localization
[1.704s] -- Up-to-date: /home/floks/ros2_ws/install/robot_localization/include/robot_localization/robot_localization
[1.704s] -- Up-to-date: /home/floks/ros2_ws/install/robot_localization/include/robot_localization/robot_localization/filter_common.hpp
[1.705s] -- Up-to-date: /home/floks/ros2_ws/install/robot_localization/include/robot_localization/robot_localization/ros_filter_utilities.hpp
[1.705s] -- Up-to-date: /home/floks/ros2_ws/install/robot_localization/include/robot_localization/robot_localization/navsat_transform.hpp
[1.705s] -- Up-to-date: /home/floks/ros2_ws/install/robot_localization/include/robot_localization/robot_localization/measurement.hpp
[1.705s] -- Up-to-date: /home/floks/ros2_ws/install/robot_localization/include/robot_localization/robot_localization/ros_robot_localization_listener.hpp
[1.706s] -- Up-to-date: /home/floks/ros2_ws/install/robot_localization/include/robot_localization/robot_localization/filter_state.hpp
[1.706s] -- Up-to-date: /home/floks/ros2_ws/install/robot_localization/include/robot_localization/robot_localization/ros_filter.hpp
[1.707s] -- Up-to-date: /home/floks/ros2_ws/install/robot_localization/include/robot_localization/robot_localization/ukf.hpp
[1.707s] -- Up-to-date: /home/floks/ros2_ws/install/robot_localization/include/robot_localization/robot_localization/filter_utilities.hpp
[1.707s] -- Up-to-date: /home/floks/ros2_ws/install/robot_localization/include/robot_localization/robot_localization/navsat_conversions.hpp
[1.708s] -- Up-to-date: /home/floks/ros2_ws/install/robot_localization/include/robot_localization/robot_localization/ros_filter_types.hpp
[1.708s] -- Up-to-date: /home/floks/ros2_ws/install/robot_localization/include/robot_localization/robot_localization/filter_base.hpp
[1.708s] -- Up-to-date: /home/floks/ros2_ws/install/robot_localization/include/robot_localization/robot_localization/ekf.hpp
[1.709s] -- Up-to-date: /home/floks/ros2_ws/install/robot_localization/include/robot_localization/robot_localization/robot_localization_estimator.hpp
[1.709s] -- Up-to-date: /home/floks/ros2_ws/install/robot_localization/share/robot_localization/params
[1.709s] -- Up-to-date: /home/floks/ros2_ws/install/robot_localization/share/robot_localization/params/ekf.yaml
[1.710s] -- Up-to-date: /home/floks/ros2_ws/install/robot_localization/share/robot_localization/params/ukf.yaml
[1.710s] -- Up-to-date: /home/floks/ros2_ws/install/robot_localization/share/robot_localization/params/navsat_transform.yaml
[1.710s] -- Up-to-date: /home/floks/ros2_ws/install/robot_localization/share/robot_localization/params/dual_ekf_navsat_example.yaml
[1.710s] -- Up-to-date: /home/floks/ros2_ws/install/robot_localization/share/robot_localization/launch
[1.711s] -- Up-to-date: /home/floks/ros2_ws/install/robot_localization/share/robot_localization/launch/dual_ekf_navsat_example.launch.py
[1.711s] -- Up-to-date: /home/floks/ros2_ws/install/robot_localization/share/robot_localization/launch/navsat_transform.launch.py
[1.711s] -- Up-to-date: /home/floks/ros2_ws/install/robot_localization/share/robot_localization/launch/ekf.launch.py
[1.712s] -- Up-to-date: /home/floks/ros2_ws/install/robot_localization/share/robot_localization/launch/ukf.launch.py
[1.712s] -- Up-to-date: /home/floks/ros2_ws/install/robot_localization/share/robot_localization/cmake/export_robot_localization__rosidl_generator_cExport.cmake
[1.712s] -- Up-to-date: /home/floks/ros2_ws/install/robot_localization/share/robot_localization/cmake/export_robot_localization__rosidl_generator_cExport-release.cmake
[1.713s] -- Up-to-date: /home/floks/ros2_ws/install/robot_localization/share/robot_localization/cmake/export_robot_localization__rosidl_typesupport_fastrtps_cExport.cmake
[1.713s] -- Up-to-date: /home/floks/ros2_ws/install/robot_localization/share/robot_localization/cmake/export_robot_localization__rosidl_typesupport_fastrtps_cExport-release.cmake
[1.714s] -- Up-to-date: /home/floks/ros2_ws/install/robot_localization/share/robot_localization/cmake/export_robot_localization__rosidl_generator_cppExport.cmake
[1.714s] -- Up-to-date: /home/floks/ros2_ws/install/robot_localization/share/robot_localization/cmake/export_robot_localization__rosidl_typesupport_fastrtps_cppExport.cmake
[1.714s] -- Up-to-date: /home/floks/ros2_ws/install/robot_localization/share/robot_localization/cmake/export_robot_localization__rosidl_typesupport_fastrtps_cppExport-release.cmake
[1.715s] -- Up-to-date: /home/floks/ros2_ws/install/robot_localization/share/robot_localization/cmake/robot_localization__rosidl_typesupport_introspection_cExport.cmake
[1.715s] -- Up-to-date: /home/floks/ros2_ws/install/robot_localization/share/robot_localization/cmake/robot_localization__rosidl_typesupport_introspection_cExport-release.cmake
[1.715s] -- Up-to-date: /home/floks/ros2_ws/install/robot_localization/share/robot_localization/cmake/robot_localization__rosidl_typesupport_cExport.cmake
[1.716s] -- Up-to-date: /home/floks/ros2_ws/install/robot_localization/share/robot_localization/cmake/robot_localization__rosidl_typesupport_cExport-release.cmake
[1.716s] -- Up-to-date: /home/floks/ros2_ws/install/robot_localization/share/robot_localization/cmake/robot_localization__rosidl_typesupport_introspection_cppExport.cmake
[1.716s] -- Up-to-date: /home/floks/ros2_ws/install/robot_localization/share/robot_localization/cmake/robot_localization__rosidl_typesupport_introspection_cppExport-release.cmake
[1.716s] -- Up-to-date: /home/floks/ros2_ws/install/robot_localization/share/robot_localization/cmake/robot_localization__rosidl_typesupport_cppExport.cmake
[1.717s] -- Up-to-date: /home/floks/ros2_ws/install/robot_localization/share/robot_localization/cmake/robot_localization__rosidl_typesupport_cppExport-release.cmake
[1.717s] -- Up-to-date: /home/floks/ros2_ws/install/robot_localization/share/robot_localization/cmake/export_robot_localization__rosidl_generator_pyExport.cmake
[1.717s] -- Up-to-date: /home/floks/ros2_ws/install/robot_localization/share/robot_localization/cmake/export_robot_localization__rosidl_generator_pyExport-release.cmake
[1.718s] Invoked command in '/home/floks/ros2_ws/build/robot_localization' returned '0': CMAKE_PREFIX_PATH=/opt/ros/humble /usr/bin/cmake --install /home/floks/ros2_ws/build/robot_localization
