[0.100s] Invoking command in '/home/floks/ros2_ws/build/zed_ros2': AMENT_PREFIX_PATH=/home/floks/ros2_ws/install/zed_wrapper:/home/floks/ros2_ws/install/zed_components:/home/floks/ros2_ws/install/zed_interfaces:/home/floks/ros2_ws/install/robot_localization:${AMENT_PREFIX_PATH} CMAKE_PREFIX_PATH=/home/floks/ros2_ws/install/zed_wrapper:/home/floks/ros2_ws/install/zed_components:/home/floks/ros2_ws/install/zed_interfaces:/home/floks/ros2_ws/install/robot_localization:/home/floks/zed:/opt/ros/humble LD_LIBRARY_PATH=/home/floks/ros2_ws/install/zed_components/lib:/home/floks/ros2_ws/install/zed_interfaces/lib:/home/floks/ros2_ws/install/robot_localization/lib:${LD_LIBRARY_PATH} PYTHONPATH=/home/floks/ros2_ws/install/zed_interfaces/local/lib/python3.10/dist-packages:/home/floks/ros2_ws/install/robot_localization/local/lib/python3.10/dist-packages:${PYTHONPATH} /usr/bin/cmake /home/floks/ros2_ws/src/zed-ros2-wrapper/zed_ros2 -DCMAKE_BUILD_TYPE=Release -DAMENT_CMAKE_SYMLINK_INSTALL=1 -DCMAKE_INSTALL_PREFIX=/home/floks/ros2_ws/install/zed_ros2
[0.127s] -- Found ament_cmake_auto: 1.3.6 (/opt/ros/humble/share/ament_cmake_auto/cmake)
[0.363s] -- Found Python3: /usr/bin/python3.10 (found version "3.10.12") found components: Interpreter 
[0.436s] -- Override CMake install command with custom implementation using symlinks instead of copying resources
[0.543s] -- Found ament_lint_auto: 0.12.9 (/opt/ros/humble/share/ament_lint_auto/cmake)
[0.561s] -- Added test 'copyright' to check source files copyright and LICENSE
[0.562s] -- Added test 'lint_cmake' to check CMake code style
[0.563s] -- Added test 'xmllint' to check XML markup files
[0.565s] -- Configuring done
[0.568s] -- Generating done
[0.569s] -- Build files have been written to: /home/floks/ros2_ws/build/zed_ros2
[0.574s] Invoked command in '/home/floks/ros2_ws/build/zed_ros2' returned '0': AMENT_PREFIX_PATH=/home/floks/ros2_ws/install/zed_wrapper:/home/floks/ros2_ws/install/zed_components:/home/floks/ros2_ws/install/zed_interfaces:/home/floks/ros2_ws/install/robot_localization:${AMENT_PREFIX_PATH} CMAKE_PREFIX_PATH=/home/floks/ros2_ws/install/zed_wrapper:/home/floks/ros2_ws/install/zed_components:/home/floks/ros2_ws/install/zed_interfaces:/home/floks/ros2_ws/install/robot_localization:/home/floks/zed:/opt/ros/humble LD_LIBRARY_PATH=/home/floks/ros2_ws/install/zed_components/lib:/home/floks/ros2_ws/install/zed_interfaces/lib:/home/floks/ros2_ws/install/robot_localization/lib:${LD_LIBRARY_PATH} PYTHONPATH=/home/floks/ros2_ws/install/zed_interfaces/local/lib/python3.10/dist-packages:/home/floks/ros2_ws/install/robot_localization/local/lib/python3.10/dist-packages:${PYTHONPATH} /usr/bin/cmake /home/floks/ros2_ws/src/zed-ros2-wrapper/zed_ros2 -DCMAKE_BUILD_TYPE=Release -DAMENT_CMAKE_SYMLINK_INSTALL=1 -DCMAKE_INSTALL_PREFIX=/home/floks/ros2_ws/install/zed_ros2
[0.575s] Invoking command in '/home/floks/ros2_ws/build/zed_ros2': AMENT_PREFIX_PATH=/home/floks/ros2_ws/install/zed_wrapper:/home/floks/ros2_ws/install/zed_components:/home/floks/ros2_ws/install/zed_interfaces:/home/floks/ros2_ws/install/robot_localization:${AMENT_PREFIX_PATH} CMAKE_PREFIX_PATH=/home/floks/ros2_ws/install/zed_wrapper:/home/floks/ros2_ws/install/zed_components:/home/floks/ros2_ws/install/zed_interfaces:/home/floks/ros2_ws/install/robot_localization:/home/floks/zed:/opt/ros/humble LD_LIBRARY_PATH=/home/floks/ros2_ws/install/zed_components/lib:/home/floks/ros2_ws/install/zed_interfaces/lib:/home/floks/ros2_ws/install/robot_localization/lib:${LD_LIBRARY_PATH} PYTHONPATH=/home/floks/ros2_ws/install/zed_interfaces/local/lib/python3.10/dist-packages:/home/floks/ros2_ws/install/robot_localization/local/lib/python3.10/dist-packages:${PYTHONPATH} /usr/bin/cmake --build /home/floks/ros2_ws/build/zed_ros2 -- -j8 -l8
[0.627s] Invoked command in '/home/floks/ros2_ws/build/zed_ros2' returned '0': AMENT_PREFIX_PATH=/home/floks/ros2_ws/install/zed_wrapper:/home/floks/ros2_ws/install/zed_components:/home/floks/ros2_ws/install/zed_interfaces:/home/floks/ros2_ws/install/robot_localization:${AMENT_PREFIX_PATH} CMAKE_PREFIX_PATH=/home/floks/ros2_ws/install/zed_wrapper:/home/floks/ros2_ws/install/zed_components:/home/floks/ros2_ws/install/zed_interfaces:/home/floks/ros2_ws/install/robot_localization:/home/floks/zed:/opt/ros/humble LD_LIBRARY_PATH=/home/floks/ros2_ws/install/zed_components/lib:/home/floks/ros2_ws/install/zed_interfaces/lib:/home/floks/ros2_ws/install/robot_localization/lib:${LD_LIBRARY_PATH} PYTHONPATH=/home/floks/ros2_ws/install/zed_interfaces/local/lib/python3.10/dist-packages:/home/floks/ros2_ws/install/robot_localization/local/lib/python3.10/dist-packages:${PYTHONPATH} /usr/bin/cmake --build /home/floks/ros2_ws/build/zed_ros2 -- -j8 -l8
[0.658s] Invoking command in '/home/floks/ros2_ws/build/zed_ros2': AMENT_PREFIX_PATH=/home/floks/ros2_ws/install/zed_wrapper:/home/floks/ros2_ws/install/zed_components:/home/floks/ros2_ws/install/zed_interfaces:/home/floks/ros2_ws/install/robot_localization:${AMENT_PREFIX_PATH} CMAKE_PREFIX_PATH=/home/floks/ros2_ws/install/zed_wrapper:/home/floks/ros2_ws/install/zed_components:/home/floks/ros2_ws/install/zed_interfaces:/home/floks/ros2_ws/install/robot_localization:/home/floks/zed:/opt/ros/humble LD_LIBRARY_PATH=/home/floks/ros2_ws/install/zed_components/lib:/home/floks/ros2_ws/install/zed_interfaces/lib:/home/floks/ros2_ws/install/robot_localization/lib:${LD_LIBRARY_PATH} PYTHONPATH=/home/floks/ros2_ws/install/zed_interfaces/local/lib/python3.10/dist-packages:/home/floks/ros2_ws/install/robot_localization/local/lib/python3.10/dist-packages:${PYTHONPATH} /usr/bin/cmake --install /home/floks/ros2_ws/build/zed_ros2
[0.669s] -- Install configuration: "Release"
[0.670s] -- Execute custom install script
[0.670s] -- Symlinking: /home/floks/ros2_ws/install/zed_ros2/share/ament_index/resource_index/package_run_dependencies/zed_ros2
[0.684s] -- Symlinking: /home/floks/ros2_ws/install/zed_ros2/share/ament_index/resource_index/parent_prefix_path/zed_ros2
[0.698s] -- Symlinking: /home/floks/ros2_ws/install/zed_ros2/share/zed_ros2/environment/ament_prefix_path.sh
[0.711s] -- Symlinking: /home/floks/ros2_ws/install/zed_ros2/share/zed_ros2/environment/ament_prefix_path.dsv
[0.724s] -- Symlinking: /home/floks/ros2_ws/install/zed_ros2/share/zed_ros2/environment/path.sh
[0.736s] -- Symlinking: /home/floks/ros2_ws/install/zed_ros2/share/zed_ros2/environment/path.dsv
[0.747s] -- Symlinking: /home/floks/ros2_ws/install/zed_ros2/share/zed_ros2/local_setup.bash
[0.759s] -- Symlinking: /home/floks/ros2_ws/install/zed_ros2/share/zed_ros2/local_setup.sh
[0.771s] -- Symlinking: /home/floks/ros2_ws/install/zed_ros2/share/zed_ros2/local_setup.zsh
[0.783s] -- Symlinking: /home/floks/ros2_ws/install/zed_ros2/share/zed_ros2/local_setup.dsv
[0.796s] -- Symlinking: /home/floks/ros2_ws/install/zed_ros2/share/zed_ros2/package.dsv
[0.810s] -- Symlinking: /home/floks/ros2_ws/install/zed_ros2/share/ament_index/resource_index/packages/zed_ros2
[0.823s] -- Symlinking: /home/floks/ros2_ws/install/zed_ros2/share/zed_ros2/cmake/zed_ros2Config.cmake
[0.835s] -- Symlinking: /home/floks/ros2_ws/install/zed_ros2/share/zed_ros2/cmake/zed_ros2Config-version.cmake
[0.847s] -- Symlinking: /home/floks/ros2_ws/install/zed_ros2/share/zed_ros2/package.xml
[0.862s] Invoked command in '/home/floks/ros2_ws/build/zed_ros2' returned '0': AMENT_PREFIX_PATH=/home/floks/ros2_ws/install/zed_wrapper:/home/floks/ros2_ws/install/zed_components:/home/floks/ros2_ws/install/zed_interfaces:/home/floks/ros2_ws/install/robot_localization:${AMENT_PREFIX_PATH} CMAKE_PREFIX_PATH=/home/floks/ros2_ws/install/zed_wrapper:/home/floks/ros2_ws/install/zed_components:/home/floks/ros2_ws/install/zed_interfaces:/home/floks/ros2_ws/install/robot_localization:/home/floks/zed:/opt/ros/humble LD_LIBRARY_PATH=/home/floks/ros2_ws/install/zed_components/lib:/home/floks/ros2_ws/install/zed_interfaces/lib:/home/floks/ros2_ws/install/robot_localization/lib:${LD_LIBRARY_PATH} PYTHONPATH=/home/floks/ros2_ws/install/zed_interfaces/local/lib/python3.10/dist-packages:/home/floks/ros2_ws/install/robot_localization/local/lib/python3.10/dist-packages:${PYTHONPATH} /usr/bin/cmake --install /home/floks/ros2_ws/build/zed_ros2
