-- The C compiler identification is GNU 11.4.0
-- The CXX compiler identification is GNU 11.4.0
-- Detecting C compiler ABI info
-- Detecting C compiler ABI info - done
-- Check for working C compiler: /usr/bin/cc - skipped
-- Detecting C compile features
-- Detecting C compile features - done
-- Detecting CXX compiler ABI info
-- Detecting CXX compiler ABI info - done
-- Check for working CXX compiler: /usr/bin/c++ - skipped
-- Detecting CXX compile features
-- Detecting CXX compile features - done
-- Looking for sgemm_
-- Looking for sgemm_ - not found
-- Looking for pthread.h
-- Looking for pthread.h - found
-- Performing Test CMAKE_HAVE_LIBC_PTHREAD
-- Performing Test CMAKE_HAVE_LIBC_PTHREAD - Success
-- Found Threads: TRUE  
-- Looking for sgemm_
-- Looking for sgemm_ - found
-- Found BLAS: /usr/lib/x86_64-linux-gnu/libopenblas.so  
-- Found CUDA: /usr/local/cuda (found suitable version "12.3", minimum required is "12") 
-- Found CUDA: /usr/local/cuda (found version "12.3") 
-- Found ament_cmake_auto: 1.3.6 (/opt/ros/humble/share/ament_cmake_auto/cmake)
-- Found Python3: /usr/bin/python3.10 (found version "3.10.12") found components: Interpreter 
-- Override CMake install command with custom implementation using symlinks instead of copying resources
-- Found rosidl_generator_c: 3.1.5 (/opt/ros/humble/share/rosidl_generator_c/cmake)
-- Found rosidl_adapter: 3.1.5 (/opt/ros/humble/share/rosidl_adapter/cmake)
-- Found rosidl_generator_cpp: 3.1.5 (/opt/ros/humble/share/rosidl_generator_cpp/cmake)
-- Using all available rosidl_typesupport_c: rosidl_typesupport_fastrtps_c;rosidl_typesupport_introspection_c
-- Using all available rosidl_typesupport_cpp: rosidl_typesupport_fastrtps_cpp;rosidl_typesupport_introspection_cpp
-- Found rmw_implementation_cmake: 6.1.1 (/opt/ros/humble/share/rmw_implementation_cmake/cmake)
-- Found rmw_fastrtps_cpp: 6.2.5 (/opt/ros/humble/share/rmw_fastrtps_cpp/cmake)
-- Found OpenSSL: /usr/lib/x86_64-linux-gnu/libcrypto.so (found version "3.0.2")  
-- Found FastRTPS: /opt/ros/humble/include  
-- Using RMW implementation 'rmw_fastrtps_cpp' as default
-- Found eigen3_cmake_module: 0.1.1 (/opt/ros/humble/share/eigen3_cmake_module/cmake)
-- Found Eigen3: TRUE (found version "3.4.0") 
-- Ensuring Eigen3 include directory is part of orocos-kdl CMake target
-- Found ament_lint_auto: 0.12.9 (/opt/ros/humble/share/ament_lint_auto/cmake)
-- Added test 'copyright' to check source files copyright and LICENSE
-- Added test 'cppcheck' to perform static code analysis on C / C++ code
-- Configured cppcheck include dirs: /home/floks/ros2_ws/src/zed-ros2-wrapper/zed_wrapper/src
-- Configured cppcheck exclude dirs and/or files: 
-- Added test 'lint_cmake' to check CMake code style
-- Added test 'pep257' to check Python code against some of the docstring style conventions in PEP 257
-- Added test 'uncrustify' to check C / C++ code style
-- Configured uncrustify additional arguments: 
-- Added test 'xmllint' to check XML markup files
-- Configuring done
-- Generating done
-- Build files have been written to: /home/floks/ros2_ws/build/zed_wrapper
[ 50%] [32mBuilding CXX object CMakeFiles/zed_wrapper.dir/src/zed_wrapper.cpp.o[0m
In file included from [01m[K/home/floks/ros2_ws/install/zed_components/include/zed_components/zed_camera_component.hpp:19[m[K,
                 from [01m[K/home/floks/ros2_ws/src/zed-ros2-wrapper/zed_wrapper/src/zed_wrapper.cpp:17[m[K:
[01m[K/usr/local/zed/include/sl/Fusion.hpp:68:64:[m[K [01;36m[Knote: [m[K‘[01m[K#pragma message: ~ FUSION SDK is distributed in Early Access ~[m[K’
   68 | #pragma message("~ FUSION SDK is distributed in Early Access ~"[01;36m[K)[m[K
      |                                                                [01;36m[K^[m[K
[100%] [32m[1mLinking CXX executable zed_wrapper[0m
[100%] Built target zed_wrapper
-- Install configuration: "Release"
-- Execute custom install script
-- Symlinking: /home/floks/ros2_ws/install/zed_wrapper/lib/zed_wrapper/zed_wrapper
-- Symlinking: /home/floks/ros2_ws/install/zed_wrapper/share/zed_wrapper/config/common.yaml
-- Symlinking: /home/floks/ros2_ws/install/zed_wrapper/share/zed_wrapper/config/zed.yaml
-- Symlinking: /home/floks/ros2_ws/install/zed_wrapper/share/zed_wrapper/config/zed2.yaml
-- Symlinking: /home/floks/ros2_ws/install/zed_wrapper/share/zed_wrapper/config/zed2i.yaml
-- Symlinking: /home/floks/ros2_ws/install/zed_wrapper/share/zed_wrapper/config/zedm.yaml
-- Symlinking: /home/floks/ros2_ws/install/zed_wrapper/share/zed_wrapper/config/zedx.yaml
-- Symlinking: /home/floks/ros2_ws/install/zed_wrapper/share/zed_wrapper/config/zedxm.yaml
-- Symlinking: /home/floks/ros2_ws/install/zed_wrapper/share/zed_wrapper/urdf/include/materials.urdf.xacro
-- Symlinking: /home/floks/ros2_ws/install/zed_wrapper/share/zed_wrapper/urdf/zed_descr.urdf.xacro
-- Symlinking: /home/floks/ros2_ws/install/zed_wrapper/share/zed_wrapper/urdf/zed_macro.urdf.xacro
-- Symlinking: /home/floks/ros2_ws/install/zed_wrapper/share/zed_wrapper/launch/obsolete/zed.launch.py
-- Symlinking: /home/floks/ros2_ws/install/zed_wrapper/share/zed_wrapper/launch/obsolete/zed2.launch.py
-- Symlinking: /home/floks/ros2_ws/install/zed_wrapper/share/zed_wrapper/launch/obsolete/zed2i.launch.py
-- Symlinking: /home/floks/ros2_ws/install/zed_wrapper/share/zed_wrapper/launch/obsolete/zedm.launch.py
-- Symlinking: /home/floks/ros2_ws/install/zed_wrapper/share/zed_wrapper/launch/obsolete/zedx.launch.py
-- Symlinking: /home/floks/ros2_ws/install/zed_wrapper/share/zed_wrapper/launch/obsolete/zedxm.launch.py
-- Symlinking: /home/floks/ros2_ws/install/zed_wrapper/share/zed_wrapper/launch/zed_camera.launch.py
-- Symlinking: /home/floks/ros2_ws/install/zed_wrapper/share/ament_index/resource_index/package_run_dependencies/zed_wrapper
-- Symlinking: /home/floks/ros2_ws/install/zed_wrapper/share/ament_index/resource_index/parent_prefix_path/zed_wrapper
-- Symlinking: /home/floks/ros2_ws/install/zed_wrapper/share/zed_wrapper/environment/ament_prefix_path.sh
-- Symlinking: /home/floks/ros2_ws/install/zed_wrapper/share/zed_wrapper/environment/ament_prefix_path.dsv
-- Symlinking: /home/floks/ros2_ws/install/zed_wrapper/share/zed_wrapper/environment/path.sh
-- Symlinking: /home/floks/ros2_ws/install/zed_wrapper/share/zed_wrapper/environment/path.dsv
-- Symlinking: /home/floks/ros2_ws/install/zed_wrapper/share/zed_wrapper/local_setup.bash
-- Symlinking: /home/floks/ros2_ws/install/zed_wrapper/share/zed_wrapper/local_setup.sh
-- Symlinking: /home/floks/ros2_ws/install/zed_wrapper/share/zed_wrapper/local_setup.zsh
-- Symlinking: /home/floks/ros2_ws/install/zed_wrapper/share/zed_wrapper/local_setup.dsv
-- Symlinking: /home/floks/ros2_ws/install/zed_wrapper/share/zed_wrapper/package.dsv
-- Symlinking: /home/floks/ros2_ws/install/zed_wrapper/share/ament_index/resource_index/packages/zed_wrapper
-- Symlinking: /home/floks/ros2_ws/install/zed_wrapper/share/zed_wrapper/cmake/zed_wrapperConfig.cmake
-- Symlinking: /home/floks/ros2_ws/install/zed_wrapper/share/zed_wrapper/cmake/zed_wrapperConfig-version.cmake
-- Symlinking: /home/floks/ros2_ws/install/zed_wrapper/share/zed_wrapper/package.xml
