[0.086s] Invoking command in '/home/floks/ros2_ws/build/zed_wrapper': AMENT_PREFIX_PATH=/home/floks/ros2_ws/install/zed_components:/home/floks/ros2_ws/install/zed_interfaces:/home/floks/ros2_ws/install/robot_localization:${AMENT_PREFIX_PATH} CMAKE_PREFIX_PATH=/home/floks/ros2_ws/install/zed_components:/home/floks/ros2_ws/install/zed_interfaces:/home/floks/ros2_ws/install/robot_localization:/home/floks/zed:/opt/ros/humble LD_LIBRARY_PATH=/home/floks/ros2_ws/install/zed_components/lib:/home/floks/ros2_ws/install/zed_interfaces/lib:/home/floks/ros2_ws/install/robot_localization/lib:${LD_LIBRARY_PATH} PYTHONPATH=/home/floks/ros2_ws/install/zed_interfaces/local/lib/python3.10/dist-packages:/home/floks/ros2_ws/install/robot_localization/local/lib/python3.10/dist-packages:${PYTHONPATH} /usr/bin/cmake /home/floks/ros2_ws/src/zed-ros2-wrapper/zed_wrapper -DCMAKE_BUILD_TYPE=Release -DAMENT_CMAKE_SYMLINK_INSTALL=1 -DCMAKE_INSTALL_PREFIX=/home/floks/ros2_ws/install/zed_wrapper
[0.157s] -- The C compiler identification is GNU 11.4.0
[0.226s] -- The CXX compiler identification is GNU 11.4.0
[0.235s] -- Detecting C compiler ABI info
[0.324s] -- Detecting C compiler ABI info - done
[0.335s] -- Check for working C compiler: /usr/bin/cc - skipped
[0.335s] -- Detecting C compile features
[0.336s] -- Detecting C compile features - done
[0.340s] -- Detecting CXX compiler ABI info
[0.438s] -- Detecting CXX compiler ABI info - done
[0.447s] -- Check for working CXX compiler: /usr/bin/c++ - skipped
[0.447s] -- Detecting CXX compile features
[0.448s] -- Detecting CXX compile features - done
[0.453s] -- Looking for sgemm_
[0.538s] -- Looking for sgemm_ - not found
[0.540s] -- Looking for pthread.h
[0.631s] -- Looking for pthread.h - found
[0.631s] -- Performing Test CMAKE_HAVE_LIBC_PTHREAD
[0.722s] -- Performing Test CMAKE_HAVE_LIBC_PTHREAD - Success
[0.723s] -- Found Threads: TRUE  
[0.757s] -- Looking for sgemm_
[0.888s] -- Looking for sgemm_ - found
[0.889s] -- Found BLAS: /usr/lib/x86_64-linux-gnu/libopenblas.so  
[0.922s] -- Found CUDA: /usr/local/cuda (found suitable version "12.3", minimum required is "12") 
[0.987s] -- Found CUDA: /usr/local/cuda (found version "12.3") 
[0.989s] -- Found ament_cmake_auto: 1.3.6 (/opt/ros/humble/share/ament_cmake_auto/cmake)
[1.198s] -- Found Python3: /usr/bin/python3.10 (found version "3.10.12") found components: Interpreter 
[1.271s] -- Override CMake install command with custom implementation using symlinks instead of copying resources
[1.425s] -- Found rosidl_generator_c: 3.1.5 (/opt/ros/humble/share/rosidl_generator_c/cmake)
[1.432s] -- Found rosidl_adapter: 3.1.5 (/opt/ros/humble/share/rosidl_adapter/cmake)
[1.442s] -- Found rosidl_generator_cpp: 3.1.5 (/opt/ros/humble/share/rosidl_generator_cpp/cmake)
[1.457s] -- Using all available rosidl_typesupport_c: rosidl_typesupport_fastrtps_c;rosidl_typesupport_introspection_c
[1.480s] -- Using all available rosidl_typesupport_cpp: rosidl_typesupport_fastrtps_cpp;rosidl_typesupport_introspection_cpp
[1.563s] -- Found rmw_implementation_cmake: 6.1.1 (/opt/ros/humble/share/rmw_implementation_cmake/cmake)
[1.566s] -- Found rmw_fastrtps_cpp: 6.2.5 (/opt/ros/humble/share/rmw_fastrtps_cpp/cmake)
[1.677s] -- Found OpenSSL: /usr/lib/x86_64-linux-gnu/libcrypto.so (found version "3.0.2")  
[1.704s] -- Found FastRTPS: /opt/ros/humble/include  
[1.762s] -- Using RMW implementation 'rmw_fastrtps_cpp' as default
[2.575s] -- Found eigen3_cmake_module: 0.1.1 (/opt/ros/humble/share/eigen3_cmake_module/cmake)
[2.576s] -- Found Eigen3: TRUE (found version "3.4.0") 
[2.576s] -- Ensuring Eigen3 include directory is part of orocos-kdl CMake target
[3.664s] -- Found ament_lint_auto: 0.12.9 (/opt/ros/humble/share/ament_lint_auto/cmake)
[4.400s] -- Added test 'copyright' to check source files copyright and LICENSE
[4.402s] -- Added test 'cppcheck' to perform static code analysis on C / C++ code
[4.402s] -- Configured cppcheck include dirs: /home/floks/ros2_ws/src/zed-ros2-wrapper/zed_wrapper/src
[4.402s] -- Configured cppcheck exclude dirs and/or files: 
[4.403s] -- Added test 'lint_cmake' to check CMake code style
[4.404s] -- Added test 'pep257' to check Python code against some of the docstring style conventions in PEP 257
[4.405s] -- Added test 'uncrustify' to check C / C++ code style
[4.405s] -- Configured uncrustify additional arguments: 
[4.406s] -- Added test 'xmllint' to check XML markup files
[4.407s] -- Configuring done
[4.492s] -- Generating done
[4.494s] -- Build files have been written to: /home/floks/ros2_ws/build/zed_wrapper
[4.508s] Invoked command in '/home/floks/ros2_ws/build/zed_wrapper' returned '0': AMENT_PREFIX_PATH=/home/floks/ros2_ws/install/zed_components:/home/floks/ros2_ws/install/zed_interfaces:/home/floks/ros2_ws/install/robot_localization:${AMENT_PREFIX_PATH} CMAKE_PREFIX_PATH=/home/floks/ros2_ws/install/zed_components:/home/floks/ros2_ws/install/zed_interfaces:/home/floks/ros2_ws/install/robot_localization:/home/floks/zed:/opt/ros/humble LD_LIBRARY_PATH=/home/floks/ros2_ws/install/zed_components/lib:/home/floks/ros2_ws/install/zed_interfaces/lib:/home/floks/ros2_ws/install/robot_localization/lib:${LD_LIBRARY_PATH} PYTHONPATH=/home/floks/ros2_ws/install/zed_interfaces/local/lib/python3.10/dist-packages:/home/floks/ros2_ws/install/robot_localization/local/lib/python3.10/dist-packages:${PYTHONPATH} /usr/bin/cmake /home/floks/ros2_ws/src/zed-ros2-wrapper/zed_wrapper -DCMAKE_BUILD_TYPE=Release -DAMENT_CMAKE_SYMLINK_INSTALL=1 -DCMAKE_INSTALL_PREFIX=/home/floks/ros2_ws/install/zed_wrapper
[4.510s] Invoking command in '/home/floks/ros2_ws/build/zed_wrapper': AMENT_PREFIX_PATH=/home/floks/ros2_ws/install/zed_components:/home/floks/ros2_ws/install/zed_interfaces:/home/floks/ros2_ws/install/robot_localization:${AMENT_PREFIX_PATH} CMAKE_PREFIX_PATH=/home/floks/ros2_ws/install/zed_components:/home/floks/ros2_ws/install/zed_interfaces:/home/floks/ros2_ws/install/robot_localization:/home/floks/zed:/opt/ros/humble LD_LIBRARY_PATH=/home/floks/ros2_ws/install/zed_components/lib:/home/floks/ros2_ws/install/zed_interfaces/lib:/home/floks/ros2_ws/install/robot_localization/lib:${LD_LIBRARY_PATH} PYTHONPATH=/home/floks/ros2_ws/install/zed_interfaces/local/lib/python3.10/dist-packages:/home/floks/ros2_ws/install/robot_localization/local/lib/python3.10/dist-packages:${PYTHONPATH} /usr/bin/cmake --build /home/floks/ros2_ws/build/zed_wrapper -- -j8 -l8
[4.585s] [ 50%] [32mBuilding CXX object CMakeFiles/zed_wrapper.dir/src/zed_wrapper.cpp.o[0m
[7.777s] In file included from [01m[K/home/floks/ros2_ws/install/zed_components/include/zed_components/zed_camera_component.hpp:19[m[K,
[7.777s]                  from [01m[K/home/floks/ros2_ws/src/zed-ros2-wrapper/zed_wrapper/src/zed_wrapper.cpp:17[m[K:
[7.777s] [01m[K/usr/local/zed/include/sl/Fusion.hpp:68:64:[m[K [01;36m[Knote: [m[K‘[01m[K#pragma message: ~ FUSION SDK is distributed in Early Access ~[m[K’
[7.777s]    68 | #pragma message("~ FUSION SDK is distributed in Early Access ~"[01;36m[K)[m[K
[7.778s]       |                                                                [01;36m[K^[m[K
[10.896s] [100%] [32m[1mLinking CXX executable zed_wrapper[0m
[11.310s] [100%] Built target zed_wrapper
[11.327s] Invoked command in '/home/floks/ros2_ws/build/zed_wrapper' returned '0': AMENT_PREFIX_PATH=/home/floks/ros2_ws/install/zed_components:/home/floks/ros2_ws/install/zed_interfaces:/home/floks/ros2_ws/install/robot_localization:${AMENT_PREFIX_PATH} CMAKE_PREFIX_PATH=/home/floks/ros2_ws/install/zed_components:/home/floks/ros2_ws/install/zed_interfaces:/home/floks/ros2_ws/install/robot_localization:/home/floks/zed:/opt/ros/humble LD_LIBRARY_PATH=/home/floks/ros2_ws/install/zed_components/lib:/home/floks/ros2_ws/install/zed_interfaces/lib:/home/floks/ros2_ws/install/robot_localization/lib:${LD_LIBRARY_PATH} PYTHONPATH=/home/floks/ros2_ws/install/zed_interfaces/local/lib/python3.10/dist-packages:/home/floks/ros2_ws/install/robot_localization/local/lib/python3.10/dist-packages:${PYTHONPATH} /usr/bin/cmake --build /home/floks/ros2_ws/build/zed_wrapper -- -j8 -l8
[11.366s] Invoking command in '/home/floks/ros2_ws/build/zed_wrapper': AMENT_PREFIX_PATH=/home/floks/ros2_ws/install/zed_components:/home/floks/ros2_ws/install/zed_interfaces:/home/floks/ros2_ws/install/robot_localization:${AMENT_PREFIX_PATH} CMAKE_PREFIX_PATH=/home/floks/ros2_ws/install/zed_components:/home/floks/ros2_ws/install/zed_interfaces:/home/floks/ros2_ws/install/robot_localization:/home/floks/zed:/opt/ros/humble LD_LIBRARY_PATH=/home/floks/ros2_ws/install/zed_components/lib:/home/floks/ros2_ws/install/zed_interfaces/lib:/home/floks/ros2_ws/install/robot_localization/lib:${LD_LIBRARY_PATH} PYTHONPATH=/home/floks/ros2_ws/install/zed_interfaces/local/lib/python3.10/dist-packages:/home/floks/ros2_ws/install/robot_localization/local/lib/python3.10/dist-packages:${PYTHONPATH} /usr/bin/cmake --install /home/floks/ros2_ws/build/zed_wrapper
[11.377s] -- Install configuration: "Release"
[11.377s] -- Execute custom install script
[11.378s] -- Symlinking: /home/floks/ros2_ws/install/zed_wrapper/lib/zed_wrapper/zed_wrapper
[11.392s] -- Symlinking: /home/floks/ros2_ws/install/zed_wrapper/share/zed_wrapper/config/common.yaml
[11.404s] -- Symlinking: /home/floks/ros2_ws/install/zed_wrapper/share/zed_wrapper/config/zed.yaml
[11.416s] -- Symlinking: /home/floks/ros2_ws/install/zed_wrapper/share/zed_wrapper/config/zed2.yaml
[11.427s] -- Symlinking: /home/floks/ros2_ws/install/zed_wrapper/share/zed_wrapper/config/zed2i.yaml
[11.439s] -- Symlinking: /home/floks/ros2_ws/install/zed_wrapper/share/zed_wrapper/config/zedm.yaml
[11.451s] -- Symlinking: /home/floks/ros2_ws/install/zed_wrapper/share/zed_wrapper/config/zedx.yaml
[11.464s] -- Symlinking: /home/floks/ros2_ws/install/zed_wrapper/share/zed_wrapper/config/zedxm.yaml
[11.476s] -- Symlinking: /home/floks/ros2_ws/install/zed_wrapper/share/zed_wrapper/urdf/include/materials.urdf.xacro
[11.488s] -- Symlinking: /home/floks/ros2_ws/install/zed_wrapper/share/zed_wrapper/urdf/zed_descr.urdf.xacro
[11.499s] -- Symlinking: /home/floks/ros2_ws/install/zed_wrapper/share/zed_wrapper/urdf/zed_macro.urdf.xacro
[11.511s] -- Symlinking: /home/floks/ros2_ws/install/zed_wrapper/share/zed_wrapper/launch/obsolete/zed.launch.py
[11.522s] -- Symlinking: /home/floks/ros2_ws/install/zed_wrapper/share/zed_wrapper/launch/obsolete/zed2.launch.py
[11.534s] -- Symlinking: /home/floks/ros2_ws/install/zed_wrapper/share/zed_wrapper/launch/obsolete/zed2i.launch.py
[11.545s] -- Symlinking: /home/floks/ros2_ws/install/zed_wrapper/share/zed_wrapper/launch/obsolete/zedm.launch.py
[11.558s] -- Symlinking: /home/floks/ros2_ws/install/zed_wrapper/share/zed_wrapper/launch/obsolete/zedx.launch.py
[11.570s] -- Symlinking: /home/floks/ros2_ws/install/zed_wrapper/share/zed_wrapper/launch/obsolete/zedxm.launch.py
[11.583s] -- Symlinking: /home/floks/ros2_ws/install/zed_wrapper/share/zed_wrapper/launch/zed_camera.launch.py
[11.595s] -- Symlinking: /home/floks/ros2_ws/install/zed_wrapper/share/ament_index/resource_index/package_run_dependencies/zed_wrapper
[11.607s] -- Symlinking: /home/floks/ros2_ws/install/zed_wrapper/share/ament_index/resource_index/parent_prefix_path/zed_wrapper
[11.620s] -- Symlinking: /home/floks/ros2_ws/install/zed_wrapper/share/zed_wrapper/environment/ament_prefix_path.sh
[11.632s] -- Symlinking: /home/floks/ros2_ws/install/zed_wrapper/share/zed_wrapper/environment/ament_prefix_path.dsv
[11.645s] -- Symlinking: /home/floks/ros2_ws/install/zed_wrapper/share/zed_wrapper/environment/path.sh
[11.658s] -- Symlinking: /home/floks/ros2_ws/install/zed_wrapper/share/zed_wrapper/environment/path.dsv
[11.671s] -- Symlinking: /home/floks/ros2_ws/install/zed_wrapper/share/zed_wrapper/local_setup.bash
[11.684s] -- Symlinking: /home/floks/ros2_ws/install/zed_wrapper/share/zed_wrapper/local_setup.sh
[11.698s] -- Symlinking: /home/floks/ros2_ws/install/zed_wrapper/share/zed_wrapper/local_setup.zsh
[11.711s] -- Symlinking: /home/floks/ros2_ws/install/zed_wrapper/share/zed_wrapper/local_setup.dsv
[11.724s] -- Symlinking: /home/floks/ros2_ws/install/zed_wrapper/share/zed_wrapper/package.dsv
[11.738s] -- Symlinking: /home/floks/ros2_ws/install/zed_wrapper/share/ament_index/resource_index/packages/zed_wrapper
[11.753s] -- Symlinking: /home/floks/ros2_ws/install/zed_wrapper/share/zed_wrapper/cmake/zed_wrapperConfig.cmake
[11.767s] -- Symlinking: /home/floks/ros2_ws/install/zed_wrapper/share/zed_wrapper/cmake/zed_wrapperConfig-version.cmake
[11.780s] -- Symlinking: /home/floks/ros2_ws/install/zed_wrapper/share/zed_wrapper/package.xml
[11.796s] Invoked command in '/home/floks/ros2_ws/build/zed_wrapper' returned '0': AMENT_PREFIX_PATH=/home/floks/ros2_ws/install/zed_components:/home/floks/ros2_ws/install/zed_interfaces:/home/floks/ros2_ws/install/robot_localization:${AMENT_PREFIX_PATH} CMAKE_PREFIX_PATH=/home/floks/ros2_ws/install/zed_components:/home/floks/ros2_ws/install/zed_interfaces:/home/floks/ros2_ws/install/robot_localization:/home/floks/zed:/opt/ros/humble LD_LIBRARY_PATH=/home/floks/ros2_ws/install/zed_components/lib:/home/floks/ros2_ws/install/zed_interfaces/lib:/home/floks/ros2_ws/install/robot_localization/lib:${LD_LIBRARY_PATH} PYTHONPATH=/home/floks/ros2_ws/install/zed_interfaces/local/lib/python3.10/dist-packages:/home/floks/ros2_ws/install/robot_localization/local/lib/python3.10/dist-packages:${PYTHONPATH} /usr/bin/cmake --install /home/floks/ros2_ws/build/zed_wrapper
