[0.236s] Invoking command in '/home/floks/ros2_ws/build/robot_localization': CMAKE_PREFIX_PATH=/opt/ros/humble /usr/bin/cmake --build /home/floks/ros2_ws/build/robot_localization -- -j8 -l8
[0.311s] [  1%] Built target robot_localization__cpp
[0.313s] [  3%] Built target gtest_main
[0.316s] [  5%] Built target gtest
[0.330s] [ 12%] Built target robot_localization__rosidl_generator_c
[0.359s] [ 12%] Built target ament_cmake_python_symlink_robot_localization
[0.395s] [ 19%] Built target robot_localization__rosidl_typesupport_fastrtps_cpp
[0.398s] [ 26%] Built target robot_localization__rosidl_typesupport_cpp
[0.414s] [ 40%] Built target robot_localization__rosidl_typesupport_introspection_c
[0.414s] [ 40%] Built target robot_localization__rosidl_typesupport_fastrtps_c
[0.420s] [ 47%] Built target robot_localization__rosidl_typesupport_introspection_cpp
[0.432s] [ 54%] Built target robot_localization__rosidl_typesupport_c
[0.498s] [ 54%] Built target robot_localization
[0.513s] [ 63%] Built target rl_lib
[0.564s] [ 64%] Built target robot_localization__py
[0.641s] [ 65%] Built target ekf_node
[0.650s] [ 67%] Built target ukf_node
[0.674s] [ 68%] Built target navsat_transform_node
[0.675s] [ 70%] Built target test_ekf
[0.692s] [ 72%] Built target robot_localization_listener_node
[0.709s] [ 74%] Built target filter_base-test
[0.742s] [ 76%] Built target test_ukf
[0.787s] [ 78%] Built target test_robot_localization_estimator
[0.819s] [ 80%] Built target test_navsat_conversions
[0.827s] [ 81%] Built target test_ros_robot_localization_listener
[0.886s] [ 83%] Built target test_ros_robot_localization_listener_publisher
[0.894s] [ 89%] Built target robot_localization__rosidl_generator_py
[0.902s] [ 92%] Built target test_filter_base_diagnostics_timestamps
[0.902s] [ 92%] Built target test_ekf_localization_node_interfaces
[0.913s] [ 94%] Built target test_ukf_localization_node_interfaces
[0.977s] [ 96%] Built target robot_localization__rosidl_typesupport_fastrtps_c__pyext
[0.996s] [ 98%] Built target robot_localization__rosidl_typesupport_introspection_c__pyext
[1.008s] [100%] Built target robot_localization__rosidl_typesupport_c__pyext
[1.061s] running egg_info
[1.062s] writing robot_localization.egg-info/PKG-INFO
[1.062s] writing dependency_links to robot_localization.egg-info/dependency_links.txt
[1.062s] writing top-level names to robot_localization.egg-info/top_level.txt
[1.065s] reading manifest file 'robot_localization.egg-info/SOURCES.txt'
[1.066s] writing manifest file 'robot_localization.egg-info/SOURCES.txt'
[1.100s] [100%] Built target ament_cmake_python_build_robot_localization_egg
[1.121s] Invoked command in '/home/floks/ros2_ws/build/robot_localization' returned '0': CMAKE_PREFIX_PATH=/opt/ros/humble /usr/bin/cmake --build /home/floks/ros2_ws/build/robot_localization -- -j8 -l8
[1.425s] Invoking command in '/home/floks/ros2_ws/build/robot_localization': CMAKE_PREFIX_PATH=/opt/ros/humble /usr/bin/cmake --install /home/floks/ros2_ws/build/robot_localization
[1.439s] -- Install configuration: "Release"
[1.440s] -- Execute custom install script
[1.440s] -- Up-to-date symlink: /home/floks/ros2_ws/install/robot_localization/share/ament_index/resource_index/rosidl_interfaces/robot_localization
[1.441s] -- Up-to-date symlink: /home/floks/ros2_ws/install/robot_localization/include/robot_localization/robot_localization/msg/rosidl_generator_c__visibility_control.h
[1.442s] -- Up-to-date symlink: /home/floks/ros2_ws/install/robot_localization/include/robot_localization/robot_localization/srv/detail/from_ll__functions.h
[1.442s] -- Up-to-date symlink: /home/floks/ros2_ws/install/robot_localization/include/robot_localization/robot_localization/srv/detail/from_ll__struct.h
[1.442s] -- Up-to-date symlink: /home/floks/ros2_ws/install/robot_localization/include/robot_localization/robot_localization/srv/detail/from_ll__type_support.h
[1.442s] -- Up-to-date symlink: /home/floks/ros2_ws/install/robot_localization/include/robot_localization/robot_localization/srv/detail/get_state__functions.h
[1.443s] -- Up-to-date symlink: /home/floks/ros2_ws/install/robot_localization/include/robot_localization/robot_localization/srv/detail/get_state__struct.h
[1.443s] -- Up-to-date symlink: /home/floks/ros2_ws/install/robot_localization/include/robot_localization/robot_localization/srv/detail/get_state__type_support.h
[1.444s] -- Up-to-date symlink: /home/floks/ros2_ws/install/robot_localization/include/robot_localization/robot_localization/srv/detail/set_datum__functions.h
[1.444s] -- Up-to-date symlink: /home/floks/ros2_ws/install/robot_localization/include/robot_localization/robot_localization/srv/detail/set_datum__struct.h
[1.444s] -- Up-to-date symlink: /home/floks/ros2_ws/install/robot_localization/include/robot_localization/robot_localization/srv/detail/set_datum__type_support.h
[1.444s] -- Up-to-date symlink: /home/floks/ros2_ws/install/robot_localization/include/robot_localization/robot_localization/srv/detail/set_pose__functions.h
[1.445s] -- Up-to-date symlink: /home/floks/ros2_ws/install/robot_localization/include/robot_localization/robot_localization/srv/detail/set_pose__struct.h
[1.445s] -- Up-to-date symlink: /home/floks/ros2_ws/install/robot_localization/include/robot_localization/robot_localization/srv/detail/set_pose__type_support.h
[1.445s] -- Up-to-date symlink: /home/floks/ros2_ws/install/robot_localization/include/robot_localization/robot_localization/srv/detail/to_ll__functions.h
[1.446s] -- Up-to-date symlink: /home/floks/ros2_ws/install/robot_localization/include/robot_localization/robot_localization/srv/detail/to_ll__struct.h
[1.446s] -- Up-to-date symlink: /home/floks/ros2_ws/install/robot_localization/include/robot_localization/robot_localization/srv/detail/to_ll__type_support.h
[1.446s] -- Up-to-date symlink: /home/floks/ros2_ws/install/robot_localization/include/robot_localization/robot_localization/srv/detail/toggle_filter_processing__functions.h
[1.447s] -- Up-to-date symlink: /home/floks/ros2_ws/install/robot_localization/include/robot_localization/robot_localization/srv/detail/toggle_filter_processing__struct.h
[1.447s] -- Up-to-date symlink: /home/floks/ros2_ws/install/robot_localization/include/robot_localization/robot_localization/srv/detail/toggle_filter_processing__type_support.h
[1.447s] -- Up-to-date symlink: /home/floks/ros2_ws/install/robot_localization/include/robot_localization/robot_localization/srv/from_ll.h
[1.447s] -- Up-to-date symlink: /home/floks/ros2_ws/install/robot_localization/include/robot_localization/robot_localization/srv/get_state.h
[1.447s] -- Up-to-date symlink: /home/floks/ros2_ws/install/robot_localization/include/robot_localization/robot_localization/srv/set_datum.h
[1.447s] -- Up-to-date symlink: /home/floks/ros2_ws/install/robot_localization/include/robot_localization/robot_localization/srv/set_pose.h
[1.447s] -- Up-to-date symlink: /home/floks/ros2_ws/install/robot_localization/include/robot_localization/robot_localization/srv/to_ll.h
[1.448s] -- Up-to-date symlink: /home/floks/ros2_ws/install/robot_localization/include/robot_localization/robot_localization/srv/toggle_filter_processing.h
[1.448s] -- Up-to-date symlink: /home/floks/ros2_ws/install/robot_localization/share/robot_localization/environment/library_path.sh
[1.448s] -- Up-to-date symlink: /home/floks/ros2_ws/install/robot_localization/share/robot_localization/environment/library_path.dsv
[1.449s] -- Up-to-date symlink: /home/floks/ros2_ws/install/robot_localization/include/robot_localization/robot_localization/msg/rosidl_typesupport_fastrtps_c__visibility_control.h
[1.449s] -- Up-to-date symlink: /home/floks/ros2_ws/install/robot_localization/include/robot_localization/robot_localization/srv/detail/from_ll__rosidl_typesupport_fastrtps_c.h
[1.450s] -- Up-to-date symlink: /home/floks/ros2_ws/install/robot_localization/include/robot_localization/robot_localization/srv/detail/get_state__rosidl_typesupport_fastrtps_c.h
[1.450s] -- Up-to-date symlink: /home/floks/ros2_ws/install/robot_localization/include/robot_localization/robot_localization/srv/detail/set_datum__rosidl_typesupport_fastrtps_c.h
[1.450s] -- Up-to-date symlink: /home/floks/ros2_ws/install/robot_localization/include/robot_localization/robot_localization/srv/detail/set_pose__rosidl_typesupport_fastrtps_c.h
[1.450s] -- Up-to-date symlink: /home/floks/ros2_ws/install/robot_localization/include/robot_localization/robot_localization/srv/detail/to_ll__rosidl_typesupport_fastrtps_c.h
[1.451s] -- Up-to-date symlink: /home/floks/ros2_ws/install/robot_localization/include/robot_localization/robot_localization/srv/detail/toggle_filter_processing__rosidl_typesupport_fastrtps_c.h
[1.452s] -- Up-to-date symlink: /home/floks/ros2_ws/install/robot_localization/include/robot_localization/robot_localization/srv/detail/from_ll__builder.hpp
[1.452s] -- Up-to-date symlink: /home/floks/ros2_ws/install/robot_localization/include/robot_localization/robot_localization/srv/detail/from_ll__struct.hpp
[1.452s] -- Up-to-date symlink: /home/floks/ros2_ws/install/robot_localization/include/robot_localization/robot_localization/srv/detail/from_ll__traits.hpp
[1.453s] -- Up-to-date symlink: /home/floks/ros2_ws/install/robot_localization/include/robot_localization/robot_localization/srv/detail/get_state__builder.hpp
[1.453s] -- Up-to-date symlink: /home/floks/ros2_ws/install/robot_localization/include/robot_localization/robot_localization/srv/detail/get_state__struct.hpp
[1.453s] -- Up-to-date symlink: /home/floks/ros2_ws/install/robot_localization/include/robot_localization/robot_localization/srv/detail/get_state__traits.hpp
[1.453s] -- Up-to-date symlink: /home/floks/ros2_ws/install/robot_localization/include/robot_localization/robot_localization/srv/detail/set_datum__builder.hpp
[1.454s] -- Up-to-date symlink: /home/floks/ros2_ws/install/robot_localization/include/robot_localization/robot_localization/srv/detail/set_datum__struct.hpp
[1.454s] -- Up-to-date symlink: /home/floks/ros2_ws/install/robot_localization/include/robot_localization/robot_localization/srv/detail/set_datum__traits.hpp
[1.454s] -- Up-to-date symlink: /home/floks/ros2_ws/install/robot_localization/include/robot_localization/robot_localization/srv/detail/set_pose__builder.hpp
[1.454s] -- Up-to-date symlink: /home/floks/ros2_ws/install/robot_localization/include/robot_localization/robot_localization/srv/detail/set_pose__struct.hpp
[1.455s] -- Up-to-date symlink: /home/floks/ros2_ws/install/robot_localization/include/robot_localization/robot_localization/srv/detail/set_pose__traits.hpp
[1.455s] -- Up-to-date symlink: /home/floks/ros2_ws/install/robot_localization/include/robot_localization/robot_localization/srv/detail/to_ll__builder.hpp
[1.455s] -- Up-to-date symlink: /home/floks/ros2_ws/install/robot_localization/include/robot_localization/robot_localization/srv/detail/to_ll__struct.hpp
[1.455s] -- Up-to-date symlink: /home/floks/ros2_ws/install/robot_localization/include/robot_localization/robot_localization/srv/detail/to_ll__traits.hpp
[1.456s] -- Up-to-date symlink: /home/floks/ros2_ws/install/robot_localization/include/robot_localization/robot_localization/srv/detail/toggle_filter_processing__builder.hpp
[1.456s] -- Up-to-date symlink: /home/floks/ros2_ws/install/robot_localization/include/robot_localization/robot_localization/srv/detail/toggle_filter_processing__struct.hpp
[1.456s] -- Up-to-date symlink: /home/floks/ros2_ws/install/robot_localization/include/robot_localization/robot_localization/srv/detail/toggle_filter_processing__traits.hpp
[1.457s] -- Up-to-date symlink: /home/floks/ros2_ws/install/robot_localization/include/robot_localization/robot_localization/srv/from_ll.hpp
[1.457s] -- Up-to-date symlink: /home/floks/ros2_ws/install/robot_localization/include/robot_localization/robot_localization/srv/get_state.hpp
[1.457s] -- Up-to-date symlink: /home/floks/ros2_ws/install/robot_localization/include/robot_localization/robot_localization/srv/set_datum.hpp
[1.457s] -- Up-to-date symlink: /home/floks/ros2_ws/install/robot_localization/include/robot_localization/robot_localization/srv/set_pose.hpp
[1.458s] -- Up-to-date symlink: /home/floks/ros2_ws/install/robot_localization/include/robot_localization/robot_localization/srv/to_ll.hpp
[1.458s] -- Up-to-date symlink: /home/floks/ros2_ws/install/robot_localization/include/robot_localization/robot_localization/srv/toggle_filter_processing.hpp
[1.459s] -- Up-to-date symlink: /home/floks/ros2_ws/install/robot_localization/include/robot_localization/robot_localization/msg/rosidl_typesupport_fastrtps_cpp__visibility_control.h
[1.459s] -- Up-to-date symlink: /home/floks/ros2_ws/install/robot_localization/include/robot_localization/robot_localization/srv/detail/from_ll__rosidl_typesupport_fastrtps_cpp.hpp
[1.460s] -- Up-to-date symlink: /home/floks/ros2_ws/install/robot_localization/include/robot_localization/robot_localization/srv/detail/get_state__rosidl_typesupport_fastrtps_cpp.hpp
[1.460s] -- Up-to-date symlink: /home/floks/ros2_ws/install/robot_localization/include/robot_localization/robot_localization/srv/detail/set_datum__rosidl_typesupport_fastrtps_cpp.hpp
[1.460s] -- Up-to-date symlink: /home/floks/ros2_ws/install/robot_localization/include/robot_localization/robot_localization/srv/detail/set_pose__rosidl_typesupport_fastrtps_cpp.hpp
[1.461s] -- Up-to-date symlink: /home/floks/ros2_ws/install/robot_localization/include/robot_localization/robot_localization/srv/detail/to_ll__rosidl_typesupport_fastrtps_cpp.hpp
[1.461s] -- Up-to-date symlink: /home/floks/ros2_ws/install/robot_localization/include/robot_localization/robot_localization/srv/detail/toggle_filter_processing__rosidl_typesupport_fastrtps_cpp.hpp
[1.462s] -- Up-to-date symlink: /home/floks/ros2_ws/install/robot_localization/include/robot_localization/robot_localization/msg/rosidl_typesupport_introspection_c__visibility_control.h
[1.462s] -- Up-to-date symlink: /home/floks/ros2_ws/install/robot_localization/include/robot_localization/robot_localization/srv/detail/from_ll__rosidl_typesupport_introspection_c.h
[1.462s] -- Up-to-date symlink: /home/floks/ros2_ws/install/robot_localization/include/robot_localization/robot_localization/srv/detail/get_state__rosidl_typesupport_introspection_c.h
[1.463s] -- Up-to-date symlink: /home/floks/ros2_ws/install/robot_localization/include/robot_localization/robot_localization/srv/detail/set_datum__rosidl_typesupport_introspection_c.h
[1.463s] -- Up-to-date symlink: /home/floks/ros2_ws/install/robot_localization/include/robot_localization/robot_localization/srv/detail/set_pose__rosidl_typesupport_introspection_c.h
[1.463s] -- Up-to-date symlink: /home/floks/ros2_ws/install/robot_localization/include/robot_localization/robot_localization/srv/detail/to_ll__rosidl_typesupport_introspection_c.h
[1.463s] -- Up-to-date symlink: /home/floks/ros2_ws/install/robot_localization/include/robot_localization/robot_localization/srv/detail/toggle_filter_processing__rosidl_typesupport_introspection_c.h
[1.464s] -- Up-to-date symlink: /home/floks/ros2_ws/install/robot_localization/include/robot_localization/robot_localization/srv/detail/from_ll__rosidl_typesupport_introspection_cpp.hpp
[1.465s] -- Up-to-date symlink: /home/floks/ros2_ws/install/robot_localization/include/robot_localization/robot_localization/srv/detail/get_state__rosidl_typesupport_introspection_cpp.hpp
[1.465s] -- Up-to-date symlink: /home/floks/ros2_ws/install/robot_localization/include/robot_localization/robot_localization/srv/detail/set_datum__rosidl_typesupport_introspection_cpp.hpp
[1.465s] -- Up-to-date symlink: /home/floks/ros2_ws/install/robot_localization/include/robot_localization/robot_localization/srv/detail/set_pose__rosidl_typesupport_introspection_cpp.hpp
[1.465s] -- Up-to-date symlink: /home/floks/ros2_ws/install/robot_localization/include/robot_localization/robot_localization/srv/detail/to_ll__rosidl_typesupport_introspection_cpp.hpp
[1.466s] -- Up-to-date symlink: /home/floks/ros2_ws/install/robot_localization/include/robot_localization/robot_localization/srv/detail/toggle_filter_processing__rosidl_typesupport_introspection_cpp.hpp
[1.466s] -- Up-to-date symlink: /home/floks/ros2_ws/install/robot_localization/share/robot_localization/environment/pythonpath.sh
[1.466s] -- Up-to-date symlink: /home/floks/ros2_ws/install/robot_localization/share/robot_localization/environment/pythonpath.dsv
[1.467s] -- Up-to-date symlink: /home/floks/ros2_ws/install/robot_localization/local/lib/python3.10/dist-packages/robot_localization-3.5.1-py3.10.egg-info/PKG-INFO
[1.467s] -- Up-to-date symlink: /home/floks/ros2_ws/install/robot_localization/local/lib/python3.10/dist-packages/robot_localization-3.5.1-py3.10.egg-info/SOURCES.txt
[1.467s] -- Up-to-date symlink: /home/floks/ros2_ws/install/robot_localization/local/lib/python3.10/dist-packages/robot_localization-3.5.1-py3.10.egg-info/dependency_links.txt
[1.468s] -- Up-to-date symlink: /home/floks/ros2_ws/install/robot_localization/local/lib/python3.10/dist-packages/robot_localization-3.5.1-py3.10.egg-info/top_level.txt
[1.469s] -- Up-to-date symlink: /home/floks/ros2_ws/install/robot_localization/local/lib/python3.10/dist-packages/robot_localization/__init__.py
[1.469s] -- Up-to-date symlink: /home/floks/ros2_ws/install/robot_localization/local/lib/python3.10/dist-packages/robot_localization/_robot_localization_s.ep.rosidl_typesupport_c.c
[1.469s] -- Up-to-date symlink: /home/floks/ros2_ws/install/robot_localization/local/lib/python3.10/dist-packages/robot_localization/_robot_localization_s.ep.rosidl_typesupport_fastrtps_c.c
[1.470s] -- Up-to-date symlink: /home/floks/ros2_ws/install/robot_localization/local/lib/python3.10/dist-packages/robot_localization/_robot_localization_s.ep.rosidl_typesupport_introspection_c.c
[1.470s] -- Up-to-date symlink: /home/floks/ros2_ws/install/robot_localization/local/lib/python3.10/dist-packages/robot_localization/librobot_localization__rosidl_generator_py.so
[1.470s] -- Up-to-date symlink: /home/floks/ros2_ws/install/robot_localization/local/lib/python3.10/dist-packages/robot_localization/robot_localization_s__rosidl_typesupport_c.cpython-310-x86_64-linux-gnu.so
[1.470s] -- Up-to-date symlink: /home/floks/ros2_ws/install/robot_localization/local/lib/python3.10/dist-packages/robot_localization/robot_localization_s__rosidl_typesupport_fastrtps_c.cpython-310-x86_64-linux-gnu.so
[1.471s] -- Up-to-date symlink: /home/floks/ros2_ws/install/robot_localization/local/lib/python3.10/dist-packages/robot_localization/robot_localization_s__rosidl_typesupport_introspection_c.cpython-310-x86_64-linux-gnu.so
[1.471s] -- Up-to-date symlink: /home/floks/ros2_ws/install/robot_localization/local/lib/python3.10/dist-packages/robot_localization/srv/__init__.py
[1.471s] -- Up-to-date symlink: /home/floks/ros2_ws/install/robot_localization/local/lib/python3.10/dist-packages/robot_localization/srv/_from_ll.py
[1.471s] -- Up-to-date symlink: /home/floks/ros2_ws/install/robot_localization/local/lib/python3.10/dist-packages/robot_localization/srv/_from_ll_s.c
[1.471s] -- Up-to-date symlink: /home/floks/ros2_ws/install/robot_localization/local/lib/python3.10/dist-packages/robot_localization/srv/_get_state.py
[1.471s] -- Up-to-date symlink: /home/floks/ros2_ws/install/robot_localization/local/lib/python3.10/dist-packages/robot_localization/srv/_get_state_s.c
[1.472s] -- Up-to-date symlink: /home/floks/ros2_ws/install/robot_localization/local/lib/python3.10/dist-packages/robot_localization/srv/_set_datum.py
[1.472s] -- Up-to-date symlink: /home/floks/ros2_ws/install/robot_localization/local/lib/python3.10/dist-packages/robot_localization/srv/_set_datum_s.c
[1.472s] -- Up-to-date symlink: /home/floks/ros2_ws/install/robot_localization/local/lib/python3.10/dist-packages/robot_localization/srv/_set_pose.py
[1.472s] -- Up-to-date symlink: /home/floks/ros2_ws/install/robot_localization/local/lib/python3.10/dist-packages/robot_localization/srv/_set_pose_s.c
[1.472s] -- Up-to-date symlink: /home/floks/ros2_ws/install/robot_localization/local/lib/python3.10/dist-packages/robot_localization/srv/_to_ll.py
[1.472s] -- Up-to-date symlink: /home/floks/ros2_ws/install/robot_localization/local/lib/python3.10/dist-packages/robot_localization/srv/_to_ll_s.c
[1.473s] -- Up-to-date symlink: /home/floks/ros2_ws/install/robot_localization/local/lib/python3.10/dist-packages/robot_localization/srv/_toggle_filter_processing.py
[1.473s] -- Up-to-date symlink: /home/floks/ros2_ws/install/robot_localization/local/lib/python3.10/dist-packages/robot_localization/srv/_toggle_filter_processing_s.c
[1.473s] -- Up-to-date symlink: /home/floks/ros2_ws/install/robot_localization/local/lib/python3.10/dist-packages/robot_localization/robot_localization_s__rosidl_typesupport_fastrtps_c.cpython-310-x86_64-linux-gnu.so
[1.473s] -- Up-to-date symlink: /home/floks/ros2_ws/install/robot_localization/local/lib/python3.10/dist-packages/robot_localization/robot_localization_s__rosidl_typesupport_introspection_c.cpython-310-x86_64-linux-gnu.so
[1.474s] -- Up-to-date symlink: /home/floks/ros2_ws/install/robot_localization/local/lib/python3.10/dist-packages/robot_localization/robot_localization_s__rosidl_typesupport_c.cpython-310-x86_64-linux-gnu.so
[1.474s] -- Up-to-date symlink: /home/floks/ros2_ws/install/robot_localization/share/robot_localization/srv/FromLL.idl
[1.474s] -- Up-to-date symlink: /home/floks/ros2_ws/install/robot_localization/share/robot_localization/srv/GetState.idl
[1.475s] -- Up-to-date symlink: /home/floks/ros2_ws/install/robot_localization/share/robot_localization/srv/SetDatum.idl
[1.475s] -- Up-to-date symlink: /home/floks/ros2_ws/install/robot_localization/share/robot_localization/srv/SetPose.idl
[1.475s] -- Up-to-date symlink: /home/floks/ros2_ws/install/robot_localization/share/robot_localization/srv/ToggleFilterProcessing.idl
[1.475s] -- Up-to-date symlink: /home/floks/ros2_ws/install/robot_localization/share/robot_localization/srv/ToLL.idl
[1.476s] -- Up-to-date symlink: /home/floks/ros2_ws/install/robot_localization/share/robot_localization/srv/FromLL.srv
[1.476s] -- Up-to-date symlink: /home/floks/ros2_ws/install/robot_localization/share/robot_localization/srv/FromLL_Request.msg
[1.476s] -- Up-to-date symlink: /home/floks/ros2_ws/install/robot_localization/share/robot_localization/srv/FromLL_Response.msg
[1.477s] -- Up-to-date symlink: /home/floks/ros2_ws/install/robot_localization/share/robot_localization/srv/GetState.srv
[1.477s] -- Up-to-date symlink: /home/floks/ros2_ws/install/robot_localization/share/robot_localization/srv/GetState_Request.msg
[1.477s] -- Up-to-date symlink: /home/floks/ros2_ws/install/robot_localization/share/robot_localization/srv/GetState_Response.msg
[1.477s] -- Up-to-date symlink: /home/floks/ros2_ws/install/robot_localization/share/robot_localization/srv/SetDatum.srv
[1.478s] -- Up-to-date symlink: /home/floks/ros2_ws/install/robot_localization/share/robot_localization/srv/SetDatum_Request.msg
[1.478s] -- Up-to-date symlink: /home/floks/ros2_ws/install/robot_localization/share/robot_localization/srv/SetDatum_Response.msg
[1.478s] -- Up-to-date symlink: /home/floks/ros2_ws/install/robot_localization/share/robot_localization/srv/SetPose.srv
[1.479s] -- Up-to-date symlink: /home/floks/ros2_ws/install/robot_localization/share/robot_localization/srv/SetPose_Request.msg
[1.479s] -- Up-to-date symlink: /home/floks/ros2_ws/install/robot_localization/share/robot_localization/srv/SetPose_Response.msg
[1.479s] -- Up-to-date symlink: /home/floks/ros2_ws/install/robot_localization/share/robot_localization/srv/ToggleFilterProcessing.srv
[1.479s] -- Up-to-date symlink: /home/floks/ros2_ws/install/robot_localization/share/robot_localization/srv/ToggleFilterProcessing_Request.msg
[1.480s] -- Up-to-date symlink: /home/floks/ros2_ws/install/robot_localization/share/robot_localization/srv/ToggleFilterProcessing_Response.msg
[1.480s] -- Up-to-date symlink: /home/floks/ros2_ws/install/robot_localization/share/robot_localization/srv/ToLL.srv
[1.480s] -- Up-to-date symlink: /home/floks/ros2_ws/install/robot_localization/share/robot_localization/srv/ToLL_Request.msg
[1.481s] -- Up-to-date symlink: /home/floks/ros2_ws/install/robot_localization/share/robot_localization/srv/ToLL_Response.msg
[1.481s] -- Up-to-date symlink: /home/floks/ros2_ws/install/robot_localization/lib/robot_localization/filter_base-test
[1.481s] -- Up-to-date symlink: /home/floks/ros2_ws/install/robot_localization/lib/robot_localization/test_filter_base_diagnostics_timestamps
[1.482s] -- Up-to-date symlink: /home/floks/ros2_ws/install/robot_localization/lib/robot_localization/test_ekf
[1.482s] -- Up-to-date symlink: /home/floks/ros2_ws/install/robot_localization/lib/robot_localization/test_ekf_localization_node_interfaces
[1.482s] -- Up-to-date symlink: /home/floks/ros2_ws/install/robot_localization/lib/robot_localization/test_ukf
[1.483s] -- Up-to-date symlink: /home/floks/ros2_ws/install/robot_localization/lib/robot_localization/test_ukf_localization_node_interfaces
[1.483s] -- Up-to-date symlink: /home/floks/ros2_ws/install/robot_localization/lib/robot_localization/test_robot_localization_estimator
[1.483s] -- Up-to-date symlink: /home/floks/ros2_ws/install/robot_localization/lib/robot_localization/test_navsat_conversions
[1.483s] -- Up-to-date symlink: /home/floks/ros2_ws/install/robot_localization/lib/robot_localization/test_ros_robot_localization_listener
[1.484s] -- Up-to-date symlink: /home/floks/ros2_ws/install/robot_localization/lib/robot_localization/test_ros_robot_localization_listener_publisher
[1.484s] -- Up-to-date symlink: /home/floks/ros2_ws/install/robot_localization/lib/robot_localization/navsat_transform_node
[1.485s] -- Up-to-date symlink: /home/floks/ros2_ws/install/robot_localization/lib/robot_localization/ekf_node
[1.485s] -- Up-to-date symlink: /home/floks/ros2_ws/install/robot_localization/lib/robot_localization/ukf_node
[1.485s] -- Up-to-date symlink: /home/floks/ros2_ws/install/robot_localization/lib/robot_localization/robot_localization_listener_node
[1.485s] -- Up-to-date symlink: /home/floks/ros2_ws/install/robot_localization/lib/librl_lib.so
[1.486s] -- Up-to-date symlink: /home/floks/ros2_ws/install/robot_localization/share/ament_index/resource_index/package_run_dependencies/robot_localization
[1.486s] -- Up-to-date symlink: /home/floks/ros2_ws/install/robot_localization/share/ament_index/resource_index/parent_prefix_path/robot_localization
[1.486s] -- Up-to-date symlink: /home/floks/ros2_ws/install/robot_localization/share/robot_localization/environment/ament_prefix_path.sh
[1.487s] -- Up-to-date symlink: /home/floks/ros2_ws/install/robot_localization/share/robot_localization/environment/ament_prefix_path.dsv
[1.487s] -- Up-to-date symlink: /home/floks/ros2_ws/install/robot_localization/share/robot_localization/environment/path.sh
[1.487s] -- Up-to-date symlink: /home/floks/ros2_ws/install/robot_localization/share/robot_localization/environment/path.dsv
[1.488s] -- Up-to-date symlink: /home/floks/ros2_ws/install/robot_localization/share/robot_localization/local_setup.bash
[1.488s] -- Up-to-date symlink: /home/floks/ros2_ws/install/robot_localization/share/robot_localization/local_setup.sh
[1.488s] -- Up-to-date symlink: /home/floks/ros2_ws/install/robot_localization/share/robot_localization/local_setup.zsh
[1.489s] -- Up-to-date symlink: /home/floks/ros2_ws/install/robot_localization/share/robot_localization/local_setup.dsv
[1.489s] -- Symlinking: /home/floks/ros2_ws/install/robot_localization/share/robot_localization/package.dsv
[1.500s] -- Up-to-date symlink: /home/floks/ros2_ws/install/robot_localization/share/ament_index/resource_index/packages/robot_localization
[1.500s] -- Up-to-date symlink: /home/floks/ros2_ws/install/robot_localization/share/robot_localization/cmake/rosidl_cmake-extras.cmake
[1.500s] -- Up-to-date symlink: /home/floks/ros2_ws/install/robot_localization/share/robot_localization/cmake/ament_cmake_export_dependencies-extras.cmake
[1.501s] -- Up-to-date symlink: /home/floks/ros2_ws/install/robot_localization/share/robot_localization/cmake/ament_cmake_export_include_directories-extras.cmake
[1.501s] -- Up-to-date symlink: /home/floks/ros2_ws/install/robot_localization/share/robot_localization/cmake/ament_cmake_export_libraries-extras.cmake
[1.501s] -- Up-to-date symlink: /home/floks/ros2_ws/install/robot_localization/share/robot_localization/cmake/ament_cmake_export_targets-extras.cmake
[1.502s] -- Up-to-date symlink: /home/floks/ros2_ws/install/robot_localization/share/robot_localization/cmake/rosidl_cmake_export_typesupport_targets-extras.cmake
[1.502s] -- Up-to-date symlink: /home/floks/ros2_ws/install/robot_localization/share/robot_localization/cmake/rosidl_cmake_export_typesupport_libraries-extras.cmake
[1.502s] -- Up-to-date symlink: /home/floks/ros2_ws/install/robot_localization/share/robot_localization/cmake/robot_localizationConfig.cmake
[1.502s] -- Up-to-date symlink: /home/floks/ros2_ws/install/robot_localization/share/robot_localization/cmake/robot_localizationConfig-version.cmake
[1.503s] -- Up-to-date symlink: /home/floks/ros2_ws/install/robot_localization/share/robot_localization/package.xml
[1.503s] -- Up-to-date: /home/floks/ros2_ws/install/robot_localization/lib/librobot_localization__rosidl_generator_c.so
[1.504s] -- Up-to-date: /home/floks/ros2_ws/install/robot_localization/lib/librobot_localization__rosidl_typesupport_fastrtps_c.so
[1.504s] -- Up-to-date: /home/floks/ros2_ws/install/robot_localization/lib/librobot_localization__rosidl_typesupport_fastrtps_cpp.so
[1.505s] -- Up-to-date: /home/floks/ros2_ws/install/robot_localization/lib/librobot_localization__rosidl_typesupport_introspection_c.so
[1.505s] -- Up-to-date: /home/floks/ros2_ws/install/robot_localization/lib/librobot_localization__rosidl_typesupport_c.so
[1.506s] -- Up-to-date: /home/floks/ros2_ws/install/robot_localization/lib/librobot_localization__rosidl_typesupport_introspection_cpp.so
[1.506s] -- Up-to-date: /home/floks/ros2_ws/install/robot_localization/lib/librobot_localization__rosidl_typesupport_cpp.so
[1.551s] Listing '/home/floks/ros2_ws/install/robot_localization/local/lib/python3.10/dist-packages/robot_localization'...
[1.551s] Listing '/home/floks/ros2_ws/install/robot_localization/local/lib/python3.10/dist-packages/robot_localization/srv'...
[1.559s] -- Up-to-date: /home/floks/ros2_ws/install/robot_localization/lib/librobot_localization__rosidl_generator_py.so
[1.560s] -- Up-to-date: /home/floks/ros2_ws/install/robot_localization/share/robot_localization/test
[1.561s] -- Up-to-date: /home/floks/ros2_ws/install/robot_localization/share/robot_localization/test/test_ekf_localization_node_bag2.sh
[1.562s] -- Up-to-date: /home/floks/ros2_ws/install/robot_localization/share/robot_localization/test/test_ekf_localization_node_interfaces.cpp
[1.562s] -- Up-to-date: /home/floks/ros2_ws/install/robot_localization/share/robot_localization/test/test_ekf_localization_node_interfaces.launch.py
[1.562s] -- Up-to-date: /home/floks/ros2_ws/install/robot_localization/share/robot_localization/test/test_filter_base_diagnostics_timestamps.cpp
[1.563s] -- Up-to-date: /home/floks/ros2_ws/install/robot_localization/share/robot_localization/test/test_robot_localization_estimator.launch.py
[1.563s] -- Up-to-date: /home/floks/ros2_ws/install/robot_localization/share/robot_localization/test/test_ekf_localization_node_bag3.yaml
[1.563s] -- Up-to-date: /home/floks/ros2_ws/install/robot_localization/share/robot_localization/test/test_filter_base_diagnostics_timestamps.yaml
[1.563s] -- Up-to-date: /home/floks/ros2_ws/install/robot_localization/share/robot_localization/test/test_ukf_localization_node_bag3.sh
[1.563s] -- Up-to-date: /home/floks/ros2_ws/install/robot_localization/share/robot_localization/test/test_ekf_localization_node_bag2.launch.py
[1.563s] -- Up-to-date: /home/floks/ros2_ws/install/robot_localization/share/robot_localization/test/test_robot_localization_estimator.cpp
[1.563s] -- Up-to-date: /home/floks/ros2_ws/install/robot_localization/share/robot_localization/test/test_ukf_localization_node_bag1.sh
[1.563s] -- Up-to-date: /home/floks/ros2_ws/install/robot_localization/share/robot_localization/test/test_navsat_conversions.cpp
[1.564s] -- Up-to-date: /home/floks/ros2_ws/install/robot_localization/share/robot_localization/test/test_filter_base_diagnostics_timestamps.launch.py
[1.564s] -- Up-to-date: /home/floks/ros2_ws/install/robot_localization/share/robot_localization/test/test_ros_robot_localization_listener.yaml
[1.564s] -- Up-to-date: /home/floks/ros2_ws/install/robot_localization/share/robot_localization/test/test_ukf_localization_node_bag1.yaml
[1.564s] -- Up-to-date: /home/floks/ros2_ws/install/robot_localization/share/robot_localization/test/test_ukf_localization_node_bag2.yaml
[1.564s] -- Up-to-date: /home/floks/ros2_ws/install/robot_localization/share/robot_localization/test/test_ekf.cpp
[1.564s] -- Up-to-date: /home/floks/ros2_ws/install/robot_localization/share/robot_localization/test/test2.bag
[1.565s] -- Up-to-date: /home/floks/ros2_ws/install/robot_localization/share/robot_localization/test/test_ekf_localization_node_bag3.launch.py
[1.565s] -- Up-to-date: /home/floks/ros2_ws/install/robot_localization/share/robot_localization/test/test_ukf_localization_node_interfaces.cpp
[1.565s] -- Up-to-date: /home/floks/ros2_ws/install/robot_localization/share/robot_localization/test/test_ukf_localization_node_interfaces.yaml
[1.565s] -- Up-to-date: /home/floks/ros2_ws/install/robot_localization/share/robot_localization/test/test_ekf_localization_node_bag1.yaml
[1.566s] -- Up-to-date: /home/floks/ros2_ws/install/robot_localization/share/robot_localization/test/test_ros_robot_localization_listener_publisher.cpp
[1.566s] -- Up-to-date: /home/floks/ros2_ws/install/robot_localization/share/robot_localization/test/test_ukf.cpp
[1.566s] -- Up-to-date: /home/floks/ros2_ws/install/robot_localization/share/robot_localization/test/test_ekf_localization_node_bag2.yaml
[1.567s] -- Up-to-date: /home/floks/ros2_ws/install/robot_localization/share/robot_localization/test/test_ros_robot_localization_listener.cpp
[1.567s] -- Up-to-date: /home/floks/ros2_ws/install/robot_localization/share/robot_localization/test/test_ukf_localization_node_bag2.launch.py
[1.568s] -- Up-to-date: /home/floks/ros2_ws/install/robot_localization/share/robot_localization/test/test1.bag
[1.568s] -- Up-to-date: /home/floks/ros2_ws/install/robot_localization/share/robot_localization/test/test_filter_base.cpp
[1.568s] -- Up-to-date: /home/floks/ros2_ws/install/robot_localization/share/robot_localization/test/test_ekf_localization_node_bag3.sh
[1.568s] -- Up-to-date: /home/floks/ros2_ws/install/robot_localization/share/robot_localization/test/test_ukf_localization_node_bag3.yaml
[1.569s] -- Up-to-date: /home/floks/ros2_ws/install/robot_localization/share/robot_localization/test/test_ukf_localization_node_bag3.launch.py
[1.569s] -- Up-to-date: /home/floks/ros2_ws/install/robot_localization/share/robot_localization/test/test_ukf_localization_node_bag1.launch.py
[1.569s] -- Up-to-date: /home/floks/ros2_ws/install/robot_localization/share/robot_localization/test/test3.bag
[1.569s] -- Up-to-date: /home/floks/ros2_ws/install/robot_localization/share/robot_localization/test/test_ekf_localization_node_bag1.launch.py
[1.569s] -- Up-to-date: /home/floks/ros2_ws/install/robot_localization/share/robot_localization/test/test_ros_robot_localization_listener.launch.py
[1.570s] -- Up-to-date: /home/floks/ros2_ws/install/robot_localization/share/robot_localization/test/test_ekf_localization_node_bag1.sh
[1.570s] -- Up-to-date: /home/floks/ros2_ws/install/robot_localization/share/robot_localization/test/test_localization_node_bag_pose_tester.cpp
[1.570s] -- Up-to-date: /home/floks/ros2_ws/install/robot_localization/share/robot_localization/test/test_ekf_localization_node_interfaces.yaml
[1.570s] -- Up-to-date: /home/floks/ros2_ws/install/robot_localization/share/robot_localization/test/test_ukf_localization_node_interfaces.launch.py
[1.570s] -- Up-to-date: /home/floks/ros2_ws/install/robot_localization/share/robot_localization/test/test_ukf_localization_node_bag2.sh
[1.570s] -- Up-to-date: /home/floks/ros2_ws/install/robot_localization/include/robot_localization
[1.570s] -- Up-to-date: /home/floks/ros2_ws/install/robot_localization/include/robot_localization/robot_localization
[1.571s] -- Up-to-date: /home/floks/ros2_ws/install/robot_localization/include/robot_localization/robot_localization/filter_common.hpp
[1.571s] -- Up-to-date: /home/floks/ros2_ws/install/robot_localization/include/robot_localization/robot_localization/ros_filter_utilities.hpp
[1.571s] -- Up-to-date: /home/floks/ros2_ws/install/robot_localization/include/robot_localization/robot_localization/navsat_transform.hpp
[1.571s] -- Up-to-date: /home/floks/ros2_ws/install/robot_localization/include/robot_localization/robot_localization/measurement.hpp
[1.572s] -- Up-to-date: /home/floks/ros2_ws/install/robot_localization/include/robot_localization/robot_localization/ros_robot_localization_listener.hpp
[1.572s] -- Up-to-date: /home/floks/ros2_ws/install/robot_localization/include/robot_localization/robot_localization/filter_state.hpp
[1.572s] -- Up-to-date: /home/floks/ros2_ws/install/robot_localization/include/robot_localization/robot_localization/ros_filter.hpp
[1.572s] -- Up-to-date: /home/floks/ros2_ws/install/robot_localization/include/robot_localization/robot_localization/ukf.hpp
[1.572s] -- Up-to-date: /home/floks/ros2_ws/install/robot_localization/include/robot_localization/robot_localization/filter_utilities.hpp
[1.572s] -- Up-to-date: /home/floks/ros2_ws/install/robot_localization/include/robot_localization/robot_localization/navsat_conversions.hpp
[1.572s] -- Up-to-date: /home/floks/ros2_ws/install/robot_localization/include/robot_localization/robot_localization/ros_filter_types.hpp
[1.573s] -- Up-to-date: /home/floks/ros2_ws/install/robot_localization/include/robot_localization/robot_localization/filter_base.hpp
[1.573s] -- Up-to-date: /home/floks/ros2_ws/install/robot_localization/include/robot_localization/robot_localization/ekf.hpp
[1.573s] -- Up-to-date: /home/floks/ros2_ws/install/robot_localization/include/robot_localization/robot_localization/robot_localization_estimator.hpp
[1.573s] -- Up-to-date: /home/floks/ros2_ws/install/robot_localization/share/robot_localization/params
[1.573s] -- Up-to-date: /home/floks/ros2_ws/install/robot_localization/share/robot_localization/params/ekf.yaml
[1.574s] -- Up-to-date: /home/floks/ros2_ws/install/robot_localization/share/robot_localization/params/ukf.yaml
[1.574s] -- Up-to-date: /home/floks/ros2_ws/install/robot_localization/share/robot_localization/params/navsat_transform.yaml
[1.574s] -- Up-to-date: /home/floks/ros2_ws/install/robot_localization/share/robot_localization/params/dual_ekf_navsat_example.yaml
[1.574s] -- Up-to-date: /home/floks/ros2_ws/install/robot_localization/share/robot_localization/launch
[1.574s] -- Up-to-date: /home/floks/ros2_ws/install/robot_localization/share/robot_localization/launch/dual_ekf_navsat_example.launch.py
[1.574s] -- Up-to-date: /home/floks/ros2_ws/install/robot_localization/share/robot_localization/launch/navsat_transform.launch.py
[1.574s] -- Up-to-date: /home/floks/ros2_ws/install/robot_localization/share/robot_localization/launch/ekf.launch.py
[1.574s] -- Up-to-date: /home/floks/ros2_ws/install/robot_localization/share/robot_localization/launch/ukf.launch.py
[1.575s] -- Up-to-date: /home/floks/ros2_ws/install/robot_localization/share/robot_localization/cmake/export_robot_localization__rosidl_generator_cExport.cmake
[1.575s] -- Up-to-date: /home/floks/ros2_ws/install/robot_localization/share/robot_localization/cmake/export_robot_localization__rosidl_generator_cExport-release.cmake
[1.575s] -- Up-to-date: /home/floks/ros2_ws/install/robot_localization/share/robot_localization/cmake/export_robot_localization__rosidl_typesupport_fastrtps_cExport.cmake
[1.576s] -- Up-to-date: /home/floks/ros2_ws/install/robot_localization/share/robot_localization/cmake/export_robot_localization__rosidl_typesupport_fastrtps_cExport-release.cmake
[1.576s] -- Up-to-date: /home/floks/ros2_ws/install/robot_localization/share/robot_localization/cmake/export_robot_localization__rosidl_generator_cppExport.cmake
[1.576s] -- Up-to-date: /home/floks/ros2_ws/install/robot_localization/share/robot_localization/cmake/export_robot_localization__rosidl_typesupport_fastrtps_cppExport.cmake
[1.576s] -- Up-to-date: /home/floks/ros2_ws/install/robot_localization/share/robot_localization/cmake/export_robot_localization__rosidl_typesupport_fastrtps_cppExport-release.cmake
[1.576s] -- Up-to-date: /home/floks/ros2_ws/install/robot_localization/share/robot_localization/cmake/robot_localization__rosidl_typesupport_introspection_cExport.cmake
[1.576s] -- Up-to-date: /home/floks/ros2_ws/install/robot_localization/share/robot_localization/cmake/robot_localization__rosidl_typesupport_introspection_cExport-release.cmake
[1.577s] -- Up-to-date: /home/floks/ros2_ws/install/robot_localization/share/robot_localization/cmake/robot_localization__rosidl_typesupport_cExport.cmake
[1.577s] -- Up-to-date: /home/floks/ros2_ws/install/robot_localization/share/robot_localization/cmake/robot_localization__rosidl_typesupport_cExport-release.cmake
[1.577s] -- Up-to-date: /home/floks/ros2_ws/install/robot_localization/share/robot_localization/cmake/robot_localization__rosidl_typesupport_introspection_cppExport.cmake
[1.577s] -- Up-to-date: /home/floks/ros2_ws/install/robot_localization/share/robot_localization/cmake/robot_localization__rosidl_typesupport_introspection_cppExport-release.cmake
[1.578s] -- Up-to-date: /home/floks/ros2_ws/install/robot_localization/share/robot_localization/cmake/robot_localization__rosidl_typesupport_cppExport.cmake
[1.578s] -- Up-to-date: /home/floks/ros2_ws/install/robot_localization/share/robot_localization/cmake/robot_localization__rosidl_typesupport_cppExport-release.cmake
[1.578s] -- Up-to-date: /home/floks/ros2_ws/install/robot_localization/share/robot_localization/cmake/export_robot_localization__rosidl_generator_pyExport.cmake
[1.578s] -- Up-to-date: /home/floks/ros2_ws/install/robot_localization/share/robot_localization/cmake/export_robot_localization__rosidl_generator_pyExport-release.cmake
[1.582s] Invoked command in '/home/floks/ros2_ws/build/robot_localization' returned '0': CMAKE_PREFIX_PATH=/opt/ros/humble /usr/bin/cmake --install /home/floks/ros2_ws/build/robot_localization
