[0.249s] Invoking command in '/home/floks/ros2_ws/build/robot_localization': CMAKE_PREFIX_PATH=/home/floks/ros2_ws/install/my_robot_controller:/opt/ros/humble /usr/bin/cmake /home/floks/ros2_ws/src/robot_localization -DCMAKE_BUILD_TYPE=Release -DAMENT_CMAKE_SYMLINK_INSTALL=1 -DCMAKE_INSTALL_PREFIX=/home/floks/ros2_ws/install/robot_localization
[0.383s] -- The C compiler identification is GNU 11.4.0
[0.486s] -- The CXX compiler identification is GNU 11.4.0
[0.497s] -- Detecting C compiler ABI info
[0.594s] -- Detecting C compiler ABI info - done
[0.604s] -- Check for working C compiler: /usr/bin/cc - skipped
[0.604s] -- Detecting C compile features
[0.605s] -- Detecting C compile features - done
[0.609s] -- Detecting CXX compiler ABI info
[0.715s] -- Detecting CXX compiler ABI info - done
[0.734s] -- Check for working CXX compiler: /usr/bin/c++ - skipped
[0.734s] -- Detecting CXX compile features
[0.735s] -- Detecting CXX compile features - done
[0.740s] -- Found ament_cmake: 1.3.5 (/opt/ros/humble/share/ament_cmake/cmake)
[0.970s] -- Found Python3: /usr/bin/python3.10 (found version "3.10.12") found components: Interpreter 
[1.063s] -- Override CMake install command with custom implementation using symlinks instead of copying resources
[1.106s] -- Found angles: 1.15.0 (/opt/ros/humble/share/angles/cmake)
[1.111s] -- Found rclcpp: 16.0.6 (/opt/ros/humble/share/rclcpp/cmake)
[1.175s] -- Found rosidl_generator_c: 3.1.5 (/opt/ros/humble/share/rosidl_generator_c/cmake)
[1.182s] -- Found rosidl_adapter: 3.1.5 (/opt/ros/humble/share/rosidl_adapter/cmake)
[1.195s] -- Found rosidl_generator_cpp: 3.1.5 (/opt/ros/humble/share/rosidl_generator_cpp/cmake)
[1.215s] -- Using all available rosidl_typesupport_c: rosidl_typesupport_fastrtps_c;rosidl_typesupport_introspection_c
[1.240s] -- Using all available rosidl_typesupport_cpp: rosidl_typesupport_fastrtps_cpp;rosidl_typesupport_introspection_cpp
[1.332s] -- Found rmw_implementation_cmake: 6.1.1 (/opt/ros/humble/share/rmw_implementation_cmake/cmake)
[1.335s] -- Found rmw_fastrtps_cpp: 6.2.4 (/opt/ros/humble/share/rmw_fastrtps_cpp/cmake)
[1.460s] -- Found OpenSSL: /usr/lib/x86_64-linux-gnu/libcrypto.so (found version "3.0.2")  
[1.492s] -- Found FastRTPS: /opt/ros/humble/include  
[1.548s] -- Using RMW implementation 'rmw_fastrtps_cpp' as default
[1.562s] -- Looking for pthread.h
[1.664s] -- Looking for pthread.h - found
[1.664s] -- Performing Test CMAKE_HAVE_LIBC_PTHREAD
[1.764s] -- Performing Test CMAKE_HAVE_LIBC_PTHREAD - Success
[1.766s] -- Found Threads: TRUE  
[1.977s] -- Found diagnostic_msgs: 4.2.3 (/opt/ros/humble/share/diagnostic_msgs/cmake)
[2.043s] [31mCMake Error at CMakeLists.txt:21 (find_package):
[2.043s]   By not providing "Finddiagnostic_updater.cmake" in CMAKE_MODULE_PATH this
[2.043s]   project has asked CMake to find a package configuration file provided by
[2.043s]   "diagnostic_updater", but CMake did not find one.
[2.043s] 
[2.043s]   Could not find a package configuration file provided by
[2.043s]   "diagnostic_updater" with any of the following names:
[2.043s] 
[2.043s]     diagnostic_updaterConfig.cmake
[2.043s]     diagnostic_updater-config.cmake
[2.044s] 
[2.044s]   Add the installation prefix of "diagnostic_updater" to CMAKE_PREFIX_PATH or
[2.044s]   set "diagnostic_updater_DIR" to a directory containing one of the above
[2.044s]   files.  If "diagnostic_updater" provides a separate development package or
[2.044s]   SDK, be sure it has been installed.
[2.044s] 
[2.044s] [0m
[2.044s] -- Configuring incomplete, errors occurred!
[2.044s] See also "/home/floks/ros2_ws/build/robot_localization/CMakeFiles/CMakeOutput.log".
[2.057s] Invoked command in '/home/floks/ros2_ws/build/robot_localization' returned '1': CMAKE_PREFIX_PATH=/home/floks/ros2_ws/install/my_robot_controller:/opt/ros/humble /usr/bin/cmake /home/floks/ros2_ws/src/robot_localization -DCMAKE_BUILD_TYPE=Release -DAMENT_CMAKE_SYMLINK_INSTALL=1 -DCMAKE_INSTALL_PREFIX=/home/floks/ros2_ws/install/robot_localization
