[1.233s] DEBUG:colcon:Command line arguments: ['/usr/bin/colcon', 'build', '--symlink-install', '--cmake-args=-DCMAKE_BUILD_TYPE=Release', '--parallel-workers', '8']
[1.234s] DEBUG:colcon:Parsed command line arguments: Namespace(log_base=None, log_level=None, verb_name='build', build_base='build', install_base='install', merge_install=False, symlink_install=True, test_result_base=None, continue_on_error=False, executor='parallel', parallel_workers=8, event_handlers=None, ignore_user_meta=False, metas=['./colcon.meta'], base_paths=['.'], packages_ignore=None, packages_ignore_regex=None, paths=None, packages_up_to=None, packages_up_to_regex=None, packages_above=None, packages_above_and_dependencies=None, packages_above_depth=None, packages_select_by_dep=None, packages_skip_by_dep=None, packages_skip_up_to=None, packages_select_build_failed=False, packages_skip_build_finished=False, packages_select_test_failures=False, packages_skip_test_passed=False, packages_select=None, packages_skip=None, packages_select_regex=None, packages_skip_regex=None, packages_start=None, packages_end=None, allow_overriding=[], cmake_args=['-DCMAKE_BUILD_TYPE=Release'], cmake_target=None, cmake_target_skip_unavailable=False, cmake_clean_cache=False, cmake_clean_first=False, cmake_force_configure=False, ament_cmake_args=None, catkin_cmake_args=None, catkin_skip_building_tests=False, verb_parser=<colcon_defaults.argument_parser.defaults.DefaultArgumentsDecorator object at 0x7f9704544d60>, verb_extension=<colcon_core.verb.build.BuildVerb object at 0x7f9704546c50>, main=<bound method BuildVerb.main of <colcon_core.verb.build.BuildVerb object at 0x7f9704546c50>>)
[1.296s] Level 1:colcon.colcon_core.package_discovery:discover_packages(colcon_meta) check parameters
[1.296s] Level 1:colcon.colcon_core.package_discovery:discover_packages(recursive) check parameters
[1.296s] Level 1:colcon.colcon_core.package_discovery:discover_packages(ignore) check parameters
[1.296s] Level 1:colcon.colcon_core.package_discovery:discover_packages(path) check parameters
[1.296s] Level 1:colcon.colcon_core.package_discovery:discover_packages(colcon_meta) discover
[1.296s] Level 1:colcon.colcon_core.package_discovery:discover_packages(recursive) discover
[1.296s] INFO:colcon.colcon_core.package_discovery:Crawling recursively for packages in '/home/floks/ros2_ws'
[1.296s] Level 1:colcon.colcon_core.package_identification:_identify(.) by extensions ['ignore', 'ignore_ament_install']
[1.296s] Level 1:colcon.colcon_core.package_identification:_identify(.) by extension 'ignore'
[1.296s] Level 1:colcon.colcon_core.package_identification:_identify(.) by extension 'ignore_ament_install'
[1.296s] Level 1:colcon.colcon_core.package_identification:_identify(.) by extensions ['colcon_pkg']
[1.296s] Level 1:colcon.colcon_core.package_identification:_identify(.) by extension 'colcon_pkg'
[1.296s] Level 1:colcon.colcon_core.package_identification:_identify(.) by extensions ['colcon_meta']
[1.296s] Level 1:colcon.colcon_core.package_identification:_identify(.) by extension 'colcon_meta'
[1.296s] Level 1:colcon.colcon_core.package_identification:_identify(.) by extensions ['ros']
[1.296s] Level 1:colcon.colcon_core.package_identification:_identify(.) by extension 'ros'
[1.309s] Level 1:colcon.colcon_core.package_identification:_identify(.) by extensions ['cmake', 'python']
[1.310s] Level 1:colcon.colcon_core.package_identification:_identify(.) by extension 'cmake'
[1.310s] Level 1:colcon.colcon_core.package_identification:_identify(.) by extension 'python'
[1.310s] Level 1:colcon.colcon_core.package_identification:_identify(.) by extensions ['python_setup_py']
[1.310s] Level 1:colcon.colcon_core.package_identification:_identify(.) by extension 'python_setup_py'
[1.310s] Level 1:colcon.colcon_core.package_identification:_identify(build) by extensions ['ignore', 'ignore_ament_install']
[1.310s] Level 1:colcon.colcon_core.package_identification:_identify(build) by extension 'ignore'
[1.310s] Level 1:colcon.colcon_core.package_identification:_identify(build) ignored
[1.310s] Level 1:colcon.colcon_core.package_identification:_identify(install) by extensions ['ignore', 'ignore_ament_install']
[1.310s] Level 1:colcon.colcon_core.package_identification:_identify(install) by extension 'ignore'
[1.310s] Level 1:colcon.colcon_core.package_identification:_identify(install) ignored
[1.310s] Level 1:colcon.colcon_core.package_identification:_identify(log) by extensions ['ignore', 'ignore_ament_install']
[1.310s] Level 1:colcon.colcon_core.package_identification:_identify(log) by extension 'ignore'
[1.310s] Level 1:colcon.colcon_core.package_identification:_identify(log) ignored
[1.311s] Level 1:colcon.colcon_core.package_identification:_identify(src) by extensions ['ignore', 'ignore_ament_install']
[1.311s] Level 1:colcon.colcon_core.package_identification:_identify(src) by extension 'ignore'
[1.311s] Level 1:colcon.colcon_core.package_identification:_identify(src) by extension 'ignore_ament_install'
[1.311s] Level 1:colcon.colcon_core.package_identification:_identify(src) by extensions ['colcon_pkg']
[1.311s] Level 1:colcon.colcon_core.package_identification:_identify(src) by extension 'colcon_pkg'
[1.311s] Level 1:colcon.colcon_core.package_identification:_identify(src) by extensions ['colcon_meta']
[1.311s] Level 1:colcon.colcon_core.package_identification:_identify(src) by extension 'colcon_meta'
[1.311s] Level 1:colcon.colcon_core.package_identification:_identify(src) by extensions ['ros']
[1.311s] Level 1:colcon.colcon_core.package_identification:_identify(src) by extension 'ros'
[1.311s] Level 1:colcon.colcon_core.package_identification:_identify(src) by extensions ['cmake', 'python']
[1.311s] Level 1:colcon.colcon_core.package_identification:_identify(src) by extension 'cmake'
[1.311s] Level 1:colcon.colcon_core.package_identification:_identify(src) by extension 'python'
[1.311s] Level 1:colcon.colcon_core.package_identification:_identify(src) by extensions ['python_setup_py']
[1.311s] Level 1:colcon.colcon_core.package_identification:_identify(src) by extension 'python_setup_py'
[1.312s] Level 1:colcon.colcon_core.package_identification:_identify(src/robot_localization) by extensions ['ignore', 'ignore_ament_install']
[1.312s] Level 1:colcon.colcon_core.package_identification:_identify(src/robot_localization) by extension 'ignore'
[1.312s] Level 1:colcon.colcon_core.package_identification:_identify(src/robot_localization) by extension 'ignore_ament_install'
[1.312s] Level 1:colcon.colcon_core.package_identification:_identify(src/robot_localization) by extensions ['colcon_pkg']
[1.312s] Level 1:colcon.colcon_core.package_identification:_identify(src/robot_localization) by extension 'colcon_pkg'
[1.312s] Level 1:colcon.colcon_core.package_identification:_identify(src/robot_localization) by extensions ['colcon_meta']
[1.312s] Level 1:colcon.colcon_core.package_identification:_identify(src/robot_localization) by extension 'colcon_meta'
[1.312s] Level 1:colcon.colcon_core.package_identification:_identify(src/robot_localization) by extensions ['ros']
[1.312s] Level 1:colcon.colcon_core.package_identification:_identify(src/robot_localization) by extension 'ros'
[1.316s] DEBUG:colcon.colcon_core.package_identification:Package 'src/robot_localization' with type 'ros.ament_cmake' and name 'robot_localization'
[1.317s] Level 1:colcon.colcon_core.package_identification:_identify(src/slam_toolbox) by extensions ['ignore', 'ignore_ament_install']
[1.317s] Level 1:colcon.colcon_core.package_identification:_identify(src/slam_toolbox) by extension 'ignore'
[1.317s] Level 1:colcon.colcon_core.package_identification:_identify(src/slam_toolbox) by extension 'ignore_ament_install'
[1.317s] Level 1:colcon.colcon_core.package_identification:_identify(src/slam_toolbox) by extensions ['colcon_pkg']
[1.317s] Level 1:colcon.colcon_core.package_identification:_identify(src/slam_toolbox) by extension 'colcon_pkg'
[1.317s] Level 1:colcon.colcon_core.package_identification:_identify(src/slam_toolbox) by extensions ['colcon_meta']
[1.317s] Level 1:colcon.colcon_core.package_identification:_identify(src/slam_toolbox) by extension 'colcon_meta'
[1.317s] Level 1:colcon.colcon_core.package_identification:_identify(src/slam_toolbox) by extensions ['ros']
[1.317s] Level 1:colcon.colcon_core.package_identification:_identify(src/slam_toolbox) by extension 'ros'
[1.319s] DEBUG:colcon.colcon_core.package_identification:Package 'src/slam_toolbox' with type 'ros.ament_cmake' and name 'slam_toolbox'
[1.319s] Level 1:colcon.colcon_core.package_identification:_identify(src/zed-ros2-wrapper) by extensions ['ignore', 'ignore_ament_install']
[1.319s] Level 1:colcon.colcon_core.package_identification:_identify(src/zed-ros2-wrapper) by extension 'ignore'
[1.319s] Level 1:colcon.colcon_core.package_identification:_identify(src/zed-ros2-wrapper) by extension 'ignore_ament_install'
[1.319s] Level 1:colcon.colcon_core.package_identification:_identify(src/zed-ros2-wrapper) by extensions ['colcon_pkg']
[1.319s] Level 1:colcon.colcon_core.package_identification:_identify(src/zed-ros2-wrapper) by extension 'colcon_pkg'
[1.319s] Level 1:colcon.colcon_core.package_identification:_identify(src/zed-ros2-wrapper) by extensions ['colcon_meta']
[1.319s] Level 1:colcon.colcon_core.package_identification:_identify(src/zed-ros2-wrapper) by extension 'colcon_meta'
[1.319s] Level 1:colcon.colcon_core.package_identification:_identify(src/zed-ros2-wrapper) by extensions ['ros']
[1.319s] Level 1:colcon.colcon_core.package_identification:_identify(src/zed-ros2-wrapper) by extension 'ros'
[1.319s] Level 1:colcon.colcon_core.package_identification:_identify(src/zed-ros2-wrapper) by extensions ['cmake', 'python']
[1.319s] Level 1:colcon.colcon_core.package_identification:_identify(src/zed-ros2-wrapper) by extension 'cmake'
[1.320s] Level 1:colcon.colcon_core.package_identification:_identify(src/zed-ros2-wrapper) by extension 'python'
[1.320s] Level 1:colcon.colcon_core.package_identification:_identify(src/zed-ros2-wrapper) by extensions ['python_setup_py']
[1.320s] Level 1:colcon.colcon_core.package_identification:_identify(src/zed-ros2-wrapper) by extension 'python_setup_py'
[1.320s] Level 1:colcon.colcon_core.package_identification:_identify(src/zed-ros2-wrapper/docker) by extensions ['ignore', 'ignore_ament_install']
[1.320s] Level 1:colcon.colcon_core.package_identification:_identify(src/zed-ros2-wrapper/docker) by extension 'ignore'
[1.320s] Level 1:colcon.colcon_core.package_identification:_identify(src/zed-ros2-wrapper/docker) by extension 'ignore_ament_install'
[1.320s] Level 1:colcon.colcon_core.package_identification:_identify(src/zed-ros2-wrapper/docker) by extensions ['colcon_pkg']
[1.320s] Level 1:colcon.colcon_core.package_identification:_identify(src/zed-ros2-wrapper/docker) by extension 'colcon_pkg'
[1.320s] Level 1:colcon.colcon_core.package_identification:_identify(src/zed-ros2-wrapper/docker) by extensions ['colcon_meta']
[1.320s] Level 1:colcon.colcon_core.package_identification:_identify(src/zed-ros2-wrapper/docker) by extension 'colcon_meta'
[1.320s] Level 1:colcon.colcon_core.package_identification:_identify(src/zed-ros2-wrapper/docker) by extensions ['ros']
[1.320s] Level 1:colcon.colcon_core.package_identification:_identify(src/zed-ros2-wrapper/docker) by extension 'ros'
[1.320s] Level 1:colcon.colcon_core.package_identification:_identify(src/zed-ros2-wrapper/docker) by extensions ['cmake', 'python']
[1.320s] Level 1:colcon.colcon_core.package_identification:_identify(src/zed-ros2-wrapper/docker) by extension 'cmake'
[1.320s] Level 1:colcon.colcon_core.package_identification:_identify(src/zed-ros2-wrapper/docker) by extension 'python'
[1.320s] Level 1:colcon.colcon_core.package_identification:_identify(src/zed-ros2-wrapper/docker) by extensions ['python_setup_py']
[1.320s] Level 1:colcon.colcon_core.package_identification:_identify(src/zed-ros2-wrapper/docker) by extension 'python_setup_py'
[1.321s] Level 1:colcon.colcon_core.package_identification:_identify(src/zed-ros2-wrapper/images) by extensions ['ignore', 'ignore_ament_install']
[1.321s] Level 1:colcon.colcon_core.package_identification:_identify(src/zed-ros2-wrapper/images) by extension 'ignore'
[1.321s] Level 1:colcon.colcon_core.package_identification:_identify(src/zed-ros2-wrapper/images) by extension 'ignore_ament_install'
[1.321s] Level 1:colcon.colcon_core.package_identification:_identify(src/zed-ros2-wrapper/images) by extensions ['colcon_pkg']
[1.321s] Level 1:colcon.colcon_core.package_identification:_identify(src/zed-ros2-wrapper/images) by extension 'colcon_pkg'
[1.321s] Level 1:colcon.colcon_core.package_identification:_identify(src/zed-ros2-wrapper/images) by extensions ['colcon_meta']
[1.321s] Level 1:colcon.colcon_core.package_identification:_identify(src/zed-ros2-wrapper/images) by extension 'colcon_meta'
[1.321s] Level 1:colcon.colcon_core.package_identification:_identify(src/zed-ros2-wrapper/images) by extensions ['ros']
[1.321s] Level 1:colcon.colcon_core.package_identification:_identify(src/zed-ros2-wrapper/images) by extension 'ros'
[1.321s] Level 1:colcon.colcon_core.package_identification:_identify(src/zed-ros2-wrapper/images) by extensions ['cmake', 'python']
[1.321s] Level 1:colcon.colcon_core.package_identification:_identify(src/zed-ros2-wrapper/images) by extension 'cmake'
[1.321s] Level 1:colcon.colcon_core.package_identification:_identify(src/zed-ros2-wrapper/images) by extension 'python'
[1.321s] Level 1:colcon.colcon_core.package_identification:_identify(src/zed-ros2-wrapper/images) by extensions ['python_setup_py']
[1.321s] Level 1:colcon.colcon_core.package_identification:_identify(src/zed-ros2-wrapper/images) by extension 'python_setup_py'
[1.321s] Level 1:colcon.colcon_core.package_identification:_identify(src/zed-ros2-wrapper/zed-ros2-interfaces) by extensions ['ignore', 'ignore_ament_install']
[1.322s] Level 1:colcon.colcon_core.package_identification:_identify(src/zed-ros2-wrapper/zed-ros2-interfaces) by extension 'ignore'
[1.322s] Level 1:colcon.colcon_core.package_identification:_identify(src/zed-ros2-wrapper/zed-ros2-interfaces) by extension 'ignore_ament_install'
[1.322s] Level 1:colcon.colcon_core.package_identification:_identify(src/zed-ros2-wrapper/zed-ros2-interfaces) by extensions ['colcon_pkg']
[1.322s] Level 1:colcon.colcon_core.package_identification:_identify(src/zed-ros2-wrapper/zed-ros2-interfaces) by extension 'colcon_pkg'
[1.322s] Level 1:colcon.colcon_core.package_identification:_identify(src/zed-ros2-wrapper/zed-ros2-interfaces) by extensions ['colcon_meta']
[1.322s] Level 1:colcon.colcon_core.package_identification:_identify(src/zed-ros2-wrapper/zed-ros2-interfaces) by extension 'colcon_meta'
[1.322s] Level 1:colcon.colcon_core.package_identification:_identify(src/zed-ros2-wrapper/zed-ros2-interfaces) by extensions ['ros']
[1.322s] Level 1:colcon.colcon_core.package_identification:_identify(src/zed-ros2-wrapper/zed-ros2-interfaces) by extension 'ros'
[1.323s] DEBUG:colcon.colcon_core.package_identification:Package 'src/zed-ros2-wrapper/zed-ros2-interfaces' with type 'ros.ament_cmake' and name 'zed_interfaces'
[1.323s] Level 1:colcon.colcon_core.package_identification:_identify(src/zed-ros2-wrapper/zed_components) by extensions ['ignore', 'ignore_ament_install']
[1.323s] Level 1:colcon.colcon_core.package_identification:_identify(src/zed-ros2-wrapper/zed_components) by extension 'ignore'
[1.323s] Level 1:colcon.colcon_core.package_identification:_identify(src/zed-ros2-wrapper/zed_components) by extension 'ignore_ament_install'
[1.323s] Level 1:colcon.colcon_core.package_identification:_identify(src/zed-ros2-wrapper/zed_components) by extensions ['colcon_pkg']
[1.323s] Level 1:colcon.colcon_core.package_identification:_identify(src/zed-ros2-wrapper/zed_components) by extension 'colcon_pkg'
[1.323s] Level 1:colcon.colcon_core.package_identification:_identify(src/zed-ros2-wrapper/zed_components) by extensions ['colcon_meta']
[1.323s] Level 1:colcon.colcon_core.package_identification:_identify(src/zed-ros2-wrapper/zed_components) by extension 'colcon_meta'
[1.323s] Level 1:colcon.colcon_core.package_identification:_identify(src/zed-ros2-wrapper/zed_components) by extensions ['ros']
[1.323s] Level 1:colcon.colcon_core.package_identification:_identify(src/zed-ros2-wrapper/zed_components) by extension 'ros'
[1.324s] DEBUG:colcon.colcon_core.package_identification:Package 'src/zed-ros2-wrapper/zed_components' with type 'ros.ament_cmake' and name 'zed_components'
[1.325s] Level 1:colcon.colcon_core.package_identification:_identify(src/zed-ros2-wrapper/zed_ros2) by extensions ['ignore', 'ignore_ament_install']
[1.325s] Level 1:colcon.colcon_core.package_identification:_identify(src/zed-ros2-wrapper/zed_ros2) by extension 'ignore'
[1.325s] Level 1:colcon.colcon_core.package_identification:_identify(src/zed-ros2-wrapper/zed_ros2) by extension 'ignore_ament_install'
[1.325s] Level 1:colcon.colcon_core.package_identification:_identify(src/zed-ros2-wrapper/zed_ros2) by extensions ['colcon_pkg']
[1.325s] Level 1:colcon.colcon_core.package_identification:_identify(src/zed-ros2-wrapper/zed_ros2) by extension 'colcon_pkg'
[1.325s] Level 1:colcon.colcon_core.package_identification:_identify(src/zed-ros2-wrapper/zed_ros2) by extensions ['colcon_meta']
[1.325s] Level 1:colcon.colcon_core.package_identification:_identify(src/zed-ros2-wrapper/zed_ros2) by extension 'colcon_meta'
[1.325s] Level 1:colcon.colcon_core.package_identification:_identify(src/zed-ros2-wrapper/zed_ros2) by extensions ['ros']
[1.325s] Level 1:colcon.colcon_core.package_identification:_identify(src/zed-ros2-wrapper/zed_ros2) by extension 'ros'
[1.326s] DEBUG:colcon.colcon_core.package_identification:Package 'src/zed-ros2-wrapper/zed_ros2' with type 'ros.ament_cmake' and name 'zed_ros2'
[1.326s] Level 1:colcon.colcon_core.package_identification:_identify(src/zed-ros2-wrapper/zed_wrapper) by extensions ['ignore', 'ignore_ament_install']
[1.326s] Level 1:colcon.colcon_core.package_identification:_identify(src/zed-ros2-wrapper/zed_wrapper) by extension 'ignore'
[1.326s] Level 1:colcon.colcon_core.package_identification:_identify(src/zed-ros2-wrapper/zed_wrapper) by extension 'ignore_ament_install'
[1.326s] Level 1:colcon.colcon_core.package_identification:_identify(src/zed-ros2-wrapper/zed_wrapper) by extensions ['colcon_pkg']
[1.326s] Level 1:colcon.colcon_core.package_identification:_identify(src/zed-ros2-wrapper/zed_wrapper) by extension 'colcon_pkg'
[1.326s] Level 1:colcon.colcon_core.package_identification:_identify(src/zed-ros2-wrapper/zed_wrapper) by extensions ['colcon_meta']
[1.326s] Level 1:colcon.colcon_core.package_identification:_identify(src/zed-ros2-wrapper/zed_wrapper) by extension 'colcon_meta'
[1.326s] Level 1:colcon.colcon_core.package_identification:_identify(src/zed-ros2-wrapper/zed_wrapper) by extensions ['ros']
[1.326s] Level 1:colcon.colcon_core.package_identification:_identify(src/zed-ros2-wrapper/zed_wrapper) by extension 'ros'
[1.327s] DEBUG:colcon.colcon_core.package_identification:Package 'src/zed-ros2-wrapper/zed_wrapper' with type 'ros.ament_cmake' and name 'zed_wrapper'
[1.327s] Level 1:colcon.colcon_core.package_discovery:discover_packages(recursive) using defaults
[1.327s] Level 1:colcon.colcon_core.package_discovery:discover_packages(ignore) discover
[1.327s] Level 1:colcon.colcon_core.package_discovery:discover_packages(ignore) using defaults
[1.327s] Level 1:colcon.colcon_core.package_discovery:discover_packages(path) discover
[1.327s] Level 1:colcon.colcon_core.package_discovery:discover_packages(path) using defaults
[1.436s] Level 1:colcon.colcon_core.package_discovery:discover_packages(prefix_path) check parameters
[1.436s] Level 1:colcon.colcon_core.package_discovery:discover_packages(prefix_path) discover
[1.454s] WARNING:colcon.colcon_ros.prefix_path.catkin:The path '/path/to/zed-sdk' in the environment variable CMAKE_PREFIX_PATH doesn't exist
[1.488s] DEBUG:colcon.colcon_installed_package_information.package_discovery:Found 4 installed packages in /home/floks/ros2_ws/install
[1.511s] DEBUG:colcon.colcon_installed_package_information.package_discovery:Found 281 installed packages in /opt/ros/humble
[1.513s] Level 1:colcon.colcon_core.package_discovery:discover_packages(prefix_path) using defaults
[1.637s] Level 5:colcon.colcon_core.verb:set package 'robot_localization' build argument 'cmake_args' from command line to '['-DCMAKE_BUILD_TYPE=Release']'
[1.637s] Level 5:colcon.colcon_core.verb:set package 'robot_localization' build argument 'cmake_target' from command line to 'None'
[1.637s] Level 5:colcon.colcon_core.verb:set package 'robot_localization' build argument 'cmake_target_skip_unavailable' from command line to 'False'
[1.637s] Level 5:colcon.colcon_core.verb:set package 'robot_localization' build argument 'cmake_clean_cache' from command line to 'False'
[1.637s] Level 5:colcon.colcon_core.verb:set package 'robot_localization' build argument 'cmake_clean_first' from command line to 'False'
[1.637s] Level 5:colcon.colcon_core.verb:set package 'robot_localization' build argument 'cmake_force_configure' from command line to 'False'
[1.637s] Level 5:colcon.colcon_core.verb:set package 'robot_localization' build argument 'ament_cmake_args' from command line to 'None'
[1.638s] Level 5:colcon.colcon_core.verb:set package 'robot_localization' build argument 'catkin_cmake_args' from command line to 'None'
[1.638s] Level 5:colcon.colcon_core.verb:set package 'robot_localization' build argument 'catkin_skip_building_tests' from command line to 'False'
[1.638s] DEBUG:colcon.colcon_core.verb:Building package 'robot_localization' with the following arguments: {'ament_cmake_args': None, 'build_base': '/home/floks/ros2_ws/build/robot_localization', 'catkin_cmake_args': None, 'catkin_skip_building_tests': False, 'cmake_args': ['-DCMAKE_BUILD_TYPE=Release'], 'cmake_clean_cache': False, 'cmake_clean_first': False, 'cmake_force_configure': False, 'cmake_target': None, 'cmake_target_skip_unavailable': False, 'install_base': '/home/floks/ros2_ws/install/robot_localization', 'merge_install': False, 'path': '/home/floks/ros2_ws/src/robot_localization', 'symlink_install': True, 'test_result_base': None}
[1.654s] Level 5:colcon.colcon_core.verb:set package 'slam_toolbox' build argument 'cmake_args' from command line to '['-DCMAKE_BUILD_TYPE=Release']'
[1.654s] Level 5:colcon.colcon_core.verb:set package 'slam_toolbox' build argument 'cmake_target' from command line to 'None'
[1.654s] Level 5:colcon.colcon_core.verb:set package 'slam_toolbox' build argument 'cmake_target_skip_unavailable' from command line to 'False'
[1.654s] Level 5:colcon.colcon_core.verb:set package 'slam_toolbox' build argument 'cmake_clean_cache' from command line to 'False'
[1.654s] Level 5:colcon.colcon_core.verb:set package 'slam_toolbox' build argument 'cmake_clean_first' from command line to 'False'
[1.654s] Level 5:colcon.colcon_core.verb:set package 'slam_toolbox' build argument 'cmake_force_configure' from command line to 'False'
[1.654s] Level 5:colcon.colcon_core.verb:set package 'slam_toolbox' build argument 'ament_cmake_args' from command line to 'None'
[1.654s] Level 5:colcon.colcon_core.verb:set package 'slam_toolbox' build argument 'catkin_cmake_args' from command line to 'None'
[1.654s] Level 5:colcon.colcon_core.verb:set package 'slam_toolbox' build argument 'catkin_skip_building_tests' from command line to 'False'
[1.654s] DEBUG:colcon.colcon_core.verb:Building package 'slam_toolbox' with the following arguments: {'ament_cmake_args': None, 'build_base': '/home/floks/ros2_ws/build/slam_toolbox', 'catkin_cmake_args': None, 'catkin_skip_building_tests': False, 'cmake_args': ['-DCMAKE_BUILD_TYPE=Release'], 'cmake_clean_cache': False, 'cmake_clean_first': False, 'cmake_force_configure': False, 'cmake_target': None, 'cmake_target_skip_unavailable': False, 'install_base': '/home/floks/ros2_ws/install/slam_toolbox', 'merge_install': False, 'path': '/home/floks/ros2_ws/src/slam_toolbox', 'symlink_install': True, 'test_result_base': None}
[1.672s] Level 5:colcon.colcon_core.verb:set package 'zed_interfaces' build argument 'cmake_args' from command line to '['-DCMAKE_BUILD_TYPE=Release']'
[1.672s] Level 5:colcon.colcon_core.verb:set package 'zed_interfaces' build argument 'cmake_target' from command line to 'None'
[1.672s] Level 5:colcon.colcon_core.verb:set package 'zed_interfaces' build argument 'cmake_target_skip_unavailable' from command line to 'False'
[1.672s] Level 5:colcon.colcon_core.verb:set package 'zed_interfaces' build argument 'cmake_clean_cache' from command line to 'False'
[1.672s] Level 5:colcon.colcon_core.verb:set package 'zed_interfaces' build argument 'cmake_clean_first' from command line to 'False'
[1.672s] Level 5:colcon.colcon_core.verb:set package 'zed_interfaces' build argument 'cmake_force_configure' from command line to 'False'
[1.672s] Level 5:colcon.colcon_core.verb:set package 'zed_interfaces' build argument 'ament_cmake_args' from command line to 'None'
[1.672s] Level 5:colcon.colcon_core.verb:set package 'zed_interfaces' build argument 'catkin_cmake_args' from command line to 'None'
[1.672s] Level 5:colcon.colcon_core.verb:set package 'zed_interfaces' build argument 'catkin_skip_building_tests' from command line to 'False'
[1.673s] DEBUG:colcon.colcon_core.verb:Building package 'zed_interfaces' with the following arguments: {'ament_cmake_args': None, 'build_base': '/home/floks/ros2_ws/build/zed_interfaces', 'catkin_cmake_args': None, 'catkin_skip_building_tests': False, 'cmake_args': ['-DCMAKE_BUILD_TYPE=Release'], 'cmake_clean_cache': False, 'cmake_clean_first': False, 'cmake_force_configure': False, 'cmake_target': None, 'cmake_target_skip_unavailable': False, 'install_base': '/home/floks/ros2_ws/install/zed_interfaces', 'merge_install': False, 'path': '/home/floks/ros2_ws/src/zed-ros2-wrapper/zed-ros2-interfaces', 'symlink_install': True, 'test_result_base': None}
[1.690s] Level 5:colcon.colcon_core.verb:set package 'zed_components' build argument 'cmake_args' from command line to '['-DCMAKE_BUILD_TYPE=Release']'
[1.690s] Level 5:colcon.colcon_core.verb:set package 'zed_components' build argument 'cmake_target' from command line to 'None'
[1.690s] Level 5:colcon.colcon_core.verb:set package 'zed_components' build argument 'cmake_target_skip_unavailable' from command line to 'False'
[1.690s] Level 5:colcon.colcon_core.verb:set package 'zed_components' build argument 'cmake_clean_cache' from command line to 'False'
[1.690s] Level 5:colcon.colcon_core.verb:set package 'zed_components' build argument 'cmake_clean_first' from command line to 'False'
[1.690s] Level 5:colcon.colcon_core.verb:set package 'zed_components' build argument 'cmake_force_configure' from command line to 'False'
[1.690s] Level 5:colcon.colcon_core.verb:set package 'zed_components' build argument 'ament_cmake_args' from command line to 'None'
[1.690s] Level 5:colcon.colcon_core.verb:set package 'zed_components' build argument 'catkin_cmake_args' from command line to 'None'
[1.690s] Level 5:colcon.colcon_core.verb:set package 'zed_components' build argument 'catkin_skip_building_tests' from command line to 'False'
[1.690s] DEBUG:colcon.colcon_core.verb:Building package 'zed_components' with the following arguments: {'ament_cmake_args': None, 'build_base': '/home/floks/ros2_ws/build/zed_components', 'catkin_cmake_args': None, 'catkin_skip_building_tests': False, 'cmake_args': ['-DCMAKE_BUILD_TYPE=Release'], 'cmake_clean_cache': False, 'cmake_clean_first': False, 'cmake_force_configure': False, 'cmake_target': None, 'cmake_target_skip_unavailable': False, 'install_base': '/home/floks/ros2_ws/install/zed_components', 'merge_install': False, 'path': '/home/floks/ros2_ws/src/zed-ros2-wrapper/zed_components', 'symlink_install': True, 'test_result_base': None}
[1.708s] Level 5:colcon.colcon_core.verb:set package 'zed_wrapper' build argument 'cmake_args' from command line to '['-DCMAKE_BUILD_TYPE=Release']'
[1.708s] Level 5:colcon.colcon_core.verb:set package 'zed_wrapper' build argument 'cmake_target' from command line to 'None'
[1.708s] Level 5:colcon.colcon_core.verb:set package 'zed_wrapper' build argument 'cmake_target_skip_unavailable' from command line to 'False'
[1.708s] Level 5:colcon.colcon_core.verb:set package 'zed_wrapper' build argument 'cmake_clean_cache' from command line to 'False'
[1.708s] Level 5:colcon.colcon_core.verb:set package 'zed_wrapper' build argument 'cmake_clean_first' from command line to 'False'
[1.708s] Level 5:colcon.colcon_core.verb:set package 'zed_wrapper' build argument 'cmake_force_configure' from command line to 'False'
[1.708s] Level 5:colcon.colcon_core.verb:set package 'zed_wrapper' build argument 'ament_cmake_args' from command line to 'None'
[1.708s] Level 5:colcon.colcon_core.verb:set package 'zed_wrapper' build argument 'catkin_cmake_args' from command line to 'None'
[1.708s] Level 5:colcon.colcon_core.verb:set package 'zed_wrapper' build argument 'catkin_skip_building_tests' from command line to 'False'
[1.708s] DEBUG:colcon.colcon_core.verb:Building package 'zed_wrapper' with the following arguments: {'ament_cmake_args': None, 'build_base': '/home/floks/ros2_ws/build/zed_wrapper', 'catkin_cmake_args': None, 'catkin_skip_building_tests': False, 'cmake_args': ['-DCMAKE_BUILD_TYPE=Release'], 'cmake_clean_cache': False, 'cmake_clean_first': False, 'cmake_force_configure': False, 'cmake_target': None, 'cmake_target_skip_unavailable': False, 'install_base': '/home/floks/ros2_ws/install/zed_wrapper', 'merge_install': False, 'path': '/home/floks/ros2_ws/src/zed-ros2-wrapper/zed_wrapper', 'symlink_install': True, 'test_result_base': None}
[1.726s] Level 5:colcon.colcon_core.verb:set package 'zed_ros2' build argument 'cmake_args' from command line to '['-DCMAKE_BUILD_TYPE=Release']'
[1.726s] Level 5:colcon.colcon_core.verb:set package 'zed_ros2' build argument 'cmake_target' from command line to 'None'
[1.726s] Level 5:colcon.colcon_core.verb:set package 'zed_ros2' build argument 'cmake_target_skip_unavailable' from command line to 'False'
[1.726s] Level 5:colcon.colcon_core.verb:set package 'zed_ros2' build argument 'cmake_clean_cache' from command line to 'False'
[1.726s] Level 5:colcon.colcon_core.verb:set package 'zed_ros2' build argument 'cmake_clean_first' from command line to 'False'
[1.727s] Level 5:colcon.colcon_core.verb:set package 'zed_ros2' build argument 'cmake_force_configure' from command line to 'False'
[1.727s] Level 5:colcon.colcon_core.verb:set package 'zed_ros2' build argument 'ament_cmake_args' from command line to 'None'
[1.727s] Level 5:colcon.colcon_core.verb:set package 'zed_ros2' build argument 'catkin_cmake_args' from command line to 'None'
[1.727s] Level 5:colcon.colcon_core.verb:set package 'zed_ros2' build argument 'catkin_skip_building_tests' from command line to 'False'
[1.727s] DEBUG:colcon.colcon_core.verb:Building package 'zed_ros2' with the following arguments: {'ament_cmake_args': None, 'build_base': '/home/floks/ros2_ws/build/zed_ros2', 'catkin_cmake_args': None, 'catkin_skip_building_tests': False, 'cmake_args': ['-DCMAKE_BUILD_TYPE=Release'], 'cmake_clean_cache': False, 'cmake_clean_first': False, 'cmake_force_configure': False, 'cmake_target': None, 'cmake_target_skip_unavailable': False, 'install_base': '/home/floks/ros2_ws/install/zed_ros2', 'merge_install': False, 'path': '/home/floks/ros2_ws/src/zed-ros2-wrapper/zed_ros2', 'symlink_install': True, 'test_result_base': None}
[1.743s] INFO:colcon.colcon_core.executor:Executing jobs using 'parallel' executor
[1.760s] DEBUG:colcon.colcon_parallel_executor.executor.parallel:run_until_complete
[1.760s] INFO:colcon.colcon_ros.task.ament_cmake.build:Building ROS package in '/home/floks/ros2_ws/src/robot_localization' with build type 'ament_cmake'
[1.761s] INFO:colcon.colcon_cmake.task.cmake.build:Building CMake package in '/home/floks/ros2_ws/src/robot_localization'
[1.781s] INFO:colcon.colcon_core.plugin_system:Skipping extension 'colcon_core.shell.bat': Not used on non-Windows systems
[1.781s] INFO:colcon.colcon_core.shell:Skip shell extension 'powershell' for command environment: Not usable outside of PowerShell
[1.781s] DEBUG:colcon.colcon_core.shell:Skip shell extension 'dsv' for command environment
[1.838s] INFO:colcon.colcon_ros.task.ament_cmake.build:Building ROS package in '/home/floks/ros2_ws/src/zed-ros2-wrapper/zed-ros2-interfaces' with build type 'ament_cmake'
[1.838s] INFO:colcon.colcon_cmake.task.cmake.build:Building CMake package in '/home/floks/ros2_ws/src/zed-ros2-wrapper/zed-ros2-interfaces'
[1.855s] INFO:colcon.colcon_core.shell:Skip shell extension 'powershell' for command environment: Not usable outside of PowerShell
[1.855s] DEBUG:colcon.colcon_core.shell:Skip shell extension 'dsv' for command environment
[1.915s] INFO:colcon.colcon_ros.task.ament_cmake.build:Building ROS package in '/home/floks/ros2_ws/src/slam_toolbox' with build type 'ament_cmake'
[1.916s] INFO:colcon.colcon_cmake.task.cmake.build:Building CMake package in '/home/floks/ros2_ws/src/slam_toolbox'
[1.934s] INFO:colcon.colcon_core.shell:Skip shell extension 'powershell' for command environment: Not usable outside of PowerShell
[1.934s] DEBUG:colcon.colcon_core.shell:Skip shell extension 'dsv' for command environment
[2.003s] DEBUG:colcon.colcon_core.event_handler.log_command:Invoking command in '/home/floks/ros2_ws/build/robot_localization': CMAKE_PREFIX_PATH=${CMAKE_PREFIX_PATH}:/opt/ros/humble /usr/bin/cmake --build /home/floks/ros2_ws/build/robot_localization -- -j8 -l8
[2.009s] DEBUG:colcon.colcon_core.event_handler.log_command:Invoking command in '/home/floks/ros2_ws/build/zed_interfaces': CMAKE_PREFIX_PATH=${CMAKE_PREFIX_PATH}:/opt/ros/humble /usr/bin/cmake --build /home/floks/ros2_ws/build/zed_interfaces -- -j8 -l8
[2.016s] DEBUG:colcon.colcon_core.event_handler.log_command:Invoking command in '/home/floks/ros2_ws/build/slam_toolbox': CMAKE_PREFIX_PATH=${CMAKE_PREFIX_PATH}:/opt/ros/humble /usr/bin/cmake --build /home/floks/ros2_ws/build/slam_toolbox -- -j8 -l8
[2.970s] DEBUG:colcon.colcon_core.event_handler.log_command:Invoked command in '/home/floks/ros2_ws/build/robot_localization' returned '0': CMAKE_PREFIX_PATH=${CMAKE_PREFIX_PATH}:/opt/ros/humble /usr/bin/cmake --build /home/floks/ros2_ws/build/robot_localization -- -j8 -l8
[2.972s] DEBUG:colcon.colcon_core.event_handler.log_command:Invoked command in '/home/floks/ros2_ws/build/zed_interfaces' returned '0': CMAKE_PREFIX_PATH=${CMAKE_PREFIX_PATH}:/opt/ros/humble /usr/bin/cmake --build /home/floks/ros2_ws/build/zed_interfaces -- -j8 -l8
[2.990s] DEBUG:colcon.colcon_core.event_handler.log_command:Invoked command in '/home/floks/ros2_ws/build/slam_toolbox' returned '0': CMAKE_PREFIX_PATH=${CMAKE_PREFIX_PATH}:/opt/ros/humble /usr/bin/cmake --build /home/floks/ros2_ws/build/slam_toolbox -- -j8 -l8
[3.248s] DEBUG:colcon.colcon_core.event_handler.log_command:Invoking command in '/home/floks/ros2_ws/build/robot_localization': CMAKE_PREFIX_PATH=${CMAKE_PREFIX_PATH}:/opt/ros/humble /usr/bin/cmake --install /home/floks/ros2_ws/build/robot_localization
[3.337s] DEBUG:colcon.colcon_core.event_handler.log_command:Invoking command in '/home/floks/ros2_ws/build/slam_toolbox': CMAKE_PREFIX_PATH=${CMAKE_PREFIX_PATH}:/opt/ros/humble /usr/bin/cmake --install /home/floks/ros2_ws/build/slam_toolbox
[3.414s] Level 1:colcon.colcon_core.environment:create_environment_scripts_only(robot_localization)
[3.435s] DEBUG:colcon.colcon_core.event_handler.log_command:Invoking command in '/home/floks/ros2_ws/build/zed_interfaces': CMAKE_PREFIX_PATH=${CMAKE_PREFIX_PATH}:/opt/ros/humble /usr/bin/cmake --install /home/floks/ros2_ws/build/zed_interfaces
[3.442s] DEBUG:colcon.colcon_core.event_handler.log_command:Invoked command in '/home/floks/ros2_ws/build/robot_localization' returned '0': CMAKE_PREFIX_PATH=${CMAKE_PREFIX_PATH}:/opt/ros/humble /usr/bin/cmake --install /home/floks/ros2_ws/build/robot_localization
[3.489s] Level 1:colcon.colcon_core.environment:checking '/home/floks/ros2_ws/install/robot_localization' for CMake module files
[3.493s] Level 1:colcon.colcon_core.environment:checking '/home/floks/ros2_ws/install/robot_localization' for CMake config files
[3.499s] Level 1:colcon.colcon_core.shell:create_environment_hook('robot_localization', 'cmake_prefix_path')
[3.551s] INFO:colcon.colcon_core.shell:Creating environment hook '/home/floks/ros2_ws/install/robot_localization/share/robot_localization/hook/cmake_prefix_path.ps1'
[3.552s] INFO:colcon.colcon_core.shell:Creating environment descriptor '/home/floks/ros2_ws/install/robot_localization/share/robot_localization/hook/cmake_prefix_path.dsv'
[3.553s] INFO:colcon.colcon_core.shell:Creating environment hook '/home/floks/ros2_ws/install/robot_localization/share/robot_localization/hook/cmake_prefix_path.sh'
[3.554s] Level 1:colcon.colcon_core.environment:checking '/home/floks/ros2_ws/install/robot_localization/lib'
[3.554s] Level 1:colcon.colcon_core.shell:create_environment_hook('robot_localization', 'ld_library_path_lib')
[3.576s] INFO:colcon.colcon_core.shell:Creating environment hook '/home/floks/ros2_ws/install/robot_localization/share/robot_localization/hook/ld_library_path_lib.ps1'
[3.577s] INFO:colcon.colcon_core.shell:Creating environment descriptor '/home/floks/ros2_ws/install/robot_localization/share/robot_localization/hook/ld_library_path_lib.dsv'
[3.578s] INFO:colcon.colcon_core.shell:Creating environment hook '/home/floks/ros2_ws/install/robot_localization/share/robot_localization/hook/ld_library_path_lib.sh'
[3.579s] Level 1:colcon.colcon_core.environment:checking '/home/floks/ros2_ws/install/robot_localization/bin'
[3.579s] Level 1:colcon.colcon_core.environment:checking '/home/floks/ros2_ws/install/robot_localization/lib/pkgconfig/robot_localization.pc'
[3.580s] Level 1:colcon.colcon_core.environment:checking '/home/floks/ros2_ws/install/robot_localization/lib/python3.10/site-packages'
[3.580s] Level 1:colcon.colcon_core.environment:checking '/home/floks/ros2_ws/install/robot_localization/bin'
[3.607s] INFO:colcon.colcon_core.shell:Creating package script '/home/floks/ros2_ws/install/robot_localization/share/robot_localization/package.ps1'
[3.608s] INFO:colcon.colcon_core.shell:Creating package descriptor '/home/floks/ros2_ws/install/robot_localization/share/robot_localization/package.dsv'
[3.609s] INFO:colcon.colcon_core.shell:Creating package script '/home/floks/ros2_ws/install/robot_localization/share/robot_localization/package.sh'
[3.611s] INFO:colcon.colcon_core.shell:Creating package script '/home/floks/ros2_ws/install/robot_localization/share/robot_localization/package.bash'
[3.612s] INFO:colcon.colcon_core.shell:Creating package script '/home/floks/ros2_ws/install/robot_localization/share/robot_localization/package.zsh'
[3.613s] Level 1:colcon.colcon_core.environment:create_file_with_runtime_dependencies(/home/floks/ros2_ws/install/robot_localization/share/colcon-core/packages/robot_localization)
[3.615s] Level 1:colcon.colcon_core.environment:create_environment_scripts_only(slam_toolbox)
[3.616s] DEBUG:colcon.colcon_core.event_handler.log_command:Invoked command in '/home/floks/ros2_ws/build/slam_toolbox' returned '0': CMAKE_PREFIX_PATH=${CMAKE_PREFIX_PATH}:/opt/ros/humble /usr/bin/cmake --install /home/floks/ros2_ws/build/slam_toolbox
[3.636s] Level 1:colcon.colcon_core.environment:checking '/home/floks/ros2_ws/install/slam_toolbox' for CMake module files
[3.637s] Level 1:colcon.colcon_core.environment:checking '/home/floks/ros2_ws/install/slam_toolbox' for CMake config files
[3.639s] Level 1:colcon.colcon_core.shell:create_environment_hook('slam_toolbox', 'cmake_prefix_path')
[3.658s] INFO:colcon.colcon_core.shell:Creating environment hook '/home/floks/ros2_ws/install/slam_toolbox/share/slam_toolbox/hook/cmake_prefix_path.ps1'
[3.658s] INFO:colcon.colcon_core.shell:Creating environment descriptor '/home/floks/ros2_ws/install/slam_toolbox/share/slam_toolbox/hook/cmake_prefix_path.dsv'
[3.659s] INFO:colcon.colcon_core.shell:Creating environment hook '/home/floks/ros2_ws/install/slam_toolbox/share/slam_toolbox/hook/cmake_prefix_path.sh'
[3.659s] Level 1:colcon.colcon_core.environment:checking '/home/floks/ros2_ws/install/slam_toolbox/lib'
[3.659s] Level 1:colcon.colcon_core.shell:create_environment_hook('slam_toolbox', 'ld_library_path_lib')
[3.677s] INFO:colcon.colcon_core.shell:Creating environment hook '/home/floks/ros2_ws/install/slam_toolbox/share/slam_toolbox/hook/ld_library_path_lib.ps1'
[3.678s] INFO:colcon.colcon_core.shell:Creating environment descriptor '/home/floks/ros2_ws/install/slam_toolbox/share/slam_toolbox/hook/ld_library_path_lib.dsv'
[3.678s] INFO:colcon.colcon_core.shell:Creating environment hook '/home/floks/ros2_ws/install/slam_toolbox/share/slam_toolbox/hook/ld_library_path_lib.sh'
[3.679s] Level 1:colcon.colcon_core.environment:checking '/home/floks/ros2_ws/install/slam_toolbox/bin'
[3.679s] Level 1:colcon.colcon_core.environment:checking '/home/floks/ros2_ws/install/slam_toolbox/lib/pkgconfig/slam_toolbox.pc'
[3.679s] Level 1:colcon.colcon_core.environment:checking '/home/floks/ros2_ws/install/slam_toolbox/lib/python3.10/site-packages'
[3.679s] Level 1:colcon.colcon_core.environment:checking '/home/floks/ros2_ws/install/slam_toolbox/bin'
[3.698s] INFO:colcon.colcon_core.shell:Creating package script '/home/floks/ros2_ws/install/slam_toolbox/share/slam_toolbox/package.ps1'
[3.698s] INFO:colcon.colcon_core.shell:Creating package descriptor '/home/floks/ros2_ws/install/slam_toolbox/share/slam_toolbox/package.dsv'
[3.699s] INFO:colcon.colcon_core.shell:Creating package script '/home/floks/ros2_ws/install/slam_toolbox/share/slam_toolbox/package.sh'
[3.699s] INFO:colcon.colcon_core.shell:Creating package script '/home/floks/ros2_ws/install/slam_toolbox/share/slam_toolbox/package.bash'
[3.700s] INFO:colcon.colcon_core.shell:Creating package script '/home/floks/ros2_ws/install/slam_toolbox/share/slam_toolbox/package.zsh'
[3.701s] Level 1:colcon.colcon_core.environment:create_file_with_runtime_dependencies(/home/floks/ros2_ws/install/slam_toolbox/share/colcon-core/packages/slam_toolbox)
[3.703s] Level 1:colcon.colcon_core.environment:create_environment_scripts_only(zed_interfaces)
[3.704s] DEBUG:colcon.colcon_core.event_handler.log_command:Invoked command in '/home/floks/ros2_ws/build/zed_interfaces' returned '0': CMAKE_PREFIX_PATH=${CMAKE_PREFIX_PATH}:/opt/ros/humble /usr/bin/cmake --install /home/floks/ros2_ws/build/zed_interfaces
[3.727s] Level 1:colcon.colcon_core.environment:checking '/home/floks/ros2_ws/install/zed_interfaces' for CMake module files
[3.728s] Level 1:colcon.colcon_core.environment:checking '/home/floks/ros2_ws/install/zed_interfaces' for CMake config files
[3.730s] Level 1:colcon.colcon_core.shell:create_environment_hook('zed_interfaces', 'cmake_prefix_path')
[3.753s] INFO:colcon.colcon_core.shell:Creating environment hook '/home/floks/ros2_ws/install/zed_interfaces/share/zed_interfaces/hook/cmake_prefix_path.ps1'
[3.753s] INFO:colcon.colcon_core.shell:Creating environment descriptor '/home/floks/ros2_ws/install/zed_interfaces/share/zed_interfaces/hook/cmake_prefix_path.dsv'
[3.754s] INFO:colcon.colcon_core.shell:Creating environment hook '/home/floks/ros2_ws/install/zed_interfaces/share/zed_interfaces/hook/cmake_prefix_path.sh'
[3.754s] Level 1:colcon.colcon_core.environment:checking '/home/floks/ros2_ws/install/zed_interfaces/lib'
[3.754s] Level 1:colcon.colcon_core.shell:create_environment_hook('zed_interfaces', 'ld_library_path_lib')
[3.775s] INFO:colcon.colcon_core.shell:Creating environment hook '/home/floks/ros2_ws/install/zed_interfaces/share/zed_interfaces/hook/ld_library_path_lib.ps1'
[3.776s] INFO:colcon.colcon_core.shell:Creating environment descriptor '/home/floks/ros2_ws/install/zed_interfaces/share/zed_interfaces/hook/ld_library_path_lib.dsv'
[3.776s] INFO:colcon.colcon_core.shell:Creating environment hook '/home/floks/ros2_ws/install/zed_interfaces/share/zed_interfaces/hook/ld_library_path_lib.sh'
[3.776s] Level 1:colcon.colcon_core.environment:checking '/home/floks/ros2_ws/install/zed_interfaces/bin'
[3.776s] Level 1:colcon.colcon_core.environment:checking '/home/floks/ros2_ws/install/zed_interfaces/lib/pkgconfig/zed_interfaces.pc'
[3.777s] Level 1:colcon.colcon_core.environment:checking '/home/floks/ros2_ws/install/zed_interfaces/lib/python3.10/site-packages'
[3.777s] Level 1:colcon.colcon_core.environment:checking '/home/floks/ros2_ws/install/zed_interfaces/bin'
[3.800s] INFO:colcon.colcon_core.shell:Creating package script '/home/floks/ros2_ws/install/zed_interfaces/share/zed_interfaces/package.ps1'
[3.801s] INFO:colcon.colcon_core.shell:Creating package descriptor '/home/floks/ros2_ws/install/zed_interfaces/share/zed_interfaces/package.dsv'
[3.801s] INFO:colcon.colcon_core.shell:Creating package script '/home/floks/ros2_ws/install/zed_interfaces/share/zed_interfaces/package.sh'
[3.802s] INFO:colcon.colcon_core.shell:Creating package script '/home/floks/ros2_ws/install/zed_interfaces/share/zed_interfaces/package.bash'
[3.802s] INFO:colcon.colcon_core.shell:Creating package script '/home/floks/ros2_ws/install/zed_interfaces/share/zed_interfaces/package.zsh'
[3.803s] Level 1:colcon.colcon_core.environment:create_file_with_runtime_dependencies(/home/floks/ros2_ws/install/zed_interfaces/share/colcon-core/packages/zed_interfaces)
[3.878s] Level 1:colcon.colcon_core.environment:create_environment_scripts_only(robot_localization)
[3.899s] Level 1:colcon.colcon_core.environment:checking '/home/floks/ros2_ws/install/robot_localization' for CMake module files
[3.900s] Level 1:colcon.colcon_core.environment:checking '/home/floks/ros2_ws/install/robot_localization' for CMake config files
[3.902s] Level 1:colcon.colcon_core.shell:create_environment_hook('robot_localization', 'cmake_prefix_path')
[3.922s] INFO:colcon.colcon_core.shell:Creating environment hook '/home/floks/ros2_ws/install/robot_localization/share/robot_localization/hook/cmake_prefix_path.ps1'
[3.922s] INFO:colcon.colcon_core.shell:Creating environment descriptor '/home/floks/ros2_ws/install/robot_localization/share/robot_localization/hook/cmake_prefix_path.dsv'
[3.923s] INFO:colcon.colcon_core.shell:Creating environment hook '/home/floks/ros2_ws/install/robot_localization/share/robot_localization/hook/cmake_prefix_path.sh'
[3.923s] Level 1:colcon.colcon_core.environment:checking '/home/floks/ros2_ws/install/robot_localization/lib'
[3.923s] Level 1:colcon.colcon_core.shell:create_environment_hook('robot_localization', 'ld_library_path_lib')
[3.943s] INFO:colcon.colcon_core.shell:Creating environment hook '/home/floks/ros2_ws/install/robot_localization/share/robot_localization/hook/ld_library_path_lib.ps1'
[3.944s] INFO:colcon.colcon_core.shell:Creating environment descriptor '/home/floks/ros2_ws/install/robot_localization/share/robot_localization/hook/ld_library_path_lib.dsv'
[3.944s] INFO:colcon.colcon_core.shell:Creating environment hook '/home/floks/ros2_ws/install/robot_localization/share/robot_localization/hook/ld_library_path_lib.sh'
[3.944s] Level 1:colcon.colcon_core.environment:checking '/home/floks/ros2_ws/install/robot_localization/bin'
[3.944s] Level 1:colcon.colcon_core.environment:checking '/home/floks/ros2_ws/install/robot_localization/lib/pkgconfig/robot_localization.pc'
[3.945s] Level 1:colcon.colcon_core.environment:checking '/home/floks/ros2_ws/install/robot_localization/lib/python3.10/site-packages'
[3.945s] Level 1:colcon.colcon_core.environment:checking '/home/floks/ros2_ws/install/robot_localization/bin'
[3.963s] INFO:colcon.colcon_core.shell:Creating package script '/home/floks/ros2_ws/install/robot_localization/share/robot_localization/package.ps1'
[3.964s] INFO:colcon.colcon_core.shell:Creating package descriptor '/home/floks/ros2_ws/install/robot_localization/share/robot_localization/package.dsv'
[3.965s] INFO:colcon.colcon_core.shell:Creating package script '/home/floks/ros2_ws/install/robot_localization/share/robot_localization/package.sh'
[3.965s] INFO:colcon.colcon_core.shell:Creating package script '/home/floks/ros2_ws/install/robot_localization/share/robot_localization/package.bash'
[3.966s] INFO:colcon.colcon_core.shell:Creating package script '/home/floks/ros2_ws/install/robot_localization/share/robot_localization/package.zsh'
[3.966s] Level 1:colcon.colcon_core.environment:create_file_with_runtime_dependencies(/home/floks/ros2_ws/install/robot_localization/share/colcon-core/packages/robot_localization)
[4.029s] Level 1:colcon.colcon_core.environment:create_environment_scripts_only(slam_toolbox)
[4.049s] Level 1:colcon.colcon_core.environment:checking '/home/floks/ros2_ws/install/slam_toolbox' for CMake module files
[4.050s] Level 1:colcon.colcon_core.environment:checking '/home/floks/ros2_ws/install/slam_toolbox' for CMake config files
[4.052s] Level 1:colcon.colcon_core.shell:create_environment_hook('slam_toolbox', 'cmake_prefix_path')
[4.071s] INFO:colcon.colcon_core.shell:Creating environment hook '/home/floks/ros2_ws/install/slam_toolbox/share/slam_toolbox/hook/cmake_prefix_path.ps1'
[4.072s] INFO:colcon.colcon_core.shell:Creating environment descriptor '/home/floks/ros2_ws/install/slam_toolbox/share/slam_toolbox/hook/cmake_prefix_path.dsv'
[4.072s] INFO:colcon.colcon_core.shell:Creating environment hook '/home/floks/ros2_ws/install/slam_toolbox/share/slam_toolbox/hook/cmake_prefix_path.sh'
[4.073s] Level 1:colcon.colcon_core.environment:checking '/home/floks/ros2_ws/install/slam_toolbox/lib'
[4.073s] Level 1:colcon.colcon_core.shell:create_environment_hook('slam_toolbox', 'ld_library_path_lib')
[4.094s] INFO:colcon.colcon_core.shell:Creating environment hook '/home/floks/ros2_ws/install/slam_toolbox/share/slam_toolbox/hook/ld_library_path_lib.ps1'
[4.095s] INFO:colcon.colcon_core.shell:Creating environment descriptor '/home/floks/ros2_ws/install/slam_toolbox/share/slam_toolbox/hook/ld_library_path_lib.dsv'
[4.095s] INFO:colcon.colcon_core.shell:Creating environment hook '/home/floks/ros2_ws/install/slam_toolbox/share/slam_toolbox/hook/ld_library_path_lib.sh'
[4.096s] Level 1:colcon.colcon_core.environment:checking '/home/floks/ros2_ws/install/slam_toolbox/bin'
[4.096s] Level 1:colcon.colcon_core.environment:checking '/home/floks/ros2_ws/install/slam_toolbox/lib/pkgconfig/slam_toolbox.pc'
[4.096s] Level 1:colcon.colcon_core.environment:checking '/home/floks/ros2_ws/install/slam_toolbox/lib/python3.10/site-packages'
[4.096s] Level 1:colcon.colcon_core.environment:checking '/home/floks/ros2_ws/install/slam_toolbox/bin'
[4.118s] INFO:colcon.colcon_core.shell:Creating package script '/home/floks/ros2_ws/install/slam_toolbox/share/slam_toolbox/package.ps1'
[4.119s] INFO:colcon.colcon_core.shell:Creating package descriptor '/home/floks/ros2_ws/install/slam_toolbox/share/slam_toolbox/package.dsv'
[4.120s] INFO:colcon.colcon_core.shell:Creating package script '/home/floks/ros2_ws/install/slam_toolbox/share/slam_toolbox/package.sh'
[4.120s] INFO:colcon.colcon_core.shell:Creating package script '/home/floks/ros2_ws/install/slam_toolbox/share/slam_toolbox/package.bash'
[4.121s] INFO:colcon.colcon_core.shell:Creating package script '/home/floks/ros2_ws/install/slam_toolbox/share/slam_toolbox/package.zsh'
[4.121s] Level 1:colcon.colcon_core.environment:create_file_with_runtime_dependencies(/home/floks/ros2_ws/install/slam_toolbox/share/colcon-core/packages/slam_toolbox)
[4.235s] Level 1:colcon.colcon_core.environment:create_environment_scripts_only(zed_interfaces)
[4.255s] Level 1:colcon.colcon_core.environment:checking '/home/floks/ros2_ws/install/zed_interfaces' for CMake module files
[4.256s] Level 1:colcon.colcon_core.environment:checking '/home/floks/ros2_ws/install/zed_interfaces' for CMake config files
[4.257s] Level 1:colcon.colcon_core.shell:create_environment_hook('zed_interfaces', 'cmake_prefix_path')
[4.275s] INFO:colcon.colcon_core.shell:Creating environment hook '/home/floks/ros2_ws/install/zed_interfaces/share/zed_interfaces/hook/cmake_prefix_path.ps1'
[4.276s] INFO:colcon.colcon_core.shell:Creating environment descriptor '/home/floks/ros2_ws/install/zed_interfaces/share/zed_interfaces/hook/cmake_prefix_path.dsv'
[4.276s] INFO:colcon.colcon_core.shell:Creating environment hook '/home/floks/ros2_ws/install/zed_interfaces/share/zed_interfaces/hook/cmake_prefix_path.sh'
[4.277s] Level 1:colcon.colcon_core.environment:checking '/home/floks/ros2_ws/install/zed_interfaces/lib'
[4.277s] Level 1:colcon.colcon_core.shell:create_environment_hook('zed_interfaces', 'ld_library_path_lib')
[4.294s] INFO:colcon.colcon_core.shell:Creating environment hook '/home/floks/ros2_ws/install/zed_interfaces/share/zed_interfaces/hook/ld_library_path_lib.ps1'
[4.295s] INFO:colcon.colcon_core.shell:Creating environment descriptor '/home/floks/ros2_ws/install/zed_interfaces/share/zed_interfaces/hook/ld_library_path_lib.dsv'
[4.295s] INFO:colcon.colcon_core.shell:Creating environment hook '/home/floks/ros2_ws/install/zed_interfaces/share/zed_interfaces/hook/ld_library_path_lib.sh'
[4.295s] Level 1:colcon.colcon_core.environment:checking '/home/floks/ros2_ws/install/zed_interfaces/bin'
[4.296s] Level 1:colcon.colcon_core.environment:checking '/home/floks/ros2_ws/install/zed_interfaces/lib/pkgconfig/zed_interfaces.pc'
[4.296s] Level 1:colcon.colcon_core.environment:checking '/home/floks/ros2_ws/install/zed_interfaces/lib/python3.10/site-packages'
[4.296s] Level 1:colcon.colcon_core.environment:checking '/home/floks/ros2_ws/install/zed_interfaces/bin'
[4.315s] INFO:colcon.colcon_core.shell:Creating package script '/home/floks/ros2_ws/install/zed_interfaces/share/zed_interfaces/package.ps1'
[4.316s] INFO:colcon.colcon_core.shell:Creating package descriptor '/home/floks/ros2_ws/install/zed_interfaces/share/zed_interfaces/package.dsv'
[4.316s] INFO:colcon.colcon_core.shell:Creating package script '/home/floks/ros2_ws/install/zed_interfaces/share/zed_interfaces/package.sh'
[4.318s] INFO:colcon.colcon_core.shell:Creating package script '/home/floks/ros2_ws/install/zed_interfaces/share/zed_interfaces/package.bash'
[4.318s] INFO:colcon.colcon_core.shell:Creating package script '/home/floks/ros2_ws/install/zed_interfaces/share/zed_interfaces/package.zsh'
[4.319s] Level 1:colcon.colcon_core.environment:create_file_with_runtime_dependencies(/home/floks/ros2_ws/install/zed_interfaces/share/colcon-core/packages/zed_interfaces)
[4.319s] INFO:colcon.colcon_ros.task.ament_cmake.build:Building ROS package in '/home/floks/ros2_ws/src/zed-ros2-wrapper/zed_components' with build type 'ament_cmake'
[4.319s] INFO:colcon.colcon_cmake.task.cmake.build:Building CMake package in '/home/floks/ros2_ws/src/zed-ros2-wrapper/zed_components'
[4.344s] INFO:colcon.colcon_core.shell:Skip shell extension 'powershell' for command environment: Not usable outside of PowerShell
[4.344s] DEBUG:colcon.colcon_core.shell:Skip shell extension 'dsv' for command environment
[4.436s] DEBUG:colcon.colcon_core.event_handler.log_command:Invoking command in '/home/floks/ros2_ws/build/zed_components': AMENT_PREFIX_PATH=/home/floks/ros2_ws/install/zed_interfaces:/home/floks/ros2_ws/install/robot_localization:${AMENT_PREFIX_PATH} CMAKE_PREFIX_PATH=/home/floks/ros2_ws/install/zed_interfaces:/home/floks/ros2_ws/install/robot_localization:/path/to/zed-sdk:/home/floks/Downloads:/home/floks/Downloads/ZED_SDK_Ubuntu22_cuda12.1_v4.0.8.zstd.run:/opt/ros/humble LD_LIBRARY_PATH=/home/floks/ros2_ws/install/zed_interfaces/lib:/home/floks/ros2_ws/install/robot_localization/lib:${LD_LIBRARY_PATH} PYTHONPATH=/home/floks/ros2_ws/install/zed_interfaces/local/lib/python3.10/dist-packages:/home/floks/ros2_ws/install/robot_localization/local/lib/python3.10/dist-packages:${PYTHONPATH} /usr/bin/cmake /home/floks/ros2_ws/src/zed-ros2-wrapper/zed_components -DCMAKE_BUILD_TYPE=Release -DAMENT_CMAKE_SYMLINK_INSTALL=1 -DCMAKE_INSTALL_PREFIX=/home/floks/ros2_ws/install/zed_components
[4.470s] DEBUG:colcon.colcon_core.event_handler.log_command:Invoked command in '/home/floks/ros2_ws/build/zed_components' returned '1': AMENT_PREFIX_PATH=/home/floks/ros2_ws/install/zed_interfaces:/home/floks/ros2_ws/install/robot_localization:${AMENT_PREFIX_PATH} CMAKE_PREFIX_PATH=/home/floks/ros2_ws/install/zed_interfaces:/home/floks/ros2_ws/install/robot_localization:/path/to/zed-sdk:/home/floks/Downloads:/home/floks/Downloads/ZED_SDK_Ubuntu22_cuda12.1_v4.0.8.zstd.run:/opt/ros/humble LD_LIBRARY_PATH=/home/floks/ros2_ws/install/zed_interfaces/lib:/home/floks/ros2_ws/install/robot_localization/lib:${LD_LIBRARY_PATH} PYTHONPATH=/home/floks/ros2_ws/install/zed_interfaces/local/lib/python3.10/dist-packages:/home/floks/ros2_ws/install/robot_localization/local/lib/python3.10/dist-packages:${PYTHONPATH} /usr/bin/cmake /home/floks/ros2_ws/src/zed-ros2-wrapper/zed_components -DCMAKE_BUILD_TYPE=Release -DAMENT_CMAKE_SYMLINK_INSTALL=1 -DCMAKE_INSTALL_PREFIX=/home/floks/ros2_ws/install/zed_components
[4.483s] Level 1:colcon.colcon_core.environment:create_environment_scripts_only(zed_components)
[4.504s] Level 1:colcon.colcon_core.environment:checking '/home/floks/ros2_ws/install/zed_components' for CMake module files
[4.504s] Level 1:colcon.colcon_core.environment:checking '/home/floks/ros2_ws/install/zed_components' for CMake config files
[4.505s] Level 1:colcon.colcon_core.environment:checking '/home/floks/ros2_ws/install/zed_components/bin'
[4.505s] Level 1:colcon.colcon_core.environment:checking '/home/floks/ros2_ws/install/zed_components/lib/pkgconfig/zed_components.pc'
[4.505s] Level 1:colcon.colcon_core.environment:checking '/home/floks/ros2_ws/install/zed_components/lib/python3.10/site-packages'
[4.505s] Level 1:colcon.colcon_core.environment:checking '/home/floks/ros2_ws/install/zed_components/bin'
[4.526s] INFO:colcon.colcon_core.shell:Creating package script '/home/floks/ros2_ws/install/zed_components/share/zed_components/package.ps1'
[4.526s] INFO:colcon.colcon_core.shell:Creating package descriptor '/home/floks/ros2_ws/install/zed_components/share/zed_components/package.dsv'
[4.526s] INFO:colcon.colcon_core.shell:Creating package script '/home/floks/ros2_ws/install/zed_components/share/zed_components/package.sh'
[4.527s] INFO:colcon.colcon_core.shell:Creating package script '/home/floks/ros2_ws/install/zed_components/share/zed_components/package.bash'
[4.527s] INFO:colcon.colcon_core.shell:Creating package script '/home/floks/ros2_ws/install/zed_components/share/zed_components/package.zsh'
[4.527s] Level 1:colcon.colcon_core.environment:create_file_with_runtime_dependencies(/home/floks/ros2_ws/install/zed_components/share/colcon-core/packages/zed_components)
[4.538s] DEBUG:colcon.colcon_parallel_executor.executor.parallel:closing loop
[4.538s] DEBUG:colcon.colcon_parallel_executor.executor.parallel:loop closed
[4.538s] DEBUG:colcon.colcon_parallel_executor.executor.parallel:run_until_complete finished with '1'
[4.539s] DEBUG:colcon.colcon_core.event_reactor:joining thread
[4.565s] INFO:colcon.colcon_core.plugin_system:Skipping extension 'colcon_notification.desktop_notification.terminal_notifier': Not used on non-Darwin systems
[4.565s] INFO:colcon.colcon_core.plugin_system:Skipping extension 'colcon_notification.desktop_notification.win32': Not used on non-Windows systems
[4.565s] INFO:colcon.colcon_notification.desktop_notification:Sending desktop notification using 'notify2'
[4.579s] DEBUG:colcon.colcon_core.event_reactor:joined thread
[4.601s] INFO:colcon.colcon_core.shell:Creating prefix script '/home/floks/ros2_ws/install/local_setup.ps1'
[4.603s] INFO:colcon.colcon_core.shell:Creating prefix util module '/home/floks/ros2_ws/install/_local_setup_util_ps1.py'
[4.605s] INFO:colcon.colcon_core.shell:Creating prefix chain script '/home/floks/ros2_ws/install/setup.ps1'
[4.626s] INFO:colcon.colcon_core.shell:Creating prefix script '/home/floks/ros2_ws/install/local_setup.sh'
[4.627s] INFO:colcon.colcon_core.shell:Creating prefix util module '/home/floks/ros2_ws/install/_local_setup_util_sh.py'
[4.627s] INFO:colcon.colcon_core.shell:Creating prefix chain script '/home/floks/ros2_ws/install/setup.sh'
[4.649s] INFO:colcon.colcon_core.shell:Creating prefix script '/home/floks/ros2_ws/install/local_setup.bash'
[4.650s] INFO:colcon.colcon_core.shell:Creating prefix chain script '/home/floks/ros2_ws/install/setup.bash'
[4.670s] INFO:colcon.colcon_core.shell:Creating prefix script '/home/floks/ros2_ws/install/local_setup.zsh'
[4.670s] INFO:colcon.colcon_core.shell:Creating prefix chain script '/home/floks/ros2_ws/install/setup.zsh'
