[3.922s] DEBUG:colcon:Command line arguments: ['/usr/bin/colcon', 'build']
[3.922s] DEBUG:colcon:Parsed command line arguments: Namespace(allow_overriding=[], ament_cmake_args=None, base_paths=['.'], build_base='build', catkin_cmake_args=None, catkin_skip_building_tests=False, cmake_args=None, cmake_clean_cache=False, cmake_clean_first=False, cmake_force_configure=False, cmake_target=None, cmake_target_skip_unavailable=False, continue_on_error=False, event_handlers=None, executor='parallel', ignore_user_meta=False, install_base='install', log_base=None, log_level=None, main=<bound method BuildVerb.main of <colcon_core.verb.build.BuildVerb object at 0xffff840fb700>>, merge_install=False, metas=['./colcon.meta'], packages_above=None, packages_above_and_dependencies=None, packages_above_depth=None, packages_end=None, packages_ignore=None, packages_ignore_regex=None, packages_select=None, packages_select_build_failed=False, packages_select_by_dep=None, packages_select_regex=None, packages_select_test_failures=False, packages_skip=None, packages_skip_build_finished=False, packages_skip_by_dep=None, packages_skip_regex=None, packages_skip_test_passed=False, packages_skip_up_to=None, packages_start=None, packages_up_to=None, packages_up_to_regex=None, parallel_workers=12, paths=None, symlink_install=False, test_result_base=None, verb_extension=<colcon_core.verb.build.BuildVerb object at 0xffff840fb700>, verb_name='build', verb_parser=<colcon_defaults.argument_parser.defaults.DefaultArgumentsDecorator object at 0xffff84101520>)
[4.124s] Level 1:colcon.colcon_core.package_discovery:discover_packages(colcon_meta) check parameters
[4.124s] Level 1:colcon.colcon_core.package_discovery:discover_packages(recursive) check parameters
[4.124s] Level 1:colcon.colcon_core.package_discovery:discover_packages(ignore) check parameters
[4.124s] Level 1:colcon.colcon_core.package_discovery:discover_packages(path) check parameters
[4.124s] Level 1:colcon.colcon_core.package_discovery:discover_packages(colcon_meta) discover
[4.124s] Level 1:colcon.colcon_core.package_discovery:discover_packages(recursive) discover
[4.125s] INFO:colcon.colcon_core.package_discovery:Crawling recursively for packages in '/workspaces/isaac_ros-dev/ros_ws/Software_Kipp'
[4.125s] Level 1:colcon.colcon_core.package_identification:_identify(.) by extensions ['ignore', 'ignore_ament_install']
[4.125s] Level 1:colcon.colcon_core.package_identification:_identify(.) by extension 'ignore'
[4.125s] Level 1:colcon.colcon_core.package_identification:_identify(.) by extension 'ignore_ament_install'
[4.125s] Level 1:colcon.colcon_core.package_identification:_identify(.) by extensions ['colcon_pkg']
[4.125s] Level 1:colcon.colcon_core.package_identification:_identify(.) by extension 'colcon_pkg'
[4.125s] Level 1:colcon.colcon_core.package_identification:_identify(.) by extensions ['colcon_meta']
[4.125s] Level 1:colcon.colcon_core.package_identification:_identify(.) by extension 'colcon_meta'
[4.125s] Level 1:colcon.colcon_core.package_identification:_identify(.) by extensions ['ros']
[4.125s] Level 1:colcon.colcon_core.package_identification:_identify(.) by extension 'ros'
[4.146s] Level 1:colcon.colcon_core.package_identification:_identify(.) by extensions ['cmake', 'python']
[4.146s] Level 1:colcon.colcon_core.package_identification:_identify(.) by extension 'cmake'
[4.146s] Level 1:colcon.colcon_core.package_identification:_identify(.) by extension 'python'
[4.146s] Level 1:colcon.colcon_core.package_identification:_identify(.) by extensions ['python_setup_py']
[4.146s] Level 1:colcon.colcon_core.package_identification:_identify(.) by extension 'python_setup_py'
[4.147s] Level 1:colcon.colcon_core.package_identification:_identify(build) by extensions ['ignore', 'ignore_ament_install']
[4.147s] Level 1:colcon.colcon_core.package_identification:_identify(build) by extension 'ignore'
[4.147s] Level 1:colcon.colcon_core.package_identification:_identify(build) ignored
[4.147s] Level 1:colcon.colcon_core.package_identification:_identify(description) by extensions ['ignore', 'ignore_ament_install']
[4.147s] Level 1:colcon.colcon_core.package_identification:_identify(description) by extension 'ignore'
[4.147s] Level 1:colcon.colcon_core.package_identification:_identify(description) by extension 'ignore_ament_install'
[4.148s] Level 1:colcon.colcon_core.package_identification:_identify(description) by extensions ['colcon_pkg']
[4.148s] Level 1:colcon.colcon_core.package_identification:_identify(description) by extension 'colcon_pkg'
[4.148s] Level 1:colcon.colcon_core.package_identification:_identify(description) by extensions ['colcon_meta']
[4.148s] Level 1:colcon.colcon_core.package_identification:_identify(description) by extension 'colcon_meta'
[4.148s] Level 1:colcon.colcon_core.package_identification:_identify(description) by extensions ['ros']
[4.148s] Level 1:colcon.colcon_core.package_identification:_identify(description) by extension 'ros'
[4.152s] DEBUG:colcon.colcon_core.package_identification:Package 'description' with type 'ros.ament_python' and name 'description'
[4.152s] Level 1:colcon.colcon_core.package_identification:_identify(install) by extensions ['ignore', 'ignore_ament_install']
[4.152s] Level 1:colcon.colcon_core.package_identification:_identify(install) by extension 'ignore'
[4.152s] Level 1:colcon.colcon_core.package_identification:_identify(install) ignored
[4.153s] Level 1:colcon.colcon_core.package_identification:_identify(log) by extensions ['ignore', 'ignore_ament_install']
[4.153s] Level 1:colcon.colcon_core.package_identification:_identify(log) by extension 'ignore'
[4.153s] Level 1:colcon.colcon_core.package_identification:_identify(log) ignored
[4.153s] Level 1:colcon.colcon_core.package_identification:_identify(meshes) by extensions ['ignore', 'ignore_ament_install']
[4.153s] Level 1:colcon.colcon_core.package_identification:_identify(meshes) by extension 'ignore'
[4.153s] Level 1:colcon.colcon_core.package_identification:_identify(meshes) by extension 'ignore_ament_install'
[4.153s] Level 1:colcon.colcon_core.package_identification:_identify(meshes) by extensions ['colcon_pkg']
[4.153s] Level 1:colcon.colcon_core.package_identification:_identify(meshes) by extension 'colcon_pkg'
[4.154s] Level 1:colcon.colcon_core.package_identification:_identify(meshes) by extensions ['colcon_meta']
[4.154s] Level 1:colcon.colcon_core.package_identification:_identify(meshes) by extension 'colcon_meta'
[4.154s] Level 1:colcon.colcon_core.package_identification:_identify(meshes) by extensions ['ros']
[4.154s] Level 1:colcon.colcon_core.package_identification:_identify(meshes) by extension 'ros'
[4.154s] Level 1:colcon.colcon_core.package_identification:_identify(meshes) by extensions ['cmake', 'python']
[4.154s] Level 1:colcon.colcon_core.package_identification:_identify(meshes) by extension 'cmake'
[4.154s] Level 1:colcon.colcon_core.package_identification:_identify(meshes) by extension 'python'
[4.154s] Level 1:colcon.colcon_core.package_identification:_identify(meshes) by extensions ['python_setup_py']
[4.154s] Level 1:colcon.colcon_core.package_identification:_identify(meshes) by extension 'python_setup_py'
[4.154s] Level 1:colcon.colcon_core.package_discovery:discover_packages(recursive) using defaults
[4.154s] Level 1:colcon.colcon_core.package_discovery:discover_packages(ignore) discover
[4.154s] Level 1:colcon.colcon_core.package_discovery:discover_packages(ignore) using defaults
[4.154s] Level 1:colcon.colcon_core.package_discovery:discover_packages(path) discover
[4.154s] Level 1:colcon.colcon_core.package_discovery:discover_packages(path) using defaults
[4.273s] Level 1:colcon.colcon_core.package_discovery:discover_packages(prefix_path) check parameters
[4.274s] Level 1:colcon.colcon_core.package_discovery:discover_packages(prefix_path) discover
[4.315s] DEBUG:colcon.colcon_installed_package_information.package_discovery:Found 335 installed packages in /opt/ros/humble
[4.317s] Level 1:colcon.colcon_core.package_discovery:discover_packages(prefix_path) using defaults
[4.485s] Level 5:colcon.colcon_core.verb:set package 'description' build argument 'cmake_args' from command line to 'None'
[4.486s] Level 5:colcon.colcon_core.verb:set package 'description' build argument 'cmake_target' from command line to 'None'
[4.486s] Level 5:colcon.colcon_core.verb:set package 'description' build argument 'cmake_target_skip_unavailable' from command line to 'False'
[4.486s] Level 5:colcon.colcon_core.verb:set package 'description' build argument 'cmake_clean_cache' from command line to 'False'
[4.486s] Level 5:colcon.colcon_core.verb:set package 'description' build argument 'cmake_clean_first' from command line to 'False'
[4.486s] Level 5:colcon.colcon_core.verb:set package 'description' build argument 'cmake_force_configure' from command line to 'False'
[4.486s] Level 5:colcon.colcon_core.verb:set package 'description' build argument 'ament_cmake_args' from command line to 'None'
[4.486s] Level 5:colcon.colcon_core.verb:set package 'description' build argument 'catkin_cmake_args' from command line to 'None'
[4.486s] Level 5:colcon.colcon_core.verb:set package 'description' build argument 'catkin_skip_building_tests' from command line to 'False'
[4.486s] DEBUG:colcon.colcon_core.verb:Building package 'description' with the following arguments: {'ament_cmake_args': None, 'build_base': '/workspaces/isaac_ros-dev/ros_ws/Software_Kipp/build/description', 'catkin_cmake_args': None, 'catkin_skip_building_tests': False, 'cmake_args': None, 'cmake_clean_cache': False, 'cmake_clean_first': False, 'cmake_force_configure': False, 'cmake_target': None, 'cmake_target_skip_unavailable': False, 'install_base': '/workspaces/isaac_ros-dev/ros_ws/Software_Kipp/install/description', 'merge_install': False, 'path': '/workspaces/isaac_ros-dev/ros_ws/Software_Kipp/description', 'symlink_install': False, 'test_result_base': None}
[4.505s] INFO:colcon.colcon_core.executor:Executing jobs using 'parallel' executor
[4.528s] DEBUG:colcon.colcon_parallel_executor.executor.parallel:run_until_complete
[4.528s] INFO:colcon.colcon_ros.task.ament_python.build:Building ROS package in '/workspaces/isaac_ros-dev/ros_ws/Software_Kipp/description' with build type 'ament_python'
[4.529s] Level 1:colcon.colcon_core.shell:create_environment_hook('description', 'ament_prefix_path')
[4.555s] INFO:colcon.colcon_core.plugin_system:Skipping extension 'colcon_core.shell.bat': Not used on non-Windows systems
[4.556s] INFO:colcon.colcon_core.shell:Creating environment hook '/workspaces/isaac_ros-dev/ros_ws/Software_Kipp/install/description/share/description/hook/ament_prefix_path.ps1'
[4.558s] INFO:colcon.colcon_core.shell:Creating environment descriptor '/workspaces/isaac_ros-dev/ros_ws/Software_Kipp/install/description/share/description/hook/ament_prefix_path.dsv'
[4.559s] INFO:colcon.colcon_core.shell:Creating environment hook '/workspaces/isaac_ros-dev/ros_ws/Software_Kipp/install/description/share/description/hook/ament_prefix_path.sh'
[4.583s] INFO:colcon.colcon_core.shell:Skip shell extension 'powershell' for command environment: Not usable outside of PowerShell
[4.583s] DEBUG:colcon.colcon_core.shell:Skip shell extension 'dsv' for command environment
[5.248s] INFO:colcon.colcon_core.task.python.build:Building Python package in '/workspaces/isaac_ros-dev/ros_ws/Software_Kipp/description'
[5.269s] INFO:colcon.colcon_core.shell:Skip shell extension 'powershell' for command environment: Not usable outside of PowerShell
[5.269s] DEBUG:colcon.colcon_core.shell:Skip shell extension 'dsv' for command environment
[6.422s] DEBUG:colcon.colcon_core.event_handler.log_command:Invoking command in '/workspaces/isaac_ros-dev/ros_ws/Software_Kipp/description': PYTHONPATH=/workspaces/isaac_ros-dev/ros_ws/Software_Kipp/build/description/prefix_override:/workspaces/isaac_ros-dev/ros_ws/Software_Kipp/install/description/lib/python3.8/site-packages:${PYTHONPATH} /usr/bin/python3 setup.py egg_info --egg-base ../build/description build --build-base /workspaces/isaac_ros-dev/ros_ws/Software_Kipp/build/description/build install --record /workspaces/isaac_ros-dev/ros_ws/Software_Kipp/build/description/install.log --single-version-externally-managed
[7.243s] DEBUG:colcon.colcon_core.event_handler.log_command:Invoked command in '/workspaces/isaac_ros-dev/ros_ws/Software_Kipp/description' returned '1': PYTHONPATH=/workspaces/isaac_ros-dev/ros_ws/Software_Kipp/build/description/prefix_override:/workspaces/isaac_ros-dev/ros_ws/Software_Kipp/install/description/lib/python3.8/site-packages:${PYTHONPATH} /usr/bin/python3 setup.py egg_info --egg-base ../build/description build --build-base /workspaces/isaac_ros-dev/ros_ws/Software_Kipp/build/description/build install --record /workspaces/isaac_ros-dev/ros_ws/Software_Kipp/build/description/install.log --single-version-externally-managed
[7.253s] DEBUG:colcon.colcon_parallel_executor.executor.parallel:closing loop
[7.254s] DEBUG:colcon.colcon_parallel_executor.executor.parallel:loop closed
[7.254s] DEBUG:colcon.colcon_parallel_executor.executor.parallel:run_until_complete finished with '1'
[7.254s] DEBUG:colcon.colcon_core.event_reactor:joining thread
[7.308s] INFO:colcon.colcon_core.plugin_system:Skipping extension 'colcon_notification.desktop_notification.notify_send': Could not find 'notify-send'
[7.308s] INFO:colcon.colcon_core.plugin_system:Skipping extension 'colcon_notification.desktop_notification.terminal_notifier': Not used on non-Darwin systems
[7.308s] INFO:colcon.colcon_core.plugin_system:Skipping extension 'colcon_notification.desktop_notification.win32': Not used on non-Windows systems
[7.309s] INFO:colcon.colcon_notification.desktop_notification:Sending desktop notification using 'notify2'
[7.326s] DEBUG:colcon.colcon_notification.desktop_notification.notify2:Failed to initialize notify2: org.freedesktop.DBus.Error.ServiceUnknown: The name org.freedesktop.Notifications was not provided by any .service files
[7.327s] DEBUG:colcon.colcon_core.event_reactor:joined thread
[7.375s] INFO:colcon.colcon_core.shell:Creating prefix script '/workspaces/isaac_ros-dev/ros_ws/Software_Kipp/install/local_setup.ps1'
[7.379s] INFO:colcon.colcon_core.shell:Creating prefix util module '/workspaces/isaac_ros-dev/ros_ws/Software_Kipp/install/_local_setup_util_ps1.py'
[7.381s] INFO:colcon.colcon_core.shell:Creating prefix chain script '/workspaces/isaac_ros-dev/ros_ws/Software_Kipp/install/setup.ps1'
[7.408s] INFO:colcon.colcon_core.shell:Creating prefix script '/workspaces/isaac_ros-dev/ros_ws/Software_Kipp/install/local_setup.sh'
[7.411s] INFO:colcon.colcon_core.shell:Creating prefix util module '/workspaces/isaac_ros-dev/ros_ws/Software_Kipp/install/_local_setup_util_sh.py'
[7.412s] INFO:colcon.colcon_core.shell:Creating prefix chain script '/workspaces/isaac_ros-dev/ros_ws/Software_Kipp/install/setup.sh'
[7.432s] INFO:colcon.colcon_core.shell:Creating prefix script '/workspaces/isaac_ros-dev/ros_ws/Software_Kipp/install/local_setup.bash'
[7.435s] INFO:colcon.colcon_core.shell:Creating prefix chain script '/workspaces/isaac_ros-dev/ros_ws/Software_Kipp/install/setup.bash'
[7.457s] INFO:colcon.colcon_core.shell:Creating prefix script '/workspaces/isaac_ros-dev/ros_ws/Software_Kipp/install/local_setup.zsh'
[7.457s] INFO:colcon.colcon_core.shell:Creating prefix chain script '/workspaces/isaac_ros-dev/ros_ws/Software_Kipp/install/setup.zsh'
